1525836597.14	2018-05-08 20:29:57.142501	28960
1525836597.2	2018-05-08 20:29:57.195772	57920
1525836597.25	2018-05-08 20:29:57.249308	60816
1525836597.3	2018-05-08 20:29:57.303249	62264
1525836597.36	2018-05-08 20:29:57.357281	62264
1525836597.41	2018-05-08 20:29:57.411337	62264
1525836597.47	2018-05-08 20:29:57.466009	63712
1525836597.52	2018-05-08 20:29:57.522154	65160
1525836597.58	2018-05-08 20:29:57.579386	66608
1525836597.63	2018-05-08 20:29:57.634833	66608
1525836597.69	2018-05-08 20:29:57.691537	68056
1525836597.75	2018-05-08 20:29:57.746564	69504
1525836597.8	2018-05-08 20:29:57.800760	69504
1525836597.85	2018-05-08 20:29:57.854509	69504
1525836597.91	2018-05-08 20:29:57.910241	70952
1525836597.97	2018-05-08 20:29:57.965748	72400
1525836598.02	2018-05-08 20:29:58.023187	72400
1525836598.08	2018-05-08 20:29:58.080331	73848
1525836598.14	2018-05-08 20:29:58.136840	75296
1525836598.2	2018-05-08 20:29:58.197852	76744
1525836598.25	2018-05-08 20:29:58.251579	76744
1525836598.31	2018-05-08 20:29:58.305554	76744
1525836598.36	2018-05-08 20:29:58.363082	76744
1525836598.42	2018-05-08 20:29:58.417772	79640
1525836598.47	2018-05-08 20:29:58.474503	79640
1525836598.53	2018-05-08 20:29:58.531735	79640
1525836598.6	2018-05-08 20:29:58.596420	81088
1525836598.65	2018-05-08 20:29:58.651207	82536
1525836598.71	2018-05-08 20:29:58.705368	83984
1525836598.76	2018-05-08 20:29:58.761551	83984
1525836598.82	2018-05-08 20:29:58.816648	83984
1525836598.87	2018-05-08 20:29:58.871818	85432
1525836598.93	2018-05-08 20:29:58.928490	86880
1525836598.98	2018-05-08 20:29:58.983454	88328
1525836599.04	2018-05-08 20:29:59.039037	88328
1525836599.1	2018-05-08 20:29:59.097212	88328
1525836599.15	2018-05-08 20:29:59.151111	89776
1525836599.2	2018-05-08 20:29:59.204807	92672
1525836599.26	2018-05-08 20:29:59.261288	92672
1525836599.32	2018-05-08 20:29:59.315645	92672
1525836599.37	2018-05-08 20:29:59.372135	92672
1525836599.43	2018-05-08 20:29:59.429616	94120
1525836599.49	2018-05-08 20:29:59.485420	95568
1525836599.54	2018-05-08 20:29:59.541975	97016
1525836599.6	2018-05-08 20:29:59.596644	97016
1525836599.65	2018-05-08 20:29:59.650999	97016
1525836599.7	2018-05-08 20:29:59.704916	98464
1525836599.76	2018-05-08 20:29:59.761298	99912
1525836599.82	2018-05-08 20:29:59.815611	101360
1525836599.87	2018-05-08 20:29:59.870680	101360
1525836599.93	2018-05-08 20:29:59.929936	101360
1525836599.99	2018-05-08 20:29:59.985717	102808
1525836600.04	2018-05-08 20:30:00.043894	104256
1525836600.1	2018-05-08 20:30:00.100181	105704
1525836600.15	2018-05-08 20:30:00.154201	107152
1525836600.21	2018-05-08 20:30:00.208994	107152
1525836600.26	2018-05-08 20:30:00.263098	107152
1525836600.32	2018-05-08 20:30:00.318235	107152
1525836600.37	2018-05-08 20:30:00.374042	107152
1525836600.43	2018-05-08 20:30:00.430808	111496
1525836600.49	2018-05-08 20:30:00.486197	111496
1525836600.54	2018-05-08 20:30:00.543561	111496
1525836600.6	2018-05-08 20:30:00.598750	112944
1525836600.65	2018-05-08 20:30:00.653963	112944
1525836600.71	2018-05-08 20:30:00.711955	114392
1525836600.77	2018-05-08 20:30:00.768836	115840
1525836600.82	2018-05-08 20:30:00.824946	117288
1525836600.89	2018-05-08 20:30:00.886531	117288
1525836600.94	2018-05-08 20:30:00.941731	117288
1525836601.0	2018-05-08 20:30:00.997873	118736
1525836601.05	2018-05-08 20:30:01.052818	118736
1525836601.11	2018-05-08 20:30:01.106585	121632
1525836601.16	2018-05-08 20:30:01.162708	123080
1525836601.22	2018-05-08 20:30:01.218940	123080
1525836601.27	2018-05-08 20:30:01.274211	123080
1525836601.33	2018-05-08 20:30:01.330585	123080
1525836601.39	2018-05-08 20:30:01.386433	124528
1525836601.44	2018-05-08 20:30:01.442617	125976
1525836601.5	2018-05-08 20:30:01.499290	127424
1525836601.56	2018-05-08 20:30:01.555279	128872
1525836601.61	2018-05-08 20:30:01.613196	130320
1525836601.67	2018-05-08 20:30:01.670928	130320
1525836601.73	2018-05-08 20:30:01.728594	130320
1525836601.79	2018-05-08 20:30:01.786485	130320
1525836601.84	2018-05-08 20:30:01.843478	131768
1525836601.9	2018-05-08 20:30:01.899536	133216
1525836601.96	2018-05-08 20:30:01.955090	134664
1525836602.01	2018-05-08 20:30:02.011135	136112
1525836602.07	2018-05-08 20:30:02.068685	136112
1525836602.12	2018-05-08 20:30:02.124364	136112
1525836602.18	2018-05-08 20:30:02.184536	136112
1525836602.3	2018-05-08 20:30:02.302609	137560
1525836602.38	2018-05-08 20:30:02.381965	139008
1525836602.44	2018-05-08 20:30:02.440365	141904
1525836602.5	2018-05-08 20:30:02.496550	143352
1525836602.55	2018-05-08 20:30:02.554553	143352
1525836602.61	2018-05-08 20:30:02.608733	143352
1525836602.67	2018-05-08 20:30:02.665595	143352
1525836602.72	2018-05-08 20:30:02.722299	144800
1525836602.78	2018-05-08 20:30:02.783186	147696
1525836602.84	2018-05-08 20:30:02.839581	131768
1525836602.9	2018-05-08 20:30:02.896298	121632
1525836602.95	2018-05-08 20:30:02.951786	115840
1525836603.01	2018-05-08 20:30:03.005759	115840
1525836603.06	2018-05-08 20:30:03.060214	115840
1525836603.11	2018-05-08 20:30:03.114581	112944
1525836603.17	2018-05-08 20:30:03.170781	111496
1525836603.23	2018-05-08 20:30:03.228084	102808
1525836603.28	2018-05-08 20:30:03.284894	104256
1525836603.34	2018-05-08 20:30:03.341130	104256
1525836603.4	2018-05-08 20:30:03.395476	105704
1525836603.45	2018-05-08 20:30:03.449696	105704
1525836603.5	2018-05-08 20:30:03.503284	105704
1525836603.56	2018-05-08 20:30:03.558035	107152
1525836603.61	2018-05-08 20:30:03.614075	108600
1525836603.67	2018-05-08 20:30:03.670908	110048
1525836603.73	2018-05-08 20:30:03.728947	111496
1525836603.79	2018-05-08 20:30:03.786664	112944
1525836603.84	2018-05-08 20:30:03.842257	112944
1525836603.91	2018-05-08 20:30:03.905732	112944
1525836603.96	2018-05-08 20:30:03.963077	115840
1525836604.02	2018-05-08 20:30:04.019828	118736
1525836604.08	2018-05-08 20:30:04.077926	120184
1525836604.14	2018-05-08 20:30:04.137604	120184
1525836604.19	2018-05-08 20:30:04.194316	120184
1525836604.25	2018-05-08 20:30:04.249278	121632
1525836604.3	2018-05-08 20:30:04.303727	123080
1525836604.36	2018-05-08 20:30:04.358982	123080
1525836604.42	2018-05-08 20:30:04.415178	123080
1525836604.47	2018-05-08 20:30:04.472515	123080
1525836604.53	2018-05-08 20:30:04.530420	123080
1525836604.59	2018-05-08 20:30:04.586967	123080
1525836604.64	2018-05-08 20:30:04.642614	123080
1525836604.7	2018-05-08 20:30:04.700753	123080
1525836604.75	2018-05-08 20:30:04.754455	123080
1525836604.81	2018-05-08 20:30:04.809244	123080
1525836604.87	2018-05-08 20:30:04.869048	123080
1525836604.92	2018-05-08 20:30:04.924697	123080
1525836604.98	2018-05-08 20:30:04.982178	123080
1525836605.04	2018-05-08 20:30:05.038426	123080
1525836605.09	2018-05-08 20:30:05.093310	123080
1525836605.15	2018-05-08 20:30:05.152238	123080
1525836605.21	2018-05-08 20:30:05.206086	123080
1525836605.26	2018-05-08 20:30:05.260403	123080
1525836605.32	2018-05-08 20:30:05.318084	123080
1525836605.37	2018-05-08 20:30:05.375009	123080
1525836605.43	2018-05-08 20:30:05.433564	123080
1525836605.49	2018-05-08 20:30:05.489888	123080
1525836605.55	2018-05-08 20:30:05.546049	123080
1525836605.6	2018-05-08 20:30:05.601683	123080
1525836605.66	2018-05-08 20:30:05.655432	123080
1525836605.71	2018-05-08 20:30:05.709301	123080
1525836605.77	2018-05-08 20:30:05.765970	123080
1525836605.82	2018-05-08 20:30:05.822334	123080
1525836605.88	2018-05-08 20:30:05.879688	123080
1525836605.94	2018-05-08 20:30:05.936747	123080
1525836605.99	2018-05-08 20:30:05.991387	123080
1525836606.05	2018-05-08 20:30:06.046784	123080
1525836606.1	2018-05-08 20:30:06.101905	123080
1525836606.16	2018-05-08 20:30:06.156044	123080
1525836606.21	2018-05-08 20:30:06.209555	123080
1525836606.27	2018-05-08 20:30:06.267436	123080
1525836606.32	2018-05-08 20:30:06.322063	123080
1525836606.38	2018-05-08 20:30:06.378192	123080
1525836606.44	2018-05-08 20:30:06.436730	123080
1525836606.49	2018-05-08 20:30:06.491744	123080
1525836606.55	2018-05-08 20:30:06.549871	123080
1525836606.6	2018-05-08 20:30:06.603266	123080
1525836606.66	2018-05-08 20:30:06.657294	123080
1525836606.71	2018-05-08 20:30:06.713301	123080
1525836606.77	2018-05-08 20:30:06.770772	123080
1525836606.83	2018-05-08 20:30:06.827095	123080
1525836606.88	2018-05-08 20:30:06.883571	123080
1525836606.94	2018-05-08 20:30:06.938809	123080
1525836606.99	2018-05-08 20:30:06.993804	123080
1525836607.05	2018-05-08 20:30:07.048436	123080
1525836607.1	2018-05-08 20:30:07.102119	123080
1525836607.16	2018-05-08 20:30:07.155961	123080
1525836607.21	2018-05-08 20:30:07.209717	123080
1525836607.27	2018-05-08 20:30:07.266890	123080
1525836607.32	2018-05-08 20:30:07.322374	123080
1525836607.38	2018-05-08 20:30:07.377450	123080
1525836607.43	2018-05-08 20:30:07.434216	123080
1525836607.49	2018-05-08 20:30:07.488420	123080
1525836607.54	2018-05-08 20:30:07.543608	123080
1525836607.6	2018-05-08 20:30:07.599488	123080
1525836607.65	2018-05-08 20:30:07.653139	123080
1525836607.71	2018-05-08 20:30:07.707297	123080
1525836607.76	2018-05-08 20:30:07.760758	123080
1525836607.82	2018-05-08 20:30:07.816667	123080
1525836607.87	2018-05-08 20:30:07.872173	123080
1525836607.93	2018-05-08 20:30:07.928697	123080
1525836607.99	2018-05-08 20:30:07.985372	123080
1525836608.04	2018-05-08 20:30:08.041479	123080
1525836608.1	2018-05-08 20:30:08.096685	123080
1525836608.15	2018-05-08 20:30:08.150900	123080
1525836608.2	2018-05-08 20:30:08.204355	123080
1525836608.26	2018-05-08 20:30:08.258166	123080
1525836608.31	2018-05-08 20:30:08.313930	123080
1525836608.37	2018-05-08 20:30:08.372884	123080
1525836608.43	2018-05-08 20:30:08.431915	123080
1525836608.49	2018-05-08 20:30:08.487849	123080
1525836608.54	2018-05-08 20:30:08.544475	123080
1525836608.6	2018-05-08 20:30:08.601033	123080
1525836608.66	2018-05-08 20:30:08.656902	123080
1525836608.71	2018-05-08 20:30:08.710400	123080
1525836608.77	2018-05-08 20:30:08.766355	123080
1525836608.82	2018-05-08 20:30:08.822146	123080
1525836608.88	2018-05-08 20:30:08.876219	123080
1525836608.93	2018-05-08 20:30:08.934767	123080
1525836608.99	2018-05-08 20:30:08.988930	123080
1525836609.04	2018-05-08 20:30:09.043501	123080
1525836609.1	2018-05-08 20:30:09.100638	123080
1525836609.15	2018-05-08 20:30:09.154698	123080
1525836609.21	2018-05-08 20:30:09.209702	123080
1525836609.27	2018-05-08 20:30:09.266976	123080
1525836609.32	2018-05-08 20:30:09.321947	123080
1525836609.38	2018-05-08 20:30:09.376128	123080
1525836609.43	2018-05-08 20:30:09.432067	123080
1525836609.49	2018-05-08 20:30:09.487500	123080
1525836609.54	2018-05-08 20:30:09.541888	123080
1525836609.6	2018-05-08 20:30:09.595700	123080
1525836609.65	2018-05-08 20:30:09.650436	123080
1525836609.7	2018-05-08 20:30:09.704338	123080
1525836609.76	2018-05-08 20:30:09.757998	123080
1525836609.81	2018-05-08 20:30:09.812045	123080
1525836609.87	2018-05-08 20:30:09.868338	123080
1525836609.92	2018-05-08 20:30:09.921657	123080
1525836609.98	2018-05-08 20:30:09.977197	123080
1525836610.03	2018-05-08 20:30:10.034204	123080
1525836610.09	2018-05-08 20:30:10.087491	123080
1525836610.14	2018-05-08 20:30:10.141373	123080
1525836610.2	2018-05-08 20:30:10.195082	123080
1525836610.25	2018-05-08 20:30:10.249782	123080
1525836610.3	2018-05-08 20:30:10.303423	123080
1525836610.36	2018-05-08 20:30:10.357250	123080
1525836610.41	2018-05-08 20:30:10.410919	123080
1525836610.47	2018-05-08 20:30:10.468785	123080
1525836610.52	2018-05-08 20:30:10.524786	123080
1525836610.58	2018-05-08 20:30:10.579990	123080
1525836610.64	2018-05-08 20:30:10.638006	123080
1525836610.69	2018-05-08 20:30:10.693170	123080
1525836610.75	2018-05-08 20:30:10.747142	123080
1525836610.8	2018-05-08 20:30:10.802965	123080
1525836610.86	2018-05-08 20:30:10.856899	123080
1525836610.91	2018-05-08 20:30:10.910505	123080
1525836610.97	2018-05-08 20:30:10.965479	123080
1525836611.02	2018-05-08 20:30:11.021103	123080
1525836611.08	2018-05-08 20:30:11.076792	123080
1525836611.13	2018-05-08 20:30:11.132722	123080
1525836611.19	2018-05-08 20:30:11.187710	123080
1525836611.24	2018-05-08 20:30:11.243378	123080
1525836611.3	2018-05-08 20:30:11.296773	123080
1525836611.35	2018-05-08 20:30:11.350684	123080
1525836611.4	2018-05-08 20:30:11.404515	123080
1525836611.46	2018-05-08 20:30:11.458304	123080
1525836611.51	2018-05-08 20:30:11.513942	123080
1525836611.57	2018-05-08 20:30:11.571981	123080
1525836611.63	2018-05-08 20:30:11.627322	123080
1525836611.68	2018-05-08 20:30:11.683717	123080
1525836611.74	2018-05-08 20:30:11.739524	123080
1525836611.79	2018-05-08 20:30:11.794495	123080
1525836611.85	2018-05-08 20:30:11.848948	123080
1525836611.9	2018-05-08 20:30:11.903209	123080
1525836611.96	2018-05-08 20:30:11.957254	123080
1525836612.01	2018-05-08 20:30:12.010895	123080
1525836612.07	2018-05-08 20:30:12.065270	123080
1525836612.12	2018-05-08 20:30:12.121738	123080
1525836612.18	2018-05-08 20:30:12.177256	123080
1525836612.24	2018-05-08 20:30:12.235397	123080
1525836612.29	2018-05-08 20:30:12.291434	123080
1525836612.35	2018-05-08 20:30:12.346503	123080
1525836612.4	2018-05-08 20:30:12.402543	123080
1525836612.46	2018-05-08 20:30:12.459167	123080
1525836612.51	2018-05-08 20:30:12.513089	123080
1525836612.57	2018-05-08 20:30:12.569024	123080
1525836612.62	2018-05-08 20:30:12.623265	123080
1525836612.68	2018-05-08 20:30:12.677674	123080
1525836612.73	2018-05-08 20:30:12.732981	123080
1525836612.79	2018-05-08 20:30:12.788844	14480
1525836612.84	2018-05-08 20:30:12.842618	14480
1525836612.9	2018-05-08 20:30:12.896277	14480
1525836612.95	2018-05-08 20:30:12.952460	14480
1525836613.01	2018-05-08 20:30:13.006095	14480
1525836613.06	2018-05-08 20:30:13.060266	14480
1525836613.11	2018-05-08 20:30:13.114867	23168
1525836613.17	2018-05-08 20:30:13.171613	28960
1525836613.23	2018-05-08 20:30:13.227673	28960
1525836613.28	2018-05-08 20:30:13.284326	28960
1525836613.34	2018-05-08 20:30:13.340020	28960
1525836613.39	2018-05-08 20:30:13.394954	28960
1525836613.45	2018-05-08 20:30:13.449096	28960
1525836613.5	2018-05-08 20:30:13.504483	31856
1525836613.56	2018-05-08 20:30:13.558130	46336
1525836613.61	2018-05-08 20:30:13.611881	37648
1525836613.67	2018-05-08 20:30:13.668658	37648
1525836613.72	2018-05-08 20:30:13.723941	37648
1525836613.78	2018-05-08 20:30:13.779778	37648
1525836613.84	2018-05-08 20:30:13.838918	37648
1525836613.89	2018-05-08 20:30:13.893719	37648
1525836613.95	2018-05-08 20:30:13.950422	37648
1525836614.01	2018-05-08 20:30:14.005385	31856
1525836614.06	2018-05-08 20:30:14.059313	33304
1525836614.11	2018-05-08 20:30:14.113410	33304
1525836614.17	2018-05-08 20:30:14.173042	33304
1525836614.23	2018-05-08 20:30:14.229868	33304
1525836614.29	2018-05-08 20:30:14.286711	33304
1525836614.34	2018-05-08 20:30:14.341627	34752
1525836614.4	2018-05-08 20:30:14.395624	34752
1525836614.45	2018-05-08 20:30:14.450302	34752
1525836614.51	2018-05-08 20:30:14.505077	34752
1525836614.56	2018-05-08 20:30:14.559371	34752
1525836614.61	2018-05-08 20:30:14.613094	34752
1525836614.67	2018-05-08 20:30:14.671216	36200
1525836614.73	2018-05-08 20:30:14.727179	36200
1525836614.78	2018-05-08 20:30:14.783543	36200
1525836614.84	2018-05-08 20:30:14.840556	36200
1525836614.9	2018-05-08 20:30:14.895065	36200
1525836614.95	2018-05-08 20:30:14.951354	36200
1525836615.01	2018-05-08 20:30:15.005086	36200
1525836615.06	2018-05-08 20:30:15.059063	37648
1525836615.11	2018-05-08 20:30:15.112877	37648
1525836615.17	2018-05-08 20:30:15.168799	37648
1525836615.22	2018-05-08 20:30:15.225003	37648
1525836615.28	2018-05-08 20:30:15.280915	37648
1525836615.34	2018-05-08 20:30:15.339110	37648
1525836615.39	2018-05-08 20:30:15.394361	37648
1525836615.45	2018-05-08 20:30:15.448099	39096
1525836615.5	2018-05-08 20:30:15.504744	39096
1525836615.56	2018-05-08 20:30:15.560179	39096
1525836615.61	2018-05-08 20:30:15.614181	39096
1525836615.67	2018-05-08 20:30:15.671864	39096
1525836615.73	2018-05-08 20:30:15.727382	39096
1525836615.78	2018-05-08 20:30:15.784168	39096
1525836615.84	2018-05-08 20:30:15.840200	39096
1525836615.89	2018-05-08 20:30:15.894105	39096
1525836615.95	2018-05-08 20:30:15.947637	39096
1525836616.0	2018-05-08 20:30:16.003711	39096
1525836616.06	2018-05-08 20:30:16.057639	39096
1525836616.11	2018-05-08 20:30:16.112377	39096
1525836616.17	2018-05-08 20:30:16.166739	39096
1525836616.22	2018-05-08 20:30:16.223639	39096
1525836616.28	2018-05-08 20:30:16.279464	39096
1525836616.34	2018-05-08 20:30:16.336643	39096
1525836616.39	2018-05-08 20:30:16.392116	39096
1525836616.45	2018-05-08 20:30:16.445946	39096
1525836616.5	2018-05-08 20:30:16.500121	39096
1525836616.56	2018-05-08 20:30:16.555956	39096
1525836616.61	2018-05-08 20:30:16.610076	39096
1525836616.66	2018-05-08 20:30:16.664135	39096
1525836616.72	2018-05-08 20:30:16.719771	39096
1525836616.78	2018-05-08 20:30:16.775780	39096
1525836616.83	2018-05-08 20:30:16.831624	39096
1525836616.89	2018-05-08 20:30:16.887414	39096
1525836616.94	2018-05-08 20:30:16.944502	39096
1525836617.0	2018-05-08 20:30:16.998068	39096
1525836617.05	2018-05-08 20:30:17.054017	39096
1525836617.11	2018-05-08 20:30:17.107593	39096
1525836617.16	2018-05-08 20:30:17.161277	39096
1525836617.22	2018-05-08 20:30:17.215295	39096
1525836617.27	2018-05-08 20:30:17.274553	39096
1525836617.33	2018-05-08 20:30:17.330926	39096
1525836617.39	2018-05-08 20:30:17.387763	39096
1525836617.44	2018-05-08 20:30:17.443143	39096
1525836617.5	2018-05-08 20:30:17.496877	39096
1525836617.55	2018-05-08 20:30:17.552984	39096
1525836617.61	2018-05-08 20:30:17.606339	39096
1525836617.66	2018-05-08 20:30:17.660682	40544
1525836617.71	2018-05-08 20:30:17.714580	40544
1525836617.77	2018-05-08 20:30:17.771033	40544
1525836617.83	2018-05-08 20:30:17.826648	40544
1525836617.88	2018-05-08 20:30:17.882483	40544
1525836617.94	2018-05-08 20:30:17.941298	40544
1525836618.0	2018-05-08 20:30:17.996093	40544
1525836618.05	2018-05-08 20:30:18.050958	40544
1525836618.11	2018-05-08 20:30:18.105990	41992
1525836618.16	2018-05-08 20:30:18.159529	41992
1525836618.21	2018-05-08 20:30:18.213398	41992
1525836618.27	2018-05-08 20:30:18.268870	41992
1525836618.32	2018-05-08 20:30:18.324820	41992
1525836618.38	2018-05-08 20:30:18.380302	41992
1525836618.44	2018-05-08 20:30:18.438802	41992
1525836618.49	2018-05-08 20:30:18.494348	43440
1525836618.55	2018-05-08 20:30:18.549339	43440
1525836618.61	2018-05-08 20:30:18.608549	43440
1525836618.66	2018-05-08 20:30:18.662364	44888
1525836618.72	2018-05-08 20:30:18.717076	44888
1525836618.78	2018-05-08 20:30:18.775092	44888
1525836618.83	2018-05-08 20:30:18.830901	44888
1525836618.89	2018-05-08 20:30:18.886859	44888
1525836618.94	2018-05-08 20:30:18.943273	46336
1525836619.0	2018-05-08 20:30:18.996572	46336
1525836619.05	2018-05-08 20:30:19.050820	47784
1525836619.11	2018-05-08 20:30:19.106892	49232
1525836619.16	2018-05-08 20:30:19.160920	49232
1525836619.22	2018-05-08 20:30:19.215208	49232
1525836619.27	2018-05-08 20:30:19.272963	49232
1525836619.33	2018-05-08 20:30:19.327429	50680
1525836619.38	2018-05-08 20:30:19.381785	52128
1525836619.44	2018-05-08 20:30:19.438210	52128
1525836619.49	2018-05-08 20:30:19.493134	55024
1525836619.55	2018-05-08 20:30:19.547089	55024
1525836619.6	2018-05-08 20:30:19.600734	55024
1525836619.66	2018-05-08 20:30:19.655550	56472
1525836619.71	2018-05-08 20:30:19.709322	56472
1525836619.76	2018-05-08 20:30:19.764434	56472
1525836619.82	2018-05-08 20:30:19.820522	59368
1525836619.88	2018-05-08 20:30:19.876418	60816
1525836619.93	2018-05-08 20:30:19.931293	62264
1525836619.99	2018-05-08 20:30:19.986549	62264
1525836620.04	2018-05-08 20:30:20.041869	62264
1525836620.1	2018-05-08 20:30:20.096016	63712
1525836620.15	2018-05-08 20:30:20.149578	63712
1525836620.21	2018-05-08 20:30:20.205569	66608
1525836620.26	2018-05-08 20:30:20.259645	69504
1525836620.31	2018-05-08 20:30:20.313424	70952
1525836620.37	2018-05-08 20:30:20.368447	70952
1525836620.42	2018-05-08 20:30:20.422976	72400
1525836620.48	2018-05-08 20:30:20.478939	72400
1525836620.53	2018-05-08 20:30:20.533179	68056
1525836620.59	2018-05-08 20:30:20.588646	68056
1525836620.64	2018-05-08 20:30:20.642423	63712
1525836620.7	2018-05-08 20:30:20.696367	59368
1525836620.75	2018-05-08 20:30:20.750187	55024
1525836620.81	2018-05-08 20:30:20.806800	50680
1525836620.86	2018-05-08 20:30:20.860480	50680
1525836620.91	2018-05-08 20:30:20.914270	50680
1525836620.97	2018-05-08 20:30:20.969564	50680
1525836621.02	2018-05-08 20:30:21.024344	50680
1525836621.08	2018-05-08 20:30:21.079973	50680
1525836621.14	2018-05-08 20:30:21.135988	52128
1525836621.19	2018-05-08 20:30:21.191415	52128
1525836621.25	2018-05-08 20:30:21.246230	53576
1525836621.3	2018-05-08 20:30:21.300114	53576
1525836621.36	2018-05-08 20:30:21.355641	53576
1525836621.41	2018-05-08 20:30:21.409440	53576
1525836621.46	2018-05-08 20:30:21.463164	55024
1525836621.52	2018-05-08 20:30:21.517986	55024
1525836621.58	2018-05-08 20:30:21.577759	56472
1525836621.63	2018-05-08 20:30:21.632325	57920
1525836621.69	2018-05-08 20:30:21.689745	59368
1525836621.74	2018-05-08 20:30:21.744805	59368
1525836621.8	2018-05-08 20:30:21.798873	59368
1525836621.85	2018-05-08 20:30:21.853390	59368
1525836621.91	2018-05-08 20:30:21.908084	60816
1525836621.96	2018-05-08 20:30:21.962353	62264
1525836622.02	2018-05-08 20:30:22.016437	62264
1525836622.07	2018-05-08 20:30:22.074321	63712
1525836622.13	2018-05-08 20:30:22.131785	63712
1525836622.19	2018-05-08 20:30:22.188731	63712
1525836622.24	2018-05-08 20:30:22.244003	63712
1525836622.3	2018-05-08 20:30:22.297605	65160
1525836622.35	2018-05-08 20:30:22.351674	66608
1525836622.41	2018-05-08 20:30:22.407967	66608
1525836622.46	2018-05-08 20:30:22.461943	66608
1525836622.52	2018-05-08 20:30:22.516338	66608
1525836622.57	2018-05-08 20:30:22.573948	68056
1525836622.63	2018-05-08 20:30:22.629701	68056
1525836622.69	2018-05-08 20:30:22.685179	68056
1525836622.74	2018-05-08 20:30:22.741873	69504
1525836622.8	2018-05-08 20:30:22.796137	69504
1525836622.85	2018-05-08 20:30:22.850072	69504
1525836622.91	2018-05-08 20:30:22.905999	69504
1525836622.96	2018-05-08 20:30:22.959657	70952
1525836623.01	2018-05-08 20:30:23.013585	70952
1525836623.07	2018-05-08 20:30:23.068343	70952
1525836623.12	2018-05-08 20:30:23.124793	70952
1525836623.18	2018-05-08 20:30:23.180764	72400
1525836623.24	2018-05-08 20:30:23.236225	72400
1525836623.29	2018-05-08 20:30:23.291991	72400
1525836623.35	2018-05-08 20:30:23.346122	72400
1525836623.4	2018-05-08 20:30:23.400269	72400
1525836623.46	2018-05-08 20:30:23.455048	72400
1525836623.51	2018-05-08 20:30:23.509974	72400
1525836623.56	2018-05-08 20:30:23.564194	72400
1525836623.62	2018-05-08 20:30:23.618860	73848
1525836623.68	2018-05-08 20:30:23.675537	73848
1525836623.73	2018-05-08 20:30:23.731636	73848
1525836623.79	2018-05-08 20:30:23.785912	73848
1525836623.84	2018-05-08 20:30:23.842655	73848
1525836623.9	2018-05-08 20:30:23.896118	73848
1525836623.95	2018-05-08 20:30:23.949644	73848
1525836624.01	2018-05-08 20:30:24.005666	73848
1525836624.06	2018-05-08 20:30:24.059467	73848
1525836624.11	2018-05-08 20:30:24.113168	73848
1525836624.17	2018-05-08 20:30:24.167410	73848
1525836624.22	2018-05-08 20:30:24.223690	73848
1525836624.28	2018-05-08 20:30:24.280569	73848
1525836624.34	2018-05-08 20:30:24.336556	73848
1525836624.39	2018-05-08 20:30:24.391238	73848
1525836624.44	2018-05-08 20:30:24.444745	73848
1525836624.5	2018-05-08 20:30:24.498422	73848
1525836624.55	2018-05-08 20:30:24.552990	73848
1525836624.61	2018-05-08 20:30:24.609406	73848
1525836624.66	2018-05-08 20:30:24.663036	73848
1525836624.72	2018-05-08 20:30:24.717027	73848
1525836624.77	2018-05-08 20:30:24.771550	73848
1525836624.83	2018-05-08 20:30:24.825687	73848
1525836624.88	2018-05-08 20:30:24.881958	73848
1525836624.94	2018-05-08 20:30:24.939126	73848
1525836624.99	2018-05-08 20:30:24.994139	73848
1525836625.05	2018-05-08 20:30:25.047536	73848
1525836625.1	2018-05-08 20:30:25.101496	73848
1525836625.16	2018-05-08 20:30:25.157743	73848
1525836625.21	2018-05-08 20:30:25.211579	73848
1525836625.27	2018-05-08 20:30:25.265738	73848
1525836625.32	2018-05-08 20:30:25.321342	73848
1525836625.38	2018-05-08 20:30:25.378933	73848
1525836625.43	2018-05-08 20:30:25.434356	73848
1525836625.49	2018-05-08 20:30:25.490792	73848
1525836625.55	2018-05-08 20:30:25.545615	73848
1525836625.6	2018-05-08 20:30:25.598945	73848
1525836625.65	2018-05-08 20:30:25.652649	73848
1525836625.71	2018-05-08 20:30:25.708810	73848
1525836625.76	2018-05-08 20:30:25.762345	73848
1525836625.82	2018-05-08 20:30:25.816534	75296
1525836625.87	2018-05-08 20:30:25.874158	75296
1525836625.93	2018-05-08 20:30:25.930818	75296
1525836625.99	2018-05-08 20:30:25.987168	75296
1525836626.04	2018-05-08 20:30:26.044258	75296
1525836626.1	2018-05-08 20:30:26.098292	75296
1525836626.15	2018-05-08 20:30:26.152169	75296
1525836626.21	2018-05-08 20:30:26.208945	75296
1525836626.26	2018-05-08 20:30:26.263015	76744
1525836626.32	2018-05-08 20:30:26.316759	76744
1525836626.37	2018-05-08 20:30:26.371012	76744
1525836626.43	2018-05-08 20:30:26.426749	76744
1525836626.48	2018-05-08 20:30:26.480797	76744
1525836626.53	2018-05-08 20:30:26.534933	76744
1525836626.59	2018-05-08 20:30:26.591398	76744
1525836626.65	2018-05-08 20:30:26.645434	76744
1525836626.7	2018-05-08 20:30:26.699229	78192
1525836626.75	2018-05-08 20:30:26.752848	78192
1525836626.81	2018-05-08 20:30:26.808954	79640
1525836626.86	2018-05-08 20:30:26.862776	79640
1525836626.92	2018-05-08 20:30:26.917237	79640
1525836626.98	2018-05-08 20:30:26.975113	79640
1525836627.03	2018-05-08 20:30:27.032047	79640
1525836627.09	2018-05-08 20:30:27.087614	79640
1525836627.15	2018-05-08 20:30:27.145924	81088
1525836627.2	2018-05-08 20:30:27.199510	81088
1525836627.25	2018-05-08 20:30:27.253351	82536
1525836627.31	2018-05-08 20:30:27.310146	82536
1525836627.36	2018-05-08 20:30:27.364098	82536
1525836627.42	2018-05-08 20:30:27.419182	83984
1525836627.48	2018-05-08 20:30:27.478893	83984
1525836627.53	2018-05-08 20:30:27.533528	85432
1525836627.59	2018-05-08 20:30:27.591330	86880
1525836627.65	2018-05-08 20:30:27.646361	86880
1525836627.7	2018-05-08 20:30:27.700388	88328
1525836627.75	2018-05-08 20:30:27.754273	88328
1525836627.81	2018-05-08 20:30:27.810716	88328
1525836627.86	2018-05-08 20:30:27.864912	88328
1525836627.92	2018-05-08 20:30:27.919477	89776
1525836627.98	2018-05-08 20:30:27.977597	82536
1525836628.03	2018-05-08 20:30:28.031587	78192
1525836628.09	2018-05-08 20:30:28.089093	70952
1525836628.15	2018-05-08 20:30:28.147179	69504
1525836628.2	2018-05-08 20:30:28.201014	68056
1525836628.25	2018-05-08 20:30:28.254618	66608
1525836628.31	2018-05-08 20:30:28.312234	66608
1525836628.37	2018-05-08 20:30:28.366157	63712
1525836628.42	2018-05-08 20:30:28.420438	63712
1525836628.48	2018-05-08 20:30:28.476333	65160
1525836628.53	2018-05-08 20:30:28.533359	65160
1525836628.59	2018-05-08 20:30:28.587550	66608
1525836628.64	2018-05-08 20:30:28.643864	66608
1525836628.7	2018-05-08 20:30:28.697450	66608
1525836628.75	2018-05-08 20:30:28.751790	68056
1525836628.81	2018-05-08 20:30:28.805371	68056
1525836628.86	2018-05-08 20:30:28.860806	69504
1525836628.91	2018-05-08 20:30:28.914022	70952
1525836628.97	2018-05-08 20:30:28.968175	70952
1525836629.02	2018-05-08 20:30:29.022250	70952
1525836629.08	2018-05-08 20:30:29.079438	72400
1525836629.13	2018-05-08 20:30:29.134473	73848
1525836629.19	2018-05-08 20:30:29.190711	75296
1525836629.25	2018-05-08 20:30:29.246328	75296
1525836629.3	2018-05-08 20:30:29.300058	76744
1525836629.35	2018-05-08 20:30:29.353732	76744
1525836629.41	2018-05-08 20:30:29.410470	76744
1525836629.46	2018-05-08 20:30:29.464741	78192
1525836629.52	2018-05-08 20:30:29.519679	78192
1525836629.58	2018-05-08 20:30:29.575496	79640
1525836629.63	2018-05-08 20:30:29.631048	81088
1525836629.69	2018-05-08 20:30:29.685135	81088
1525836629.74	2018-05-08 20:30:29.741031	81088
1525836629.8	2018-05-08 20:30:29.795433	82536
1525836629.85	2018-05-08 20:30:29.850099	82536
1525836629.9	2018-05-08 20:30:29.904051	82536
1525836629.96	2018-05-08 20:30:29.960094	83984
1525836630.01	2018-05-08 20:30:30.013322	83984
1525836630.07	2018-05-08 20:30:30.067558	85432
1525836630.12	2018-05-08 20:30:30.122684	85432
1525836630.18	2018-05-08 20:30:30.180204	85432
1525836630.23	2018-05-08 20:30:30.234925	85432
1525836630.29	2018-05-08 20:30:30.291659	85432
1525836630.35	2018-05-08 20:30:30.346079	85432
1525836630.4	2018-05-08 20:30:30.399774	85432
1525836630.45	2018-05-08 20:30:30.453996	85432
1525836630.51	2018-05-08 20:30:30.509678	85432
1525836630.56	2018-05-08 20:30:30.563123	85432
1525836630.62	2018-05-08 20:30:30.617111	85432
1525836630.67	2018-05-08 20:30:30.674942	85432
1525836630.73	2018-05-08 20:30:30.731177	85432
1525836630.79	2018-05-08 20:30:30.786107	85432
1525836630.84	2018-05-08 20:30:30.842856	85432
1525836630.9	2018-05-08 20:30:30.896681	85432
1525836630.95	2018-05-08 20:30:30.950380	85432
1525836631.0	2018-05-08 20:30:31.004412	85432
1525836631.06	2018-05-08 20:30:31.059334	85432
1525836631.11	2018-05-08 20:30:31.112990	85432
1525836631.17	2018-05-08 20:30:31.167252	85432
1525836631.22	2018-05-08 20:30:31.222707	85432
1525836631.28	2018-05-08 20:30:31.280753	85432
1525836631.34	2018-05-08 20:30:31.336111	85432
1525836631.39	2018-05-08 20:30:31.390413	85432
1525836631.45	2018-05-08 20:30:31.447057	85432
1525836631.5	2018-05-08 20:30:31.501185	85432
1525836631.56	2018-05-08 20:30:31.555410	85432
1525836631.61	2018-05-08 20:30:31.611755	85432
1525836631.67	2018-05-08 20:30:31.665511	85432
1525836631.72	2018-05-08 20:30:31.719717	85432
1525836631.77	2018-05-08 20:30:31.773996	85432
1525836631.83	2018-05-08 20:30:31.830743	85432
1525836631.89	2018-05-08 20:30:31.885652	85432
1525836631.94	2018-05-08 20:30:31.940971	85432
1525836632.0	2018-05-08 20:30:31.996044	85432
1525836632.05	2018-05-08 20:30:32.049307	85432
1525836632.1	2018-05-08 20:30:32.103173	85432
1525836632.16	2018-05-08 20:30:32.157382	85432
1525836632.21	2018-05-08 20:30:32.213566	85432
1525836632.27	2018-05-08 20:30:32.270770	85432
1525836632.33	2018-05-08 20:30:32.331831	85432
1525836632.39	2018-05-08 20:30:32.394852	85432
1525836632.45	2018-05-08 20:30:32.453027	85432
1525836632.51	2018-05-08 20:30:32.507129	85432
1525836632.56	2018-05-08 20:30:32.564256	85432
1525836632.62	2018-05-08 20:30:32.618299	85432
1525836632.67	2018-05-08 20:30:32.674405	85432
1525836632.73	2018-05-08 20:30:32.729708	85432
1525836632.78	2018-05-08 20:30:32.783315	85432
1525836632.84	2018-05-08 20:30:32.837960	85432
1525836632.89	2018-05-08 20:30:32.892668	85432
1525836632.95	2018-05-08 20:30:32.947784	85432
1525836633.0	2018-05-08 20:30:33.001979	85432
1525836633.06	2018-05-08 20:30:33.055716	85432
1525836633.11	2018-05-08 20:30:33.111675	85432
1525836633.17	2018-05-08 20:30:33.165463	85432
1525836633.22	2018-05-08 20:30:33.219358	85432
1525836633.27	2018-05-08 20:30:33.273224	85432
1525836633.33	2018-05-08 20:30:33.328683	85432
1525836633.38	2018-05-08 20:30:33.383785	85432
1525836633.44	2018-05-08 20:30:33.437812	85432
1525836633.49	2018-05-08 20:30:33.492227	85432
1525836633.55	2018-05-08 20:30:33.550953	85432
1525836633.6	2018-05-08 20:30:33.604785	85432
1525836633.66	2018-05-08 20:30:33.659070	85432
1525836633.71	2018-05-08 20:30:33.714170	85432
1525836633.77	2018-05-08 20:30:33.768690	85432
1525836633.82	2018-05-08 20:30:33.823314	85432
1525836633.88	2018-05-08 20:30:33.882280	85432
1525836633.94	2018-05-08 20:30:33.937069	85432
1525836633.99	2018-05-08 20:30:33.993219	85432
1525836634.05	2018-05-08 20:30:34.047876	85432
1525836634.1	2018-05-08 20:30:34.101922	85432
1525836634.16	2018-05-08 20:30:34.156118	85432
1525836634.22	2018-05-08 20:30:34.216371	85432
1525836634.27	2018-05-08 20:30:34.273699	85432
1525836634.33	2018-05-08 20:30:34.329263	85432
1525836634.38	2018-05-08 20:30:34.384999	85432
1525836634.44	2018-05-08 20:30:34.438573	85432
1525836634.49	2018-05-08 20:30:34.493507	85432
1525836634.55	2018-05-08 20:30:34.549207	85432
1525836634.6	2018-05-08 20:30:34.602961	85432
1525836634.66	2018-05-08 20:30:34.656743	85432
1525836634.71	2018-05-08 20:30:34.713080	85432
1525836634.77	2018-05-08 20:30:34.766846	85432
1525836634.82	2018-05-08 20:30:34.821163	85432
1525836634.88	2018-05-08 20:30:34.875255	85432
1525836634.93	2018-05-08 20:30:34.930261	85432
1525836634.99	2018-05-08 20:30:34.986143	85432
1525836635.04	2018-05-08 20:30:35.039989	85432
1525836635.1	2018-05-08 20:30:35.095618	85432
1525836635.15	2018-05-08 20:30:35.148934	85432
1525836635.2	2018-05-08 20:30:35.203047	85432
1525836635.26	2018-05-08 20:30:35.257719	85432
1525836635.31	2018-05-08 20:30:35.313930	85432
1525836635.37	2018-05-08 20:30:35.367782	85432
1525836635.42	2018-05-08 20:30:35.421645	85432
1525836635.48	2018-05-08 20:30:35.475515	85432
1525836635.53	2018-05-08 20:30:35.530250	85432
1525836635.58	2018-05-08 20:30:35.584199	85432
1525836635.64	2018-05-08 20:30:35.638663	85432
1525836635.69	2018-05-08 20:30:35.694082	85432
1525836635.75	2018-05-08 20:30:35.750208	85432
1525836635.8	2018-05-08 20:30:35.804287	85432
1525836635.86	2018-05-08 20:30:35.858070	85432
1525836635.92	2018-05-08 20:30:35.916720	85432
1525836635.97	2018-05-08 20:30:35.971653	85432
1525836636.03	2018-05-08 20:30:36.027554	85432
1525836636.08	2018-05-08 20:30:36.084417	85432
1525836636.14	2018-05-08 20:30:36.139847	85432
1525836636.2	2018-05-08 20:30:36.195691	85432
1525836636.25	2018-05-08 20:30:36.249312	85432
1525836636.3	2018-05-08 20:30:36.303366	85432
1525836636.36	2018-05-08 20:30:36.357067	85432
1525836636.41	2018-05-08 20:30:36.412860	85432
1525836636.47	2018-05-08 20:30:36.466601	85432
1525836636.52	2018-05-08 20:30:36.521857	85432
1525836636.58	2018-05-08 20:30:36.578136	85432
1525836636.63	2018-05-08 20:30:36.633906	85432
1525836636.69	2018-05-08 20:30:36.689973	85432
1525836636.75	2018-05-08 20:30:36.746601	85432
1525836636.8	2018-05-08 20:30:36.800697	85432
1525836636.85	2018-05-08 20:30:36.854727	85432
1525836636.91	2018-05-08 20:30:36.908782	85432
1525836636.96	2018-05-08 20:30:36.965047	85432
1525836637.02	2018-05-08 20:30:37.019771	85432
1525836637.07	2018-05-08 20:30:37.074876	85432
1525836637.13	2018-05-08 20:30:37.131088	85432
1525836637.19	2018-05-08 20:30:37.187211	85432
1525836637.24	2018-05-08 20:30:37.243099	85432
1525836637.3	2018-05-08 20:30:37.297897	85432
1525836637.35	2018-05-08 20:30:37.351684	85432
1525836637.41	2018-05-08 20:30:37.405665	85432
1525836637.46	2018-05-08 20:30:37.460473	85432
1525836637.52	2018-05-08 20:30:37.516040	85432
1525836637.57	2018-05-08 20:30:37.571343	85432
1525836637.63	2018-05-08 20:30:37.628390	85432
1525836637.69	2018-05-08 20:30:37.685779	85432
1525836637.74	2018-05-08 20:30:37.741925	85432
1525836637.8	2018-05-08 20:30:37.797146	85432
1525836637.85	2018-05-08 20:30:37.850946	85432
1525836637.9	2018-05-08 20:30:37.904757	85432
1525836637.96	2018-05-08 20:30:37.958485	85432
1525836638.01	2018-05-08 20:30:38.014694	85432
1525836638.07	2018-05-08 20:30:38.068985	85432
1525836638.13	2018-05-08 20:30:38.125482	85432
1525836638.18	2018-05-08 20:30:38.182742	85432
1525836638.24	2018-05-08 20:30:38.238645	85432
1525836638.29	2018-05-08 20:30:38.294025	14480
1525836638.35	2018-05-08 20:30:38.350324	14480
1525836638.41	2018-05-08 20:30:38.405120	14480
1525836638.46	2018-05-08 20:30:38.458810	14480
1525836638.52	2018-05-08 20:30:38.515134	14480
1525836638.57	2018-05-08 20:30:38.569444	14480
1525836638.62	2018-05-08 20:30:38.623302	14480
1525836638.68	2018-05-08 20:30:38.677215	14480
1525836638.73	2018-05-08 20:30:38.734047	28960
1525836638.79	2018-05-08 20:30:38.787884	28960
1525836638.84	2018-05-08 20:30:38.841358	28960
1525836638.9	2018-05-08 20:30:38.896065	28960
1525836638.95	2018-05-08 20:30:38.953028	28960
1525836639.01	2018-05-08 20:30:39.007199	28960
1525836639.06	2018-05-08 20:30:39.062247	28960
1525836639.12	2018-05-08 20:30:39.116521	28960
1525836639.17	2018-05-08 20:30:39.170484	57920
1525836639.22	2018-05-08 20:30:39.224565	57920
1525836639.28	2018-05-08 20:30:39.279185	57920
1525836639.33	2018-05-08 20:30:39.334312	57920
1525836639.39	2018-05-08 20:30:39.388285	57920
1525836639.44	2018-05-08 20:30:39.442453	57920
1525836639.5	2018-05-08 20:30:39.497502	49232
1525836639.55	2018-05-08 20:30:39.553783	44888
1525836639.61	2018-05-08 20:30:39.607737	40544
1525836639.66	2018-05-08 20:30:39.662356	40544
1525836639.72	2018-05-08 20:30:39.717951	40544
1525836639.77	2018-05-08 20:30:39.772807	40544
1525836639.83	2018-05-08 20:30:39.826431	40544
1525836639.88	2018-05-08 20:30:39.883627	40544
1525836639.94	2018-05-08 20:30:39.939522	41992
1525836639.99	2018-05-08 20:30:39.994773	41992
1525836640.05	2018-05-08 20:30:40.050605	41992
1525836640.1	2018-05-08 20:30:40.104429	41992
1525836640.16	2018-05-08 20:30:40.158391	41992
1525836640.21	2018-05-08 20:30:40.212970	41992
1525836640.27	2018-05-08 20:30:40.266922	41992
1525836640.32	2018-05-08 20:30:40.322374	43440
1525836640.38	2018-05-08 20:30:40.379575	43440
1525836640.44	2018-05-08 20:30:40.435281	44888
1525836640.49	2018-05-08 20:30:40.491362	44888
1525836640.55	2018-05-08 20:30:40.547782	44888
1525836640.6	2018-05-08 20:30:40.601469	44888
1525836640.66	2018-05-08 20:30:40.655300	44888
1525836640.71	2018-05-08 20:30:40.709344	44888
1525836640.77	2018-05-08 20:30:40.765252	44888
1525836640.82	2018-05-08 20:30:40.820400	46336
1525836640.88	2018-05-08 20:30:40.875979	46336
1525836640.93	2018-05-08 20:30:40.932482	47784
1525836640.99	2018-05-08 20:30:40.987292	47784
1525836641.04	2018-05-08 20:30:41.041966	47784
1525836641.1	2018-05-08 20:30:41.097447	47784
1525836641.15	2018-05-08 20:30:41.152939	47784
1525836641.21	2018-05-08 20:30:41.206926	47784
1525836641.26	2018-05-08 20:30:41.261147	47784
1525836641.32	2018-05-08 20:30:41.317424	47784
1525836641.37	2018-05-08 20:30:41.371761	49232
1525836641.43	2018-05-08 20:30:41.426542	49232
1525836641.48	2018-05-08 20:30:41.482961	49232
1525836641.54	2018-05-08 20:30:41.540251	49232
1525836641.6	2018-05-08 20:30:41.595246	49232
1525836641.65	2018-05-08 20:30:41.651557	49232
1525836641.71	2018-05-08 20:30:41.705594	49232
1525836641.76	2018-05-08 20:30:41.759488	49232
1525836641.81	2018-05-08 20:30:41.814199	49232
1525836641.87	2018-05-08 20:30:41.868166	49232
1525836641.92	2018-05-08 20:30:41.923987	49232
1525836641.98	2018-05-08 20:30:41.980333	49232
1525836642.04	2018-05-08 20:30:42.037048	49232
1525836642.09	2018-05-08 20:30:42.091049	49232
1525836642.15	2018-05-08 20:30:42.146881	49232
1525836642.2	2018-05-08 20:30:42.200524	49232
1525836642.25	2018-05-08 20:30:42.254193	49232
1525836642.31	2018-05-08 20:30:42.308444	49232
1525836642.36	2018-05-08 20:30:42.362584	49232
1525836642.42	2018-05-08 20:30:42.418635	49232
1525836642.47	2018-05-08 20:30:42.472794	49232
1525836642.53	2018-05-08 20:30:42.527899	49232
1525836642.58	2018-05-08 20:30:42.584747	49232
1525836642.64	2018-05-08 20:30:42.638666	49232
1525836642.69	2018-05-08 20:30:42.692525	49232
1525836642.75	2018-05-08 20:30:42.746214	49232
1525836642.8	2018-05-08 20:30:42.800981	49232
1525836642.85	2018-05-08 20:30:42.854572	49232
1525836642.91	2018-05-08 20:30:42.908691	49232
1525836642.96	2018-05-08 20:30:42.962729	49232
1525836643.02	2018-05-08 20:30:43.018949	49232
1525836643.08	2018-05-08 20:30:43.075368	49232
1525836643.13	2018-05-08 20:30:43.130894	49232
1525836643.19	2018-05-08 20:30:43.188830	49232
1525836643.24	2018-05-08 20:30:43.243863	49232
1525836643.3	2018-05-08 20:30:43.298287	49232
1525836643.35	2018-05-08 20:30:43.353763	49232
1525836643.41	2018-05-08 20:30:43.407885	49232
1525836643.46	2018-05-08 20:30:43.461695	49232
1525836643.52	2018-05-08 20:30:43.517902	49232
1525836643.57	2018-05-08 20:30:43.573974	49232
1525836643.63	2018-05-08 20:30:43.629751	49232
1525836643.69	2018-05-08 20:30:43.687652	50680
1525836643.74	2018-05-08 20:30:43.742567	50680
1525836643.8	2018-05-08 20:30:43.797200	50680
1525836643.85	2018-05-08 20:30:43.852878	50680
1525836643.91	2018-05-08 20:30:43.906627	50680
1525836643.96	2018-05-08 20:30:43.960344	50680
1525836644.01	2018-05-08 20:30:44.014637	50680
1525836644.07	2018-05-08 20:30:44.068930	52128
1525836644.12	2018-05-08 20:30:44.123588	52128
1525836644.18	2018-05-08 20:30:44.179156	52128
1525836644.24	2018-05-08 20:30:44.237810	52128
1525836644.29	2018-05-08 20:30:44.292497	52128
1525836644.35	2018-05-08 20:30:44.346774	52128
1525836644.4	2018-05-08 20:30:44.400894	53576
1525836644.45	2018-05-08 20:30:44.454673	53576
1525836644.51	2018-05-08 20:30:44.508791	53576
1525836644.56	2018-05-08 20:30:44.562572	53576
1525836644.62	2018-05-08 20:30:44.620343	53576
1525836644.68	2018-05-08 20:30:44.675093	55024
1525836644.73	2018-05-08 20:30:44.731245	55024
1525836644.79	2018-05-08 20:30:44.788277	55024
1525836644.84	2018-05-08 20:30:44.843991	56472
1525836644.9	2018-05-08 20:30:44.898714	56472
1525836644.95	2018-05-08 20:30:44.954460	56472
1525836645.01	2018-05-08 20:30:45.008343	57920
1525836645.06	2018-05-08 20:30:45.061990	57920
1525836645.12	2018-05-08 20:30:45.119431	57920
1525836645.18	2018-05-08 20:30:45.175519	57920
1525836645.23	2018-05-08 20:30:45.229720	59368
1525836645.29	2018-05-08 20:30:45.289841	60816
1525836645.34	2018-05-08 20:30:45.344667	62264
1525836645.4	2018-05-08 20:30:45.399499	62264
1525836645.45	2018-05-08 20:30:45.453699	62264
1525836645.51	2018-05-08 20:30:45.507764	63712
1525836645.57	2018-05-08 20:30:45.567735	63712
1525836645.62	2018-05-08 20:30:45.622566	63712
1525836645.68	2018-05-08 20:30:45.677710	65160
1525836645.73	2018-05-08 20:30:45.734176	66608
1525836645.79	2018-05-08 20:30:45.790546	69504
1525836645.85	2018-05-08 20:30:45.845485	69504
1525836645.9	2018-05-08 20:30:45.900804	69504
1525836645.95	2018-05-08 20:30:45.954825	69504
1525836646.01	2018-05-08 20:30:46.009303	69504
1525836646.06	2018-05-08 20:30:46.063341	69504
1525836646.12	2018-05-08 20:30:46.118950	73848
1525836646.17	2018-05-08 20:30:46.174733	73848
1525836646.23	2018-05-08 20:30:46.232279	78192
1525836646.29	2018-05-08 20:30:46.288902	79640
1525836646.34	2018-05-08 20:30:46.344232	79640
1525836646.4	2018-05-08 20:30:46.398064	79640
1525836646.45	2018-05-08 20:30:46.453855	79640
1525836646.51	2018-05-08 20:30:46.507740	79640
1525836646.56	2018-05-08 20:30:46.561447	83984
1525836646.62	2018-05-08 20:30:46.616567	85432
1525836646.67	2018-05-08 20:30:46.670870	75296
1525836646.73	2018-05-08 20:30:46.725626	69504
1525836646.78	2018-05-08 20:30:46.780749	66608
1525836646.84	2018-05-08 20:30:46.836863	66608
1525836646.89	2018-05-08 20:30:46.891429	66608
1525836646.95	2018-05-08 20:30:46.945991	66608
1525836647.0	2018-05-08 20:30:47.000488	59368
1525836647.05	2018-05-08 20:30:47.054521	59368
1525836647.11	2018-05-08 20:30:47.108526	59368
1525836647.16	2018-05-08 20:30:47.162417	60816
1525836647.22	2018-05-08 20:30:47.218137	60816
1525836647.27	2018-05-08 20:30:47.273847	60816
1525836647.33	2018-05-08 20:30:47.329743	62264
1525836647.39	2018-05-08 20:30:47.386218	62264
1525836647.44	2018-05-08 20:30:47.442251	62264
1525836647.5	2018-05-08 20:30:47.496710	63712
1525836647.55	2018-05-08 20:30:47.552405	65160
1525836647.61	2018-05-08 20:30:47.606176	66608
1525836647.66	2018-05-08 20:30:47.659761	66608
1525836647.71	2018-05-08 20:30:47.713579	66608
1525836647.77	2018-05-08 20:30:47.771577	66608
1525836647.83	2018-05-08 20:30:47.827193	66608
1525836647.88	2018-05-08 20:30:47.884663	68056
1525836647.94	2018-05-08 20:30:47.938860	68056
1525836647.99	2018-05-08 20:30:47.994366	70952
1525836648.05	2018-05-08 20:30:48.047910	72400
1525836648.1	2018-05-08 20:30:48.102806	72400
1525836648.16	2018-05-08 20:30:48.157063	72400
1525836648.21	2018-05-08 20:30:48.210881	72400
1525836648.26	2018-05-08 20:30:48.264468	72400
1525836648.32	2018-05-08 20:30:48.320691	72400
1525836648.38	2018-05-08 20:30:48.376605	75296
1525836648.43	2018-05-08 20:30:48.432023	75296
1525836648.49	2018-05-08 20:30:48.488863	76744
1525836648.54	2018-05-08 20:30:48.544970	78192
1525836648.61	2018-05-08 20:30:48.606206	78192
1525836648.66	2018-05-08 20:30:48.659804	78192
1525836648.71	2018-05-08 20:30:48.713662	78192
1525836648.77	2018-05-08 20:30:48.769223	78192
1525836648.82	2018-05-08 20:30:48.824014	79640
1525836648.88	2018-05-08 20:30:48.880055	79640
1525836648.94	2018-05-08 20:30:48.937197	81088
1525836648.99	2018-05-08 20:30:48.993794	81088
1525836649.05	2018-05-08 20:30:49.047455	81088
1525836649.1	2018-05-08 20:30:49.102408	81088
1525836649.16	2018-05-08 20:30:49.158038	81088
1525836649.21	2018-05-08 20:30:49.212156	82536
1525836649.27	2018-05-08 20:30:49.266161	82536
1525836649.33	2018-05-08 20:30:49.325976	83984
1525836649.38	2018-05-08 20:30:49.380758	83984
1525836649.44	2018-05-08 20:30:49.435738	83984
1525836649.49	2018-05-08 20:30:49.489858	83984
1525836649.55	2018-05-08 20:30:49.545209	83984
1525836649.6	2018-05-08 20:30:49.599832	83984
1525836649.66	2018-05-08 20:30:49.655736	83984
1525836649.71	2018-05-08 20:30:49.709492	85432
1525836649.76	2018-05-08 20:30:49.763132	85432
1525836649.82	2018-05-08 20:30:49.818796	85432
1525836649.87	2018-05-08 20:30:49.872616	85432
1525836649.93	2018-05-08 20:30:49.928251	85432
1525836649.98	2018-05-08 20:30:49.984507	85432
1525836650.04	2018-05-08 20:30:50.039033	85432
1525836650.09	2018-05-08 20:30:50.094372	85432
1525836650.15	2018-05-08 20:30:50.148787	85432
1525836650.2	2018-05-08 20:30:50.203978	85432
1525836650.26	2018-05-08 20:30:50.257453	85432
1525836650.31	2018-05-08 20:30:50.311486	85432
1525836650.37	2018-05-08 20:30:50.365440	85432
1525836650.42	2018-05-08 20:30:50.421649	85432
1525836650.48	2018-05-08 20:30:50.477130	85432
1525836650.53	2018-05-08 20:30:50.532288	85432
1525836650.59	2018-05-08 20:30:50.589819	85432
1525836650.65	2018-05-08 20:30:50.645083	85432
1525836650.7	2018-05-08 20:30:50.698404	85432
1525836650.75	2018-05-08 20:30:50.755006	85432
1525836650.81	2018-05-08 20:30:50.808662	85432
1525836650.86	2018-05-08 20:30:50.862736	85432
1525836650.92	2018-05-08 20:30:50.916774	85432
1525836650.97	2018-05-08 20:30:50.974102	85432
1525836651.03	2018-05-08 20:30:51.029246	85432
1525836651.09	2018-05-08 20:30:51.086818	85432
1525836651.14	2018-05-08 20:30:51.141998	85432
1525836651.2	2018-05-08 20:30:51.196493	85432
1525836651.25	2018-05-08 20:30:51.250108	85432
1525836651.3	2018-05-08 20:30:51.304793	85432
1525836651.36	2018-05-08 20:30:51.359194	85432
1525836651.41	2018-05-08 20:30:51.413005	85432
1525836651.47	2018-05-08 20:30:51.468538	85432
1525836651.52	2018-05-08 20:30:51.524512	85432
1525836651.58	2018-05-08 20:30:51.580506	85432
1525836651.64	2018-05-08 20:30:51.637427	85432
1525836651.69	2018-05-08 20:30:51.692308	85432
1525836651.75	2018-05-08 20:30:51.746362	85432
1525836651.8	2018-05-08 20:30:51.800041	85432
1525836651.86	2018-05-08 20:30:51.855444	85432
1525836651.91	2018-05-08 20:30:51.909305	85432
1525836651.96	2018-05-08 20:30:51.963163	85432
1525836652.02	2018-05-08 20:30:52.016698	85432
1525836652.07	2018-05-08 20:30:52.072381	86880
1525836652.13	2018-05-08 20:30:52.126827	86880
1525836652.18	2018-05-08 20:30:52.181421	86880
1525836652.24	2018-05-08 20:30:52.237494	86880
1525836652.29	2018-05-08 20:30:52.293281	86880
1525836652.35	2018-05-08 20:30:52.347146	86880
1525836652.4	2018-05-08 20:30:52.401540	86880
1525836652.46	2018-05-08 20:30:52.457487	88328
1525836652.51	2018-05-08 20:30:52.511012	88328
1525836652.56	2018-05-08 20:30:52.564874	88328
1525836652.62	2018-05-08 20:30:52.621368	88328
1525836652.68	2018-05-08 20:30:52.675345	88328
1525836652.73	2018-05-08 20:30:52.729359	88328
1525836652.78	2018-05-08 20:30:52.783297	88328
1525836652.84	2018-05-08 20:30:52.838109	89776
1525836652.89	2018-05-08 20:30:52.891865	89776
1525836652.95	2018-05-08 20:30:52.947333	89776
1525836653.0	2018-05-08 20:30:53.000915	89776
1525836653.06	2018-05-08 20:30:53.056534	91224
1525836653.11	2018-05-08 20:30:53.110475	91224
1525836653.16	2018-05-08 20:30:53.164270	91224
1525836653.22	2018-05-08 20:30:53.218678	92672
1525836653.28	2018-05-08 20:30:53.276100	92672
1525836653.33	2018-05-08 20:30:53.332822	92672
1525836653.39	2018-05-08 20:30:53.390146	94120
1525836653.44	2018-05-08 20:30:53.444856	94120
1525836653.5	2018-05-08 20:30:53.498405	95568
1525836653.56	2018-05-08 20:30:53.555488	95568
1525836653.61	2018-05-08 20:30:53.609652	97016
1525836653.66	2018-05-08 20:30:53.663706	97016
1525836653.72	2018-05-08 20:30:53.717595	97016
1525836653.78	2018-05-08 20:30:53.776652	97016
1525836653.83	2018-05-08 20:30:53.831640	97016
1525836653.89	2018-05-08 20:30:53.888674	97016
1525836653.94	2018-05-08 20:30:53.943593	97016
1525836654.0	2018-05-08 20:30:53.997343	97016
1525836654.1	2018-05-08 20:30:54.096248	97016
1525836654.2	2018-05-08 20:30:54.196108	97016
1525836654.3	2018-05-08 20:30:54.297003	97016
1525836654.4	2018-05-08 20:30:54.395452	97016
1525836654.5	2018-05-08 20:30:54.495317	97016
1525836654.59	2018-05-08 20:30:54.593537	97016
1525836654.69	2018-05-08 20:30:54.694263	97016
1525836654.79	2018-05-08 20:30:54.793062	97016
1525836654.89	2018-05-08 20:30:54.892702	97016
1525836655.0	2018-05-08 20:30:54.995488	97016
1525836655.1	2018-05-08 20:30:55.096036	97016
1525836655.2	2018-05-08 20:30:55.195700	97016
1525836655.3	2018-05-08 20:30:55.296289	97016
1525836655.39	2018-05-08 20:30:55.392684	97016
1525836655.5	2018-05-08 20:30:55.498266	97016
1525836655.6	2018-05-08 20:30:55.595801	97016
1525836655.78	2018-05-08 20:30:55.781261	97016
1525836655.9	2018-05-08 20:30:55.895816	97016
1525836656.0	2018-05-08 20:30:55.997246	97016
1525836656.1	2018-05-08 20:30:56.096022	97016
1525836656.28	2018-05-08 20:30:56.281736	97016
1525836656.39	2018-05-08 20:30:56.394090	97016
1525836656.49	2018-05-08 20:30:56.492984	97016
1525836656.59	2018-05-08 20:30:56.592631	97016
1525836656.69	2018-05-08 20:30:56.692418	97016
1525836656.79	2018-05-08 20:30:56.793710	97016
1525836656.89	2018-05-08 20:30:56.892967	97016
1525836656.99	2018-05-08 20:30:56.992742	97016
1525836657.09	2018-05-08 20:30:57.092713	97016
1525836657.19	2018-05-08 20:30:57.193976	97016
1525836657.29	2018-05-08 20:30:57.291969	97016
1525836657.39	2018-05-08 20:30:57.392600	97016
1525836657.5	2018-05-08 20:30:57.499068	97016
1525836657.6	2018-05-08 20:30:57.595367	97016
1525836657.7	2018-05-08 20:30:57.695393	97016
1525836657.8	2018-05-08 20:30:57.797166	97016
1525836657.89	2018-05-08 20:30:57.894927	97016
1525836657.99	2018-05-08 20:30:57.993222	97016
1525836658.1	2018-05-08 20:30:58.096309	97016
1525836658.2	2018-05-08 20:30:58.196272	97016
1525836658.38	2018-05-08 20:30:58.381332	97016
1525836658.58	2018-05-08 20:30:58.582558	97016
1525836658.69	2018-05-08 20:30:58.692982	97016
1525836658.79	2018-05-08 20:30:58.792779	97016
1525836658.89	2018-05-08 20:30:58.892965	97016
1525836658.99	2018-05-08 20:30:58.993662	97016
1525836659.09	2018-05-08 20:30:59.093732	97016
1525836659.2	2018-05-08 20:30:59.196280	97016
1525836659.3	2018-05-08 20:30:59.297161	97016
1525836659.39	2018-05-08 20:30:59.394633	97016
1525836659.5	2018-05-08 20:30:59.495229	97016
1525836659.59	2018-05-08 20:30:59.592001	97016
1525836659.69	2018-05-08 20:30:59.694385	97016
1525836659.79	2018-05-08 20:30:59.794548	97016
1525836659.89	2018-05-08 20:30:59.894338	97016
1525836660.0	2018-05-08 20:30:59.996531	97016
1525836660.1	2018-05-08 20:31:00.096375	97016
1525836660.28	2018-05-08 20:31:00.281171	97016
1525836660.48	2018-05-08 20:31:00.481162	97016
1525836660.6	2018-05-08 20:31:00.596304	97016
1525836660.69	2018-05-08 20:31:00.691068	97016
1525836660.8	2018-05-08 20:31:00.796054	97016
1525836660.98	2018-05-08 20:31:00.981350	97016
1525836661.18	2018-05-08 20:31:01.180910	97016
1525836661.38	2018-05-08 20:31:01.381234	97016
1525836661.5	2018-05-08 20:31:01.495940	97016
1525836661.6	2018-05-08 20:31:01.597761	97016
1525836661.7	2018-05-08 20:31:01.695633	97016
1525836661.88	2018-05-08 20:31:01.881398	97016
1525836661.99	2018-05-08 20:31:01.994059	97016
1525836662.18	2018-05-08 20:31:02.181219	97016
1525836662.48	2018-05-08 20:31:02.482681	97016
1525836662.59	2018-05-08 20:31:02.593193	97016
1525836662.78	2018-05-08 20:31:02.781118	97016
1525836662.9	2018-05-08 20:31:02.895890	97016
1525836662.99	2018-05-08 20:31:02.992794	97016
1525836663.1	2018-05-08 20:31:03.098515	97016
1525836663.2	2018-05-08 20:31:03.197736	97016
1525836663.3	2018-05-08 20:31:03.297498	97016
1525836663.4	2018-05-08 20:31:03.395804	97016
1525836663.49	2018-05-08 20:31:03.493075	97016
1525836663.6	2018-05-08 20:31:03.597528	97016
1525836663.69	2018-05-08 20:31:03.694705	97016
1525836663.8	2018-05-08 20:31:03.795295	97016
1525836663.9	2018-05-08 20:31:03.895880	97016
1525836663.99	2018-05-08 20:31:03.993018	97016
1525836664.09	2018-05-08 20:31:04.093149	97016
1525836664.28	2018-05-08 20:31:04.282315	97016
1525836664.39	2018-05-08 20:31:04.394252	97016
1525836664.49	2018-05-08 20:31:04.493760	97016
1525836664.59	2018-05-08 20:31:04.593302	97016
1525836664.69	2018-05-08 20:31:04.692042	97016
1525836664.79	2018-05-08 20:31:04.794450	97016
1525836664.89	2018-05-08 20:31:04.894267	97016
1525836664.99	2018-05-08 20:31:04.992807	97016
1525836665.1	2018-05-08 20:31:05.096898	97016
1525836665.19	2018-05-08 20:31:05.193955	97016
1525836665.29	2018-05-08 20:31:05.293622	97016
1525836665.4	2018-05-08 20:31:05.397909	97016
1525836665.5	2018-05-08 20:31:05.496816	97016
1525836665.6	2018-05-08 20:31:05.597881	97016
1525836665.7	2018-05-08 20:31:05.695800	97016
1525836665.8	2018-05-08 20:31:05.795816	97016
1525836665.9	2018-05-08 20:31:05.895570	97016
1525836665.99	2018-05-08 20:31:05.994748	97016
1525836666.18	2018-05-08 20:31:06.181512	97016
1525836666.3	2018-05-08 20:31:06.296703	97016
1525836666.4	2018-05-08 20:31:06.396042	97016
1525836666.5	2018-05-08 20:31:06.495161	97016
1525836666.6	2018-05-08 20:31:06.598260	97016
1525836666.7	2018-05-08 20:31:06.697303	97016
1525836666.79	2018-05-08 20:31:06.794560	97016
1525836666.9	2018-05-08 20:31:06.895591	97016
1525836667.0	2018-05-08 20:31:06.996591	97016
1525836667.1	2018-05-08 20:31:07.095957	97016
1525836667.2	2018-05-08 20:31:07.195508	97016
1525836667.3	2018-05-08 20:31:07.297070	97016
1525836667.4	2018-05-08 20:31:07.396072	97016
1525836667.5	2018-05-08 20:31:07.500539	97016
1525836667.6	2018-05-08 20:31:07.597356	97016
1525836667.7	2018-05-08 20:31:07.700459	97016
1525836667.8	2018-05-08 20:31:07.796129	97016
1525836667.9	2018-05-08 20:31:07.896604	97016
1525836668.0	2018-05-08 20:31:07.996449	97016
1525836668.18	2018-05-08 20:31:08.181855	97016
1525836668.3	2018-05-08 20:31:08.296445	97016
1525836668.39	2018-05-08 20:31:08.394846	97016
1525836668.58	2018-05-08 20:31:08.581225	97016
1525836668.69	2018-05-08 20:31:08.693590	97016
1525836668.79	2018-05-08 20:31:08.791291	97016
1525836668.89	2018-05-08 20:31:08.894532	97016
1525836668.99	2018-05-08 20:31:08.994597	97016
1525836669.09	2018-05-08 20:31:09.093236	97016
1525836669.19	2018-05-08 20:31:09.191934	97016
1525836669.38	2018-05-08 20:31:09.381344	97016
1525836669.58	2018-05-08 20:31:09.581245	97016
1525836669.69	2018-05-08 20:31:09.694994	97016
1525836669.79	2018-05-08 20:31:09.793580	97016
1525836669.89	2018-05-08 20:31:09.893344	97016
1525836669.99	2018-05-08 20:31:09.991825	97016
1525836670.1	2018-05-08 20:31:10.096039	97016
1525836670.2	2018-05-08 20:31:10.196592	97016
1525836670.3	2018-05-08 20:31:10.295963	97016
1525836670.39	2018-05-08 20:31:10.394743	97016
1525836670.5	2018-05-08 20:31:10.496078	97016
1525836670.6	2018-05-08 20:31:10.595336	97016
1525836670.7	2018-05-08 20:31:10.695109	97016
1525836670.79	2018-05-08 20:31:10.792356	97016
1525836670.89	2018-05-08 20:31:10.894557	97016
1525836671.0	2018-05-08 20:31:10.995935	97016
1525836671.1	2018-05-08 20:31:11.097263	97016
1525836671.2	2018-05-08 20:31:11.195439	97016
1525836671.3	2018-05-08 20:31:11.295789	97016
1525836671.4	2018-05-08 20:31:11.395467	97016
1525836671.49	2018-05-08 20:31:11.494966	97016
1525836671.6	2018-05-08 20:31:11.595858	97016
1525836671.69	2018-05-08 20:31:11.694501	97016
1525836671.79	2018-05-08 20:31:11.794903	97016
1525836671.98	2018-05-08 20:31:11.981255	97016
1525836672.1	2018-05-08 20:31:12.095857	97016
1525836672.28	2018-05-08 20:31:12.281957	97016
1525836672.39	2018-05-08 20:31:12.392777	97016
1525836672.5	2018-05-08 20:31:12.495385	97016
1525836672.59	2018-05-08 20:31:12.594500	97016
1525836672.69	2018-05-08 20:31:12.692740	97016
1525836672.8	2018-05-08 20:31:12.795036	97016
1525836672.9	2018-05-08 20:31:12.895466	97016
1525836672.99	2018-05-08 20:31:12.993317	97016
1525836673.1	2018-05-08 20:31:13.096504	97016
1525836673.2	2018-05-08 20:31:13.197286	97016
1525836673.3	2018-05-08 20:31:13.295416	97016
1525836673.39	2018-05-08 20:31:13.393912	97016
1525836673.49	2018-05-08 20:31:13.494223	97016
1525836673.59	2018-05-08 20:31:13.594991	97016
1525836673.79	2018-05-08 20:31:13.785288	97016
1525836673.89	2018-05-08 20:31:13.893308	97016
1525836674.0	2018-05-08 20:31:13.997764	97016
1525836674.1	2018-05-08 20:31:14.095388	97016
1525836674.2	2018-05-08 20:31:14.196629	97016
1525836674.3	2018-05-08 20:31:14.295210	97016
1525836674.39	2018-05-08 20:31:14.394838	97016
1525836674.5	2018-05-08 20:31:14.497405	97016
1525836674.59	2018-05-08 20:31:14.594751	97016
1525836674.69	2018-05-08 20:31:14.694580	97016
1525836674.79	2018-05-08 20:31:14.793601	97016
1525836674.89	2018-05-08 20:31:14.893694	97016
1525836674.99	2018-05-08 20:31:14.992422	97016
1525836675.1	2018-05-08 20:31:15.097613	97016
1525836675.2	2018-05-08 20:31:15.197488	97016
1525836675.29	2018-05-08 20:31:15.294498	97016
1525836675.4	2018-05-08 20:31:15.395654	97016
1525836675.5	2018-05-08 20:31:15.497571	97016
1525836675.6	2018-05-08 20:31:15.602096	97016
1525836675.7	2018-05-08 20:31:15.696375	97016
1525836675.8	2018-05-08 20:31:15.798775	97016
1525836675.9	2018-05-08 20:31:15.896149	97016
1525836676.0	2018-05-08 20:31:15.997150	97016
1525836676.1	2018-05-08 20:31:16.095308	97016
1525836676.2	2018-05-08 20:31:16.195796	97016
1525836676.3	2018-05-08 20:31:16.295170	97016
1525836676.4	2018-05-08 20:31:16.397090	97016
1525836676.5	2018-05-08 20:31:16.496578	97016
1525836676.6	2018-05-08 20:31:16.595553	97016
1525836676.7	2018-05-08 20:31:16.697684	97016
1525836676.8	2018-05-08 20:31:16.798441	97016
1525836676.9	2018-05-08 20:31:16.895773	97016
1525836676.99	2018-05-08 20:31:16.994999	97016
1525836677.1	2018-05-08 20:31:17.097700	97016
1525836677.2	2018-05-08 20:31:17.197659	97016
1525836677.38	2018-05-08 20:31:17.382672	97016
1525836677.49	2018-05-08 20:31:17.494206	97016
1525836677.59	2018-05-08 20:31:17.592337	97016
1525836677.69	2018-05-08 20:31:17.693743	97016
1525836677.8	2018-05-08 20:31:17.798460	97016
1525836677.9	2018-05-08 20:31:17.897370	97016
1525836678.0	2018-05-08 20:31:17.996682	97016
1525836678.1	2018-05-08 20:31:18.099062	97016
1525836678.2	2018-05-08 20:31:18.196236	97016
1525836678.29	2018-05-08 20:31:18.294297	97016
1525836678.4	2018-05-08 20:31:18.396952	97016
1525836678.5	2018-05-08 20:31:18.498351	97016
1525836678.6	2018-05-08 20:31:18.596856	97016
1525836678.7	2018-05-08 20:31:18.696850	97016
1525836678.88	2018-05-08 20:31:18.881671	97016
1525836679.0	2018-05-08 20:31:18.995743	97016
1525836679.09	2018-05-08 20:31:19.093215	97016
1525836679.19	2018-05-08 20:31:19.191736	97016
1525836679.29	2018-05-08 20:31:19.293566	97016
1525836679.39	2018-05-08 20:31:19.394929	97016
1525836679.5	2018-05-08 20:31:19.496464	97016
1525836679.68	2018-05-08 20:31:19.681266	97016
1525836679.79	2018-05-08 20:31:19.794421	97016
1525836679.9	2018-05-08 20:31:19.896354	97016
1525836679.99	2018-05-08 20:31:19.991293	97016
1525836680.09	2018-05-08 20:31:20.092359	97016
1525836680.2	2018-05-08 20:31:20.198628	97016
1525836680.29	2018-05-08 20:31:20.294704	97016
1525836680.4	2018-05-08 20:31:20.396187	97016
1525836680.5	2018-05-08 20:31:20.496183	97016
1525836680.6	2018-05-08 20:31:20.598718	97016
1525836680.7	2018-05-08 20:31:20.695377	97016
1525836680.8	2018-05-08 20:31:20.796591	97016
1525836680.9	2018-05-08 20:31:20.896422	97016
1525836681.0	2018-05-08 20:31:20.995334	97016
1525836681.1	2018-05-08 20:31:21.096113	97016
1525836681.19	2018-05-08 20:31:21.194409	97016
1525836681.3	2018-05-08 20:31:21.297562	97016
1525836681.4	2018-05-08 20:31:21.396587	97016
1525836681.5	2018-05-08 20:31:21.500790	97016
1525836681.6	2018-05-08 20:31:21.597801	97016
1525836681.7	2018-05-08 20:31:21.699357	97016
1525836681.8	2018-05-08 20:31:21.797327	97016
1525836681.9	2018-05-08 20:31:21.895482	97016
1525836682.0	2018-05-08 20:31:21.998652	97016
1525836682.1	2018-05-08 20:31:22.095437	97016
1525836682.2	2018-05-08 20:31:22.199441	97016
1525836682.3	2018-05-08 20:31:22.297414	97016
1525836682.4	2018-05-08 20:31:22.397726	97016
1525836682.5	2018-05-08 20:31:22.497517	97016
1525836682.6	2018-05-08 20:31:22.596190	97016
1525836682.7	2018-05-08 20:31:22.695614	97016
1525836682.8	2018-05-08 20:31:22.795413	97016
1525836682.9	2018-05-08 20:31:22.900654	97016
1525836683.0	2018-05-08 20:31:22.995504	97016
1525836683.1	2018-05-08 20:31:23.098516	97016
1525836683.2	2018-05-08 20:31:23.196529	97016
1525836683.3	2018-05-08 20:31:23.298440	97016
1525836683.4	2018-05-08 20:31:23.396923	97016
1525836683.5	2018-05-08 20:31:23.496874	97016
1525836683.6	2018-05-08 20:31:23.595694	97016
1525836683.7	2018-05-08 20:31:23.696709	97016
1525836683.8	2018-05-08 20:31:23.795482	97016
1525836683.9	2018-05-08 20:31:23.897616	97016
1525836684.0	2018-05-08 20:31:23.996257	97016
1525836684.1	2018-05-08 20:31:24.098103	97016
1525836684.2	2018-05-08 20:31:24.200550	97016
1525836684.38	2018-05-08 20:31:24.381384	97016
1525836684.5	2018-05-08 20:31:24.496647	97016
1525836684.6	2018-05-08 20:31:24.598328	97016
1525836684.7	2018-05-08 20:31:24.696501	97016
1525836684.79	2018-05-08 20:31:24.794064	97016
1525836684.89	2018-05-08 20:31:24.892041	97016
1525836684.99	2018-05-08 20:31:24.993760	97016
1525836685.1	2018-05-08 20:31:25.095467	97016
1525836685.2	2018-05-08 20:31:25.195909	97016
1525836685.3	2018-05-08 20:31:25.297577	97016
1525836685.4	2018-05-08 20:31:25.396486	97016
1525836685.49	2018-05-08 20:31:25.493833	97016
1525836685.59	2018-05-08 20:31:25.594193	97016
1525836685.78	2018-05-08 20:31:25.781192	97016
1525836685.9	2018-05-08 20:31:25.896839	97016
1525836686.0	2018-05-08 20:31:25.995713	97016
1525836686.1	2018-05-08 20:31:26.096910	97016
1525836686.2	2018-05-08 20:31:26.195717	97016
1525836686.29	2018-05-08 20:31:26.294053	97016
1525836686.4	2018-05-08 20:31:26.397900	97016
1525836686.49	2018-05-08 20:31:26.493842	97016
1525836686.6	2018-05-08 20:31:26.596759	97016
1525836686.7	2018-05-08 20:31:26.697193	97016
1525836686.8	2018-05-08 20:31:26.795860	97016
1525836686.9	2018-05-08 20:31:26.896134	97016
1525836686.99	2018-05-08 20:31:26.993488	97016
1525836687.13	2018-05-08 20:31:27.131356	97016
