1525836597.06	2018-05-08 20:29:57.057921	0.0
1525836597.11	2018-05-08 20:29:57.108309	1467.11522663
1525836597.16	2018-05-08 20:29:57.158636	268614.452818
1525836597.21	2018-05-08 20:29:57.209026	236431.302103
1525836597.26	2018-05-08 20:29:57.259374	353031.412804
1525836597.31	2018-05-08 20:29:57.309616	58947.7281583
1525836597.36	2018-05-08 20:29:57.359831	294955.566192
1525836597.41	2018-05-08 20:29:57.411554	572544.493152
1525836597.46	2018-05-08 20:29:57.463484	171141.054124
1525836597.51	2018-05-08 20:29:57.513886	58763.9817987
1525836597.56	2018-05-08 20:29:57.564224	412043.661835
1525836597.61	2018-05-08 20:29:57.614681	616967.361042
1525836597.66	2018-05-08 20:29:57.664969	58903.010445
1525836597.72	2018-05-08 20:29:57.715354	117567.446738
1525836597.77	2018-05-08 20:29:57.765755	293856.047836
1525836597.82	2018-05-08 20:29:57.816161	588993.78681
1525836597.87	2018-05-08 20:29:57.866545	235140.456482
1525836597.92	2018-05-08 20:29:57.916828	117785.358262
1525836597.97	2018-05-08 20:29:57.967040	117979.425446
1525836598.02	2018-05-08 20:29:58.017511	587128.822012
1525836598.07	2018-05-08 20:29:58.068015	469040.27704
1525836598.12	2018-05-08 20:29:58.118508	0.0
1525836598.17	2018-05-08 20:29:58.169136	117033.620634
1525836598.22	2018-05-08 20:29:58.219744	439606.70372
1525836598.27	2018-05-08 20:29:58.270509	525144.921152
1525836598.32	2018-05-08 20:29:58.321023	293058.893486
1525836598.37	2018-05-08 20:29:58.371320	117798.760221
1525836598.42	2018-05-08 20:29:58.421680	0.0
1525836598.47	2018-05-08 20:29:58.473767	541049.352491
1525836598.52	2018-05-08 20:29:58.524154	587734.338537
1525836598.57	2018-05-08 20:29:58.574828	263711.774592
1525836598.63	2018-05-08 20:29:58.626149	0.0
1525836598.68	2018-05-08 20:29:58.676650	0.0
1525836598.73	2018-05-08 20:29:58.727254	643757.686334
1525836598.78	2018-05-08 20:29:58.777650	528940.886105
1525836598.83	2018-05-08 20:29:58.827930	324675.141412
1525836598.88	2018-05-08 20:29:58.878319	30046.7782515
1525836598.93	2018-05-08 20:29:58.928680	0.0
1525836598.98	2018-05-08 20:29:58.979039	470681.800282
1525836599.03	2018-05-08 20:29:59.029587	644562.315124
1525836599.08	2018-05-08 20:29:59.079989	352542.202186
1525836599.13	2018-05-08 20:29:59.130328	58850.2749735
1525836599.18	2018-05-08 20:29:59.180883	58665.1954857
1525836599.23	2018-05-08 20:29:59.231311	175977.304827
1525836599.28	2018-05-08 20:29:59.282085	641617.781634
1525836599.33	2018-05-08 20:29:59.332421	500835.546125
1525836599.38	2018-05-08 20:29:59.382929	293220.746391
1525836599.43	2018-05-08 20:29:59.433581	58486.7827659
1525836599.48	2018-05-08 20:29:59.484124	0.0
1525836599.53	2018-05-08 20:29:59.534374	353713.221985
1525836599.59	2018-05-08 20:29:59.585032	614568.980747
1525836599.64	2018-05-08 20:29:59.635246	530811.638801
1525836599.69	2018-05-08 20:29:59.685593	176509.854674
1525836599.74	2018-05-08 20:29:59.736018	59572.4353245
1525836599.79	2018-05-08 20:29:59.786337	0.0
1525836599.84	2018-05-08 20:29:59.837005	322253.059294
1525836599.89	2018-05-08 20:29:59.887374	646749.484991
1525836599.94	2018-05-08 20:29:59.937620	501700.530651
1525836599.99	2018-05-08 20:29:59.987935	235481.414155
1525836600.04	2018-05-08 20:30:00.040075	113715.466659
1525836600.09	2018-05-08 20:30:00.090398	0.0
1525836600.14	2018-05-08 20:30:00.141489	174265.847535
1525836600.19	2018-05-08 20:30:00.191985	585697.779412
1525836600.24	2018-05-08 20:30:00.242479	616370.376641
1525836600.29	2018-05-08 20:30:00.293068	410201.170425
1525836600.34	2018-05-08 20:30:00.343989	116254.41864
1525836600.39	2018-05-08 20:30:00.394302	0.0
1525836600.44	2018-05-08 20:30:00.444631	0.0
1525836600.5	2018-05-08 20:30:00.495077	382376.408983
1525836600.55	2018-05-08 20:30:00.549548	543875.41033
1525836600.6	2018-05-08 20:30:00.599826	647819.470439
1525836600.65	2018-05-08 20:30:00.650267	264903.410526
1525836600.7	2018-05-08 20:30:00.700594	117710.029021
1525836600.75	2018-05-08 20:30:00.750840	0.0
1525836600.8	2018-05-08 20:30:00.801047	0.0
1525836600.85	2018-05-08 20:30:00.851438	411445.180523
1525836600.9	2018-05-08 20:30:00.901764	618659.740646
1525836600.95	2018-05-08 20:30:00.952161	529118.603955
1525836601.0	2018-05-08 20:30:01.002867	408783.957582
1525836601.05	2018-05-08 20:30:01.053059	177022.933034
1525836601.1	2018-05-08 20:30:01.104245	0.0
1525836601.15	2018-05-08 20:30:01.154547	0.0
1525836601.2	2018-05-08 20:30:01.204954	206332.536777
1525836601.26	2018-05-08 20:30:01.255323	646737.242034
1525836601.31	2018-05-08 20:30:01.305749	587395.31768
1525836601.36	2018-05-08 20:30:01.356163	500058.660311
1525836601.41	2018-05-08 20:30:01.406368	235992.467254
1525836601.46	2018-05-08 20:30:01.456691	58861.1491626
1525836601.51	2018-05-08 20:30:01.506961	0.0
1525836601.56	2018-05-08 20:30:01.557368	0.0
1525836601.61	2018-05-08 20:30:01.612544	429517.610942
1525836601.66	2018-05-08 20:30:01.662857	618733.023155
1525836601.71	2018-05-08 20:30:01.713097	589580.787973
1525836601.76	2018-05-08 20:30:01.763463	324172.467407
1525836601.81	2018-05-08 20:30:01.813931	352059.333809
1525836601.86	2018-05-08 20:30:01.864345	0.0
1525836601.91	2018-05-08 20:30:01.914849	0.0
1525836601.97	2018-05-08 20:30:01.965336	0.0
1525836602.02	2018-05-08 20:30:02.016019	350560.920116
1525836602.07	2018-05-08 20:30:02.067834	601263.718655
1525836602.12	2018-05-08 20:30:02.118524	642389.88849
1525836602.17	2018-05-08 20:30:02.169266	408574.619265
1525836602.22	2018-05-08 20:30:02.220700	259804.698044
1525836602.28	2018-05-08 20:30:02.281656	145767.58646
1525836602.33	2018-05-08 20:30:02.333274	0.0
1525836602.38	2018-05-08 20:30:02.384067	0.0
1525836602.43	2018-05-08 20:30:02.434947	0.0
1525836602.49	2018-05-08 20:30:02.485448	234627.543872
1525836602.54	2018-05-08 20:30:02.535719	589194.922032
1525836602.59	2018-05-08 20:30:02.586197	616772.121895
1525836602.64	2018-05-08 20:30:02.636904	408922.353791
1525836602.69	2018-05-08 20:30:02.687535	498230.223345
1525836602.74	2018-05-08 20:30:02.737918	235000.348958
1525836602.79	2018-05-08 20:30:02.789454	0.0
1525836602.84	2018-05-08 20:30:02.839854	0.0
1525836602.89	2018-05-08 20:30:02.890935	0.0
1525836602.94	2018-05-08 20:30:02.941245	235457.983502
1525836602.99	2018-05-08 20:30:02.991571	647457.302923
1525836603.04	2018-05-08 20:30:03.041931	618217.483092
1525836603.09	2018-05-08 20:30:03.092303	470447.866328
1525836603.14	2018-05-08 20:30:03.142893	439961.128309
1525836603.19	2018-05-08 20:30:03.193363	293325.977428
1525836603.24	2018-05-08 20:30:03.244179	116572.944817
1525836603.3	2018-05-08 20:30:03.295404	0.0
1525836603.35	2018-05-08 20:30:03.345777	0.0
1525836603.4	2018-05-08 20:30:03.395935	590477.497315
1525836603.45	2018-05-08 20:30:03.449352	612495.473909
1525836603.5	2018-05-08 20:30:03.499860	474380.086667
1525836603.55	2018-05-08 20:30:03.550396	443097.927362
1525836603.6	2018-05-08 20:30:03.600834	118712.699919
1525836603.65	2018-05-08 20:30:03.651197	0.0
1525836603.7	2018-05-08 20:30:03.701448	0.0
1525836603.75	2018-05-08 20:30:03.751731	503987.880475
1525836603.8	2018-05-08 20:30:03.801970	648554.255922
1525836603.85	2018-05-08 20:30:03.852277	442244.306441
1525836603.9	2018-05-08 20:30:03.902522	412690.883593
1525836603.95	2018-05-08 20:30:03.952833	58868.9587513
1525836604.0	2018-05-08 20:30:04.003081	58947.7281583
1525836604.05	2018-05-08 20:30:04.053446	0.0
1525836604.1	2018-05-08 20:30:04.104021	409972.983297
1525836604.15	2018-05-08 20:30:04.154333	618818.05262
1525836604.2	2018-05-08 20:30:04.204710	529158.669538
1525836604.25	2018-05-08 20:30:04.254947	442861.365162
1525836604.31	2018-05-08 20:30:04.305320	176411.269621
1525836604.36	2018-05-08 20:30:04.355718	58787.3394596
1525836604.41	2018-05-08 20:30:04.406257	0.0
1525836604.46	2018-05-08 20:30:04.456472	58985.2315201
1525836604.51	2018-05-08 20:30:04.507055	644206.816075
1525836604.56	2018-05-08 20:30:04.557658	615295.811829
1525836604.61	2018-05-08 20:30:04.608078	411135.900758
1525836604.66	2018-05-08 20:30:04.658269	472135.156783
1525836604.71	2018-05-08 20:30:04.708609	147749.850352
1525836604.76	2018-05-08 20:30:04.758978	294035.483648
1525836604.81	2018-05-08 20:30:04.809430	587056.68771
1525836604.86	2018-05-08 20:30:04.860057	615116.116028
1525836604.91	2018-05-08 20:30:04.910376	588631.013655
1525836604.96	2018-05-08 20:30:04.962416	598247.483672
1525836605.01	2018-05-08 20:30:05.012936	644909.076412
1525836605.06	2018-05-08 20:30:05.063384	617162.723834
1525836605.11	2018-05-08 20:30:05.113676	588993.801107
1525836605.16	2018-05-08 20:30:05.163957	619187.762501
1525836605.21	2018-05-08 20:30:05.214359	646468.01421
1525836605.27	2018-05-08 20:30:05.265423	580113.115518
1525836605.32	2018-05-08 20:30:05.317021	603595.447736
1525836605.37	2018-05-08 20:30:05.367843	640823.487974
1525836605.42	2018-05-08 20:30:05.418294	617197.72725
1525836605.47	2018-05-08 20:30:05.468761	587001.211846
1525836605.52	2018-05-08 20:30:05.519146	617784.625271
1525836605.57	2018-05-08 20:30:05.569542	617764.167279
1525836605.62	2018-05-08 20:30:05.619944	587581.452834
1525836605.67	2018-05-08 20:30:05.670314	647022.010719
1525836605.72	2018-05-08 20:30:05.720736	617343.617564
1525836605.77	2018-05-08 20:30:05.771178	587337.001083
1525836605.82	2018-05-08 20:30:05.821978	612694.705822
1525836605.87	2018-05-08 20:30:05.872435	587114.948654
1525836605.92	2018-05-08 20:30:05.922870	646046.26711
1525836605.97	2018-05-08 20:30:05.973214	618314.081403
1525836606.02	2018-05-08 20:30:06.023518	588843.050497
1525836606.07	2018-05-08 20:30:06.073871	618328.720144
1525836606.12	2018-05-08 20:30:06.124255	587976.338449
1525836606.17	2018-05-08 20:30:06.174634	617910.325532
1525836606.22	2018-05-08 20:30:06.224945	647662.890708
1525836606.28	2018-05-08 20:30:06.275219	619202.442642
1525836606.33	2018-05-08 20:30:06.325655	587370.323435
1525836606.38	2018-05-08 20:30:06.379370	579993.163384
1525836606.43	2018-05-08 20:30:06.429803	645686.07897
1525836606.48	2018-05-08 20:30:06.480696	612019.893967
1525836606.53	2018-05-08 20:30:06.531355	584463.356652
1525836606.58	2018-05-08 20:30:06.581895	616038.894667
1525836606.63	2018-05-08 20:30:06.632280	646492.480204
1525836606.68	2018-05-08 20:30:06.682551	589217.27728
1525836606.73	2018-05-08 20:30:06.732827	619287.601184
1525836606.78	2018-05-08 20:30:06.783239	587548.106523
1525836606.83	2018-05-08 20:30:06.833602	618276.023919
1525836606.88	2018-05-08 20:30:06.883909	588692.377035
1525836606.93	2018-05-08 20:30:06.934498	673912.68518
1525836606.98	2018-05-08 20:30:06.984989	586663.035993
1525836607.04	2018-05-08 20:30:07.035612	615090.039877
1525836607.09	2018-05-08 20:30:07.085901	589018.933714
1525836607.14	2018-05-08 20:30:07.136248	618460.500014
1525836607.19	2018-05-08 20:30:07.186646	646391.569914
1525836607.24	2018-05-08 20:30:07.237014	618267.242089
1525836607.29	2018-05-08 20:30:07.287401	587767.705991
1525836607.34	2018-05-08 20:30:07.337635	589522.036642
1525836607.39	2018-05-08 20:30:07.388127	616722.603256
1525836607.44	2018-05-08 20:30:07.438441	647420.495011
1525836607.49	2018-05-08 20:30:07.488625	561283.350773
1525836607.54	2018-05-08 20:30:07.539100	645725.741027
1525836607.59	2018-05-08 20:30:07.589616	616198.775657
1525836607.64	2018-05-08 20:30:07.640036	587453.645859
1525836607.69	2018-05-08 20:30:07.690425	617884.011943
1525836607.74	2018-05-08 20:30:07.740722	588890.500699
1525836607.79	2018-05-08 20:30:07.791113	617860.623967
1525836607.84	2018-05-08 20:30:07.841451	647533.999517
1525836607.89	2018-05-08 20:30:07.891864	558582.258061
1525836607.94	2018-05-08 20:30:07.942148	648049.872333
1525836607.99	2018-05-08 20:30:07.992478	588455.361996
1525836608.04	2018-05-08 20:30:08.042782	618941.240182
1525836608.09	2018-05-08 20:30:08.093108	647356.091235
1525836608.14	2018-05-08 20:30:08.143475	559333.186377
1525836608.19	2018-05-08 20:30:08.193742	648178.968995
1525836608.24	2018-05-08 20:30:08.244223	616760.469735
1525836608.29	2018-05-08 20:30:08.294592	588059.83291
1525836608.35	2018-05-08 20:30:08.345586	612427.474773
1525836608.4	2018-05-08 20:30:08.396783	634533.349405
1525836608.45	2018-05-08 20:30:08.446993	620013.867523
1525836608.5	2018-05-08 20:30:08.498699	573099.13589
1525836608.55	2018-05-08 20:30:08.549772	609321.229865
1525836608.6	2018-05-08 20:30:08.601252	632846.690692
1525836608.65	2018-05-08 20:30:08.652559	577465.194502
1525836608.7	2018-05-08 20:30:08.702953	617714.489222
1525836608.75	2018-05-08 20:30:08.753248	647804.116137
1525836608.8	2018-05-08 20:30:08.803422	620508.82036
1525836608.85	2018-05-08 20:30:08.853781	588293.743601
1525836608.9	2018-05-08 20:30:08.904220	617139.390429
1525836608.95	2018-05-08 20:30:08.954416	590096.062774
1525836609.0	2018-05-08 20:30:09.004852	617311.515777
1525836609.06	2018-05-08 20:30:09.055201	647123.117962
1525836609.11	2018-05-08 20:30:09.105601	617737.866136
1525836609.16	2018-05-08 20:30:09.155803	590014.791203
1525836609.21	2018-05-08 20:30:09.207017	608075.644166
1525836609.26	2018-05-08 20:30:09.257231	589709.522291
1525836609.31	2018-05-08 20:30:09.307494	619422.728306
1525836609.36	2018-05-08 20:30:09.357735	648514.245646
1525836609.41	2018-05-08 20:30:09.408120	587873.394596
1525836609.46	2018-05-08 20:30:09.458310	620323.120468
1525836609.51	2018-05-08 20:30:09.508660	588293.743601
1525836609.56	2018-05-08 20:30:09.558934	619284.664292
1525836609.61	2018-05-08 20:30:09.609365	587337.001083
1525836609.66	2018-05-08 20:30:09.659666	618955.908635
1525836609.71	2018-05-08 20:30:09.710138	645533.577995
1525836609.76	2018-05-08 20:30:09.760520	617957.110781
1525836609.81	2018-05-08 20:30:09.811828	577288.094979
1525836609.86	2018-05-08 20:30:09.862332	616661.44415
1525836609.91	2018-05-08 20:30:09.912861	644766.068233
1525836609.96	2018-05-08 20:30:09.963487	615455.307295
1525836610.01	2018-05-08 20:30:10.013901	587034.496106
1525836610.06	2018-05-08 20:30:10.064200	588843.050497
1525836610.11	2018-05-08 20:30:10.114783	615478.513525
1525836610.17	2018-05-08 20:30:10.165379	644064.119143
1525836610.22	2018-05-08 20:30:10.215687	618782.865179
1525836610.27	2018-05-08 20:30:10.266061	588257.530967
1525836610.32	2018-05-08 20:30:10.316420	618082.88125
1525836610.37	2018-05-08 20:30:10.367108	584705.42172
1525836610.42	2018-05-08 20:30:10.417561	616611.94328
1525836610.47	2018-05-08 20:30:10.468631	638073.776126
1525836610.52	2018-05-08 20:30:10.519053	617691.114077
1525836610.57	2018-05-08 20:30:10.569404	588093.237334
1525836610.62	2018-05-08 20:30:10.619739	618560.104286
1525836610.67	2018-05-08 20:30:10.670188	587081.65527
1525836610.72	2018-05-08 20:30:10.720671	645432.966807
1525836610.77	2018-05-08 20:30:10.771018	618349.215547
1525836610.82	2018-05-08 20:30:10.821426	587548.106523
1525836610.87	2018-05-08 20:30:10.871798	618141.396587
1525836610.92	2018-05-08 20:30:10.922124	588552.933307
1525836610.97	2018-05-08 20:30:10.972472	618375.568775
1525836611.02	2018-05-08 20:30:11.022852	646789.277801
1525836611.07	2018-05-08 20:30:11.073504	614580.550247
1525836611.12	2018-05-08 20:30:11.123911	587614.802931
1525836611.17	2018-05-08 20:30:11.174243	618574.754679
1525836611.22	2018-05-08 20:30:11.224579	588421.916422
1525836611.28	2018-05-08 20:30:11.275071	616646.884245
1525836611.33	2018-05-08 20:30:11.325507	646034.050762
1525836611.38	2018-05-08 20:30:11.375774	589217.27728
1525836611.43	2018-05-08 20:30:11.426083	618867.908344
1525836611.48	2018-05-08 20:30:11.476491	587675.954608
1525836611.53	2018-05-08 20:30:11.526959	616955.701504
1525836611.58	2018-05-08 20:30:11.577566	643836.542154
1525836611.63	2018-05-08 20:30:11.627856	560046.317234
1525836611.68	2018-05-08 20:30:11.678277	646275.409201
1525836611.73	2018-05-08 20:30:11.728734	617075.232662
1525836611.78	2018-05-08 20:30:11.779078	588329.960694
1525836611.83	2018-05-08 20:30:11.829466	617848.930643
1525836611.88	2018-05-08 20:30:11.879807	647211.99587
1525836611.93	2018-05-08 20:30:11.930256	558492.493314
1525836611.98	2018-05-08 20:30:11.980708	645750.150869
1525836612.03	2018-05-08 20:30:12.031247	616210.406603
1525836612.08	2018-05-08 20:30:12.081846	585294.917484
1525836612.13	2018-05-08 20:30:12.133063	636353.452236
1525836612.18	2018-05-08 20:30:12.183534	616661.44415
1525836612.23	2018-05-08 20:30:12.234216	584463.356652
1525836612.28	2018-05-08 20:30:12.284687	616757.556764
1525836612.33	2018-05-08 20:30:12.334979	588974.255007
1525836612.39	2018-05-08 20:30:12.385406	617381.560343
1525836612.44	2018-05-08 20:30:12.435682	648012.997017
1525836612.49	2018-05-08 20:30:12.486200	616306.37866
1525836612.54	2018-05-08 20:30:12.536645	587300.906134
1525836612.59	2018-05-08 20:30:12.587007	618144.322645
1525836612.64	2018-05-08 20:30:12.637343	588341.105313
1525836612.69	2018-05-08 20:30:12.687548	620111.028074
1525836612.74	2018-05-08 20:30:12.737898	647135.375532
1525836612.79	2018-05-08 20:30:12.788420	586361.224684
1525836612.84	2018-05-08 20:30:12.838897	616684.741426
1525836612.89	2018-05-08 20:30:12.889291	587759.363773
1525836612.94	2018-05-08 20:30:12.939529	619813.753879
1525836612.99	2018-05-08 20:30:12.989975	645893.595966
1525836613.04	2018-05-08 20:30:13.040278	618841.513136
1525836613.09	2018-05-08 20:30:13.090726	587278.696063
1525836613.14	2018-05-08 20:30:13.141024	294428.502823
1525836613.19	2018-05-08 20:30:13.191388	618252.606258
1525836613.24	2018-05-08 20:30:13.241766	646700.515945
1525836613.29	2018-05-08 20:30:13.292382	615124.808569
1525836613.34	2018-05-08 20:30:13.342788	587489.759585
1525836613.39	2018-05-08 20:30:13.394605	600857.033184
1525836613.44	2018-05-08 20:30:13.444975	646801.522728
1525836613.5	2018-05-08 20:30:13.495375	558978.623713
1525836613.55	2018-05-08 20:30:13.545666	58905.5240154
1525836613.6	2018-05-08 20:30:13.596169	586427.651887
1525836613.65	2018-05-08 20:30:13.646597	617372.803903
1525836613.7	2018-05-08 20:30:13.696769	649404.871425
1525836613.75	2018-05-08 20:30:13.747203	617396.154962
1525836613.8	2018-05-08 20:30:13.800999	550854.355391
1525836613.85	2018-05-08 20:30:13.851224	619531.460312
1525836613.9	2018-05-08 20:30:13.901803	644334.385991
1525836613.95	2018-05-08 20:30:13.952255	528258.659044
1525836614.0	2018-05-08 20:30:14.002850	0.0
1525836614.05	2018-05-08 20:30:14.053303	499692.37237
1525836614.1	2018-05-08 20:30:14.103661	622187.3955
1525836614.15	2018-05-08 20:30:14.154094	622593.084402
1525836614.2	2018-05-08 20:30:14.204403	624100.795178
1525836614.26	2018-05-08 20:30:14.255021	621249.121554
1525836614.31	2018-05-08 20:30:14.305511	619570.261777
1525836614.36	2018-05-08 20:30:14.355930	60058.0348422
1525836614.41	2018-05-08 20:30:14.406339	471392.261386
1525836614.46	2018-05-08 20:30:14.456582	648591.192866
1525836614.51	2018-05-08 20:30:14.507094	586303.113225
1525836614.56	2018-05-08 20:30:14.558975	600117.007059
1525836614.61	2018-05-08 20:30:14.609391	646247.903568
1525836614.66	2018-05-08 20:30:14.659725	559701.454594
1525836614.71	2018-05-08 20:30:14.710166	117444.080524
1525836614.76	2018-05-08 20:30:14.760508	470692.945798
1525836614.81	2018-05-08 20:30:14.810965	558336.793528
1525836614.86	2018-05-08 20:30:14.861375	646339.598118
1525836614.91	2018-05-08 20:30:14.911721	618510.29814
1525836614.96	2018-05-08 20:30:14.962236	586267.145237
1525836615.01	2018-05-08 20:30:15.012595	618240.898093
1525836615.06	2018-05-08 20:30:15.062863	176769.375052
1525836615.11	2018-05-08 20:30:15.113100	412683.050045
1525836615.16	2018-05-08 20:30:15.163405	529988.889567
1525836615.21	2018-05-08 20:30:15.213794	559079.125663
1525836615.26	2018-05-08 20:30:15.264025	648655.842643
1525836615.31	2018-05-08 20:30:15.314573	616088.303568
1525836615.36	2018-05-08 20:30:15.364826	589253.608177
1525836615.42	2018-05-08 20:30:15.415317	616626.501535
1525836615.47	2018-05-08 20:30:15.465617	176698.140332
1525836615.52	2018-05-08 20:30:15.516170	293384.163833
1525836615.57	2018-05-08 20:30:15.568416	595057.920875
1525836615.62	2018-05-08 20:30:15.618848	646030.996748
1525836615.67	2018-05-08 20:30:15.670281	575907.234252
1525836615.72	2018-05-08 20:30:15.720745	616964.446116
1525836615.77	2018-05-08 20:30:15.771229	587198.198636
1525836615.82	2018-05-08 20:30:15.821694	616466.398538
1525836615.87	2018-05-08 20:30:15.872142	234874.83891
1525836615.92	2018-05-08 20:30:15.922561	352463.854288
1525836615.97	2018-05-08 20:30:15.973008	499633.343918
1525836616.02	2018-05-08 20:30:16.023424	587723.216894
1525836616.07	2018-05-08 20:30:16.073826	617577.185578
1525836616.12	2018-05-08 20:30:16.124392	585769.580129
1525836616.17	2018-05-08 20:30:16.174779	646737.242034
1525836616.23	2018-05-08 20:30:16.225580	612803.964129
1525836616.28	2018-05-08 20:30:16.276001	411217.552102
1525836616.33	2018-05-08 20:30:16.326491	234655.24161
1525836616.38	2018-05-08 20:30:16.376932	440998.659691
1525836616.43	2018-05-08 20:30:16.427323	587909.55995
1525836616.48	2018-05-08 20:30:16.477869	615966.248914
1525836616.53	2018-05-08 20:30:16.528343	645405.532835
1525836616.58	2018-05-08 20:30:16.578647	619040.999374
1525836616.63	2018-05-08 20:30:16.629129	527984.266174
1525836616.68	2018-05-08 20:30:16.679564	587395.31768
1525836616.73	2018-05-08 20:30:16.730002	441052.853587
1525836616.78	2018-05-08 20:30:16.780414	293767.106672
1525836616.83	2018-05-08 20:30:16.831157	350243.017512
1525836616.88	2018-05-08 20:30:16.881566	676520.486799
1525836616.93	2018-05-08 20:30:16.932081	586361.224684
1525836616.98	2018-05-08 20:30:16.982814	613621.761732
1525836617.03	2018-05-08 20:30:17.034404	574110.817575
1525836617.09	2018-05-08 20:30:17.085025	615014.721192
1525836617.14	2018-05-08 20:30:17.136427	576299.945634
1525836617.19	2018-05-08 20:30:17.186826	411355.655532
1525836617.24	2018-05-08 20:30:17.237282	323529.110023
1525836617.29	2018-05-08 20:30:17.287759	410770.810851
1525836617.34	2018-05-08 20:30:17.338155	587801.077235
1525836617.39	2018-05-08 20:30:17.388413	619422.728306
1525836617.44	2018-05-08 20:30:17.438696	589041.275609
1525836617.49	2018-05-08 20:30:17.489291	615443.704837
1525836617.54	2018-05-08 20:30:17.539875	527088.242793
1525836617.59	2018-05-08 20:30:17.590261	617688.192309
1525836617.64	2018-05-08 20:30:17.640704	469787.424768
1525836617.69	2018-05-08 20:30:17.691133	352478.854381
1525836617.74	2018-05-08 20:30:17.741425	383365.861831
1525836617.79	2018-05-08 20:30:17.791869	528540.832492
1525836617.84	2018-05-08 20:30:17.842175	588817.932898
1525836617.89	2018-05-08 20:30:17.892906	614922.04659
1525836617.94	2018-05-08 20:30:17.943210	646351.826024
1525836617.99	2018-05-08 20:30:17.993783	498526.198904
1525836618.04	2018-05-08 20:30:18.043981	648942.303789
1525836618.09	2018-05-08 20:30:18.094286	560022.428437
1525836618.15	2018-05-08 20:30:18.145081	291621.170285
1525836618.2	2018-05-08 20:30:18.195569	527914.466225
1525836618.25	2018-05-08 20:30:18.246032	382172.269675
1525836618.3	2018-05-08 20:30:18.296500	586906.926936
1525836618.35	2018-05-08 20:30:18.346946	587151.020748
1525836618.4	2018-05-08 20:30:18.397349	558957.470011
1525836618.45	2018-05-08 20:30:18.447812	586954.065605
1525836618.5	2018-05-08 20:30:18.498008	620246.514814
1525836618.55	2018-05-08 20:30:18.548964	581285.6918
1525836618.6	2018-05-08 20:30:18.599356	441578.808505
1525836618.65	2018-05-08 20:30:18.650833	461495.942088
1525836618.7	2018-05-08 20:30:18.701267	234405.091448
1525836618.75	2018-05-08 20:30:18.752036	613054.254939
1525836618.8	2018-05-08 20:30:18.802850	582864.724086
1525836618.85	2018-05-08 20:30:18.853204	588154.488636
1525836618.9	2018-05-08 20:30:18.903540	618522.016512
1525836618.95	2018-05-08 20:30:18.953755	474501.48706
1525836619.0	2018-05-08 20:30:19.004101	622346.506133
1525836619.05	2018-05-08 20:30:19.054466	355476.749535
1525836619.1	2018-05-08 20:30:19.104853	207720.558671
1525836619.16	2018-05-08 20:30:19.155212	533280.758547
1525836619.21	2018-05-08 20:30:19.205608	561611.003747
1525836619.26	2018-05-08 20:30:19.256017	621566.46468
1525836619.31	2018-05-08 20:30:19.306470	499682.92688
1525836619.36	2018-05-08 20:30:19.356941	645545.775422
1525836619.41	2018-05-08 20:30:19.407153	266133.664699
1525836619.46	2018-05-08 20:30:19.457620	410817.381965
1525836619.51	2018-05-08 20:30:19.508046	411194.219837
1525836619.56	2018-05-08 20:30:19.558349	471036.486353
1525836619.61	2018-05-08 20:30:19.608542	561272.686322
1525836619.66	2018-05-08 20:30:19.659052	527787.378013
1525836619.71	2018-05-08 20:30:19.709565	557662.219135
1525836619.76	2018-05-08 20:30:19.759910	529642.439093
1525836619.81	2018-05-08 20:30:19.810375	352102.57147
1525836619.86	2018-05-08 20:30:19.860572	325205.63367
1525836619.91	2018-05-08 20:30:19.911081	410516.796178
1525836619.96	2018-05-08 20:30:19.961521	528478.378772
1525836620.01	2018-05-08 20:30:20.011716	620296.600985
1525836620.06	2018-05-08 20:30:20.062170	410941.623245
1525836620.11	2018-05-08 20:30:20.112375	620125.752027
1525836620.16	2018-05-08 20:30:20.162928	586068.017794
1525836620.21	2018-05-08 20:30:20.213156	235818.88574
1525836620.26	2018-05-08 20:30:20.263450	383480.359078
1525836620.31	2018-05-08 20:30:20.313692	353679.656328
1525836620.36	2018-05-08 20:30:20.364846	463272.788049
1525836620.42	2018-05-08 20:30:20.415063	561006.206709
1525836620.47	2018-05-08 20:30:20.465525	586987.344519
1525836620.52	2018-05-08 20:30:20.515712	472144.128302
1525836620.57	2018-05-08 20:30:20.566083	559301.416161
1525836620.62	2018-05-08 20:30:20.616272	590157.732006
1525836620.67	2018-05-08 20:30:20.666715	176159.459591
1525836620.72	2018-05-08 20:30:20.716980	324816.847634
1525836620.77	2018-05-08 20:30:20.767335	294064.714871
1525836620.82	2018-05-08 20:30:20.817605	471393.94317
1525836620.87	2018-05-08 20:30:20.867787	561374.014965
1525836620.92	2018-05-08 20:30:20.918348	586045.900872
1525836620.97	2018-05-08 20:30:20.969057	584037.479104
1525836621.02	2018-05-08 20:30:21.019398	500795.221392
1525836621.07	2018-05-08 20:30:21.070562	636789.339198
1525836621.12	2018-05-08 20:30:21.121180	381041.720967
1525836621.17	2018-05-08 20:30:21.171624	352282.287805
1525836621.22	2018-05-08 20:30:21.222139	410404.431977
1525836621.27	2018-05-08 20:30:21.272633	440642.562176
1525836621.32	2018-05-08 20:30:21.323074	528570.815521
1525836621.37	2018-05-08 20:30:21.373416	647123.117962
1525836621.42	2018-05-08 20:30:21.423910	557872.848467
1525836621.47	2018-05-08 20:30:21.474446	527545.830005
1525836621.53	2018-05-08 20:30:21.525058	587950.343039
1525836621.58	2018-05-08 20:30:21.576043	263309.509306
1525836621.63	2018-05-08 20:30:21.626543	355813.617965
1525836621.68	2018-05-08 20:30:21.676912	326753.58429
1525836621.73	2018-05-08 20:30:21.727490	560948.886658
1525836621.78	2018-05-08 20:30:21.778017	648647.571133
1525836621.83	2018-05-08 20:30:21.828468	502888.641664
1525836621.88	2018-05-08 20:30:21.879078	526222.496386
1525836621.93	2018-05-08 20:30:21.929690	409762.425723
1525836621.98	2018-05-08 20:30:21.980334	175526.454977
1525836622.03	2018-05-08 20:30:22.030884	409909.213673
1525836622.08	2018-05-08 20:30:22.081228	411754.925953
1525836622.13	2018-05-08 20:30:22.132108	611982.607336
1525836622.18	2018-05-08 20:30:22.184462	509188.826493
1525836622.24	2018-05-08 20:30:22.235035	615722.284631
1525836622.29	2018-05-08 20:30:22.285718	292266.052377
1525836622.34	2018-05-08 20:30:22.339070	336801.165222
1525836622.39	2018-05-08 20:30:22.389487	406420.779504
1525836622.44	2018-05-08 20:30:22.440034	322965.978273
1525836622.49	2018-05-08 20:30:22.490502	586965.158157
1525836622.54	2018-05-08 20:30:22.540863	529276.397285
1525836622.59	2018-05-08 20:30:22.591403	557485.939412
1525836622.64	2018-05-08 20:30:22.641839	469711.936936
1525836622.69	2018-05-08 20:30:22.692222	411560.063113
1525836622.74	2018-05-08 20:30:22.742536	206709.955266
1525836622.79	2018-05-08 20:30:22.793369	407771.907347
1525836622.84	2018-05-08 20:30:22.843673	412182.320799
1525836622.89	2018-05-08 20:30:22.894208	557485.939412
1525836622.94	2018-05-08 20:30:22.944630	469945.139388
1525836622.99	2018-05-08 20:30:22.994946	588689.587513
1525836623.05	2018-05-08 20:30:23.045437	440650.885373
1525836623.1	2018-05-08 20:30:23.095963	410346.336696
1525836623.15	2018-05-08 20:30:23.146510	410193.431109
1525836623.2	2018-05-08 20:30:23.196909	265123.965996
1525836623.25	2018-05-08 20:30:23.247334	352452.188432
1525836623.3	2018-05-08 20:30:23.297558	589731.916607
1525836623.35	2018-05-08 20:30:23.347745	561352.679579
1525836623.4	2018-05-08 20:30:23.399225	402757.923593
1525836623.45	2018-05-08 20:30:23.449611	617910.325532
1525836623.5	2018-05-08 20:30:23.499862	235776.36924
1525836623.55	2018-05-08 20:30:23.550408	410208.910033
1525836623.6	2018-05-08 20:30:23.600697	412287.842224
1525836623.65	2018-05-08 20:30:23.651050	206542.586709
1525836623.7	2018-05-08 20:30:23.701362	588737.012985
1525836623.75	2018-05-08 20:30:23.751749	587851.141205
1525836623.8	2018-05-08 20:30:23.802115	382977.444732
1525836623.85	2018-05-08 20:30:23.852553	645878.33282
1525836623.9	2018-05-08 20:30:23.903129	234293.471028
1525836623.95	2018-05-08 20:30:23.953511	500406.539552
1525836624.0	2018-05-08 20:30:24.004273	466815.217837
1525836624.05	2018-05-08 20:30:24.054624	176457.206575
1525836624.1	2018-05-08 20:30:24.105002	441681.223219
1525836624.16	2018-05-08 20:30:24.155571	585606.673077
1525836624.21	2018-05-08 20:30:24.205918	529602.300222
1525836624.26	2018-05-08 20:30:24.256393	440675.856853
1525836624.31	2018-05-08 20:30:24.306790	587723.216894
1525836624.36	2018-05-08 20:30:24.357235	293586.610581
1525836624.41	2018-05-08 20:30:24.407570	383153.405381
1525836624.46	2018-05-08 20:30:24.457999	469887.372451
1525836624.51	2018-05-08 20:30:24.508359	117633.125321
1525836624.56	2018-05-08 20:30:24.558748	559089.706918
1525836624.61	2018-05-08 20:30:24.609203	587059.461779
1525836624.66	2018-05-08 20:30:24.659627	411240.887014
1525836624.71	2018-05-08 20:30:24.710109	616661.44415
1525836624.76	2018-05-08 20:30:24.760491	411560.063113
1525836624.81	2018-05-08 20:30:24.810757	530308.125155
1525836624.86	2018-05-08 20:30:24.861087	324345.998228
1525836624.91	2018-05-08 20:30:24.911271	236086.644047
1525836624.96	2018-05-08 20:30:24.961647	293988.169225
1525836625.01	2018-05-08 20:30:25.011854	561107.439149
1525836625.06	2018-05-08 20:30:25.062220	646930.122457
1525836625.11	2018-05-08 20:30:25.112501	412354.309363
1525836625.16	2018-05-08 20:30:25.163070	557199.393994
1525836625.21	2018-05-08 20:30:25.213291	412780.990773
1525836625.26	2018-05-08 20:30:25.263474	413159.478429
1525836625.31	2018-05-08 20:30:25.313827	441867.363339
1525836625.36	2018-05-08 20:30:25.364274	234864.848298
1525836625.41	2018-05-08 20:30:25.414689	352493.855751
1525836625.47	2018-05-08 20:30:25.465159	558347.346703
1525836625.52	2018-05-08 20:30:25.515625	586765.556348
1525836625.57	2018-05-08 20:30:25.566070	411030.968092
1525836625.62	2018-05-08 20:30:25.616382	618818.05262
1525836625.67	2018-05-08 20:30:25.666758	352842.580378
1525836625.72	2018-05-08 20:30:25.717212	293617.14048
1525836625.77	2018-05-08 20:30:25.767614	558711.675673
1525836625.82	2018-05-08 20:30:25.817982	117652.063279
1525836625.87	2018-05-08 20:30:25.869284	519547.214497
1525836625.92	2018-05-08 20:30:25.919619	559712.059419
1525836625.97	2018-05-08 20:30:25.969902	471244.192124
1525836626.02	2018-05-08 20:30:26.020520	587209.300417
1525836626.07	2018-05-08 20:30:26.070956	498141.02984
1525836626.12	2018-05-08 20:30:26.121826	408125.93748
1525836626.17	2018-05-08 20:30:26.172820	290033.534603
1525836626.22	2018-05-08 20:30:26.223358	381651.16911
1525836626.27	2018-05-08 20:30:26.274019	175428.965065
1525836626.32	2018-05-08 20:30:26.324439	528615.796443
1525836626.37	2018-05-08 20:30:26.374967	616390.742423
1525836626.43	2018-05-08 20:30:26.426969	512261.16173
1525836626.48	2018-05-08 20:30:26.477201	589709.522291
1525836626.53	2018-05-08 20:30:26.527643	323645.33777
1525836626.58	2018-05-08 20:30:26.578341	525809.233293
1525836626.63	2018-05-08 20:30:26.628767	352408.864868
1525836626.68	2018-05-08 20:30:26.679118	206554.323028
1525836626.73	2018-05-08 20:30:26.729700	292792.295481
1525836626.78	2018-05-08 20:30:26.780156	528331.046496
1525836626.83	2018-05-08 20:30:26.830635	616967.361042
1525836626.88	2018-05-08 20:30:26.881033	470082.948649
1525836626.93	2018-05-08 20:30:26.931416	646685.214639
1525836626.98	2018-05-08 20:30:26.981929	323222.120182
1525836627.03	2018-05-08 20:30:27.032448	410452.857279
1525836627.08	2018-05-08 20:30:27.083139	467460.727162
1525836627.13	2018-05-08 20:30:27.133490	117616.420421
1525836627.18	2018-05-08 20:30:27.183849	324204.702449
1525836627.23	2018-05-08 20:30:27.234199	529504.487207
1525836627.28	2018-05-08 20:30:27.284655	617016.918995
1525836627.33	2018-05-08 20:30:27.334934	471262.067843
1525836627.39	2018-05-08 20:30:27.385413	586837.619117
1525836627.44	2018-05-08 20:30:27.435975	323228.223751
1525836627.49	2018-05-08 20:30:27.486480	409972.983297
1525836627.54	2018-05-08 20:30:27.536823	529549.627185
1525836627.59	2018-05-08 20:30:27.587442	117046.852061
1525836627.64	2018-05-08 20:30:27.637717	324668.983076
1525836627.69	2018-05-08 20:30:27.688119	411307.016984
1525836627.74	2018-05-08 20:30:27.741546	610048.581681
1525836627.79	2018-05-08 20:30:27.791989	499732.519684
1525836627.84	2018-05-08 20:30:27.842416	646095.13712
1525836627.89	2018-05-08 20:30:27.892781	265277.066688
1525836627.94	2018-05-08 20:30:27.943208	469860.715578
1525836627.99	2018-05-08 20:30:27.993609	411355.655532
1525836628.04	2018-05-08 20:30:28.043865	117876.439928
1525836628.09	2018-05-08 20:30:28.094027	325418.934957
1525836628.15	2018-05-08 20:30:28.145291	404716.625881
1525836628.2	2018-05-08 20:30:28.195739	645442.111983
1525836628.25	2018-05-08 20:30:28.246157	441263.502459
1525836628.3	2018-05-08 20:30:28.296367	648926.896216
1525836628.35	2018-05-08 20:30:28.346787	411233.108416
1525836628.4	2018-05-08 20:30:28.396974	443303.176699
1525836628.45	2018-05-08 20:30:28.447332	352906.059
1525836628.5	2018-05-08 20:30:28.497645	294362.926681
1525836628.55	2018-05-08 20:30:28.548008	441919.678118
1525836628.6	2018-05-08 20:30:28.598316	470840.116085
1525836628.65	2018-05-08 20:30:28.648710	587770.486784
1525836628.7	2018-05-08 20:30:28.698907	506195.707157
1525836628.75	2018-05-08 20:30:28.749415	501692.344575
1525836628.8	2018-05-08 20:30:28.799612	386851.444059
1525836628.85	2018-05-08 20:30:28.850046	385017.184177
1525836628.9	2018-05-08 20:30:28.900246	119322.743619
1525836628.95	2018-05-08 20:30:28.950611	474434.996431
1525836629.0	2018-05-08 20:30:29.000973	561977.885574
1525836629.05	2018-05-08 20:30:29.051154	531237.853759
1525836629.1	2018-05-08 20:30:29.101530	411585.384851
1525836629.15	2018-05-08 20:30:29.152139	381634.96388
1525836629.2	2018-05-08 20:30:29.202576	410485.793012
1525836629.25	2018-05-08 20:30:29.252919	117672.679163
1525836629.3	2018-05-08 20:30:29.303404	410712.611804
1525836629.35	2018-05-08 20:30:29.354076	614326.121816
1525836629.4	2018-05-08 20:30:29.404513	469954.02787
1525836629.45	2018-05-08 20:30:29.454870	618191.143336
1525836629.51	2018-05-08 20:30:29.505267	352618.916842
1525836629.56	2018-05-08 20:30:29.555764	234655.24161
1525836629.61	2018-05-08 20:30:29.606204	293587.998166
1525836629.66	2018-05-08 20:30:29.656662	324261.513123
1525836629.71	2018-05-08 20:30:29.708291	400781.145206
1525836629.76	2018-05-08 20:30:29.759272	639139.137337
1525836629.81	2018-05-08 20:30:29.809565	501201.136844
1525836629.86	2018-05-08 20:30:29.859943	411503.587383
1525836629.91	2018-05-08 20:30:29.910423	528091.494899
1525836629.96	2018-05-08 20:30:29.960776	206537.69697
1525836630.01	2018-05-08 20:30:30.013556	280571.291571
1525836630.06	2018-05-08 20:30:30.063750	295084.472989
1525836630.11	2018-05-08 20:30:30.114020	471461.02673
1525836630.16	2018-05-08 20:30:30.164513	616489.68108
1525836630.21	2018-05-08 20:30:30.214962	410988.233101
1525836630.27	2018-05-08 20:30:30.265216	560593.663004
1525836630.32	2018-05-08 20:30:30.315753	644741.732731
1525836630.37	2018-05-08 20:30:30.366171	558746.021024
1525836630.42	2018-05-08 20:30:30.416559	647147.633567
1525836630.47	2018-05-08 20:30:30.467048	586197.98843
1525836630.52	2018-05-08 20:30:30.517463	617653.133241
1525836630.57	2018-05-08 20:30:30.567724	648231.237029
1525836630.62	2018-05-08 20:30:30.618038	559910.974322
1525836630.67	2018-05-08 20:30:30.669239	636418.649045
1525836630.72	2018-05-08 20:30:30.719686	617063.569047
1525836630.77	2018-05-08 20:30:30.770079	587909.55995
1525836630.82	2018-05-08 20:30:30.820431	618252.606258
1525836630.87	2018-05-08 20:30:30.870819	646724.999541
1525836630.92	2018-05-08 20:30:30.921401	615417.600905
1525836630.97	2018-05-08 20:30:30.971786	587837.233691
1525836631.02	2018-05-08 20:30:31.022090	618991.115759
1525836631.07	2018-05-08 20:30:31.072572	586757.242552
1525836631.12	2018-05-08 20:30:31.122986	646183.732862
1525836631.17	2018-05-08 20:30:31.173566	615931.385038
1525836631.22	2018-05-08 20:30:31.223911	529306.463828
1525836631.27	2018-05-08 20:30:31.274279	676869.505793
1525836631.32	2018-05-08 20:30:31.324661	587931.817765
1525836631.38	2018-05-08 20:30:31.375158	616539.16232
1525836631.43	2018-05-08 20:30:31.425508	647086.348036
1525836631.48	2018-05-08 20:30:31.476247	555363.58089
1525836631.53	2018-05-08 20:30:31.526738	645049.103305
1525836631.58	2018-05-08 20:30:31.577034	619014.5894
1525836631.63	2018-05-08 20:30:31.627546	586361.224684
1525836631.68	2018-05-08 20:30:31.678015	616891.581922
1525836631.73	2018-05-08 20:30:31.728280	648218.93791
1525836631.78	2018-05-08 20:30:31.778741	587067.784141
1525836631.83	2018-05-08 20:30:31.830176	605332.996806
1525836631.88	2018-05-08 20:30:31.880590	646339.598118
1525836631.93	2018-05-08 20:30:31.931084	557893.920151
1525836631.98	2018-05-08 20:30:31.981362	647920.827085
1525836632.03	2018-05-08 20:30:32.031776	617676.505511
1525836632.08	2018-05-08 20:30:32.082264	586768.327666
1525836632.13	2018-05-08 20:30:32.132593	618583.545248
1525836632.18	2018-05-08 20:30:32.183042	587128.822012
1525836632.23	2018-05-08 20:30:32.233811	613175.158175
1525836632.29	2018-05-08 20:30:32.286043	623830.537779
1525836632.34	2018-05-08 20:30:32.336528	616696.390725
1525836632.39	2018-05-08 20:30:32.386853	588480.448672
1525836632.44	2018-05-08 20:30:32.437413	585838.635884
1525836632.49	2018-05-08 20:30:32.487997	556957.768284
1525836632.54	2018-05-08 20:30:32.538499	645341.529302
1525836632.59	2018-05-08 20:30:32.588877	617971.732624
1525836632.64	2018-05-08 20:30:32.639254	587756.583086
1525836632.69	2018-05-08 20:30:32.689589	618671.464681
1525836632.74	2018-05-08 20:30:32.739886	588795.607941
1525836632.79	2018-05-08 20:30:32.790206	618683.18916
1525836632.84	2018-05-08 20:30:32.840494	647908.539742
1525836632.89	2018-05-08 20:30:32.891668	550761.070219
1525836632.94	2018-05-08 20:30:32.944025	630481.760013
1525836632.99	2018-05-08 20:30:32.994555	607716.253035
1525836633.04	2018-05-08 20:30:33.044849	647819.470439
1525836633.1	2018-05-08 20:30:33.095270	587475.869165
1525836633.15	2018-05-08 20:30:33.145555	619152.533005
1525836633.2	2018-05-08 20:30:33.196746	636442.360287
1525836633.25	2018-05-08 20:30:33.247188	617235.652097
1525836633.3	2018-05-08 20:30:33.297539	588279.815138
1525836633.35	2018-05-08 20:30:33.347924	617960.035094
1525836633.4	2018-05-08 20:30:33.398371	617139.390429
1525836633.45	2018-05-08 20:30:33.448716	588327.174606
1525836633.5	2018-05-08 20:30:33.499128	587536.991927
1525836633.55	2018-05-08 20:30:33.550093	610900.409976
1525836633.6	2018-05-08 20:30:33.600473	646724.999541
1525836633.65	2018-05-08 20:30:33.650711	619743.156372
1525836633.7	2018-05-08 20:30:33.700945	589661.940016
1525836633.75	2018-05-08 20:30:33.751252	618856.176863
1525836633.8	2018-05-08 20:30:33.801697	587175.996332
1525836633.85	2018-05-08 20:30:33.852078	646724.999541
1525836633.9	2018-05-08 20:30:33.902472	617784.625271
1525836633.95	2018-05-08 20:30:33.952863	587814.983038
1525836634.0	2018-05-08 20:30:34.003339	616798.340864
1525836634.05	2018-05-08 20:30:34.053837	586660.265669
1525836634.1	2018-05-08 20:30:34.104191	618194.069865
1525836634.16	2018-05-08 20:30:34.155746	631995.028201
1525836634.21	2018-05-08 20:30:34.206270	616370.376641
1525836634.26	2018-05-08 20:30:34.256504	589499.658263
1525836634.31	2018-05-08 20:30:34.306865	618214.556341
1525836634.36	2018-05-08 20:30:34.357308	645957.709057
1525836634.41	2018-05-08 20:30:34.407706	558957.470011
1525836634.46	2018-05-08 20:30:34.458197	645353.719472
1525836634.51	2018-05-08 20:30:34.508728	586245.013284
1525836634.56	2018-05-08 20:30:34.559273	615928.479893
1525836634.61	2018-05-08 20:30:34.609600	647432.76385
1525836634.66	2018-05-08 20:30:34.660195	615319.006031
1525836634.71	2018-05-08 20:30:34.711744	575784.454898
1525836634.76	2018-05-08 20:30:34.762085	617086.896719
1525836634.81	2018-05-08 20:30:34.812409	588597.548112
1525836634.86	2018-05-08 20:30:34.862607	620214.110426
1525836634.91	2018-05-08 20:30:34.912869	648255.836668
1525836634.96	2018-05-08 20:30:34.963133	619396.285751
1525836635.01	2018-05-08 20:30:35.013350	589841.113258
1525836635.06	2018-05-08 20:30:35.063715	618164.805824
1525836635.11	2018-05-08 20:30:35.114185	586884.746653
1525836635.16	2018-05-08 20:30:35.164609	646235.679594
1525836635.22	2018-05-08 20:30:35.215307	614034.366882
1525836635.27	2018-05-08 20:30:35.265742	587409.204291
1525836635.32	2018-05-08 20:30:35.316263	616149.349036
1525836635.37	2018-05-08 20:30:35.367422	578977.637305
1525836635.42	2018-05-08 20:30:35.417686	619384.534229
1525836635.47	2018-05-08 20:30:35.468051	646930.122457
1525836635.52	2018-05-08 20:30:35.518242	620299.547482
1525836635.57	2018-05-08 20:30:35.568542	588890.500699
1525836635.62	2018-05-08 20:30:35.618921	618006.827871
1525836635.67	2018-05-08 20:30:35.669188	589334.670171
1525836635.72	2018-05-08 20:30:35.719644	617066.484909
1525836635.77	2018-05-08 20:30:35.770165	644945.599305
1525836635.82	2018-05-08 20:30:35.820503	588396.834737
1525836635.87	2018-05-08 20:30:35.870808	618794.593881
1525836635.92	2018-05-08 20:30:35.921164	588282.600778
1525836635.97	2018-05-08 20:30:35.971901	613500.68233
1525836636.02	2018-05-08 20:30:36.024140	623747.965147
1525836636.07	2018-05-08 20:30:36.074581	617431.184862
1525836636.12	2018-05-08 20:30:36.124880	588784.446098
1525836636.18	2018-05-08 20:30:36.175431	615928.479893
1525836636.23	2018-05-08 20:30:36.225891	645893.595966
1525836636.28	2018-05-08 20:30:36.277845	599354.042584
1525836636.33	2018-05-08 20:30:36.329044	578231.191786
1525836636.38	2018-05-08 20:30:36.379679	614933.629388
1525836636.43	2018-05-08 20:30:36.430094	646364.054392
1525836636.48	2018-05-08 20:30:36.480404	559857.916525
1525836636.53	2018-05-08 20:30:36.530702	647779.550769
1525836636.58	2018-05-08 20:30:36.581044	588257.530967
1525836636.63	2018-05-08 20:30:36.632335	607137.028956
1525836636.68	2018-05-08 20:30:36.682834	645240.977965
1525836636.73	2018-05-08 20:30:36.733168	618621.6406
1525836636.78	2018-05-08 20:30:36.783572	587534.213344
1525836636.83	2018-05-08 20:30:36.833996	617480.817359
1525836636.88	2018-05-08 20:30:36.884290	588809.560841
1525836636.93	2018-05-08 20:30:36.934723	617419.507787
1525836636.99	2018-05-08 20:30:36.985027	647779.550769
1525836637.04	2018-05-08 20:30:37.035290	560335.799011
1525836637.09	2018-05-08 20:30:37.086754	633310.067558
1525836637.14	2018-05-08 20:30:37.137208	617101.477409
1525836637.19	2018-05-08 20:30:37.187595	587617.582276
1525836637.24	2018-05-08 20:30:37.238932	634680.696678
1525836637.29	2018-05-08 20:30:37.289383	617200.64438
1525836637.34	2018-05-08 20:30:37.339931	586139.90932
1525836637.39	2018-05-08 20:30:37.390323	617688.192309
1525836637.44	2018-05-08 20:30:37.440704	646712.757511
1525836637.49	2018-05-08 20:30:37.491159	617063.569047
1525836637.54	2018-05-08 20:30:37.541751	585443.856612
1525836637.59	2018-05-08 20:30:37.592181	617407.831154
1525836637.64	2018-05-08 20:30:37.642553	588015.29958
1525836637.69	2018-05-08 20:30:37.692881	618522.016512
1525836637.74	2018-05-08 20:30:37.743411	645061.28243
1525836637.79	2018-05-08 20:30:37.793807	558923.098661
1525836637.85	2018-05-08 20:30:37.845420	631349.762898
1525836637.9	2018-05-08 20:30:37.896216	612680.33263
1525836637.95	2018-05-08 20:30:37.946800	644143.050058
1525836638.0	2018-05-08 20:30:37.997187	587826.108154
1525836638.05	2018-05-08 20:30:38.047376	620334.907633
1525836638.1	2018-05-08 20:30:38.097717	588385.688007
1525836638.15	2018-05-08 20:30:38.147986	619449.173119
1525836638.2	2018-05-08 20:30:38.198336	588176.765
1525836638.25	2018-05-08 20:30:38.248638	618952.974888
1525836638.3	2018-05-08 20:30:38.299142	645137.412385
1525836638.35	2018-05-08 20:30:38.349814	614433.071736
1525836638.4	2018-05-08 20:30:38.400129	588725.853363
1525836638.45	2018-05-08 20:30:38.450332	620125.752027
1525836638.5	2018-05-08 20:30:38.500730	587723.216894
1525836638.55	2018-05-08 20:30:38.550999	619346.344862
1525836638.6	2018-05-08 20:30:38.601311	588868.17024
1525836638.65	2018-05-08 20:30:38.651635	647276.370977
1525836638.7	2018-05-08 20:30:38.702131	557904.45659
1525836638.75	2018-05-08 20:30:38.752541	352542.202186
1525836638.8	2018-05-08 20:30:38.803124	615516.22738
1525836638.85	2018-05-08 20:30:38.853472	588304.886847
1525836638.9	2018-05-08 20:30:38.903676	620164.037575
1525836638.95	2018-05-08 20:30:38.954008	647622.990332
1525836639.01	2018-05-08 20:30:39.005991	569549.598999
1525836639.06	2018-05-08 20:30:39.056347	650966.27552
1525836639.11	2018-05-08 20:30:39.106720	591954.394593
1525836639.16	2018-05-08 20:30:39.157097	147644.264799
1525836639.21	2018-05-08 20:30:39.207505	534080.568177
1525836639.26	2018-05-08 20:30:39.257919	592784.862098
1525836639.31	2018-05-08 20:30:39.308284	594168.744782
1525836639.36	2018-05-08 20:30:39.358671	621839.992278
1525836639.41	2018-05-08 20:30:39.408914	648501.935785
1525836639.46	2018-05-08 20:30:39.459427	586419.347664
1525836639.51	2018-05-08 20:30:39.509810	235134.893476
1525836639.56	2018-05-08 20:30:39.560089	0.0
1525836639.61	2018-05-08 20:30:39.610284	502241.472073
1525836639.66	2018-05-08 20:30:39.661710	576027.395167
1525836639.71	2018-05-08 20:30:39.712032	677854.460922
1525836639.76	2018-05-08 20:30:39.762651	585016.549477
1525836639.81	2018-05-08 20:30:39.813141	616515.876041
1525836639.86	2018-05-08 20:30:39.863549	587592.569112
1525836639.91	2018-05-08 20:30:39.913982	411201.996964
1525836639.96	2018-05-08 20:30:39.964354	206405.761469
1525836640.01	2018-05-08 20:30:40.014698	411887.53812
1525836640.07	2018-05-08 20:30:40.065229	644741.732731
1525836640.12	2018-05-08 20:30:40.115491	560492.615849
1525836640.17	2018-05-08 20:30:40.166242	641970.428178
1525836640.22	2018-05-08 20:30:40.216559	618782.865179
1525836640.27	2018-05-08 20:30:40.267138	585559.750571
1525836640.32	2018-05-08 20:30:40.322765	506563.144824
1525836640.37	2018-05-08 20:30:40.373727	232509.925148
1525836640.42	2018-05-08 20:30:40.424155	323695.831088
1525836640.47	2018-05-08 20:30:40.474486	529654.983738
1525836640.53	2018-05-08 20:30:40.525050	585871.788429
1525836640.58	2018-05-08 20:30:40.575521	645484.792896
1525836640.63	2018-05-08 20:30:40.625936	617565.502979
1525836640.68	2018-05-08 20:30:40.676385	587792.734069
1525836640.73	2018-05-08 20:30:40.726776	617197.72725
1525836640.78	2018-05-08 20:30:40.777100	353116.704271
1525836640.83	2018-05-08 20:30:40.827359	235724.922406
1525836640.88	2018-05-08 20:30:40.877849	410664.125195
1525836640.93	2018-05-08 20:30:40.928273	558690.542171
1525836640.98	2018-05-08 20:30:40.978795	586361.224684
1525836641.03	2018-05-08 20:30:41.029421	614942.316773
1525836641.08	2018-05-08 20:30:41.080934	633398.127172
1525836641.13	2018-05-08 20:30:41.131690	612657.336924
1525836641.18	2018-05-08 20:30:41.182112	587489.759585
1525836641.23	2018-05-08 20:30:41.232533	499720.710981
1525836641.28	2018-05-08 20:30:41.282911	235257.340434
1525836641.33	2018-05-08 20:30:41.333188	235612.04178
1525836641.38	2018-05-08 20:30:41.383533	529506.994781
1525836641.43	2018-05-08 20:30:41.433957	591274.33787
1525836641.48	2018-05-08 20:30:41.484357	621766.439697
1525836641.53	2018-05-08 20:30:41.534663	594125.139764
1525836641.59	2018-05-08 20:30:41.585018	623483.256835
1525836641.64	2018-05-08 20:30:41.635421	266386.887668
1525836641.69	2018-05-08 20:30:41.685752	149107.494284
1525836641.74	2018-05-08 20:30:41.736107	474484.412999
1525836641.79	2018-05-08 20:30:41.786488	587917.906433
1525836641.84	2018-05-08 20:30:41.837110	585250.801924
1525836641.89	2018-05-08 20:30:41.887626	645021.701955
1525836641.94	2018-05-08 20:30:41.938049	617270.663786
1525836641.99	2018-05-08 20:30:41.988437	352752.413188
1525836642.04	2018-05-08 20:30:42.038719	117797.08481
1525836642.09	2018-05-08 20:30:42.091274	394429.926869
1525836642.14	2018-05-08 20:30:42.141928	556328.42562
1525836642.19	2018-05-08 20:30:42.192301	646829.075508
1525836642.24	2018-05-08 20:30:42.242675	559235.239801
1525836642.29	2018-05-08 20:30:42.293083	646351.826024
1525836642.34	2018-05-08 20:30:42.343449	618167.732104
1525836642.39	2018-05-08 20:30:42.393797	117639.80861
1525836642.44	2018-05-08 20:30:42.444096	353320.902144
1525836642.49	2018-05-08 20:30:42.494432	470755.370439
1525836642.55	2018-05-08 20:30:42.545030	556792.428048
1525836642.6	2018-05-08 20:30:42.595420	529043.497339
1525836642.65	2018-05-08 20:30:42.645825	617664.819154
1525836642.7	2018-05-08 20:30:42.696139	647675.168735
1525836642.75	2018-05-08 20:30:42.746569	352458.854541
1525836642.8	2018-05-08 20:30:42.798071	259405.459169
1525836642.85	2018-05-08 20:30:42.848839	525095.596949
1525836642.9	2018-05-08 20:30:42.899292	352185.750677
1525836642.95	2018-05-08 20:30:42.949615	559834.043797
1525836643.0	2018-05-08 20:30:43.000019	587653.716162
1525836643.05	2018-05-08 20:30:43.050458	617247.322219
1525836643.1	2018-05-08 20:30:43.100930	645557.97331
1525836643.15	2018-05-08 20:30:43.151339	235038.139299
1525836643.2	2018-05-08 20:30:43.201534	384219.873959
1525836643.25	2018-05-08 20:30:43.252019	410697.094843
1525836643.3	2018-05-08 20:30:43.302417	470176.34924
1525836643.35	2018-05-08 20:30:43.352836	558769.801048
1525836643.4	2018-05-08 20:30:43.403256	587464.757302
1525836643.45	2018-05-08 20:30:43.453500	619657.872505
1525836643.5	2018-05-08 20:30:43.503996	645353.719472
1525836643.55	2018-05-08 20:30:43.554505	234562.203126
1525836643.6	2018-05-08 20:30:43.604769	412436.445422
1525836643.66	2018-05-08 20:30:43.655301	381660.17261
1525836643.71	2018-05-08 20:30:43.705503	472020.799795
1525836643.76	2018-05-08 20:30:43.756450	553065.693207
1525836643.81	2018-05-08 20:30:43.806949	645097.822566
1525836643.86	2018-05-08 20:30:43.857193	589499.658263
1525836643.91	2018-05-08 20:30:43.907366	620520.614583
1525836643.96	2018-05-08 20:30:43.960020	281270.029659
1525836644.01	2018-05-08 20:30:44.010444	352458.854541
1525836644.06	2018-05-08 20:30:44.060805	441771.136501
1525836644.11	2018-05-08 20:30:44.111034	412796.665603
1525836644.16	2018-05-08 20:30:44.161453	528718.281572
1525836644.21	2018-05-08 20:30:44.211659	620137.531692
1525836644.26	2018-05-08 20:30:44.262076	646238.735544
1525836644.31	2018-05-08 20:30:44.312263	620373.219012
1525836644.36	2018-05-08 20:30:44.362685	411200.052655
1525836644.41	2018-05-08 20:30:44.413001	176604.365732
1525836644.46	2018-05-08 20:30:44.463385	618068.254146
1525836644.51	2018-05-08 20:30:44.513846	293499.219164
1525836644.56	2018-05-08 20:30:44.564128	530129.60748
1525836644.61	2018-05-08 20:30:44.614813	614349.242968
1525836644.67	2018-05-08 20:30:44.665250	587253.711741
1525836644.72	2018-05-08 20:30:44.716049	612766.581902
1525836644.77	2018-05-08 20:30:44.767291	578007.902223
1525836644.82	2018-05-08 20:30:44.817476	177060.777136
1525836644.87	2018-05-08 20:30:44.867658	443347.406342
1525836644.92	2018-05-08 20:30:44.918022	235275.161526
1525836644.97	2018-05-08 20:30:44.968501	586812.67231
1525836645.02	2018-05-08 20:30:45.018915	558724.884923
1525836645.07	2018-05-08 20:30:45.069169	589510.84724
1525836645.12	2018-05-08 20:30:45.119794	615006.031762
1525836645.17	2018-05-08 20:30:45.170329	586139.90932
1525836645.22	2018-05-08 20:30:45.220694	352997.976417
1525836645.27	2018-05-08 20:30:45.271027	206521.073588
1525836645.32	2018-05-08 20:30:45.321722	584394.62472
1525836645.37	2018-05-08 20:30:45.371949	294779.202566
1525836645.42	2018-05-08 20:30:45.422641	555977.66098
1525836645.47	2018-05-08 20:30:45.473017	587720.436549
1525836645.52	2018-05-08 20:30:45.523395	559423.221593
1525836645.57	2018-05-08 20:30:45.573768	587862.26769
1525836645.62	2018-05-08 20:30:45.623975	648902.245622
1525836645.67	2018-05-08 20:30:45.674574	146993.126293
1525836645.72	2018-05-08 20:30:45.724877	353382.877688
1525836645.78	2018-05-08 20:30:45.775225	352991.289899
1525836645.83	2018-05-08 20:30:45.825735	351893.134028
1525836645.88	2018-05-08 20:30:45.876089	618191.143336
1525836645.93	2018-05-08 20:30:45.926414	647405.159617
1525836645.98	2018-05-08 20:30:45.976851	558569.055553
1525836646.03	2018-05-08 20:30:46.027202	588410.768743
1525836646.08	2018-05-08 20:30:46.077554	441718.856883
1525836646.13	2018-05-08 20:30:46.127958	235073.717784
1525836646.18	2018-05-08 20:30:46.178390	352410.530962
1525836646.23	2018-05-08 20:30:46.229600	289195.010312
1525836646.28	2018-05-08 20:30:46.280123	410794.095088
1525836646.33	2018-05-08 20:30:46.330549	616795.427535
1525836646.38	2018-05-08 20:30:46.381136	644434.654947
1525836646.43	2018-05-08 20:30:46.431788	555935.808192
1525836646.48	2018-05-08 20:30:46.482510	584070.428103
1525836646.53	2018-05-08 20:30:46.533150	322418.467468
1525836646.58	2018-05-08 20:30:46.583892	234409.514248
1525836646.63	2018-05-08 20:30:46.634398	467146.532103
1525836646.68	2018-05-08 20:30:46.684913	234525.672475
1525836646.74	2018-05-08 20:30:46.735437	323087.899961
1525836646.79	2018-05-08 20:30:46.785803	529211.264824
1525836646.84	2018-05-08 20:30:46.836432	643542.447649
1525836646.89	2018-05-08 20:30:46.886769	500826.057368
1525836646.94	2018-05-08 20:30:46.937146	646801.522728
1525836646.99	2018-05-08 20:30:46.987600	499701.818216
1525836647.04	2018-05-08 20:30:47.038068	176096.203356
1525836647.09	2018-05-08 20:30:47.088609	410307.615645
1525836647.14	2018-05-08 20:30:47.139154	351523.073058
1525836647.19	2018-05-08 20:30:47.189577	323735.624801
1525836647.24	2018-05-08 20:30:47.239975	587756.583086
1525836647.29	2018-05-08 20:30:47.290571	615368.299519
1525836647.34	2018-05-08 20:30:47.341065	586524.551875
1525836647.39	2018-05-08 20:30:47.391570	586532.859079
1525836647.44	2018-05-08 20:30:47.442720	434999.908595
1525836647.49	2018-05-08 20:30:47.494020	519445.840373
1525836647.54	2018-05-08 20:30:47.544507	176008.884574
1525836647.59	2018-05-08 20:30:47.594924	235000.348958
1525836647.65	2018-05-08 20:30:47.645265	559624.581629
1525836647.7	2018-05-08 20:30:47.695660	587756.583086
1525836647.75	2018-05-08 20:30:47.746158	557893.920151
1525836647.8	2018-05-08 20:30:47.796619	586976.251128
1525836647.85	2018-05-08 20:30:47.847009	617872.317733
1525836647.9	2018-05-08 20:30:47.897248	353748.472784
1525836647.95	2018-05-08 20:30:47.947628	470374.392246
1525836648.0	2018-05-08 20:30:47.997876	235771.894711
1525836648.05	2018-05-08 20:30:48.048116	206985.577694
1525836648.1	2018-05-08 20:30:48.098500	529201.245868
1525836648.15	2018-05-08 20:30:48.149135	643557.600591
1525836648.2	2018-05-08 20:30:48.199471	559690.850171
1525836648.25	2018-05-08 20:30:48.251102	574230.22995
1525836648.3	2018-05-08 20:30:48.301745	614034.366882
1525836648.35	2018-05-08 20:30:48.351978	294832.36938
1525836648.4	2018-05-08 20:30:48.402402	528675.782916
1525836648.45	2018-05-08 20:30:48.452658	206940.407706
1525836648.5	2018-05-08 20:30:48.502966	235500.385243
1525836648.55	2018-05-08 20:30:48.553390	411225.330112
1525836648.61	2018-05-08 20:30:48.605612	596139.093622
1525836648.66	2018-05-08 20:30:48.655983	646865.816201
1525836648.71	2018-05-08 20:30:48.706471	469321.563885
1525836648.76	2018-05-08 20:30:48.756797	622594.173377
1525836648.81	2018-05-08 20:30:48.807022	267361.867091
1525836648.86	2018-05-08 20:30:48.857400	385438.087466
1525836648.91	2018-05-08 20:30:48.907824	207564.391831
1525836648.96	2018-05-08 20:30:48.958279	177425.100215
1525836649.01	2018-05-08 20:30:49.008568	535346.599952
1525836649.06	2018-05-08 20:30:49.059010	562428.354248
1525836649.11	2018-05-08 20:30:49.109338	590541.388629
1525836649.16	2018-05-08 20:30:49.159621	470699.63336
1525836649.21	2018-05-08 20:30:49.211015	317624.713521
1525836649.26	2018-05-08 20:30:49.261473	352207.383708
1525836649.31	2018-05-08 20:30:49.311819	58834.1105313
1525836649.36	2018-05-08 20:30:49.362058	353741.757804
1525836649.41	2018-05-08 20:30:49.412506	617162.723834
1525836649.46	2018-05-08 20:30:49.462874	529444.312538
1525836649.51	2018-05-08 20:30:49.513519	584760.464475
1525836649.56	2018-05-08 20:30:49.563957	382295.088443
1525836649.61	2018-05-08 20:30:49.614207	412616.476894
1525836649.67	2018-05-08 20:30:49.665019	291565.049543
1525836649.72	2018-05-08 20:30:49.715503	58653.2859079
1525836649.77	2018-05-08 20:30:49.765722	294902.354941
1525836649.82	2018-05-08 20:30:49.816126	617752.477605
1525836649.87	2018-05-08 20:30:49.866483	588352.250353
1525836649.92	2018-05-08 20:30:49.918788	595182.680061
1525836649.97	2018-05-08 20:30:49.969303	527712.64882
1525836650.02	2018-05-08 20:30:50.019652	176642.868252
1525836650.07	2018-05-08 20:30:50.070160	381485.580491
1525836650.12	2018-05-08 20:30:50.120540	176417.949873
1525836650.17	2018-05-08 20:30:50.170979	176110.348832
1525836650.22	2018-05-08 20:30:50.221303	529780.462879
1525836650.27	2018-05-08 20:30:50.271694	617884.011943
1525836650.32	2018-05-08 20:30:50.322053	588107.156964
1525836650.37	2018-05-08 20:30:50.372560	557817.542867
1525836650.42	2018-05-08 20:30:50.422866	412190.135348
1525836650.47	2018-05-08 20:30:50.473319	352179.094894
1525836650.52	2018-05-08 20:30:50.523784	382172.269675
1525836650.57	2018-05-08 20:30:50.574312	293157.090593
1525836650.62	2018-05-08 20:30:50.624549	58948.8469711
1525836650.67	2018-05-08 20:30:50.674936	529171.191277
1525836650.73	2018-05-08 20:30:50.725314	618018.527173
1525836650.78	2018-05-08 20:30:50.775753	587337.001083
1525836650.83	2018-05-08 20:30:50.826256	616355.830479
1525836650.88	2018-05-08 20:30:50.876586	353061.51097
1525836650.93	2018-05-08 20:30:50.927039	469831.840711
1525836650.98	2018-05-08 20:30:50.977530	234608.713144
1525836651.03	2018-05-08 20:30:51.028925	317551.056973
1525836651.08	2018-05-08 20:30:51.079316	117602.503294
1525836651.13	2018-05-08 20:30:51.129709	470187.47083
1525836651.18	2018-05-08 20:30:51.180108	617615.157074
1525836651.23	2018-05-08 20:30:51.230563	587081.65527
1525836651.28	2018-05-08 20:30:51.281074	586510.707059
1525836651.33	2018-05-08 20:30:51.331438	559224.653036
1525836651.38	2018-05-08 20:30:51.381796	411821.221361
1525836651.43	2018-05-08 20:30:51.432235	234898.153643
1525836651.48	2018-05-08 20:30:51.482683	206172.599658
1525836651.53	2018-05-08 20:30:51.533066	352647.276361
1525836651.58	2018-05-08 20:30:51.583479	235047.03291
1525836651.63	2018-05-08 20:30:51.633977	586721.218825
1525836651.68	2018-05-08 20:30:51.684659	588577.974624
1525836651.74	2018-05-08 20:30:51.735171	591305.528626
1525836651.79	2018-05-08 20:30:51.785815	413227.642251
1525836651.84	2018-05-08 20:30:51.836236	356419.346949
1525836651.89	2018-05-08 20:30:51.886779	58601.2728619
1525836651.94	2018-05-08 20:30:51.937053	236953.742756
1525836651.99	2018-05-08 20:30:51.987713	353448.924359
1525836652.04	2018-05-08 20:30:52.038194	616649.796171
1525836652.09	2018-05-08 20:30:52.088403	590003.583088
1525836652.14	2018-05-08 20:30:52.138896	381991.797131
1525836652.19	2018-05-08 20:30:52.189304	352522.195156
1525836652.24	2018-05-08 20:30:52.239628	294286.225726
1525836652.29	2018-05-08 20:30:52.291787	283923.532633
1525836652.34	2018-05-08 20:30:52.342184	58775.6583086
1525836652.39	2018-05-08 20:30:52.392666	616772.121895
1525836652.44	2018-05-08 20:30:52.442955	530001.450629
1525836652.49	2018-05-08 20:30:52.493180	619913.794551
1525836652.54	2018-05-08 20:30:52.543471	353369.475728
1525836652.59	2018-05-08 20:30:52.593753	412395.373303
1525836652.64	2018-05-08 20:30:52.643977	117953.6622
1525836652.69	2018-05-08 20:30:52.694427	264852.083816
1525836652.74	2018-05-08 20:30:52.744873	234869.288465
1525836652.8	2018-05-08 20:30:52.795361	586685.19952
1525836652.85	2018-05-08 20:30:52.845774	500179.2983
1525836652.9	2018-05-08 20:30:52.896264	645161.777765
1525836652.95	2018-05-08 20:30:52.947040	349994.697518
1525836653.0	2018-05-08 20:30:52.997510	440823.662703
1525836653.05	2018-05-08 20:30:53.047852	58836.3395815
1525836653.1	2018-05-08 20:30:53.098188	235374.340646
1525836653.15	2018-05-08 20:30:53.148637	587139.92117
1525836653.2	2018-05-08 20:30:53.199009	235205.006588
1525836653.25	2018-05-08 20:30:53.249468	499633.343918
1525836653.3	2018-05-08 20:30:53.299844	646789.277801
1525836653.35	2018-05-08 20:30:53.350101	442657.587507
1525836653.4	2018-05-08 20:30:53.400624	293146.022841
1525836653.45	2018-05-08 20:30:53.451166	293040.920859
1525836653.5	2018-05-08 20:30:53.501424	235780.843939
1525836653.55	2018-05-08 20:30:53.554324	420583.564213
1525836653.6	2018-05-08 20:30:53.604902	292750.898928
1525836653.66	2018-05-08 20:30:53.655274	529191.227292
1525836653.71	2018-05-08 20:30:53.705497	501972.047131
1525836653.76	2018-05-08 20:30:53.755806	470989.610388
1525836653.81	2018-05-08 20:30:53.806012	530983.051321
1525836653.86	2018-05-08 20:30:53.856267	324829.175761
1525836653.91	2018-05-08 20:30:53.906812	0.0
1525836653.96	2018-05-08 20:30:53.957151	294205.384371
1525836654.01	2018-05-08 20:30:54.007409	648295.815064
1525836654.06	2018-05-08 20:30:54.057778	441708.402444
1525836654.11	2018-05-08 20:30:54.108098	588667.272288
1525836654.16	2018-05-08 20:30:54.158537	617212.313178
1525836654.21	2018-05-08 20:30:54.209109	585722.631514
1525836654.26	2018-05-08 20:30:54.259596	645445.160432
1525836654.31	2018-05-08 20:30:54.310032	558468.736887
1525836654.36	2018-05-08 20:30:54.360417	646672.974116
1525836654.41	2018-05-08 20:30:54.410862	617186.059003
1525836654.46	2018-05-08 20:30:54.461259	587814.983038
1525836654.51	2018-05-08 20:30:54.511664	617603.47304
1525836654.56	2018-05-08 20:30:54.562070	587617.582276
1525836654.61	2018-05-08 20:30:54.612670	616184.237592
1525836654.66	2018-05-08 20:30:54.663073	645496.98848
1525836654.71	2018-05-08 20:30:54.713267	561272.686322
1525836654.76	2018-05-08 20:30:54.763740	645573.221318
1525836654.81	2018-05-08 20:30:54.813959	619913.794551
1525836654.86	2018-05-08 20:30:54.864412	587081.65527
1525836654.91	2018-05-08 20:30:54.914644	589720.719236
1525836654.96	2018-05-08 20:30:54.964905	619387.472068
1525836655.02	2018-05-08 20:30:55.015367	645658.623477
1525836655.07	2018-05-08 20:30:55.065759	559057.964354
1525836655.12	2018-05-08 20:30:55.115954	649108.752205
1525836655.17	2018-05-08 20:30:55.166410	617162.723834
1525836655.22	2018-05-08 20:30:55.216728	588561.298068
1525836655.27	2018-05-08 20:30:55.267051	618671.464681
1525836655.32	2018-05-08 20:30:55.317287	589617.163712
1525836655.37	2018-05-08 20:30:55.367581	619040.999374
1525836655.42	2018-05-08 20:30:55.417903	588608.70287
1525836655.47	2018-05-08 20:30:55.468406	616588.651504
1525836655.52	2018-05-08 20:30:55.518960	644574.475874
1525836655.57	2018-05-08 20:30:55.569487	586186.924855
1525836655.62	2018-05-08 20:30:55.620058	557154.729976
1525836655.67	2018-05-08 20:30:55.671277	636306.044764
1525836655.72	2018-05-08 20:30:55.721828	615699.060016
1525836655.77	2018-05-08 20:30:55.772392	585733.67757
1525836655.82	2018-05-08 20:30:55.822941	615879.096623
1525836655.87	2018-05-08 20:30:55.873457	586361.224684
1525836655.92	2018-05-08 20:30:55.923833	618056.552962
1525836655.97	2018-05-08 20:30:55.974671	640847.528584
1525836656.03	2018-05-08 20:30:56.025054	559102.93405
1525836656.08	2018-05-08 20:30:56.075524	645710.485813
1525836656.13	2018-05-08 20:30:56.125999	586768.327666
1525836656.18	2018-05-08 20:30:56.176670	614568.980747
1525836656.23	2018-05-08 20:30:56.227121	587078.880992
1525836656.28	2018-05-08 20:30:56.277518	617591.789447
1525836656.33	2018-05-08 20:30:56.327854	647239.583634
1525836656.38	2018-05-08 20:30:56.378034	620482.284997
1525836656.43	2018-05-08 20:30:56.428336	588831.886855
1525836656.48	2018-05-08 20:30:56.478639	618917.772103
1525836656.53	2018-05-08 20:30:56.529028	587837.233691
1525836656.58	2018-05-08 20:30:56.579533	616492.591521
1525836656.63	2018-05-08 20:30:56.629860	588538.992567
1525836656.68	2018-05-08 20:30:56.680219	618214.556341
1525836656.73	2018-05-08 20:30:56.730720	645265.351169
1525836656.78	2018-05-08 20:30:56.781121	587606.465052
1525836656.83	2018-05-08 20:30:56.831702	556965.644078
1525836656.89	2018-05-08 20:30:56.885069	610517.344579
1525836656.94	2018-05-08 20:30:56.935435	618179.437498
1525836656.99	2018-05-08 20:30:56.985683	589452.109848
1525836657.04	2018-05-08 20:30:57.036052	559322.595904
1525836657.09	2018-05-08 20:30:57.086536	645573.221318
1525836657.14	2018-05-08 20:30:57.137149	615174.070946
1525836657.19	2018-05-08 20:30:57.188214	580636.389673
1525836657.24	2018-05-08 20:30:57.239045	614022.817936
1525836657.29	2018-05-08 20:30:57.289441	644015.555886
1525836657.34	2018-05-08 20:30:57.339778	529622.368897
1525836657.39	2018-05-08 20:30:57.392346	592205.511553
1525836657.44	2018-05-08 20:30:57.442678	647481.843856
1525836657.49	2018-05-08 20:30:57.493014	559666.991688
1525836657.54	2018-05-08 20:30:57.543489	645661.673973
1525836657.59	2018-05-08 20:30:57.594427	610986.158809
1525836657.64	2018-05-08 20:30:57.644935	645061.28243
1525836657.7	2018-05-08 20:30:57.695121	561363.347069
1525836657.75	2018-05-08 20:30:57.745650	644817.787273
1525836657.8	2018-05-08 20:30:57.795987	559666.991688
1525836657.85	2018-05-08 20:30:57.846180	649133.418492
1525836657.9	2018-05-08 20:30:57.896392	620002.092555
1525836657.95	2018-05-08 20:30:57.946822	587395.31768
1525836658.0	2018-05-08 20:30:58.003042	553917.347416
1525836658.05	2018-05-08 20:30:58.053482	646789.277801
1525836658.1	2018-05-08 20:30:58.104147	642247.995263
1525836658.15	2018-05-08 20:30:58.154921	613636.17913
1525836658.21	2018-05-08 20:30:58.206479	516609.017215
1525836658.26	2018-05-08 20:30:58.256928	617124.807947
1525836658.31	2018-05-08 20:30:58.307180	648409.626722
1525836658.36	2018-05-08 20:30:58.357530	559447.059296
1525836658.41	2018-05-08 20:30:58.407824	588923.999564
1525836658.46	2018-05-08 20:30:58.458138	618806.323028
1525836658.51	2018-05-08 20:30:58.508610	645561.022854
1525836658.56	2018-05-08 20:30:58.559216	615307.408711
1525836658.61	2018-05-08 20:30:58.610212	580715.09795
1525836658.66	2018-05-08 20:30:58.660587	618094.583431
1525836658.71	2018-05-08 20:30:58.711065	645457.354518
1525836658.76	2018-05-08 20:30:58.761398	588469.298774
1525836658.81	2018-05-08 20:30:58.811608	620099.249416
1525836658.86	2018-05-08 20:30:58.862148	586103.961353
1525836658.91	2018-05-08 20:30:58.912394	619569.672512
1525836658.96	2018-05-08 20:30:58.962851	645753.202228
1525836659.01	2018-05-08 20:30:59.013031	561395.351973
1525836659.06	2018-05-08 20:30:59.063321	647896.252865
1525836659.11	2018-05-08 20:30:59.113711	500297.627359
1525836659.16	2018-05-08 20:30:59.164285	644395.15133
1525836659.21	2018-05-08 20:30:59.214739	558249.745059
1525836659.27	2018-05-08 20:30:59.265030	647856.323732
1525836659.32	2018-05-08 20:30:59.315596	585780.627956
1525836659.37	2018-05-08 20:30:59.366019	617518.777006
1525836659.42	2018-05-08 20:30:59.416501	645353.719472
1525836659.47	2018-05-08 20:30:59.467147	556383.436318
1525836659.52	2018-05-08 20:30:59.517576	645930.230459
1525836659.57	2018-05-08 20:30:59.567936	618240.898093
1525836659.62	2018-05-08 20:30:59.618460	586245.013284
1525836659.67	2018-05-08 20:30:59.668753	619076.216179
1525836659.72	2018-05-08 20:30:59.719174	587548.106523
1525836659.77	2018-05-08 20:30:59.769499	618560.104286
1525836659.82	2018-05-08 20:30:59.819931	587300.906134
1525836659.87	2018-05-08 20:30:59.870284	588249.174838
1525836659.92	2018-05-08 20:30:59.920561	560335.799011
1525836659.97	2018-05-08 20:30:59.970821	648292.739628
1525836660.02	2018-05-08 20:31:00.021197	559391.441148
1525836660.07	2018-05-08 20:31:00.071779	615844.242611
1525836660.12	2018-05-08 20:31:00.122168	646235.679594
1525836660.17	2018-05-08 20:31:00.172566	587803.858343
1525836660.22	2018-05-08 20:31:00.223110	616076.677231
1525836660.27	2018-05-08 20:31:00.273857	583691.738926
1525836660.32	2018-05-08 20:31:00.324299	617002.3423
1525836660.37	2018-05-08 20:31:00.374588	619040.999374
1525836660.43	2018-05-08 20:31:00.425028	588282.600778
1525836660.48	2018-05-08 20:31:00.475366	587439.757147
1525836660.53	2018-05-08 20:31:00.525743	587909.55995
1525836660.58	2018-05-08 20:31:00.576017	619361.032522
1525836660.63	2018-05-08 20:31:00.626441	646183.732862
1525836660.68	2018-05-08 20:31:00.676757	618563.034309
1525836660.73	2018-05-08 20:31:00.727090	588642.169682
1525836660.78	2018-05-08 20:31:00.777321	619693.159534
1525836660.83	2018-05-08 20:31:00.827630	588750.963107
1525836660.88	2018-05-08 20:31:00.878233	615356.700341
1525836660.93	2018-05-08 20:31:00.928703	586998.438328
1525836660.98	2018-05-08 20:31:00.979206	616320.922489
1525836661.03	2018-05-08 20:31:01.029686	586721.218825
1525836661.08	2018-05-08 20:31:01.080002	588678.429689
1525836661.13	2018-05-08 20:31:01.130469	616944.042407
1525836661.18	2018-05-08 20:31:01.180633	649651.843903
1525836661.23	2018-05-08 20:31:01.231131	616329.649116
1525836661.28	2018-05-08 20:31:01.281866	583817.914078
1525836661.33	2018-05-08 20:31:01.332148	619202.442642
1525836661.38	2018-05-08 20:31:01.382429	589063.619199
1525836661.43	2018-05-08 20:31:01.432682	619584.370767
1525836661.48	2018-05-08 20:31:01.483124	646006.56567
1525836661.53	2018-05-08 20:31:01.533558	558901.949162
1525836661.58	2018-05-08 20:31:01.584599	637936.760937
1525836661.64	2018-05-08 20:31:01.635062	617075.232662
1525836661.69	2018-05-08 20:31:01.685446	587734.338537
1525836661.74	2018-05-08 20:31:01.735878	646006.56567
1525836661.79	2018-05-08 20:31:01.786449	615771.642756
1525836661.84	2018-05-08 20:31:01.836862	587545.327835
1525836661.89	2018-05-08 20:31:01.887800	611166.309736
1525836661.94	2018-05-08 20:31:01.938199	587909.55995
1525836661.99	2018-05-08 20:31:01.988969	613356.602472
1525836662.04	2018-05-08 20:31:02.039434	645521.381029
1525836662.09	2018-05-08 20:31:02.090338	583093.836403
1525836662.14	2018-05-08 20:31:02.143145	621907.120665
1525836662.19	2018-05-08 20:31:02.194427	610927.171471
1525836662.27	2018-05-08 20:31:02.268967	461102.763552
1525836662.32	2018-05-08 20:31:02.319675	441281.5254
1525836662.37	2018-05-08 20:31:02.370560	587238.717115
1525836662.42	2018-05-08 20:31:02.421133	618210.35919
1525836662.47	2018-05-08 20:31:02.471715	644194.669193
1525836662.52	2018-05-08 20:31:02.522132	528738.283304
1525836662.57	2018-05-08 20:31:02.572469	618586.475493
1525836662.62	2018-05-08 20:31:02.623126	643136.614435
1525836662.67	2018-05-08 20:31:02.674920	601020.194575
1525836662.73	2018-05-08 20:31:02.725167	589522.036642
1525836662.78	2018-05-08 20:31:02.775644	616783.774495
1525836662.83	2018-05-08 20:31:02.825911	648086.751846
1525836662.88	2018-05-08 20:31:02.876385	558173.270324
1525836662.93	2018-05-08 20:31:02.927230	640709.319706
1525836662.98	2018-05-08 20:31:02.977612	587906.777842
1525836663.03	2018-05-08 20:31:03.027977	618167.732104
1525836663.08	2018-05-08 20:31:03.078401	646302.917175
1525836663.13	2018-05-08 20:31:03.128971	615757.124839
1525836663.18	2018-05-08 20:31:03.179141	590182.964043
1525836663.23	2018-05-08 20:31:03.229562	617504.17659
1525836663.28	2018-05-08 20:31:03.279894	588480.448672
1525836663.33	2018-05-08 20:31:03.330198	618941.240182
1525836663.38	2018-05-08 20:31:03.380612	587523.099274
1525836663.43	2018-05-08 20:31:03.430957	618451.712942
1525836663.48	2018-05-08 20:31:03.481602	584843.04804
1525836663.53	2018-05-08 20:31:03.531940	618510.29814
1525836663.58	2018-05-08 20:31:03.582924	580978.518692
1525836663.63	2018-05-08 20:31:03.633861	639677.644453
1525836663.69	2018-05-08 20:31:03.685250	605742.956114
1525836663.74	2018-05-08 20:31:03.735585	647328.493539
1525836663.79	2018-05-08 20:31:03.786323	613598.695304
1525836663.84	2018-05-08 20:31:03.836650	529697.639976
1525836663.89	2018-05-08 20:31:03.886924	619272.917005
1525836663.94	2018-05-08 20:31:03.937252	647420.495011
1525836663.99	2018-05-08 20:31:03.987930	555888.731337
1525836664.04	2018-05-08 20:31:04.038467	644717.399067
1525836664.09	2018-05-08 20:31:04.089092	614991.549923
1525836664.14	2018-05-08 20:31:04.139591	586640.874139
1525836664.19	2018-05-08 20:31:04.190318	613765.966206
1525836664.24	2018-05-08 20:31:04.241643	635067.071249
1525836664.29	2018-05-08 20:31:04.292354	584023.751451
1525836664.34	2018-05-08 20:31:04.342786	617346.536073
1525836664.39	2018-05-08 20:31:04.393587	641163.228871
1525836664.44	2018-05-08 20:31:04.443855	560559.090141
1525836664.49	2018-05-08 20:31:04.494201	646994.4415
1525836664.54	2018-05-08 20:31:04.544661	617028.580846
1525836664.6	2018-05-08 20:31:04.595836	636703.300617
1525836664.65	2018-05-08 20:31:04.646283	558347.346703
1525836664.7	2018-05-08 20:31:04.697057	641705.153633
1525836664.75	2018-05-08 20:31:04.747408	618363.855952
1525836664.8	2018-05-08 20:31:04.803539	527695.215053
1525836664.85	2018-05-08 20:31:04.853930	676680.54256
1525836664.9	2018-05-08 20:31:04.904225	588937.958549
1525836664.95	2018-05-08 20:31:04.954559	618548.384471
1525836665.0	2018-05-08 20:31:05.004958	587698.194737
1525836665.06	2018-05-08 20:31:05.055203	648461.931965
1525836665.11	2018-05-08 20:31:05.105559	618302.370909
1525836665.16	2018-05-08 20:31:05.155891	588575.239864
1525836665.21	2018-05-08 20:31:05.206457	615611.983312
1525836665.26	2018-05-08 20:31:05.256842	587862.26769
1525836665.31	2018-05-08 20:31:05.307029	620358.483306
1525836665.36	2018-05-08 20:31:05.357570	586350.154947
1525836665.41	2018-05-08 20:31:05.409135	661032.019599
1525836665.46	2018-05-08 20:31:05.459458	588469.298774
1525836665.51	2018-05-08 20:31:05.510048	615585.865103
1525836665.56	2018-05-08 20:31:05.560367	588516.688757
1525836665.61	2018-05-08 20:31:05.610830	617419.507787
1525836665.66	2018-05-08 20:31:05.661091	647754.987264
1525836665.71	2018-05-08 20:31:05.711283	590132.502126
1525836665.76	2018-05-08 20:31:05.761559	619275.853785
1525836665.81	2018-05-08 20:31:05.811875	588667.272288
1525836665.86	2018-05-08 20:31:05.862248	618068.254146
1525836665.91	2018-05-08 20:31:05.912527	589099.931149
1525836665.96	2018-05-08 20:31:05.962938	617629.762739
1525836666.01	2018-05-08 20:31:06.013118	590261.477515
1525836666.06	2018-05-08 20:31:06.063601	616722.603256
1525836666.11	2018-05-08 20:31:06.114063	587048.365662
1525836666.16	2018-05-08 20:31:06.164274	619999.148883
1525836666.21	2018-05-08 20:31:06.214834	644437.693887
1525836666.27	2018-05-08 20:31:06.265069	619766.687087
1525836666.32	2018-05-08 20:31:06.315571	586499.631677
1525836666.37	2018-05-08 20:31:06.366017	587151.020748
1525836666.42	2018-05-08 20:31:06.416425	617638.52647
1525836666.47	2018-05-08 20:31:06.466676	589440.9231
1525836666.52	2018-05-08 20:31:06.517097	617480.817359
1525836666.57	2018-05-08 20:31:06.567279	649278.370794
1525836666.62	2018-05-08 20:31:06.617945	556176.547808
1525836666.67	2018-05-08 20:31:06.668299	647071.028466
1525836666.72	2018-05-08 20:31:06.718580	591702.778632
1525836666.77	2018-05-08 20:31:06.768980	650384.277544
1525836666.82	2018-05-08 20:31:06.819518	561380.255515
1525836666.87	2018-05-08 20:31:06.869998	650635.017233
1525836666.92	2018-05-08 20:31:06.920222	594920.35966
1525836666.97	2018-05-08 20:31:06.970695	651487.294216
1525836667.02	2018-05-08 20:31:07.021064	591472.875941
1525836667.07	2018-05-08 20:31:07.071659	615371.199382
1525836667.12	2018-05-08 20:31:07.122039	587756.583086
1525836667.17	2018-05-08 20:31:07.172417	618129.692633
1525836667.22	2018-05-08 20:31:07.222833	587511.985624
1525836667.27	2018-05-08 20:31:07.273252	618475.145689
1525836667.32	2018-05-08 20:31:07.323654	586790.49915
1525836667.37	2018-05-08 20:31:07.374073	617369.885145
1525836667.42	2018-05-08 20:31:07.424522	587325.894472
1525836667.47	2018-05-08 20:31:07.475012	616649.796171
1525836667.53	2018-05-08 20:31:07.525335	647380.624496
1525836667.58	2018-05-08 20:31:07.577118	573585.992594
1525836667.63	2018-05-08 20:31:07.627621	614652.869496
1525836667.68	2018-05-08 20:31:07.678468	641072.997054
1525836667.73	2018-05-08 20:31:07.728815	618117.989123
1525836667.78	2018-05-08 20:31:07.779155	588552.933307
1525836667.83	2018-05-08 20:31:07.829551	617542.139109
1525836667.88	2018-05-08 20:31:07.879955	587742.680046
1525836667.93	2018-05-08 20:31:07.930349	617802.161772
1525836667.98	2018-05-08 20:31:07.980668	647506.38665
1525836668.03	2018-05-08 20:31:08.031092	558735.452774
1525836668.08	2018-05-08 20:31:08.083287	596495.81692
1525836668.13	2018-05-08 20:31:08.133642	646994.4415
1525836668.18	2018-05-08 20:31:08.184267	643569.723459
1525836668.23	2018-05-08 20:31:08.234650	529148.652573
1525836668.29	2018-05-08 20:31:08.285609	610948.998026
1525836668.34	2018-05-08 20:31:08.336147	644945.599305
1525836668.39	2018-05-08 20:31:08.386764	614869.9294
1525836668.44	2018-05-08 20:31:08.437320	527287.09618
1525836668.49	2018-05-08 20:31:08.490809	582053.552821
1525836668.54	2018-05-08 20:31:08.541305	645378.101195
1525836668.59	2018-05-08 20:31:08.592445	609611.367932
1525836668.65	2018-05-08 20:31:08.645155	617245.689622
1525836668.7	2018-05-08 20:31:08.696508	606181.608909
1525836668.75	2018-05-08 20:31:08.746778	589180.950863
1525836668.8	2018-05-08 20:31:08.797435	673091.173101
1525836668.85	2018-05-08 20:31:08.847766	588491.598992
1525836668.9	2018-05-08 20:31:08.901766	576556.614521
1525836668.95	2018-05-08 20:31:08.952208	645966.869109
1525836669.0	2018-05-08 20:31:09.004747	507375.023401
1525836669.06	2018-05-08 20:31:09.055131	676709.36064
1525836669.11	2018-05-08 20:31:09.105463	588505.537486
1525836669.16	2018-05-08 20:31:09.155900	617270.663786
1525836669.21	2018-05-08 20:31:09.206378	528133.899665
1525836669.26	2018-05-08 20:31:09.256760	617945.413805
1525836669.31	2018-05-08 20:31:09.307279	644921.25025
1525836669.36	2018-05-08 20:31:09.357745	617174.391198
1525836669.41	2018-05-08 20:31:09.408462	584001.78855
1525836669.46	2018-05-08 20:31:09.458964	616294.744091
1525836669.51	2018-05-08 20:31:09.509306	588385.688007
1525836669.56	2018-05-08 20:31:09.559677	618071.179511
1525836669.61	2018-05-08 20:31:09.611068	634077.007331
1525836669.66	2018-05-08 20:31:09.661884	582840.113908
1525836669.71	2018-05-08 20:31:09.713505	603138.241818
1525836669.76	2018-05-08 20:31:09.763941	587231.50524
1525836669.81	2018-05-08 20:31:09.814387	617188.976023
1525836669.86	2018-05-08 20:31:09.864729	588385.688007
1525836669.92	2018-05-08 20:31:09.915457	613780.390381
1525836669.97	2018-05-08 20:31:09.965941	586674.117547
1525836670.02	2018-05-08 20:31:10.016347	617664.819154
1525836670.07	2018-05-08 20:31:10.066974	643593.970566
1525836670.12	2018-05-08 20:31:10.117395	558714.317473
1525836670.17	2018-05-08 20:31:10.167665	648243.536615
1525836670.22	2018-05-08 20:31:10.218264	585410.752477
1525836670.27	2018-05-08 20:31:10.268590	559688.199128
1525836670.32	2018-05-08 20:31:10.319010	646315.143694
1525836670.37	2018-05-08 20:31:10.369461	558413.313082
1525836670.42	2018-05-08 20:31:10.419849	646660.734056
1525836670.47	2018-05-08 20:31:10.470215	618059.478216
1525836670.52	2018-05-08 20:31:10.520554	588502.749735
1525836670.57	2018-05-08 20:31:10.571098	616004.022567
1525836670.62	2018-05-08 20:31:10.621508	587511.985624
1525836670.67	2018-05-08 20:31:10.671835	618595.266395
1525836670.72	2018-05-08 20:31:10.722307	645622.019786
1525836670.77	2018-05-08 20:31:10.772746	558481.934653
1525836670.82	2018-05-08 20:31:10.823106	646917.87266
1525836670.87	2018-05-08 20:31:10.873510	587756.583086
1525836670.92	2018-05-08 20:31:10.923772	619322.846053
1525836670.97	2018-05-08 20:31:10.974109	588538.992567
1525836671.02	2018-05-08 20:31:11.024619	616454.757927
1525836671.08	2018-05-08 20:31:11.075017	646428.26092
1525836671.13	2018-05-08 20:31:11.125480	616967.361042
1525836671.18	2018-05-08 20:31:11.176017	585990.61587
1525836671.23	2018-05-08 20:31:11.226601	557099.566661
1525836671.28	2018-05-08 20:31:11.277131	586289.278861
1525836671.33	2018-05-08 20:31:11.327844	614412.835111
1525836671.38	2018-05-08 20:31:11.378886	637722.420473
1525836671.43	2018-05-08 20:31:11.429399	586372.29484
1525836671.48	2018-05-08 20:31:11.479734	559590.128188
1525836671.53	2018-05-08 20:31:11.530343	643848.675533
1525836671.58	2018-05-08 20:31:11.580714	618182.363916
1525836671.63	2018-05-08 20:31:11.631178	586987.344519
1525836671.68	2018-05-08 20:31:11.681854	614250.990089
1525836671.73	2018-05-08 20:31:11.732289	587187.097274
1525836671.78	2018-05-08 20:31:11.783405	609204.683542
1525836671.83	2018-05-08 20:31:11.833770	588107.156964
1525836671.88	2018-05-08 20:31:11.884413	556427.976756
1525836671.93	2018-05-08 20:31:11.934785	646520.006661
1525836671.99	2018-05-08 20:31:11.986085	577489.352856
1525836672.04	2018-05-08 20:31:12.036428	618437.068377
1525836672.09	2018-05-08 20:31:12.087868	575749.765873
1525836672.14	2018-05-08 20:31:12.138244	618106.286055
1525836672.19	2018-05-08 20:31:12.188724	586776.641776
1525836672.24	2018-05-08 20:31:12.239122	617898.630327
1525836672.29	2018-05-08 20:31:12.291287	624440.543422
1525836672.34	2018-05-08 20:31:12.341680	617933.717271
1525836672.39	2018-05-08 20:31:12.394341	562379.631886
1525836672.45	2018-05-08 20:31:12.446983	647670.972958
1525836672.5	2018-05-08 20:31:12.503958	519858.583725
1525836672.55	2018-05-08 20:31:12.554465	675035.586696
1525836672.6	2018-05-08 20:31:12.604735	589217.27728
1525836672.66	2018-05-08 20:31:12.655268	616111.557558
1525836672.71	2018-05-08 20:31:12.705739	586862.568046
1525836672.76	2018-05-08 20:31:12.755988	648421.933079
1525836672.81	2018-05-08 20:31:12.806379	617825.545323
1525836672.86	2018-05-08 20:31:12.856587	589944.747469
1525836672.91	2018-05-08 20:31:12.906897	618856.176863
1525836672.96	2018-05-08 20:31:12.957240	588469.298774
1525836673.01	2018-05-08 20:31:13.007604	618056.552962
1525836673.06	2018-05-08 20:31:13.057928	647445.033154
1525836673.11	2018-05-08 20:31:13.108339	588879.575405
1525836673.16	2018-05-08 20:31:13.158886	585998.907955
1525836673.21	2018-05-08 20:31:13.209222	647279.436778
1525836673.26	2018-05-08 20:31:13.259579	588210.18271
1525836673.31	2018-05-08 20:31:13.309949	559290.826891
1525836673.36	2018-05-08 20:31:13.360141	649145.752338
1525836673.41	2018-05-08 20:31:13.410568	587420.314053
1525836673.46	2018-05-08 20:31:13.461014	617136.473877
1525836673.51	2018-05-08 20:31:13.511348	588597.548112
1525836673.56	2018-05-08 20:31:13.561847	557938.702767
1525836673.61	2018-05-08 20:31:13.612433	644079.296663
1525836673.66	2018-05-08 20:31:13.662801	617983.430597
1525836673.71	2018-05-08 20:31:13.713321	586430.420014
1525836673.76	2018-05-08 20:31:13.763716	558880.801264
1525836673.81	2018-05-08 20:31:13.813936	648809.82257
1525836673.86	2018-05-08 20:31:13.864437	616443.117756
1525836673.91	2018-05-08 20:31:13.914792	588246.389515
1525836673.97	2018-05-08 20:31:13.965219	646122.62975
1525836674.02	2018-05-08 20:31:14.015571	560322.513481
1525836674.07	2018-05-08 20:31:14.066086	644055.012975
1525836674.12	2018-05-08 20:31:14.116367	590401.379575
1525836674.17	2018-05-08 20:31:14.166625	589345.852886
1525836674.22	2018-05-08 20:31:14.216991	646905.623328
1525836674.27	2018-05-08 20:31:14.267430	587245.384106
1525836674.32	2018-05-08 20:31:14.317696	619419.790133
1525836674.37	2018-05-08 20:31:14.368007	588820.723636
1525836674.42	2018-05-08 20:31:14.418480	616879.925248
1525836674.47	2018-05-08 20:31:14.468805	647420.495011
1525836674.52	2018-05-08 20:31:14.519237	617235.652097
1525836674.57	2018-05-08 20:31:14.569621	587873.394596
1525836674.62	2018-05-08 20:31:14.619914	588926.791308
1525836674.67	2018-05-08 20:31:14.670293	617995.129013
1525836674.72	2018-05-08 20:31:14.720618	588597.548112
1525836674.77	2018-05-08 20:31:14.771003	617895.706595
1525836674.82	2018-05-08 20:31:14.821362	588190.688584
1525836674.87	2018-05-08 20:31:14.871614	619554.974954
1525836674.92	2018-05-08 20:31:14.921933	588656.11531
1525836674.97	2018-05-08 20:31:14.972310	618033.151922
1525836675.02	2018-05-08 20:31:15.022632	647484.911604
1525836675.07	2018-05-08 20:31:15.072927	619087.956005
1525836675.12	2018-05-08 20:31:15.123397	558226.009278
1525836675.17	2018-05-08 20:31:15.173895	645277.538462
1525836675.22	2018-05-08 20:31:15.224227	588316.030516
1525836675.27	2018-05-08 20:31:15.274689	645777.614146
1525836675.33	2018-05-08 20:31:15.325078	617884.011943
1525836675.38	2018-05-08 20:31:15.375650	585711.585875
1525836675.43	2018-05-08 20:31:15.426052	617702.801429
1525836675.48	2018-05-08 20:31:15.476398	588224.107877
1525836675.53	2018-05-08 20:31:15.526858	617086.896719
1525836675.58	2018-05-08 20:31:15.577168	647690.516925
1525836675.63	2018-05-08 20:31:15.627647	616833.302957
1525836675.68	2018-05-08 20:31:15.678067	587384.208864
1525836675.73	2018-05-08 20:31:15.728494	617419.507787
1525836675.78	2018-05-08 20:31:15.778824	588480.448672
1525836675.83	2018-05-08 20:31:15.829243	617749.555256
1525836675.88	2018-05-08 20:31:15.883348	602098.12235
1525836675.93	2018-05-08 20:31:15.933846	645085.642061
1525836675.98	2018-05-08 20:31:15.984143	622830.230277
1525836676.03	2018-05-08 20:31:16.034591	563736.788206
1525836676.09	2018-05-08 20:31:16.086064	636887.139992
1525836676.14	2018-05-08 20:31:16.136353	592933.842856
1525836676.19	2018-05-08 20:31:16.187107	617413.908113
1525836676.24	2018-05-08 20:31:16.237774	589789.153712
1525836676.29	2018-05-08 20:31:16.288093	619836.138004
1525836676.34	2018-05-08 20:31:16.338693	585559.750571
1525836676.39	2018-05-08 20:31:16.391690	643332.65488
1525836676.44	2018-05-08 20:31:16.442161	586848.707268
1525836676.49	2018-05-08 20:31:16.493791	602998.987514
1525836676.54	2018-05-08 20:31:16.544484	643669.75455
1525836676.6	2018-05-08 20:31:16.595270	582269.194803
1525836676.65	2018-05-08 20:31:16.645713	617212.313178
1525836676.7	2018-05-08 20:31:16.696377	643097.269792
1525836676.75	2018-05-08 20:31:16.748592	596460.397819
1525836676.8	2018-05-08 20:31:16.801867	611353.089798
1525836676.85	2018-05-08 20:31:16.852420	615916.859587
1525836676.9	2018-05-08 20:31:16.904723	566379.23173
1525836676.96	2018-05-08 20:31:16.955152	676040.773493
1525836677.01	2018-05-08 20:31:17.005458	529906.001488
1525836677.06	2018-05-08 20:31:17.055814	677097.04219
1525836677.11	2018-05-08 20:31:17.106222	587617.582276
1525836677.16	2018-05-08 20:31:17.156736	616355.830479
1525836677.21	2018-05-08 20:31:17.207017	589077.584804
1525836677.26	2018-05-08 20:31:17.257333	618782.865179
1525836677.31	2018-05-08 20:31:17.307690	647031.200981
1525836677.36	2018-05-08 20:31:17.358082	587781.610216
1525836677.41	2018-05-08 20:31:17.408422	618448.783973
1525836677.46	2018-05-08 20:31:17.458872	587117.723273
1525836677.51	2018-05-08 20:31:17.509475	615258.124978
1525836677.56	2018-05-08 20:31:17.560149	584589.865658
1525836677.61	2018-05-08 20:31:17.610605	616979.02102
1525836677.66	2018-05-08 20:31:17.660976	646841.321942
1525836677.71	2018-05-08 20:31:17.711441	558260.294943
1525836677.76	2018-05-08 20:31:17.761734	647816.39952
1525836677.81	2018-05-08 20:31:17.812220	616710.952967
1525836677.86	2018-05-08 20:31:17.862669	587114.948654
1525836677.91	2018-05-08 20:31:17.912870	620211.16474
1525836677.96	2018-05-08 20:31:17.963331	586965.158157
1525836678.01	2018-05-08 20:31:18.014860	632785.153674
1525836678.07	2018-05-08 20:31:18.065241	617539.21875
1525836678.12	2018-05-08 20:31:18.116081	640874.576426
1525836678.17	2018-05-08 20:31:18.166452	560080.826874
1525836678.22	2018-05-08 20:31:18.217128	642009.635058
1525836678.27	2018-05-08 20:31:18.267399	619322.846053
1525836678.32	2018-05-08 20:31:18.317599	590028.801945
1525836678.37	2018-05-08 20:31:18.367818	620060.971866
1525836678.42	2018-05-08 20:31:18.418119	588798.398468
1525836678.47	2018-05-08 20:31:18.468456	618583.545248
1525836678.52	2018-05-08 20:31:18.518746	589018.933714
1525836678.57	2018-05-08 20:31:18.569156	676254.961338
1525836678.62	2018-05-08 20:31:18.619465	529958.745447
1525836678.67	2018-05-08 20:31:18.670032	644346.538142
1525836678.72	2018-05-08 20:31:18.720468	617381.560343
1525836678.77	2018-05-08 20:31:18.770946	586732.302577
1525836678.82	2018-05-08 20:31:18.821395	617151.056911
1525836678.87	2018-05-08 20:31:18.871759	587965.207646
1525836678.92	2018-05-08 20:31:18.922240	616871.183032
1525836678.97	2018-05-08 20:31:18.972627	646633.195615
1525836679.02	2018-05-08 20:31:19.022844	560894.360711
1525836679.07	2018-05-08 20:31:19.073162	588644.958754
1525836679.12	2018-05-08 20:31:19.123502	618486.862729
1525836679.17	2018-05-08 20:31:19.173855	588268.672841
1525836679.22	2018-05-08 20:31:19.224107	619557.91441
1525836679.27	2018-05-08 20:31:19.274429	618683.18916
1525836679.32	2018-05-08 20:31:19.324777	588293.743601
1525836679.38	2018-05-08 20:31:19.375226	645982.136439
1525836679.43	2018-05-08 20:31:19.425580	588129.429743
1525836679.48	2018-05-08 20:31:19.475896	618756.477225
1525836679.53	2018-05-08 20:31:19.526194	588996.593513
1525836679.58	2018-05-08 20:31:19.576552	618302.370909
1525836679.63	2018-05-08 20:31:19.627701	636839.78642
1525836679.68	2018-05-08 20:31:19.678219	616367.467354
1525836679.73	2018-05-08 20:31:19.728709	586663.035993
1525836679.78	2018-05-08 20:31:19.779049	618401.924249
1525836679.83	2018-05-08 20:31:19.829369	588748.17303
1525836679.88	2018-05-08 20:31:19.879742	588001.384298
1525836679.93	2018-05-08 20:31:19.930143	617580.106296
1525836679.98	2018-05-08 20:31:19.980618	645518.33186
1525836680.03	2018-05-08 20:31:20.031122	557917.627699
1525836680.08	2018-05-08 20:31:20.081706	644143.050058
1525836680.13	2018-05-08 20:31:20.132018	618779.933073
1525836680.18	2018-05-08 20:31:20.183481	575661.727885
1525836680.23	2018-05-08 20:31:20.233797	619002.852357
1525836680.28	2018-05-08 20:31:20.284576	641289.596096
1525836680.34	2018-05-08 20:31:20.335091	616393.65193
1525836680.39	2018-05-08 20:31:20.386126	580327.191398
1525836680.44	2018-05-08 20:31:20.436582	617089.812802
1525836680.49	2018-05-08 20:31:20.492355	584189.275071
1525836680.54	2018-05-08 20:31:20.542684	618571.824545
1525836680.59	2018-05-08 20:31:20.593892	636231.98473
1525836680.64	2018-05-08 20:31:20.644259	588070.967296
1525836680.69	2018-05-08 20:31:20.695000	613670.78365
1525836680.75	2018-05-08 20:31:20.745431	645942.44288
1525836680.8	2018-05-08 20:31:20.796306	611948.19294
1525836680.85	2018-05-08 20:31:20.846720	587767.705991
1525836680.9	2018-05-08 20:31:20.897004	618891.372642
1525836680.95	2018-05-08 20:31:20.947364	588190.688584
1525836681.0	2018-05-08 20:31:20.997525	621971.990361
1525836681.05	2018-05-08 20:31:21.047890	652184.309566
1525836681.1	2018-05-08 20:31:21.098063	595595.991124
1525836681.15	2018-05-08 20:31:21.148457	623173.471281
1525836681.2	2018-05-08 20:31:21.198908	593171.993318
1525836681.25	2018-05-08 20:31:21.250932	602765.261016
1525836681.3	2018-05-08 20:31:21.301338	621419.506273
1525836681.35	2018-05-08 20:31:21.351551	589933.542015
1525836681.4	2018-05-08 20:31:21.401825	648049.872333
1525836681.45	2018-05-08 20:31:21.452268	618106.288307
1525836681.5	2018-05-08 20:31:21.502479	589852.315201
1525836681.55	2018-05-08 20:31:21.552875	617860.623967
1525836681.6	2018-05-08 20:31:21.603077	589944.747469
1525836681.65	2018-05-08 20:31:21.653691	615261.023803
1525836681.7	2018-05-08 20:31:21.704994	577285.412488
1525836681.76	2018-05-08 20:31:21.755530	674968.680514
1525836681.81	2018-05-08 20:31:21.805839	588480.448672
1525836681.86	2018-05-08 20:31:21.856209	618117.989123
1525836681.91	2018-05-08 20:31:21.906563	588187.903815
1525836681.96	2018-05-08 20:31:21.957048	616710.952967
1525836682.01	2018-05-08 20:31:22.007464	646275.409201
1525836682.06	2018-05-08 20:31:22.057659	590098.865641
1525836682.11	2018-05-08 20:31:22.108103	617174.391198
1525836682.16	2018-05-08 20:31:22.158466	588165.626607
1525836682.21	2018-05-08 20:31:22.208938	616856.613222
1525836682.26	2018-05-08 20:31:22.259460	644909.076412
1525836682.31	2018-05-08 20:31:22.309956	616673.092568
1525836682.36	2018-05-08 20:31:22.360562	585201.179868
1525836682.41	2018-05-08 20:31:22.411090	616149.349036
1525836682.46	2018-05-08 20:31:22.461511	587453.645859
1525836682.51	2018-05-08 20:31:22.511731	619963.826998
1525836682.56	2018-05-08 20:31:22.562147	646263.184186
1525836682.61	2018-05-08 20:31:22.612329	620408.587563
1525836682.66	2018-05-08 20:31:22.662736	587628.699921
1525836682.71	2018-05-08 20:31:22.713098	588143.351086
1525836682.76	2018-05-08 20:31:22.763600	616489.68108
1525836682.81	2018-05-08 20:31:22.814005	587628.699921
1525836682.86	2018-05-08 20:31:22.864189	620408.587563
1525836682.91	2018-05-08 20:31:22.914588	646480.246976
1525836682.96	2018-05-08 20:31:22.964803	620002.092555
1525836683.02	2018-05-08 20:31:23.015226	587453.645859
1525836683.07	2018-05-08 20:31:23.065523	619002.852357
1525836683.12	2018-05-08 20:31:23.115971	587128.822012
1525836683.17	2018-05-08 20:31:23.166434	617002.3423
1525836683.22	2018-05-08 20:31:23.216858	646315.143694
1525836683.27	2018-05-08 20:31:23.267297	558468.736887
1525836683.32	2018-05-08 20:31:23.317743	646046.26711
1525836683.37	2018-05-08 20:31:23.368296	585791.676199
1525836683.42	2018-05-08 20:31:23.419186	641643.177074
1525836683.47	2018-05-08 20:31:23.469612	587267.591658
1525836683.52	2018-05-08 20:31:23.519979	646979.126282
1525836683.57	2018-05-08 20:31:23.570279	588692.377035
1525836683.62	2018-05-08 20:31:23.620573	619137.855231
1525836683.67	2018-05-08 20:31:23.671008	587373.100468
1525836683.72	2018-05-08 20:31:23.721435	617346.536073
1525836683.77	2018-05-08 20:31:23.771893	645737.945717
1525836683.82	2018-05-08 20:31:23.822237	618387.282042
1525836683.87	2018-05-08 20:31:23.872585	588316.030516
1525836683.92	2018-05-08 20:31:23.922907	618697.845384
1525836683.97	2018-05-08 20:31:23.973325	587428.64665
1525836684.02	2018-05-08 20:31:24.023692	646893.374459
1525836684.07	2018-05-08 20:31:24.074155	616929.469155
1525836684.12	2018-05-08 20:31:24.124656	586615.944056
1525836684.18	2018-05-08 20:31:24.175019	618179.437498
1525836684.23	2018-05-08 20:31:24.225447	587289.800889
1525836684.28	2018-05-08 20:31:24.275757	618832.715234
1525836684.33	2018-05-08 20:31:24.325979	648757.461193
1525836684.38	2018-05-08 20:31:24.376422	558603.383372
1525836684.43	2018-05-08 20:31:24.426773	647071.028466
1525836684.48	2018-05-08 20:31:24.477074	618894.305804
1525836684.53	2018-05-08 20:31:24.527516	587312.0118
1525836684.58	2018-05-08 20:31:24.577894	618044.852221
1525836684.63	2018-05-08 20:31:24.628529	584832.035551
1525836684.68	2018-05-08 20:31:24.678972	645942.44288
1525836684.73	2018-05-08 20:31:24.729418	617151.056911
1525836684.78	2018-05-08 20:31:24.780028	585316.977758
1525836684.83	2018-05-08 20:31:24.830283	619422.728306
1525836684.88	2018-05-08 20:31:24.880632	588293.743601
1525836684.93	2018-05-08 20:31:24.930872	619693.159534
1525836684.98	2018-05-08 20:31:24.982032	636890.241635
1525836685.03	2018-05-08 20:31:25.032438	558978.623713
1525836685.08	2018-05-08 20:31:25.083391	639414.26098
1525836685.13	2018-05-08 20:31:25.133726	618475.145689
1525836685.18	2018-05-08 20:31:25.184148	587639.817987
1525836685.24	2018-05-08 20:31:25.235144	610446.342692
1525836685.29	2018-05-08 20:31:25.285506	647135.375532
1525836685.34	2018-05-08 20:31:25.336520	580454.627974
1525836685.39	2018-05-08 20:31:25.387310	612947.78444
1525836685.44	2018-05-08 20:31:25.437880	585791.676199
1525836685.49	2018-05-08 20:31:25.489184	606699.81154
1525836685.54	2018-05-08 20:31:25.539519	647432.76385
1525836685.59	2018-05-08 20:31:25.589784	619284.664292
1525836685.64	2018-05-08 20:31:25.640083	588985.424049
1525836685.69	2018-05-08 20:31:25.690336	619431.542993
1525836685.74	2018-05-08 20:31:25.740671	588564.086374
1525836685.79	2018-05-08 20:31:25.791612	611129.127036
1525836685.84	2018-05-08 20:31:25.841963	588352.250353
1525836685.89	2018-05-08 20:31:25.893512	604039.376725
1525836685.94	2018-05-08 20:31:25.943998	586627.023831
1525836686.0	2018-05-08 20:31:25.995397	633744.732713
1525836686.05	2018-05-08 20:31:26.045869	589486.244611
1525836686.1	2018-05-08 20:31:26.096642	618386.176839
1525836686.15	2018-05-08 20:31:26.147642	615671.534925
1525836686.2	2018-05-08 20:31:26.199662	631386.960274
1525836686.25	2018-05-08 20:31:26.249983	621318.018364
1525836686.3	2018-05-08 20:31:26.300169	595465.834039
1525836686.35	2018-05-08 20:31:26.350878	646612.82566
1525836686.4	2018-05-08 20:31:26.403472	563095.896188
1525836686.45	2018-05-08 20:31:26.453860	646556.71225
1525836686.51	2018-05-08 20:31:26.505164	577411.516506
1525836686.56	2018-05-08 20:31:26.555697	674742.572089
1525836686.61	2018-05-08 20:31:26.606000	588748.17303
1525836686.66	2018-05-08 20:31:26.656465	616955.701504
1525836686.71	2018-05-08 20:31:26.706958	586579.937676
1525836686.76	2018-05-08 20:31:26.757360	587698.194737
1525836686.81	2018-05-08 20:31:26.807726	618144.322645
1525836686.86	2018-05-08 20:31:26.858147	587486.981449
1525836686.91	2018-05-08 20:31:26.908507	618205.776257
1525836686.96	2018-05-08 20:31:26.958927	646223.456082
1525836687.01	2018-05-08 20:31:27.009380	558371.092804
1525836687.06	2018-05-08 20:31:27.059735	647058.773333
