1525836597.08	2018-05-08 20:29:57.081158	0.0
1525836597.13	2018-05-08 20:29:57.131559	296444.570094
1525836597.18	2018-05-08 20:29:57.181963	467557.203472
1525836597.23	2018-05-08 20:29:57.232252	117770.842913
1525836597.28	2018-05-08 20:29:57.282752	587923.055883
1525836597.33	2018-05-08 20:29:57.333127	529181.209095
1525836597.38	2018-05-08 20:29:57.383420	58893.7958549
1525836597.43	2018-05-08 20:29:57.433783	117614.193459
1525836597.48	2018-05-08 20:29:57.484218	528593.305025
1525836597.53	2018-05-08 20:29:57.534604	587895.649672
1525836597.58	2018-05-08 20:29:57.584913	0.0
1525836597.64	2018-05-08 20:29:57.635159	147987.444391
1525836597.69	2018-05-08 20:29:57.686845	573366.275516
1525836597.74	2018-05-08 20:29:57.737649	582760.82858
1525836597.79	2018-05-08 20:29:57.788165	29975.4361942
1525836597.84	2018-05-08 20:29:57.838587	58734.8108113
1525836597.89	2018-05-08 20:29:57.889085	586593.78576
1525836597.94	2018-05-08 20:29:57.939455	529211.264824
1525836597.99	2018-05-08 20:29:57.990059	205603.137255
1525836598.04	2018-05-08 20:29:58.042272	28981.5493334
1525836598.09	2018-05-08 20:29:58.092885	409665.912023
1525836598.14	2018-05-08 20:29:58.143327	528455.899046
1525836598.19	2018-05-08 20:29:58.193566	471684.776559
1525836598.24	2018-05-08 20:29:58.243994	0.0
1525836598.29	2018-05-08 20:29:58.294271	117827.249515
1525836598.38	2018-05-08 20:29:58.381179	511336.276784
1525836598.43	2018-05-08 20:29:58.431553	559179.663759
1525836598.48	2018-05-08 20:29:58.481918	0.0
1525836598.53	2018-05-08 20:29:58.532172	58933.4670171
1525836598.58	2018-05-08 20:29:58.583550	461226.095235
1525836598.63	2018-05-08 20:29:58.634033	558194.36471
1525836598.68	2018-05-08 20:29:58.684468	528465.8898
1525836598.73	2018-05-08 20:29:58.734930	0.0
1525836598.79	2018-05-08 20:29:58.785436	58638.3365413
1525836598.84	2018-05-08 20:29:58.835865	411184.498842
1525836598.89	2018-05-08 20:29:58.886264	559068.544808
1525836598.94	2018-05-08 20:29:58.936765	586743.386749
1525836598.99	2018-05-08 20:29:58.987144	58748.9759585
1525836599.04	2018-05-08 20:29:59.038444	0.0
1525836599.09	2018-05-08 20:29:59.088812	324043.591314
1525836599.18	2018-05-08 20:29:59.181083	545736.391773
1525836599.23	2018-05-08 20:29:59.231573	440659.208885
1525836599.28	2018-05-08 20:29:59.281866	0.0
1525836599.33	2018-05-08 20:29:59.332235	58794.2947304
1525836599.38	2018-05-08 20:29:59.382633	352737.389803
1525836599.43	2018-05-08 20:29:59.433201	527254.772295
1525836599.48	2018-05-08 20:29:59.483924	613829.437649
1525836599.53	2018-05-08 20:29:59.534524	292513.784458
1525836599.58	2018-05-08 20:29:59.584789	0.0
1525836599.64	2018-05-08 20:29:59.635029	58939.3384159
1525836599.69	2018-05-08 20:29:59.685301	412493.177515
1525836599.74	2018-05-08 20:29:59.735709	559714.004219
1525836599.79	2018-05-08 20:29:59.786055	647211.99587
1525836599.84	2018-05-08 20:29:59.836542	264730.731487
1525836599.89	2018-05-08 20:29:59.887048	0.0
1525836599.94	2018-05-08 20:29:59.937346	58887.9335258
1525836599.99	2018-05-08 20:29:59.987665	412059.280717
1525836600.04	2018-05-08 20:30:00.038022	470532.501285
1525836600.09	2018-05-08 20:30:00.088365	618437.068377
1525836600.14	2018-05-08 20:30:00.139980	459216.502259
1525836600.19	2018-05-08 20:30:00.190257	0.0
1525836600.24	2018-05-08 20:30:00.240580	0.0
1525836600.29	2018-05-08 20:30:00.291000	176281.105743
1525836600.38	2018-05-08 20:30:00.381054	543045.189006
1525836600.43	2018-05-08 20:30:00.431373	647457.302923
1525836600.48	2018-05-08 20:30:00.482982	373708.037403
1525836600.53	2018-05-08 20:30:00.533309	0.0
1525836600.58	2018-05-08 20:30:00.583865	0.0
1525836600.63	2018-05-08 20:30:00.634659	174993.240512
1525836600.69	2018-05-08 20:30:00.685171	527610.55314
1525836600.74	2018-05-08 20:30:00.735484	618779.933073
1525836600.79	2018-05-08 20:30:00.785971	586895.836585
1525836600.84	2018-05-08 20:30:00.836550	351385.536041
1525836600.89	2018-05-08 20:30:00.886845	0.0
1525836600.94	2018-05-08 20:30:00.938409	0.0
1525836600.99	2018-05-08 20:30:00.988958	205768.986127
1525836601.04	2018-05-08 20:30:01.039565	351239.831159
1525836601.09	2018-05-08 20:30:01.090068	586383.365413
1525836601.14	2018-05-08 20:30:01.140797	613757.312026
1525836601.19	2018-05-08 20:30:01.191286	586602.094925
1525836601.24	2018-05-08 20:30:01.243797	0.0
1525836601.29	2018-05-08 20:30:01.294442	0.0
1525836601.35	2018-05-08 20:30:01.345145	116982.3771
1525836601.4	2018-05-08 20:30:01.395832	379908.919863
1525836601.45	2018-05-08 20:30:01.446286	411044.567453
1525836601.5	2018-05-08 20:30:01.498652	623056.921472
1525836601.55	2018-05-08 20:30:01.549096	616306.37866
1525836601.6	2018-05-08 20:30:01.599339	294755.42362
1525836601.65	2018-05-08 20:30:01.649888	0.0
1525836601.7	2018-05-08 20:30:01.700266	0.0
1525836601.75	2018-05-08 20:30:01.751419	174006.309061
1525836601.8	2018-05-08 20:30:01.801786	382257.150693
1525836601.85	2018-05-08 20:30:01.852011	471787.772813
1525836601.9	2018-05-08 20:30:01.902472	586998.438328
1525836601.95	2018-05-08 20:30:01.953909	605321.772854
1525836602.0	2018-05-08 20:30:02.004292	411501.640221
1525836602.05	2018-05-08 20:30:02.054722	0.0
1525836602.11	2018-05-08 20:30:02.105107	0.0
1525836602.16	2018-05-08 20:30:02.155441	176575.918133
1525836602.21	2018-05-08 20:30:02.207373	114083.035179
1525836602.3	2018-05-08 20:30:02.295784	251642.631099
1525836602.35	2018-05-08 20:30:02.350122	545027.85556
1525836602.4	2018-05-08 20:30:02.400535	617676.505511
1525836602.45	2018-05-08 20:30:02.451265	583782.250354
1525836602.5	2018-05-08 20:30:02.501731	234851.528805
1525836602.55	2018-05-08 20:30:02.552403	0.0
1525836602.6	2018-05-08 20:30:02.603119	0.0
1525836602.65	2018-05-08 20:30:02.653463	176470.574545
1525836602.7	2018-05-08 20:30:02.703993	264463.398632
1525836602.75	2018-05-08 20:30:02.754337	412156.925559
1525836602.81	2018-05-08 20:30:02.805026	642477.470913
1525836602.86	2018-05-08 20:30:02.855365	618352.143572
1525836602.91	2018-05-08 20:30:02.905685	588633.802622
1525836602.96	2018-05-08 20:30:02.955999	176603.528907
1525836603.01	2018-05-08 20:30:03.006208	0.0
1525836603.06	2018-05-08 20:30:03.058435	0.0
1525836603.11	2018-05-08 20:30:03.109072	206369.630793
1525836603.16	2018-05-08 20:30:03.159412	117128.512014
1525836603.21	2018-05-08 20:30:03.209854	352437.190608
1525836603.26	2018-05-08 20:30:03.260602	615104.653393
1525836603.31	2018-05-08 20:30:03.311159	619331.414902
1525836603.36	2018-05-08 20:30:03.361802	443631.918498
1525836603.41	2018-05-08 20:30:03.412521	0.0
1525836603.46	2018-05-08 20:30:03.462901	0.0
1525836603.51	2018-05-08 20:30:03.513148	148049.245698
1525836603.56	2018-05-08 20:30:03.563834	294789.156799
1525836603.61	2018-05-08 20:30:03.614345	557751.717164
1525836603.66	2018-05-08 20:30:03.664602	589382.19964
1525836603.72	2018-05-08 20:30:03.715502	523732.989985
1525836603.77	2018-05-08 20:30:03.766281	29836.7073218
1525836603.82	2018-05-08 20:30:03.816773	0.0
1525836603.87	2018-05-08 20:30:03.867201	117500.174479
1525836603.92	2018-05-08 20:30:03.917574	352702.340215
1525836603.97	2018-05-08 20:30:03.968119	527590.636638
1525836604.02	2018-05-08 20:30:04.019557	633321.807425
1525836604.07	2018-05-08 20:30:04.069978	587420.314053
1525836604.12	2018-05-08 20:30:04.120542	0.0
1525836604.17	2018-05-08 20:30:04.170948	30034.840659
1525836604.22	2018-05-08 20:30:04.221312	117605.286456
1525836604.27	2018-05-08 20:30:04.271989	233859.055192
1525836604.32	2018-05-08 20:30:04.322438	528206.252927
1525836604.37	2018-05-08 20:30:04.372814	559378.200362
1525836604.42	2018-05-08 20:30:04.423315	586521.78286
1525836604.47	2018-05-08 20:30:04.473583	353496.835404
1525836604.52	2018-05-08 20:30:04.524242	0.0
1525836604.57	2018-05-08 20:30:04.574840	58538.5926833
1525836604.63	2018-05-08 20:30:04.625295	117556.322043
1525836604.68	2018-05-08 20:30:04.675730	264604.49306
1525836604.73	2018-05-08 20:30:04.726178	528425.929053
1525836604.78	2018-05-08 20:30:04.776630	145374.15364
1525836604.83	2018-05-08 20:30:04.827109	0.0
1525836604.88	2018-05-08 20:30:04.878693	0.0
1525836604.93	2018-05-08 20:30:04.930390	0.0
1525836604.98	2018-05-08 20:30:04.981747	0.0
1525836605.03	2018-05-08 20:30:05.032042	0.0
1525836605.08	2018-05-08 20:30:05.082403	0.0
1525836605.13	2018-05-08 20:30:05.132915	0.0
1525836605.18	2018-05-08 20:30:05.183289	0.0
1525836605.23	2018-05-08 20:30:05.233727	0.0
1525836605.28	2018-05-08 20:30:05.284316	0.0
1525836605.33	2018-05-08 20:30:05.334791	0.0
1525836605.39	2018-05-08 20:30:05.385150	0.0
1525836605.44	2018-05-08 20:30:05.435727	0.0
1525836605.49	2018-05-08 20:30:05.486083	0.0
1525836605.54	2018-05-08 20:30:05.536495	0.0
1525836605.59	2018-05-08 20:30:05.586955	0.0
1525836605.64	2018-05-08 20:30:05.637528	0.0
1525836605.69	2018-05-08 20:30:05.688138	0.0
1525836605.74	2018-05-08 20:30:05.738554	0.0
1525836605.79	2018-05-08 20:30:05.789001	0.0
1525836605.84	2018-05-08 20:30:05.839356	0.0
1525836605.89	2018-05-08 20:30:05.889719	0.0
1525836605.94	2018-05-08 20:30:05.940200	0.0
1525836605.99	2018-05-08 20:30:05.991074	0.0
1525836606.04	2018-05-08 20:30:06.041375	0.0
1525836606.09	2018-05-08 20:30:06.091786	0.0
1525836606.14	2018-05-08 20:30:06.142043	0.0
1525836606.19	2018-05-08 20:30:06.192455	0.0
1525836606.24	2018-05-08 20:30:06.242635	0.0
1525836606.29	2018-05-08 20:30:06.292957	0.0
1525836606.34	2018-05-08 20:30:06.343401	0.0
1525836606.39	2018-05-08 20:30:06.394053	0.0
1525836606.44	2018-05-08 20:30:06.444588	0.0
1525836606.5	2018-05-08 20:30:06.496121	0.0
1525836606.55	2018-05-08 20:30:06.548517	0.0
1525836606.6	2018-05-08 20:30:06.598950	0.0
1525836606.65	2018-05-08 20:30:06.649468	0.0
1525836606.7	2018-05-08 20:30:06.699867	0.0
1525836606.75	2018-05-08 20:30:06.750412	0.0
1525836606.8	2018-05-08 20:30:06.801009	0.0
1525836606.85	2018-05-08 20:30:06.851479	0.0
1525836606.9	2018-05-08 20:30:06.901692	0.0
1525836606.95	2018-05-08 20:30:06.952101	0.0
1525836607.0	2018-05-08 20:30:07.002336	0.0
1525836607.05	2018-05-08 20:30:07.052809	0.0
1525836607.1	2018-05-08 20:30:07.103127	0.0
1525836607.15	2018-05-08 20:30:07.153893	0.0
1525836607.2	2018-05-08 20:30:07.204352	0.0
1525836607.25	2018-05-08 20:30:07.254774	0.0
1525836607.3	2018-05-08 20:30:07.304993	0.0
1525836607.36	2018-05-08 20:30:07.355370	0.0
1525836607.41	2018-05-08 20:30:07.405636	0.0
1525836607.46	2018-05-08 20:30:07.456013	0.0
1525836607.51	2018-05-08 20:30:07.506485	0.0
1525836607.56	2018-05-08 20:30:07.556818	0.0
1525836607.61	2018-05-08 20:30:07.607206	0.0
1525836607.66	2018-05-08 20:30:07.657467	0.0
1525836607.71	2018-05-08 20:30:07.707650	0.0
1525836607.76	2018-05-08 20:30:07.758314	0.0
1525836607.81	2018-05-08 20:30:07.808701	0.0
1525836607.86	2018-05-08 20:30:07.859207	0.0
1525836607.91	2018-05-08 20:30:07.909614	0.0
1525836607.96	2018-05-08 20:30:07.959877	0.0
1525836608.01	2018-05-08 20:30:08.010359	0.0
1525836608.06	2018-05-08 20:30:08.060554	0.0
1525836608.11	2018-05-08 20:30:08.110992	0.0
1525836608.16	2018-05-08 20:30:08.161454	0.0
1525836608.21	2018-05-08 20:30:08.211842	0.0
1525836608.26	2018-05-08 20:30:08.262175	0.0
1525836608.31	2018-05-08 20:30:08.312927	0.0
1525836608.37	2018-05-08 20:30:08.365524	0.0
1525836608.42	2018-05-08 20:30:08.415848	0.0
1525836608.47	2018-05-08 20:30:08.466221	0.0
1525836608.52	2018-05-08 20:30:08.516630	0.0
1525836608.57	2018-05-08 20:30:08.566924	0.0
1525836608.62	2018-05-08 20:30:08.617355	0.0
1525836608.67	2018-05-08 20:30:08.667666	0.0
1525836608.72	2018-05-08 20:30:08.717962	0.0
1525836608.77	2018-05-08 20:30:08.768429	0.0
1525836608.82	2018-05-08 20:30:08.819116	0.0
1525836608.87	2018-05-08 20:30:08.869628	0.0
1525836608.92	2018-05-08 20:30:08.920015	0.0
1525836608.97	2018-05-08 20:30:08.970373	0.0
1525836609.02	2018-05-08 20:30:09.020642	0.0
1525836609.07	2018-05-08 20:30:09.070959	0.0
1525836609.12	2018-05-08 20:30:09.122451	0.0
1525836609.17	2018-05-08 20:30:09.172836	0.0
1525836609.22	2018-05-08 20:30:09.223134	0.0
1525836609.27	2018-05-08 20:30:09.273441	0.0
1525836609.32	2018-05-08 20:30:09.323689	0.0
1525836609.37	2018-05-08 20:30:09.374076	0.0
1525836609.42	2018-05-08 20:30:09.424272	0.0
1525836609.47	2018-05-08 20:30:09.474609	0.0
1525836609.52	2018-05-08 20:30:09.524876	0.0
1525836609.58	2018-05-08 20:30:09.575118	0.0
1525836609.63	2018-05-08 20:30:09.625430	0.0
1525836609.68	2018-05-08 20:30:09.675821	0.0
1525836609.73	2018-05-08 20:30:09.726105	0.0
1525836609.78	2018-05-08 20:30:09.776524	0.0
1525836609.83	2018-05-08 20:30:09.827014	0.0
1525836609.88	2018-05-08 20:30:09.877288	0.0
1525836609.93	2018-05-08 20:30:09.927770	0.0
1525836609.98	2018-05-08 20:30:09.978049	0.0
1525836610.03	2018-05-08 20:30:10.028396	0.0
1525836610.08	2018-05-08 20:30:10.078911	0.0
1525836610.13	2018-05-08 20:30:10.129228	0.0
1525836610.18	2018-05-08 20:30:10.179638	0.0
1525836610.23	2018-05-08 20:30:10.230093	0.0
1525836610.28	2018-05-08 20:30:10.280528	0.0
1525836610.33	2018-05-08 20:30:10.331556	0.0
1525836610.38	2018-05-08 20:30:10.381979	0.0
1525836610.43	2018-05-08 20:30:10.432651	0.0
1525836610.48	2018-05-08 20:30:10.483271	0.0
1525836610.53	2018-05-08 20:30:10.533743	0.0
1525836610.58	2018-05-08 20:30:10.584022	0.0
1525836610.63	2018-05-08 20:30:10.634574	0.0
1525836610.69	2018-05-08 20:30:10.685074	0.0
1525836610.74	2018-05-08 20:30:10.735564	0.0
1525836610.79	2018-05-08 20:30:10.785824	0.0
1525836610.84	2018-05-08 20:30:10.836231	0.0
1525836610.89	2018-05-08 20:30:10.886684	0.0
1525836610.94	2018-05-08 20:30:10.936966	0.0
1525836610.99	2018-05-08 20:30:10.987367	0.0
1525836611.04	2018-05-08 20:30:11.037649	0.0
1525836611.09	2018-05-08 20:30:11.087960	0.0
1525836611.14	2018-05-08 20:30:11.138284	0.0
1525836611.19	2018-05-08 20:30:11.188489	0.0
1525836611.24	2018-05-08 20:30:11.241776	0.0
1525836611.29	2018-05-08 20:30:11.292123	0.0
1525836611.34	2018-05-08 20:30:11.342427	0.0
1525836611.39	2018-05-08 20:30:11.392657	0.0
1525836611.44	2018-05-08 20:30:11.442934	0.0
1525836611.49	2018-05-08 20:30:11.493299	0.0
1525836611.54	2018-05-08 20:30:11.543815	0.0
1525836611.59	2018-05-08 20:30:11.594235	0.0
1525836611.64	2018-05-08 20:30:11.644426	0.0
1525836611.69	2018-05-08 20:30:11.694612	0.0
1525836611.75	2018-05-08 20:30:11.745151	0.0
1525836611.8	2018-05-08 20:30:11.795452	0.0
1525836611.85	2018-05-08 20:30:11.846311	0.0
1525836611.9	2018-05-08 20:30:11.896689	0.0
1525836611.95	2018-05-08 20:30:11.946977	0.0
1525836612.0	2018-05-08 20:30:11.997373	0.0
1525836612.05	2018-05-08 20:30:12.047718	0.0
1525836612.1	2018-05-08 20:30:12.099796	0.0
1525836612.15	2018-05-08 20:30:12.150624	0.0
1525836612.2	2018-05-08 20:30:12.201136	0.0
1525836612.25	2018-05-08 20:30:12.251371	0.0
1525836612.3	2018-05-08 20:30:12.301807	0.0
1525836612.35	2018-05-08 20:30:12.352060	0.0
1525836612.4	2018-05-08 20:30:12.402741	0.0
1525836612.45	2018-05-08 20:30:12.453137	0.0
1525836612.5	2018-05-08 20:30:12.503429	0.0
1525836612.55	2018-05-08 20:30:12.553886	0.0
1525836612.6	2018-05-08 20:30:12.604080	0.0
1525836612.65	2018-05-08 20:30:12.654302	0.0
1525836612.7	2018-05-08 20:30:12.704684	0.0
1525836612.76	2018-05-08 20:30:12.755059	0.0
1525836612.81	2018-05-08 20:30:12.805413	0.0
1525836612.86	2018-05-08 20:30:12.855864	0.0
1525836612.91	2018-05-08 20:30:12.906321	0.0
1525836612.96	2018-05-08 20:30:12.956509	0.0
1525836613.01	2018-05-08 20:30:13.007005	0.0
1525836613.06	2018-05-08 20:30:13.058248	0.0
1525836613.11	2018-05-08 20:30:13.108658	177576.980122
1525836613.16	2018-05-08 20:30:13.158855	118016.970314
1525836613.21	2018-05-08 20:30:13.209277	0.0
1525836613.26	2018-05-08 20:30:13.259544	0.0
1525836613.31	2018-05-08 20:30:13.309938	0.0
1525836613.36	2018-05-08 20:30:13.360231	1550.94203091
1525836613.41	2018-05-08 20:30:13.410679	0.0
1525836613.46	2018-05-08 20:30:13.461071	0.0
1525836613.51	2018-05-08 20:30:13.511432	235261.795454
1525836613.58	2018-05-08 20:30:13.581274	254525.736225
1525836613.63	2018-05-08 20:30:13.633882	0.0
1525836613.68	2018-05-08 20:30:13.684292	0.0
1525836613.73	2018-05-08 20:30:13.734516	0.0
1525836613.78	2018-05-08 20:30:13.784809	0.0
1525836613.84	2018-05-08 20:30:13.837041	0.0
1525836613.89	2018-05-08 20:30:13.887338	0.0
1525836613.94	2018-05-08 20:30:13.937813	0.0
1525836613.99	2018-05-08 20:30:13.988227	528708.281273
1525836614.04	2018-05-08 20:30:14.038665	117441.860083
1525836614.09	2018-05-08 20:30:14.089193	119866.098297
1525836614.14	2018-05-08 20:30:14.139611	0.0
1525836614.19	2018-05-08 20:30:14.189979	0.0
1525836614.24	2018-05-08 20:30:14.240291	0.0
1525836614.29	2018-05-08 20:30:14.290630	0.0
1525836614.34	2018-05-08 20:30:14.341268	410612.110116
1525836614.39	2018-05-08 20:30:14.391749	234701.788536
1525836614.44	2018-05-08 20:30:14.442094	30077.9459275
1525836614.49	2018-05-08 20:30:14.492388	0.0
1525836614.54	2018-05-08 20:30:14.542627	0.0
1525836614.59	2018-05-08 20:30:14.592911	0.0
1525836614.64	2018-05-08 20:30:14.643373	0.0
1525836614.69	2018-05-08 20:30:14.693616	471619.867247
1525836614.78	2018-05-08 20:30:14.781540	118291.986821
1525836614.83	2018-05-08 20:30:14.833709	29058.8677698
1525836614.88	2018-05-08 20:30:14.884226	0.0
1525836614.94	2018-05-08 20:30:14.935016	0.0
1525836614.99	2018-05-08 20:30:14.985314	0.0
1525836615.04	2018-05-08 20:30:15.035745	117474.064687
1525836615.09	2018-05-08 20:30:15.086020	412379.728933
1525836615.14	2018-05-08 20:30:15.136316	176709.031335
1525836615.19	2018-05-08 20:30:15.186594	0.0
1525836615.24	2018-05-08 20:30:15.237072	29987.8930477
1525836615.29	2018-05-08 20:30:15.287447	0.0
1525836615.34	2018-05-08 20:30:15.339532	0.0
1525836615.39	2018-05-08 20:30:15.390462	0.0
1525836615.44	2018-05-08 20:30:15.440993	175862.715727
1525836615.49	2018-05-08 20:30:15.491404	382604.290659
1525836615.54	2018-05-08 20:30:15.541891	176062.097142
1525836615.59	2018-05-08 20:30:15.592422	0.0
1525836615.64	2018-05-08 20:30:15.642784	0.0
1525836615.69	2018-05-08 20:30:15.693216	30020.6416013
1525836615.74	2018-05-08 20:30:15.743664	0.0
1525836615.79	2018-05-08 20:30:15.793878	0.0
1525836615.84	2018-05-08 20:30:15.844404	175974.812172
1525836615.89	2018-05-08 20:30:15.894585	354150.156016
1525836615.94	2018-05-08 20:30:15.944960	235061.486465
1525836616.0	2018-05-08 20:30:15.995345	0.0
1525836616.05	2018-05-08 20:30:16.045592	0.0
1525836616.1	2018-05-08 20:30:16.096099	0.0
1525836616.15	2018-05-08 20:30:16.146396	30100.6150594
1525836616.2	2018-05-08 20:30:16.196694	0.0
1525836616.25	2018-05-08 20:30:16.247098	0.0
1525836616.3	2018-05-08 20:30:16.297580	323362.560611
1525836616.35	2018-05-08 20:30:16.347800	294902.354941
1525836616.4	2018-05-08 20:30:16.398161	117633.125321
1525836616.45	2018-05-08 20:30:16.448512	0.0
1525836616.5	2018-05-08 20:30:16.499539	0.0
1525836616.55	2018-05-08 20:30:16.549863	0.0
1525836616.6	2018-05-08 20:30:16.601608	57306.4769663
1525836616.65	2018-05-08 20:30:16.652032	0.0
1525836616.7	2018-05-08 20:30:16.702683	0.0
1525836616.75	2018-05-08 20:30:16.753216	351662.376812
1525836616.8	2018-05-08 20:30:16.803642	352472.187516
1525836616.85	2018-05-08 20:30:16.854053	30030.8635691
1525836616.9	2018-05-08 20:30:16.904381	0.0
1525836616.96	2018-05-08 20:30:16.955421	0.0
1525836617.01	2018-05-08 20:30:17.006009	0.0
1525836617.06	2018-05-08 20:30:17.056216	58995.8754885
1525836617.11	2018-05-08 20:30:17.107810	0.0
1525836617.16	2018-05-08 20:30:17.158770	0.0
1525836617.21	2018-05-08 20:30:17.209250	352080.951312
1525836617.28	2018-05-08 20:30:17.281171	247142.589446
1525836617.33	2018-05-08 20:30:17.331419	30130.6078432
1525836617.38	2018-05-08 20:30:17.382948	0.0
1525836617.43	2018-05-08 20:30:17.433591	0.0
1525836617.48	2018-05-08 20:30:17.484140	0.0
1525836617.53	2018-05-08 20:30:17.534579	58762.8699921
1525836617.59	2018-05-08 20:30:17.585141	0.0
1525836617.64	2018-05-08 20:30:17.635485	176386.223179
1525836617.69	2018-05-08 20:30:17.685896	235010.351101
1525836617.74	2018-05-08 20:30:17.736354	176151.966349
1525836617.79	2018-05-08 20:30:17.786803	117416.331054
1525836617.84	2018-05-08 20:30:17.837118	30085.641048
1525836617.89	2018-05-08 20:30:17.887532	0.0
1525836617.94	2018-05-08 20:30:17.938004	0.0
1525836617.99	2018-05-08 20:30:17.988528	58626.7145237
1525836618.04	2018-05-08 20:30:18.038994	0.0
1525836618.09	2018-05-08 20:30:18.089484	0.0
1525836618.18	2018-05-08 20:30:18.181199	226057.309647
1525836618.23	2018-05-08 20:30:18.231793	292982.870511
1525836618.28	2018-05-08 20:30:18.282330	0.0
1525836618.33	2018-05-08 20:30:18.332577	58948.8469711
1525836618.38	2018-05-08 20:30:18.383021	0.0
1525836618.43	2018-05-08 20:30:18.433310	58899.6593513
1525836618.48	2018-05-08 20:30:18.483912	0.0
1525836618.54	2018-05-08 20:30:18.535292	0.0
1525836618.59	2018-05-08 20:30:18.587826	169138.055438
1525836618.64	2018-05-08 20:30:18.638205	117567.446738
1525836618.69	2018-05-08 20:30:18.688785	409853.190075
1525836618.74	2018-05-08 20:30:18.739178	0.0
1525836618.79	2018-05-08 20:30:18.789654	58673.2302577
1525836618.84	2018-05-08 20:30:18.840165	0.0
1525836618.89	2018-05-08 20:30:18.890554	0.0
1525836618.94	2018-05-08 20:30:18.942898	113124.22327
1525836618.99	2018-05-08 20:30:18.993411	0.0
1525836619.04	2018-05-08 20:30:19.043849	293639.348032
1525836619.09	2018-05-08 20:30:19.094365	234530.099826
1525836619.18	2018-05-08 20:30:19.181414	153676.098527
1525836619.23	2018-05-08 20:30:19.231794	0.0
1525836619.28	2018-05-08 20:30:19.282027	117920.634502
1525836619.33	2018-05-08 20:30:19.332407	0.0
1525836619.38	2018-05-08 20:30:19.382692	235620.978877
1525836619.43	2018-05-08 20:30:19.432954	117852.957563
1525836619.48	2018-05-08 20:30:19.483374	352563.879031
1525836619.53	2018-05-08 20:30:19.533876	117288.298556
1525836619.58	2018-05-08 20:30:19.584210	58846.9298774
1525836619.64	2018-05-08 20:30:19.635436	0.0
1525836619.69	2018-05-08 20:30:19.685929	117239.597686
1525836619.74	2018-05-08 20:30:19.736784	0.0
1525836619.79	2018-05-08 20:30:19.787389	263951.480954
1525836619.84	2018-05-08 20:30:19.837897	293325.977428
1525836619.89	2018-05-08 20:30:19.888293	235032.581134
1525836619.94	2018-05-08 20:30:19.938676	117590.815453
1525836619.99	2018-05-08 20:30:19.989124	58725.6487672
1525836620.04	2018-05-08 20:30:20.039412	0.0
1525836620.09	2018-05-08 20:30:20.089711	176667.15021
1525836620.14	2018-05-08 20:30:20.140088	0.0
1525836620.19	2018-05-08 20:30:20.190419	265493.214183
1525836620.24	2018-05-08 20:30:20.240691	176765.183184
1525836620.29	2018-05-08 20:30:20.291188	351941.315807
1525836620.34	2018-05-08 20:30:20.341664	176037.149745
1525836620.39	2018-05-08 20:30:20.392059	58805.983291
1525836620.44	2018-05-08 20:30:20.442377	58834.1105313
1525836620.49	2018-05-08 20:30:20.492583	58996.9961297
1525836620.54	2018-05-08 20:30:20.542971	117775.308793
1525836620.59	2018-05-08 20:30:20.593218	0.0
1525836620.64	2018-05-08 20:30:20.643591	324061.995911
1525836620.69	2018-05-08 20:30:20.694331	233518.386662
1525836620.74	2018-05-08 20:30:20.744676	235326.412206
1525836620.8	2018-05-08 20:30:20.795187	234557.774562
1525836620.85	2018-05-08 20:30:20.845495	176631.985403
1525836620.9	2018-05-08 20:30:20.896084	58559.5631811
1525836620.95	2018-05-08 20:30:20.946606	0.0
1525836621.0	2018-05-08 20:30:20.996968	117630.340842
1525836621.05	2018-05-08 20:30:21.047442	0.0
1525836621.1	2018-05-08 20:30:21.097891	118733.457909
1525836621.15	2018-05-08 20:30:21.148308	266333.980139
1525836621.2	2018-05-08 20:30:21.198533	119263.268885
1525836621.25	2018-05-08 20:30:21.248976	177463.6749
1525836621.3	2018-05-08 20:30:21.299871	174588.294495
1525836621.35	2018-05-08 20:30:21.350218	58834.1105313
1525836621.4	2018-05-08 20:30:21.400647	0.0
1525836621.45	2018-05-08 20:30:21.451133	117369.741454
1525836621.5	2018-05-08 20:30:21.501466	0.0
1525836621.55	2018-05-08 20:30:21.551857	235125.993215
1525836621.6	2018-05-08 20:30:21.604014	227217.756139
1525836621.66	2018-05-08 20:30:21.655349	260229.331823
1525836621.71	2018-05-08 20:30:21.705714	176424.630631
1525836621.76	2018-05-08 20:30:21.756040	58855.2933307
1525836621.81	2018-05-08 20:30:21.806476	117457.960178
1525836621.86	2018-05-08 20:30:21.856872	0.0
1525836621.91	2018-05-08 20:30:21.908341	287734.869213
1525836621.96	2018-05-08 20:30:21.961905	221210.766237
1525836622.01	2018-05-08 20:30:22.012198	265688.300218
1525836622.06	2018-05-08 20:30:22.062604	235045.921172
1525836622.11	2018-05-08 20:30:22.112816	58989.9928206
1525836622.16	2018-05-08 20:30:22.163259	117439.639727
1525836622.21	2018-05-08 20:30:22.213485	0.0
1525836622.26	2018-05-08 20:30:22.263835	235303.012387
1525836622.31	2018-05-08 20:30:22.314255	176267.766462
1525836622.36	2018-05-08 20:30:22.364670	411200.052655
1525836622.42	2018-05-08 20:30:22.415015	265414.003012
1525836622.47	2018-05-08 20:30:22.465253	58958.3585947
1525836622.52	2018-05-08 20:30:22.515832	0.0
1525836622.57	2018-05-08 20:30:22.566196	117644.821575
1525836622.62	2018-05-08 20:30:22.616597	0.0
1525836622.67	2018-05-08 20:30:22.666953	352906.059
1525836622.72	2018-05-08 20:30:22.717271	176565.043532
1525836622.78	2018-05-08 20:30:22.781038	278728.394357
1525836622.83	2018-05-08 20:30:22.831371	265498.24506
1525836622.88	2018-05-08 20:30:22.881874	58645.2565969
1525836622.93	2018-05-08 20:30:22.932233	0.0
1525836622.98	2018-05-08 20:30:22.982720	175991.431208
1525836623.03	2018-05-08 20:30:23.033135	0.0
1525836623.08	2018-05-08 20:30:23.083571	352437.190608
1525836623.13	2018-05-08 20:30:23.133954	235115.981226
1525836623.18	2018-05-08 20:30:23.184375	234972.569694
1525836623.24	2018-05-08 20:30:23.235738	317797.203444
1525836623.29	2018-05-08 20:30:23.286206	58701.230618
1525836623.34	2018-05-08 20:30:23.336695	0.0
1525836623.39	2018-05-08 20:30:23.387248	234371.925766
1525836623.44	2018-05-08 20:30:23.437665	0.0
1525836623.49	2018-05-08 20:30:23.488096	352310.5932
1525836623.54	2018-05-08 20:30:23.539390	173250.027165
1525836623.59	2018-05-08 20:30:23.589907	117276.673083
1525836623.64	2018-05-08 20:30:23.640175	501403.152619
1525836623.69	2018-05-08 20:30:23.690384	58987.4720364
1525836623.74	2018-05-08 20:30:23.740767	0.0
1525836623.79	2018-05-08 20:30:23.791074	235472.487642
1525836623.84	2018-05-08 20:30:23.842367	0.0
1525836623.89	2018-05-08 20:30:23.892700	235392.179469
1525836623.94	2018-05-08 20:30:23.943145	117460.736502
1525836623.99	2018-05-08 20:30:23.993587	234827.113657
1525836624.04	2018-05-08 20:30:24.043888	383404.019983
1525836624.09	2018-05-08 20:30:24.094316	234953.683546
1525836624.14	2018-05-08 20:30:24.144661	58834.1105313
1525836624.2	2018-05-08 20:30:24.195106	0.0
1525836624.25	2018-05-08 20:30:24.245351	235724.922406
1525836624.3	2018-05-08 20:30:24.295708	0.0
1525836624.38	2018-05-08 20:30:24.381155	207993.623251
1525836624.43	2018-05-08 20:30:24.431660	205948.71485
1525836624.48	2018-05-08 20:30:24.482175	410491.605749
1525836624.53	2018-05-08 20:30:24.532559	235131.555799
1525836624.58	2018-05-08 20:30:24.583047	58660.2094925
1525836624.63	2018-05-08 20:30:24.633405	0.0
1525836624.68	2018-05-08 20:30:24.683669	235771.894711
1525836624.73	2018-05-08 20:30:24.734130	0.0
1525836624.78	2018-05-08 20:30:24.784493	235303.012387
1525836624.83	2018-05-08 20:30:24.834902	265019.9083
1525836624.89	2018-05-08 20:30:24.887243	113217.521386
1525836624.94	2018-05-08 20:30:24.938785	520115.157725
1525836624.99	2018-05-08 20:30:24.989231	58376.0305612
1525836625.04	2018-05-08 20:30:25.039606	58804.8698945
1525836625.09	2018-05-08 20:30:25.090017	117500.174479
1525836625.14	2018-05-08 20:30:25.140350	117782.56657
1525836625.19	2018-05-08 20:30:25.190841	58620.9052423
1525836625.24	2018-05-08 20:30:25.241622	146498.209239
1525836625.29	2018-05-08 20:30:25.291992	352737.389803
1525836625.34	2018-05-08 20:30:25.342429	234925.915313
1525836625.39	2018-05-08 20:30:25.392700	412459.918878
1525836625.44	2018-05-08 20:30:25.442983	58903.28972
1525836625.49	2018-05-08 20:30:25.493304	0.0
1525836625.54	2018-05-08 20:30:25.544648	173071.425525
1525836625.6	2018-05-08 20:30:25.595576	29725.8104435
1525836625.65	2018-05-08 20:30:25.646022	234870.398533
1525836625.7	2018-05-08 20:30:25.696271	117892.659404
1525836625.75	2018-05-08 20:30:25.746634	235257.340434
1525836625.8	2018-05-08 20:30:25.797159	410369.572835
1525836625.85	2018-05-08 20:30:25.847643	234692.921031
1525836625.9	2018-05-08 20:30:25.898066	58740.6426917
1525836625.95	2018-05-08 20:30:25.948260	0.0
1525836626.0	2018-05-08 20:30:25.998693	147483.031575
1525836626.05	2018-05-08 20:30:26.049041	0.0
1525836626.1	2018-05-08 20:30:26.099527	293349.526288
1525836626.15	2018-05-08 20:30:26.152678	222974.544652
1525836626.2	2018-05-08 20:30:26.203695	116084.417131
1525836626.25	2018-05-08 20:30:26.254199	469292.755245
1525836626.3	2018-05-08 20:30:26.304538	206644.345803
1525836626.36	2018-05-08 20:30:26.355054	58638.3365413
1525836626.41	2018-05-08 20:30:26.405704	0.0
1525836626.46	2018-05-08 20:30:26.456985	115516.127199
1525836626.51	2018-05-08 20:30:26.507848	58247.3941366
1525836626.56	2018-05-08 20:30:26.558339	234595.422685
1525836626.61	2018-05-08 20:30:26.608725	352997.976417
1525836626.66	2018-05-08 20:30:26.659185	175956.534858
1525836626.71	2018-05-08 20:30:26.709654	440815.332977
1525836626.76	2018-05-08 20:30:26.760058	117530.743232
1525836626.81	2018-05-08 20:30:26.810431	58803.7565402
1525836626.86	2018-05-08 20:30:26.863009	112662.073028
1525836626.91	2018-05-08 20:30:26.913242	0.0
1525836626.96	2018-05-08 20:30:26.963605	176438.828923
1525836627.01	2018-05-08 20:30:27.013976	117607.51308
1525836627.06	2018-05-08 20:30:27.064393	352498.856492
1525836627.11	2018-05-08 20:30:27.114690	324559.711485
1525836627.17	2018-05-08 20:30:27.165148	410916.380654
1525836627.22	2018-05-08 20:30:27.215753	117072.772272
1525836627.27	2018-05-08 20:30:27.266063	0.0
1525836627.32	2018-05-08 20:30:27.316481	117497.951917
1525836627.37	2018-05-08 20:30:27.366670	0.0
1525836627.42	2018-05-08 20:30:27.417886	173497.620527
1525836627.47	2018-05-08 20:30:27.468357	117395.250226
1525836627.52	2018-05-08 20:30:27.518717	324100.345535
1525836627.57	2018-05-08 20:30:27.569131	352513.859564
1525836627.62	2018-05-08 20:30:27.619521	411544.482053
1525836627.67	2018-05-08 20:30:27.669952	117490.729172
1525836627.72	2018-05-08 20:30:27.720548	58537.489389
1525836627.77	2018-05-08 20:30:27.771001	117381.385387
1525836627.82	2018-05-08 20:30:27.821292	0.0
1525836627.87	2018-05-08 20:30:27.872142	116536.312964
1525836627.92	2018-05-08 20:30:27.922848	205099.475741
1525836627.97	2018-05-08 20:30:27.973398	351518.099965
1525836628.02	2018-05-08 20:30:28.023838	234860.408299
1525836628.07	2018-05-08 20:30:28.074530	409253.346585
1525836628.13	2018-05-08 20:30:28.125076	147054.099742
1525836628.18	2018-05-08 20:30:28.175366	176673.849856
1525836628.23	2018-05-08 20:30:28.225667	0.0
1525836628.28	2018-05-08 20:30:28.276047	117600.27686
1525836628.33	2018-05-08 20:30:28.326363	0.0
1525836628.38	2018-05-08 20:30:28.376616	353508.570518
1525836628.43	2018-05-08 20:30:28.427002	236525.305678
1525836628.48	2018-05-08 20:30:28.477210	89122.3146531
1525836628.53	2018-05-08 20:30:28.532161	408682.590451
1525836628.58	2018-05-08 20:30:28.582620	29990.3006787
1525836628.63	2018-05-08 20:30:28.633103	118651.029819
1525836628.68	2018-05-08 20:30:28.683400	88993.4616887
1525836628.73	2018-05-08 20:30:28.733845	0.0
1525836628.78	2018-05-08 20:30:28.784343	293291.35362
1525836628.83	2018-05-08 20:30:28.834695	235368.766569
1525836628.88	2018-05-08 20:30:28.884992	353270.667659
1525836628.94	2018-05-08 20:30:28.935251	235705.915126
1525836628.99	2018-05-08 20:30:28.985637	147620.51138
1525836629.04	2018-05-08 20:30:29.035867	58968.7129675
1525836629.09	2018-05-08 20:30:29.086266	30041.518857
1525836629.18	2018-05-08 20:30:29.181150	312199.943408
1525836629.23	2018-05-08 20:30:29.231465	294305.745813
1525836629.28	2018-05-08 20:30:29.281750	265714.753284
1525836629.33	2018-05-08 20:30:29.332170	176239.427191
1525836629.38	2018-05-08 20:30:29.382637	117406.899221
1525836629.43	2018-05-08 20:30:29.433024	0.0
1525836629.48	2018-05-08 20:30:29.483515	293366.151289
1525836629.53	2018-05-08 20:30:29.533956	117404.680187
1525836629.58	2018-05-08 20:30:29.584435	352065.985066
1525836629.63	2018-05-08 20:30:29.634953	499159.261494
1525836629.69	2018-05-08 20:30:29.685340	176288.609976
1525836629.74	2018-05-08 20:30:29.735604	0.0
1525836629.79	2018-05-08 20:30:29.786002	117562.996608
1525836629.84	2018-05-08 20:30:29.836315	0.0
1525836629.89	2018-05-08 20:30:29.886737	293674.054057
1525836629.94	2018-05-08 20:30:29.937103	176453.0295
1525836629.99	2018-05-08 20:30:29.987609	381856.55454
1525836630.04	2018-05-08 20:30:30.038073	469572.126525
1525836630.09	2018-05-08 20:30:30.088345	176768.536662
1525836630.14	2018-05-08 20:30:30.138768	0.0
1525836630.19	2018-05-08 20:30:30.188995	176892.704864
1525836630.24	2018-05-08 20:30:30.239205	0.0
1525836630.29	2018-05-08 20:30:30.289682	56624.362099
1525836630.34	2018-05-08 20:30:30.340185	0.0
1525836630.39	2018-05-08 20:30:30.390880	0.0
1525836630.44	2018-05-08 20:30:30.441855	0.0
1525836630.49	2018-05-08 20:30:30.492328	0.0
1525836630.54	2018-05-08 20:30:30.542746	0.0
1525836630.59	2018-05-08 20:30:30.593146	0.0
1525836630.64	2018-05-08 20:30:30.643518	0.0
1525836630.69	2018-05-08 20:30:30.693872	0.0
1525836630.74	2018-05-08 20:30:30.744305	0.0
1525836630.79	2018-05-08 20:30:30.794661	0.0
1525836630.85	2018-05-08 20:30:30.845059	0.0
1525836630.9	2018-05-08 20:30:30.895798	0.0
1525836630.95	2018-05-08 20:30:30.946176	0.0
1525836631.0	2018-05-08 20:30:30.996609	0.0
1525836631.05	2018-05-08 20:30:31.047144	0.0
1525836631.1	2018-05-08 20:30:31.097487	0.0
1525836631.15	2018-05-08 20:30:31.147926	0.0
1525836631.2	2018-05-08 20:30:31.198297	0.0
1525836631.25	2018-05-08 20:30:31.248523	0.0
1525836631.3	2018-05-08 20:30:31.298945	0.0
1525836631.35	2018-05-08 20:30:31.349175	0.0
1525836631.4	2018-05-08 20:30:31.399619	0.0
1525836631.45	2018-05-08 20:30:31.450093	0.0
1525836631.5	2018-05-08 20:30:31.501441	0.0
1525836631.55	2018-05-08 20:30:31.552873	0.0
1525836631.6	2018-05-08 20:30:31.603326	0.0
1525836631.65	2018-05-08 20:30:31.653722	0.0
1525836631.7	2018-05-08 20:30:31.703958	0.0
1525836631.75	2018-05-08 20:30:31.754278	0.0
1525836631.8	2018-05-08 20:30:31.804468	0.0
1525836631.85	2018-05-08 20:30:31.854884	0.0
1525836631.91	2018-05-08 20:30:31.905074	0.0
1525836631.96	2018-05-08 20:30:31.955491	0.0
1525836632.01	2018-05-08 20:30:32.006028	0.0
1525836632.06	2018-05-08 20:30:32.056443	0.0
1525836632.11	2018-05-08 20:30:32.106873	0.0
1525836632.16	2018-05-08 20:30:32.157166	0.0
1525836632.21	2018-05-08 20:30:32.207835	0.0
1525836632.26	2018-05-08 20:30:32.258787	0.0
1525836632.31	2018-05-08 20:30:32.309676	0.0
1525836632.36	2018-05-08 20:30:32.360979	0.0
1525836632.41	2018-05-08 20:30:32.411686	0.0
1525836632.46	2018-05-08 20:30:32.461931	0.0
1525836632.51	2018-05-08 20:30:32.512299	0.0
1525836632.56	2018-05-08 20:30:32.563142	0.0
1525836632.61	2018-05-08 20:30:32.613358	0.0
1525836632.66	2018-05-08 20:30:32.663642	0.0
1525836632.71	2018-05-08 20:30:32.713955	0.0
1525836632.76	2018-05-08 20:30:32.764240	0.0
1525836632.81	2018-05-08 20:30:32.814613	0.0
1525836632.86	2018-05-08 20:30:32.864983	0.0
1525836632.92	2018-05-08 20:30:32.915312	0.0
1525836632.97	2018-05-08 20:30:32.965628	0.0
1525836633.02	2018-05-08 20:30:33.016089	0.0
1525836633.07	2018-05-08 20:30:33.066460	0.0
1525836633.12	2018-05-08 20:30:33.116763	0.0
1525836633.17	2018-05-08 20:30:33.167007	0.0
1525836633.22	2018-05-08 20:30:33.218175	0.0
1525836633.27	2018-05-08 20:30:33.268485	0.0
1525836633.32	2018-05-08 20:30:33.318770	0.0
1525836633.37	2018-05-08 20:30:33.369143	0.0
1525836633.42	2018-05-08 20:30:33.419389	0.0
1525836633.47	2018-05-08 20:30:33.469793	0.0
1525836633.52	2018-05-08 20:30:33.520082	0.0
1525836633.57	2018-05-08 20:30:33.570507	0.0
1525836633.62	2018-05-08 20:30:33.620837	0.0
1525836633.67	2018-05-08 20:30:33.671090	0.0
1525836633.72	2018-05-08 20:30:33.721454	0.0
1525836633.77	2018-05-08 20:30:33.771778	0.0
1525836633.82	2018-05-08 20:30:33.823649	0.0
1525836633.87	2018-05-08 20:30:33.874195	0.0
1525836633.92	2018-05-08 20:30:33.924691	0.0
1525836633.98	2018-05-08 20:30:33.977815	0.0
1525836634.03	2018-05-08 20:30:34.028483	0.0
1525836634.08	2018-05-08 20:30:34.078890	0.0
1525836634.13	2018-05-08 20:30:34.129243	0.0
1525836634.18	2018-05-08 20:30:34.179514	0.0
1525836634.23	2018-05-08 20:30:34.229816	0.0
1525836634.28	2018-05-08 20:30:34.280241	0.0
1525836634.33	2018-05-08 20:30:34.330495	0.0
1525836634.38	2018-05-08 20:30:34.380801	0.0
1525836634.43	2018-05-08 20:30:34.431288	0.0
1525836634.48	2018-05-08 20:30:34.481699	0.0
1525836634.53	2018-05-08 20:30:34.531999	0.0
1525836634.58	2018-05-08 20:30:34.582450	0.0
1525836634.63	2018-05-08 20:30:34.632837	0.0
1525836634.68	2018-05-08 20:30:34.683376	0.0
1525836634.73	2018-05-08 20:30:34.733767	0.0
1525836634.78	2018-05-08 20:30:34.784081	0.0
1525836634.83	2018-05-08 20:30:34.834415	0.0
1525836634.88	2018-05-08 20:30:34.884793	0.0
1525836634.94	2018-05-08 20:30:34.935308	0.0
1525836634.99	2018-05-08 20:30:34.985872	0.0
1525836635.04	2018-05-08 20:30:35.036211	0.0
1525836635.09	2018-05-08 20:30:35.086554	0.0
1525836635.14	2018-05-08 20:30:35.136896	0.0
1525836635.19	2018-05-08 20:30:35.187237	0.0
1525836635.24	2018-05-08 20:30:35.237590	0.0
1525836635.29	2018-05-08 20:30:35.287900	0.0
1525836635.34	2018-05-08 20:30:35.338229	0.0
1525836635.39	2018-05-08 20:30:35.388525	0.0
1525836635.44	2018-05-08 20:30:35.438966	0.0
1525836635.49	2018-05-08 20:30:35.489314	0.0
1525836635.54	2018-05-08 20:30:35.539643	0.0
1525836635.59	2018-05-08 20:30:35.589973	0.0
1525836635.64	2018-05-08 20:30:35.640192	0.0
1525836635.69	2018-05-08 20:30:35.690449	0.0
1525836635.74	2018-05-08 20:30:35.740847	0.0
1525836635.79	2018-05-08 20:30:35.791278	0.0
1525836635.84	2018-05-08 20:30:35.841741	0.0
1525836635.89	2018-05-08 20:30:35.892178	0.0
1525836635.95	2018-05-08 20:30:35.945920	0.0
1525836636.0	2018-05-08 20:30:35.996501	0.0
1525836636.05	2018-05-08 20:30:36.046793	0.0
1525836636.1	2018-05-08 20:30:36.096987	0.0
1525836636.15	2018-05-08 20:30:36.147317	0.0
1525836636.2	2018-05-08 20:30:36.197581	0.0
1525836636.25	2018-05-08 20:30:36.249583	0.0
1525836636.3	2018-05-08 20:30:36.300025	0.0
1525836636.35	2018-05-08 20:30:36.350221	0.0
1525836636.4	2018-05-08 20:30:36.400620	0.0
1525836636.45	2018-05-08 20:30:36.450965	0.0
1525836636.5	2018-05-08 20:30:36.501325	0.0
1525836636.55	2018-05-08 20:30:36.551681	0.0
1525836636.6	2018-05-08 20:30:36.602191	0.0
1525836636.65	2018-05-08 20:30:36.652531	0.0
1525836636.7	2018-05-08 20:30:36.702904	0.0
1525836636.75	2018-05-08 20:30:36.753334	0.0
1525836636.8	2018-05-08 20:30:36.803805	0.0
1525836636.85	2018-05-08 20:30:36.854414	0.0
1525836636.9	2018-05-08 20:30:36.904714	0.0
1525836636.96	2018-05-08 20:30:36.955207	0.0
1525836637.01	2018-05-08 20:30:37.005577	0.0
1525836637.06	2018-05-08 20:30:37.056065	0.0
1525836637.11	2018-05-08 20:30:37.106367	0.0
1525836637.16	2018-05-08 20:30:37.156778	0.0
1525836637.21	2018-05-08 20:30:37.207142	0.0
1525836637.26	2018-05-08 20:30:37.257404	0.0
1525836637.31	2018-05-08 20:30:37.307956	0.0
1525836637.36	2018-05-08 20:30:37.358461	0.0
1525836637.41	2018-05-08 20:30:37.408821	0.0
1525836637.46	2018-05-08 20:30:37.460049	0.0
1525836637.51	2018-05-08 20:30:37.510538	0.0
1525836637.56	2018-05-08 20:30:37.560914	0.0
1525836637.61	2018-05-08 20:30:37.611285	0.0
1525836637.66	2018-05-08 20:30:37.661739	0.0
1525836637.71	2018-05-08 20:30:37.712255	0.0
1525836637.76	2018-05-08 20:30:37.762503	0.0
1525836637.81	2018-05-08 20:30:37.813195	0.0
1525836637.86	2018-05-08 20:30:37.863628	0.0
1525836637.91	2018-05-08 20:30:37.913933	0.0
1525836637.96	2018-05-08 20:30:37.964324	0.0
1525836638.01	2018-05-08 20:30:38.014896	0.0
1525836638.07	2018-05-08 20:30:38.065156	0.0
1525836638.12	2018-05-08 20:30:38.115548	0.0
1525836638.17	2018-05-08 20:30:38.165877	0.0
1525836638.22	2018-05-08 20:30:38.216217	0.0
1525836638.27	2018-05-08 20:30:38.266581	0.0
1525836638.32	2018-05-08 20:30:38.317102	0.0
1525836638.37	2018-05-08 20:30:38.367527	0.0
1525836638.42	2018-05-08 20:30:38.417899	0.0
1525836638.47	2018-05-08 20:30:38.468283	0.0
1525836638.52	2018-05-08 20:30:38.518850	0.0
1525836638.57	2018-05-08 20:30:38.569658	0.0
1525836638.62	2018-05-08 20:30:38.619930	0.0
1525836638.67	2018-05-08 20:30:38.670135	0.0
1525836638.72	2018-05-08 20:30:38.720615	296045.208286
1525836638.77	2018-05-08 20:30:38.771070	0.0
1525836638.82	2018-05-08 20:30:38.821385	0.0
1525836638.87	2018-05-08 20:30:38.871872	0.0
1525836638.92	2018-05-08 20:30:38.922187	0.0
1525836638.97	2018-05-08 20:30:38.972517	0.0
1525836639.02	2018-05-08 20:30:39.022854	1549.24545511
1525836639.07	2018-05-08 20:30:39.073100	0.0
1525836639.12	2018-05-08 20:30:39.123321	58978.2310037
1525836639.17	2018-05-08 20:30:39.173530	530960.358014
1525836639.22	2018-05-08 20:30:39.224213	0.0
1525836639.27	2018-05-08 20:30:39.274421	0.0
1525836639.32	2018-05-08 20:30:39.324809	0.0
1525836639.38	2018-05-08 20:30:39.375012	0.0
1525836639.43	2018-05-08 20:30:39.425407	0.0
1525836639.48	2018-05-08 20:30:39.475824	0.0
1525836639.58	2018-05-08 20:30:39.581091	520910.584121
1525836639.63	2018-05-08 20:30:39.631580	0.0
1525836639.68	2018-05-08 20:30:39.681952	0.0
1525836639.73	2018-05-08 20:30:39.732177	0.0
1525836639.78	2018-05-08 20:30:39.782519	0.0
1525836639.83	2018-05-08 20:30:39.832874	0.0
1525836639.88	2018-05-08 20:30:39.884031	0.0
1525836639.93	2018-05-08 20:30:39.934520	295938.964107
1525836639.98	2018-05-08 20:30:39.984885	530649.579821
1525836640.04	2018-05-08 20:30:40.035296	0.0
1525836640.09	2018-05-08 20:30:40.085709	0.0
1525836640.14	2018-05-08 20:30:40.136128	0.0
1525836640.19	2018-05-08 20:30:40.186474	0.0
1525836640.24	2018-05-08 20:30:40.237057	0.0
1525836640.29	2018-05-08 20:30:40.287400	0.0
1525836640.34	2018-05-08 20:30:40.337798	265181.671728
1525836640.39	2018-05-08 20:30:40.388252	411030.968092
1525836640.44	2018-05-08 20:30:40.438707	117362.534462
1525836640.49	2018-05-08 20:30:40.489814	57968.2732414
1525836640.54	2018-05-08 20:30:40.540214	0.0
1525836640.59	2018-05-08 20:30:40.590533	0.0
1525836640.64	2018-05-08 20:30:40.640838	0.0
1525836640.69	2018-05-08 20:30:40.691279	0.0
1525836640.74	2018-05-08 20:30:40.741807	0.0
1525836640.79	2018-05-08 20:30:40.792248	352207.383708
1525836640.84	2018-05-08 20:30:40.842772	440440.820855
1525836640.89	2018-05-08 20:30:40.893164	58775.6583086
1525836640.94	2018-05-08 20:30:40.943601	58713.992117
1525836640.99	2018-05-08 20:30:40.994050	0.0
1525836641.04	2018-05-08 20:30:41.044401	0.0
1525836641.1	2018-05-08 20:30:41.095812	0.0
1525836641.15	2018-05-08 20:30:41.146555	0.0
1525836641.2	2018-05-08 20:30:41.196900	0.0
1525836641.25	2018-05-08 20:30:41.247658	291862.324462
1525836641.3	2018-05-08 20:30:41.298059	352402.20065
1525836641.35	2018-05-08 20:30:41.348564	234813.798443
1525836641.4	2018-05-08 20:30:41.398754	89096.091385
1525836641.45	2018-05-08 20:30:41.449055	0.0
1525836641.5	2018-05-08 20:30:41.499570	0.0
1525836641.55	2018-05-08 20:30:41.550238	0.0
1525836641.6	2018-05-08 20:30:41.600742	0.0
1525836641.65	2018-05-08 20:30:41.651216	410784.393002
1525836641.7	2018-05-08 20:30:41.701598	470345.454212
1525836641.75	2018-05-08 20:30:41.752073	58680.4357178
1525836641.8	2018-05-08 20:30:41.802278	59000.3583088
1525836641.85	2018-05-08 20:30:41.852598	0.0
1525836641.9	2018-05-08 20:30:41.902888	0.0
1525836641.95	2018-05-08 20:30:41.953372	0.0
1525836642.0	2018-05-08 20:30:42.003548	354200.640953
1525836642.08	2018-05-08 20:30:42.081315	324223.629495
1525836642.13	2018-05-08 20:30:42.131698	147623.305503
1525836642.18	2018-05-08 20:30:42.182163	0.0
1525836642.23	2018-05-08 20:30:42.232686	0.0
1525836642.28	2018-05-08 20:30:42.283204	0.0
1525836642.33	2018-05-08 20:30:42.333660	0.0
1525836642.38	2018-05-08 20:30:42.383951	353285.736504
1525836642.48	2018-05-08 20:30:42.481365	273665.424203
1525836642.53	2018-05-08 20:30:42.531780	58754.5327835
1525836642.58	2018-05-08 20:30:42.582234	58713.992117
1525836642.63	2018-05-08 20:30:42.632601	0.0
1525836642.68	2018-05-08 20:30:42.682917	0.0
1525836642.73	2018-05-08 20:30:42.733158	58954.4416721
1525836642.78	2018-05-08 20:30:42.783565	529003.449194
1525836642.83	2018-05-08 20:30:42.834039	0.0
1525836642.88	2018-05-08 20:30:42.884359	294351.767694
1525836642.93	2018-05-08 20:30:42.934829	58699.8438328
1525836642.99	2018-05-08 20:30:42.985236	58754.8106523
1525836643.04	2018-05-08 20:30:43.035666	0.0
1525836643.09	2018-05-08 20:30:43.086396	0.0
1525836643.14	2018-05-08 20:30:43.136816	147520.690912
1525836643.19	2018-05-08 20:30:43.189053	396852.635514
1525836643.24	2018-05-08 20:30:43.243515	108767.463496
1525836643.29	2018-05-08 20:30:43.293815	235541.685825
1525836643.34	2018-05-08 20:30:43.344453	58498.0739164
1525836643.39	2018-05-08 20:30:43.394645	0.0
1525836643.44	2018-05-08 20:30:43.444886	0.0
1525836643.5	2018-05-08 20:30:43.495248	0.0
1525836643.55	2018-05-08 20:30:43.545590	235355.38986
1525836643.6	2018-05-08 20:30:43.596155	322883.73314
1525836643.65	2018-05-08 20:30:43.646573	117479.063536
1525836643.7	2018-05-08 20:30:43.696858	235639.97246
1525836643.75	2018-05-08 20:30:43.748417	57466.5842442
1525836643.8	2018-05-08 20:30:43.798947	0.0
1525836643.85	2018-05-08 20:30:43.849567	0.0
1525836643.9	2018-05-08 20:30:43.900103	0.0
1525836643.95	2018-05-08 20:30:43.950414	235518.243177
1525836644.0	2018-05-08 20:30:44.000960	351566.179091
1525836644.05	2018-05-08 20:30:44.051286	58855.0145106
1525836644.1	2018-05-08 20:30:44.101722	264924.698168
1525836644.15	2018-05-08 20:30:44.152092	117628.670217
1525836644.2	2018-05-08 20:30:44.202486	0.0
1525836644.25	2018-05-08 20:30:44.252732	0.0
1525836644.3	2018-05-08 20:30:44.303062	0.0
1525836644.35	2018-05-08 20:30:44.353389	58853.8992567
1525836644.4	2018-05-08 20:30:44.403873	410702.913566
1525836644.45	2018-05-08 20:30:44.454388	117267.817125
1525836644.5	2018-05-08 20:30:44.504755	352855.9424
1525836644.56	2018-05-08 20:30:44.555217	58697.6251128
1525836644.61	2018-05-08 20:30:44.605594	30053.4617598
1525836644.66	2018-05-08 20:30:44.655957	0.0
1525836644.71	2018-05-08 20:30:44.706346	0.0
1525836644.76	2018-05-08 20:30:44.756628	0.0
1525836644.81	2018-05-08 20:30:44.806989	352891.022525
1525836644.86	2018-05-08 20:30:44.857289	294492.712024
1525836644.91	2018-05-08 20:30:44.907719	234888.161047
1525836644.96	2018-05-08 20:30:44.958055	176533.263915
1525836645.01	2018-05-08 20:30:45.008598	0.0
1525836645.06	2018-05-08 20:30:45.062227	0.0
1525836645.11	2018-05-08 20:30:45.112405	59035.6843391
1525836645.16	2018-05-08 20:30:45.162756	0.0
1525836645.21	2018-05-08 20:30:45.213248	175992.262242
1525836645.29	2018-05-08 20:30:45.290055	328237.424225
1525836645.34	2018-05-08 20:30:45.344428	272352.626031
1525836645.4	2018-05-08 20:30:45.395009	117119.126362
1525836645.45	2018-05-08 20:30:45.445427	0.0
1525836645.5	2018-05-08 20:30:45.495875	58713.992117
1525836645.55	2018-05-08 20:30:45.548538	0.0
1525836645.6	2018-05-08 20:30:45.598920	0.0
1525836645.65	2018-05-08 20:30:45.650647	229080.085152
1525836645.7	2018-05-08 20:30:45.701073	323587.21346
1525836645.75	2018-05-08 20:30:45.751439	176432.147089
1525836645.8	2018-05-08 20:30:45.801925	410679.639664
1525836645.85	2018-05-08 20:30:45.852360	58728.9800889
1525836645.9	2018-05-08 20:30:45.902719	0.0
1525836645.96	2018-05-08 20:30:45.955007	56630.4361311
1525836646.01	2018-05-08 20:30:46.005477	0.0
1525836646.06	2018-05-08 20:30:46.055852	0.0
1525836646.11	2018-05-08 20:30:46.106044	413102.562922
1525836646.18	2018-05-08 20:30:46.181243	256537.317468
1525836646.23	2018-05-08 20:30:46.231917	350740.716095
1525836646.28	2018-05-08 20:30:46.282811	174587.476667
1525836646.33	2018-05-08 20:30:46.333435	0.0
1525836646.38	2018-05-08 20:30:46.383957	0.0
1525836646.43	2018-05-08 20:30:46.434385	58724.2608281
1525836646.48	2018-05-08 20:30:46.484990	0.0
1525836646.54	2018-05-08 20:30:46.535363	293978.42991
1525836646.59	2018-05-08 20:30:46.585681	383800.587121
1525836646.64	2018-05-08 20:30:46.636098	176002.235264
1525836646.69	2018-05-08 20:30:46.686406	353424.765365
1525836646.74	2018-05-08 20:30:46.736793	293768.495964
1525836646.79	2018-05-08 20:30:46.787276	58687.0884827
1525836646.84	2018-05-08 20:30:46.837641	0.0
1525836646.89	2018-05-08 20:30:46.887923	58893.5166699
1525836646.94	2018-05-08 20:30:46.938287	0.0
1525836646.99	2018-05-08 20:30:46.988727	147459.330003
1525836647.08	2018-05-08 20:30:47.081102	320843.989319
1525836647.13	2018-05-08 20:30:47.131996	205404.377197
1525836647.18	2018-05-08 20:30:47.182603	295308.662906
1525836647.23	2018-05-08 20:30:47.233137	59929.6554471
1525836647.28	2018-05-08 20:30:47.284359	0.0
1525836647.33	2018-05-08 20:30:47.334810	58680.158552
1525836647.39	2018-05-08 20:30:47.385691	0.0
1525836647.44	2018-05-08 20:30:47.436018	119076.169297
1525836647.49	2018-05-08 20:30:47.486496	175946.567014
1525836647.54	2018-05-08 20:30:47.536710	353939.956924
1525836647.59	2018-05-08 20:30:47.587041	353094.959395
1525836647.64	2018-05-08 20:30:47.637436	176326.974926
1525836647.69	2018-05-08 20:30:47.687726	0.0
1525836647.74	2018-05-08 20:30:47.738063	0.0
1525836647.79	2018-05-08 20:30:47.788501	58740.6426917
1525836647.84	2018-05-08 20:30:47.838867	0.0
1525836647.89	2018-05-08 20:30:47.889073	207141.86073
1525836647.94	2018-05-08 20:30:47.939343	117834.513696
1525836647.99	2018-05-08 20:30:47.993602	382213.692039
1525836648.04	2018-05-08 20:30:48.043911	412069.043119
1525836648.09	2018-05-08 20:30:48.094329	117518.513822
1525836648.14	2018-05-08 20:30:48.144747	0.0
1525836648.2	2018-05-08 20:30:48.195120	0.0
1525836648.25	2018-05-08 20:30:48.245542	58745.3645859
1525836648.3	2018-05-08 20:30:48.295986	0.0
1525836648.35	2018-05-08 20:30:48.346233	265921.520476
1525836648.4	2018-05-08 20:30:48.396656	117485.72933
1525836648.48	2018-05-08 20:30:48.481054	315868.479279
1525836648.53	2018-05-08 20:30:48.531413	411797.820544
1525836648.58	2018-05-08 20:30:48.581777	58922.8455541
1525836648.63	2018-05-08 20:30:48.632386	0.0
1525836648.68	2018-05-08 20:30:48.682827	88696.623409
1525836648.73	2018-05-08 20:30:48.734570	0.0
1525836648.79	2018-05-08 20:30:48.785246	175367.057409
1525836648.84	2018-05-08 20:30:48.835639	235027.023231
1525836648.89	2018-05-08 20:30:48.885946	294364.321614
1525836648.94	2018-05-08 20:30:48.937517	603734.977697
1525836648.99	2018-05-08 20:30:48.988378	174759.388863
1525836649.04	2018-05-08 20:30:49.038698	0.0
1525836649.09	2018-05-08 20:30:49.089215	58607.0782527
1525836649.14	2018-05-08 20:30:49.139936	29855.3642065
1525836649.19	2018-05-08 20:30:49.190293	411577.593215
1525836649.24	2018-05-08 20:30:49.240923	234016.53752
1525836649.29	2018-05-08 20:30:49.291298	411657.471473
1525836649.34	2018-05-08 20:30:49.341762	410924.147275
1525836649.39	2018-05-08 20:30:49.392086	58841.0768743
1525836649.44	2018-05-08 20:30:49.442515	0.0
1525836649.49	2018-05-08 20:30:49.492840	58858.6393777
1525836649.54	2018-05-08 20:30:49.544894	56906.9567456
1525836649.6	2018-05-08 20:30:49.595451	410158.6078
1525836649.65	2018-05-08 20:30:49.645883	234864.848298
1525836649.7	2018-05-08 20:30:49.696083	443187.378972
1525836649.75	2018-05-08 20:30:49.746568	410697.094843
1525836649.8	2018-05-08 20:30:49.796805	58962.8357151
1525836649.85	2018-05-08 20:30:49.847210	0.0
1525836649.9	2018-05-08 20:30:49.897571	58814.3351086
1525836649.95	2018-05-08 20:30:49.947910	0.0
1525836650.0	2018-05-08 20:30:49.998361	410900.848292
1525836650.05	2018-05-08 20:30:50.048621	147993.060559
1525836650.1	2018-05-08 20:30:50.098918	353334.30042
1525836650.18	2018-05-08 20:30:50.181261	431668.538251
1525836650.23	2018-05-08 20:30:50.231775	58652.178286
1525836650.28	2018-05-08 20:30:50.282171	0.0
1525836650.33	2018-05-08 20:30:50.332550	58794.2947304
1525836650.38	2018-05-08 20:30:50.382968	0.0
1525836650.48	2018-05-08 20:30:50.481138	256776.245872
1525836650.53	2018-05-08 20:30:50.531782	233964.7542
1525836650.58	2018-05-08 20:30:50.582305	351788.508712
1525836650.63	2018-05-08 20:30:50.632806	557938.702767
1525836650.68	2018-05-08 20:30:50.683239	0.0
1525836650.73	2018-05-08 20:30:50.733768	0.0
1525836650.79	2018-05-08 20:30:50.785083	57726.395346
1525836650.84	2018-05-08 20:30:50.835530	0.0
1525836650.89	2018-05-08 20:30:50.886314	233388.973493
1525836650.94	2018-05-08 20:30:50.936972	233831.54508
1525836650.99	2018-05-08 20:30:50.987585	292542.713893
1525836651.04	2018-05-08 20:30:51.037953	265272.04419
1525836651.09	2018-05-08 20:30:51.088216	648292.739628
1525836651.14	2018-05-08 20:30:51.138704	0.0
1525836651.19	2018-05-08 20:30:51.189072	0.0
1525836651.24	2018-05-08 20:30:51.239480	58751.1985624
1525836651.29	2018-05-08 20:30:51.289881	0.0
1525836651.34	2018-05-08 20:30:51.340281	176291.945396
1525836651.39	2018-05-08 20:30:51.390778	117309.340988
1525836651.48	2018-05-08 20:30:51.481179	409923.986434
1525836651.53	2018-05-08 20:30:51.531534	235285.187076
1525836651.58	2018-05-08 20:30:51.581833	412182.320799
1525836651.63	2018-05-08 20:30:51.632520	0.0
1525836651.68	2018-05-08 20:30:51.683188	58458.9865658
1525836651.73	2018-05-08 20:30:51.733840	0.0
1525836651.79	2018-05-08 20:30:51.785449	201542.087001
1525836651.84	2018-05-08 20:30:51.835858	293668.500541
1525836651.89	2018-05-08 20:30:51.886396	527535.874009
1525836651.94	2018-05-08 20:30:51.936769	352759.090659
1525836651.99	2018-05-08 20:30:51.987425	263930.349422
1525836652.04	2018-05-08 20:30:52.037919	0.0
1525836652.09	2018-05-08 20:30:52.088131	58982.7111428
1525836652.14	2018-05-08 20:30:52.138540	176316.965068
1525836652.19	2018-05-08 20:30:52.189026	293337.058774
1525836652.24	2018-05-08 20:30:52.239349	294304.351435
1525836652.29	2018-05-08 20:30:52.291611	283352.380396
1525836652.34	2018-05-08 20:30:52.341912	618967.643898
1525836652.39	2018-05-08 20:30:52.392324	0.0
1525836652.44	2018-05-08 20:30:52.442572	58937.1015546
1525836652.49	2018-05-08 20:30:52.492915	0.0
1525836652.54	2018-05-08 20:30:52.543295	235162.711137
1525836652.59	2018-05-08 20:30:52.593890	234141.1317
1525836652.64	2018-05-08 20:30:52.644145	501652.926464
1525836652.69	2018-05-08 20:30:52.694558	293761.549637
1525836652.78	2018-05-08 20:30:52.783465	233301.943191
1525836652.84	2018-05-08 20:30:52.836310	112039.756937
1525836652.89	2018-05-08 20:30:52.886751	0.0
1525836652.94	2018-05-08 20:30:52.937933	203223.764
1525836652.99	2018-05-08 20:30:52.988525	234219.48443
1525836653.04	2018-05-08 20:30:53.039061	410226.32522
1525836653.09	2018-05-08 20:30:53.089685	409640.825907
1525836653.14	2018-05-08 20:30:53.140166	117327.620805
1525836653.19	2018-05-08 20:30:53.190690	323100.097193
1525836653.24	2018-05-08 20:30:53.241160	117383.603541
1525836653.29	2018-05-08 20:30:53.291550	0.0
1525836653.34	2018-05-08 20:30:53.341981	176211.93014
1525836653.39	2018-05-08 20:30:53.392392	206263.265258
1525836653.44	2018-05-08 20:30:53.443645	288940.768801
1525836653.49	2018-05-08 20:30:53.493937	412364.08575
1525836653.54	2018-05-08 20:30:53.544350	293894.976533
1525836653.59	2018-05-08 20:30:53.594926	175581.857662
1525836653.65	2018-05-08 20:30:53.645516	175647.228163
1525836653.7	2018-05-08 20:30:53.695917	117537.414892
1525836653.75	2018-05-08 20:30:53.746179	58933.4670171
1525836653.8	2018-05-08 20:30:53.796611	117462.957656
1525836653.85	2018-05-08 20:30:53.846797	325262.795705
1525836653.9	2018-05-08 20:30:53.897159	529318.992563
1525836653.95	2018-05-08 20:30:53.947467	353277.364765
1525836654.0	2018-05-08 20:30:53.997601	59074.4233225
1525836654.05	2018-05-08 20:30:54.047826	174867.204679
1525836654.1	2018-05-08 20:30:54.100072	0.0
1525836654.15	2018-05-08 20:30:54.150496	0.0
1525836654.21	2018-05-08 20:30:54.205556	0.0
1525836654.26	2018-05-08 20:30:54.256012	0.0
1525836654.31	2018-05-08 20:30:54.306275	0.0
1525836654.36	2018-05-08 20:30:54.356460	1315.15991011
1525836654.41	2018-05-08 20:30:54.406686	0.0
1525836654.46	2018-05-08 20:30:54.456957	0.0
1525836654.51	2018-05-08 20:30:54.507371	0.0
1525836654.56	2018-05-08 20:30:54.557795	0.0
1525836654.61	2018-05-08 20:30:54.608249	0.0
1525836654.66	2018-05-08 20:30:54.658670	0.0
1525836654.71	2018-05-08 20:30:54.709073	0.0
1525836654.76	2018-05-08 20:30:54.759432	0.0
1525836654.81	2018-05-08 20:30:54.809828	0.0
1525836654.86	2018-05-08 20:30:54.860177	0.0
1525836654.91	2018-05-08 20:30:54.910601	0.0
1525836654.96	2018-05-08 20:30:54.961038	0.0
1525836655.01	2018-05-08 20:30:55.011492	0.0
1525836655.06	2018-05-08 20:30:55.061684	0.0
1525836655.11	2018-05-08 20:30:55.112126	0.0
1525836655.16	2018-05-08 20:30:55.162579	0.0
1525836655.21	2018-05-08 20:30:55.212960	0.0
1525836655.26	2018-05-08 20:30:55.263176	0.0
1525836655.31	2018-05-08 20:30:55.313550	0.0
1525836655.36	2018-05-08 20:30:55.363997	0.0
1525836655.41	2018-05-08 20:30:55.414331	0.0
1525836655.46	2018-05-08 20:30:55.464521	0.0
1525836655.51	2018-05-08 20:30:55.514932	0.0
1525836655.57	2018-05-08 20:30:55.565159	0.0
1525836655.62	2018-05-08 20:30:55.615511	0.0
1525836655.67	2018-05-08 20:30:55.665910	0.0
1525836655.72	2018-05-08 20:30:55.716109	0.0
1525836655.77	2018-05-08 20:30:55.766818	0.0
1525836655.82	2018-05-08 20:30:55.817160	0.0
1525836655.87	2018-05-08 20:30:55.867622	0.0
1525836655.92	2018-05-08 20:30:55.917899	0.0
1525836655.97	2018-05-08 20:30:55.968388	0.0
1525836656.02	2018-05-08 20:30:56.018671	0.0
1525836656.07	2018-05-08 20:30:56.069143	0.0
1525836656.12	2018-05-08 20:30:56.119645	0.0
1525836656.17	2018-05-08 20:30:56.172846	0.0
1525836656.22	2018-05-08 20:30:56.223362	0.0
1525836656.27	2018-05-08 20:30:56.273643	0.0
1525836656.32	2018-05-08 20:30:56.324001	0.0
1525836656.37	2018-05-08 20:30:56.374362	0.0
1525836656.42	2018-05-08 20:30:56.424814	0.0
1525836656.48	2018-05-08 20:30:56.475323	0.0
1525836656.53	2018-05-08 20:30:56.525788	0.0
1525836656.58	2018-05-08 20:30:56.576190	0.0
1525836656.63	2018-05-08 20:30:56.626608	0.0
1525836656.68	2018-05-08 20:30:56.677001	0.0
1525836656.73	2018-05-08 20:30:56.727216	0.0
1525836656.78	2018-05-08 20:30:56.777414	0.0
1525836656.83	2018-05-08 20:30:56.827926	0.0
1525836656.88	2018-05-08 20:30:56.878290	0.0
1525836656.93	2018-05-08 20:30:56.928594	0.0
1525836656.98	2018-05-08 20:30:56.978870	0.0
1525836657.03	2018-05-08 20:30:57.029056	0.0
1525836657.08	2018-05-08 20:30:57.079470	0.0
1525836657.13	2018-05-08 20:30:57.129967	0.0
1525836657.18	2018-05-08 20:30:57.180450	0.0
1525836657.23	2018-05-08 20:30:57.230869	0.0
1525836657.28	2018-05-08 20:30:57.281117	0.0
1525836657.33	2018-05-08 20:30:57.331561	0.0
1525836657.38	2018-05-08 20:30:57.384287	0.0
1525836657.43	2018-05-08 20:30:57.434794	0.0
1525836657.49	2018-05-08 20:30:57.485900	0.0
1525836657.54	2018-05-08 20:30:57.536192	0.0
1525836657.59	2018-05-08 20:30:57.587294	0.0
1525836657.64	2018-05-08 20:30:57.638189	0.0
1525836657.69	2018-05-08 20:30:57.688771	0.0
1525836657.74	2018-05-08 20:30:57.739228	0.0
1525836657.79	2018-05-08 20:30:57.791660	0.0
1525836657.84	2018-05-08 20:30:57.842083	0.0
1525836657.89	2018-05-08 20:30:57.892385	0.0
1525836657.94	2018-05-08 20:30:57.942625	0.0
1525836657.99	2018-05-08 20:30:57.992848	0.0
1525836658.04	2018-05-08 20:30:58.043288	0.0
1525836658.1	2018-05-08 20:30:58.095880	0.0
1525836658.15	2018-05-08 20:30:58.146320	0.0
1525836658.2	2018-05-08 20:30:58.204358	0.0
1525836658.25	2018-05-08 20:30:58.254877	0.0
1525836658.31	2018-05-08 20:30:58.305555	0.0
1525836658.36	2018-05-08 20:30:58.356023	0.0
1525836658.41	2018-05-08 20:30:58.406634	0.0
1525836658.46	2018-05-08 20:30:58.457077	0.0
1525836658.51	2018-05-08 20:30:58.507312	0.0
1525836658.56	2018-05-08 20:30:58.557793	0.0
1525836658.61	2018-05-08 20:30:58.608857	0.0
1525836658.66	2018-05-08 20:30:58.659041	0.0
1525836658.71	2018-05-08 20:30:58.709505	0.0
1525836658.76	2018-05-08 20:30:58.759896	0.0
1525836658.81	2018-05-08 20:30:58.810145	0.0
1525836658.86	2018-05-08 20:30:58.860472	0.0
1525836658.91	2018-05-08 20:30:58.910909	0.0
1525836658.96	2018-05-08 20:30:58.961303	0.0
1525836659.01	2018-05-08 20:30:59.011699	0.0
1525836659.06	2018-05-08 20:30:59.062075	0.0
1525836659.11	2018-05-08 20:30:59.112314	0.0
1525836659.16	2018-05-08 20:30:59.162806	0.0
1525836659.21	2018-05-08 20:30:59.213625	0.0
1525836659.26	2018-05-08 20:30:59.263995	0.0
1525836659.31	2018-05-08 20:30:59.314555	0.0
1525836659.37	2018-05-08 20:30:59.365049	0.0
1525836659.42	2018-05-08 20:30:59.415481	0.0
1525836659.47	2018-05-08 20:30:59.465943	0.0
1525836659.52	2018-05-08 20:30:59.516316	0.0
1525836659.57	2018-05-08 20:30:59.566637	0.0
1525836659.62	2018-05-08 20:30:59.617053	0.0
1525836659.67	2018-05-08 20:30:59.667278	0.0
1525836659.72	2018-05-08 20:30:59.717599	0.0
1525836659.77	2018-05-08 20:30:59.767816	0.0
1525836659.82	2018-05-08 20:30:59.818132	0.0
1525836659.87	2018-05-08 20:30:59.868468	0.0
1525836659.92	2018-05-08 20:30:59.918832	0.0
1525836659.97	2018-05-08 20:30:59.969153	0.0
1525836660.02	2018-05-08 20:31:00.019389	0.0
1525836660.07	2018-05-08 20:31:00.069711	0.0
1525836660.12	2018-05-08 20:31:00.120097	0.0
1525836660.17	2018-05-08 20:31:00.170598	0.0
1525836660.22	2018-05-08 20:31:00.220950	0.0
1525836660.27	2018-05-08 20:31:00.271431	0.0
1525836660.32	2018-05-08 20:31:00.321945	0.0
1525836660.37	2018-05-08 20:31:00.373144	0.0
1525836660.42	2018-05-08 20:31:00.423752	0.0
1525836660.47	2018-05-08 20:31:00.474486	0.0
1525836660.53	2018-05-08 20:31:00.525059	0.0
1525836660.58	2018-05-08 20:31:00.575424	0.0
1525836660.63	2018-05-08 20:31:00.625831	0.0
1525836660.68	2018-05-08 20:31:00.676077	0.0
1525836660.73	2018-05-08 20:31:00.726511	0.0
1525836660.78	2018-05-08 20:31:00.776931	0.0
1525836660.83	2018-05-08 20:31:00.827342	0.0
1525836660.88	2018-05-08 20:31:00.877817	0.0
1525836660.93	2018-05-08 20:31:00.928267	0.0
1525836660.98	2018-05-08 20:31:00.978879	0.0
1525836661.03	2018-05-08 20:31:01.029350	0.0
1525836661.08	2018-05-08 20:31:01.079734	0.0
1525836661.13	2018-05-08 20:31:01.130123	0.0
1525836661.18	2018-05-08 20:31:01.180425	0.0
1525836661.23	2018-05-08 20:31:01.230784	0.0
1525836661.28	2018-05-08 20:31:01.281221	0.0
1525836661.33	2018-05-08 20:31:01.331672	0.0
1525836661.38	2018-05-08 20:31:01.381980	0.0
1525836661.43	2018-05-08 20:31:01.432190	0.0
1525836661.48	2018-05-08 20:31:01.482594	0.0
1525836661.53	2018-05-08 20:31:01.533058	0.0
1525836661.58	2018-05-08 20:31:01.584378	0.0
1525836661.63	2018-05-08 20:31:01.634702	0.0
1525836661.69	2018-05-08 20:31:01.685270	0.0
1525836661.74	2018-05-08 20:31:01.735718	0.0
1525836661.79	2018-05-08 20:31:01.786095	0.0
1525836661.84	2018-05-08 20:31:01.836501	0.0
1525836661.89	2018-05-08 20:31:01.886867	0.0
1525836661.94	2018-05-08 20:31:01.937273	0.0
1525836661.99	2018-05-08 20:31:01.987493	0.0
1525836662.04	2018-05-08 20:31:02.037872	0.0
1525836662.09	2018-05-08 20:31:02.090602	0.0
1525836662.14	2018-05-08 20:31:02.142867	0.0
1525836662.19	2018-05-08 20:31:02.193311	0.0
1525836662.26	2018-05-08 20:31:02.256828	0.0
1525836662.32	2018-05-08 20:31:02.316538	0.0
1525836662.37	2018-05-08 20:31:02.369205	0.0
1525836662.42	2018-05-08 20:31:02.419731	0.0
1525836662.47	2018-05-08 20:31:02.470208	0.0
1525836662.52	2018-05-08 20:31:02.520624	0.0
1525836662.57	2018-05-08 20:31:02.570956	0.0
1525836662.62	2018-05-08 20:31:02.621375	0.0
1525836662.67	2018-05-08 20:31:02.671786	0.0
1525836662.72	2018-05-08 20:31:02.722169	0.0
1525836662.77	2018-05-08 20:31:02.772452	0.0
1525836662.82	2018-05-08 20:31:02.823038	0.0
1525836662.88	2018-05-08 20:31:02.876495	0.0
1525836662.93	2018-05-08 20:31:02.927076	0.0
1525836662.98	2018-05-08 20:31:02.977486	0.0
1525836663.03	2018-05-08 20:31:03.027850	0.0
1525836663.08	2018-05-08 20:31:03.078122	0.0
1525836663.13	2018-05-08 20:31:03.128567	0.0
1525836663.18	2018-05-08 20:31:03.178894	0.0
1525836663.23	2018-05-08 20:31:03.229311	0.0
1525836663.28	2018-05-08 20:31:03.279704	0.0
1525836663.33	2018-05-08 20:31:03.329952	0.0
1525836663.38	2018-05-08 20:31:03.380332	0.0
1525836663.43	2018-05-08 20:31:03.430685	0.0
1525836663.48	2018-05-08 20:31:03.480983	0.0
1525836663.53	2018-05-08 20:31:03.531252	0.0
1525836663.58	2018-05-08 20:31:03.582753	0.0
1525836663.63	2018-05-08 20:31:03.633115	0.0
1525836663.69	2018-05-08 20:31:03.685117	0.0
1525836663.74	2018-05-08 20:31:03.735404	0.0
1525836663.79	2018-05-08 20:31:03.786184	0.0
1525836663.84	2018-05-08 20:31:03.836484	0.0
1525836663.89	2018-05-08 20:31:03.886810	0.0
1525836663.94	2018-05-08 20:31:03.937082	0.0
1525836663.99	2018-05-08 20:31:03.987808	0.0
1525836664.04	2018-05-08 20:31:04.038313	0.0
1525836664.09	2018-05-08 20:31:04.088968	0.0
1525836664.14	2018-05-08 20:31:04.139321	0.0
1525836664.19	2018-05-08 20:31:04.190123	0.0
1525836664.24	2018-05-08 20:31:04.241879	0.0
1525836664.29	2018-05-08 20:31:04.292597	0.0
1525836664.34	2018-05-08 20:31:04.343508	0.0
1525836664.39	2018-05-08 20:31:04.393965	0.0
1525836664.44	2018-05-08 20:31:04.444127	0.0
1525836664.5	2018-05-08 20:31:04.495182	0.0
1525836664.55	2018-05-08 20:31:04.545483	0.0
1525836664.6	2018-05-08 20:31:04.595949	0.0
1525836664.65	2018-05-08 20:31:04.646164	0.0
1525836664.7	2018-05-08 20:31:04.696935	0.0
1525836664.75	2018-05-08 20:31:04.747205	0.0
1525836664.8	2018-05-08 20:31:04.797486	0.0
1525836664.85	2018-05-08 20:31:04.848120	0.0
1525836664.9	2018-05-08 20:31:04.899455	0.0
1525836664.95	2018-05-08 20:31:04.950098	0.0
1525836665.0	2018-05-08 20:31:05.002547	0.0
1525836665.05	2018-05-08 20:31:05.053023	0.0
1525836665.1	2018-05-08 20:31:05.103203	0.0
1525836665.15	2018-05-08 20:31:05.153520	0.0
1525836665.2	2018-05-08 20:31:05.203833	0.0
1525836665.25	2018-05-08 20:31:05.254264	0.0
1525836665.3	2018-05-08 20:31:05.304555	0.0
1525836665.35	2018-05-08 20:31:05.354922	0.0
1525836665.41	2018-05-08 20:31:05.405217	0.0
1525836665.46	2018-05-08 20:31:05.455612	0.0
1525836665.51	2018-05-08 20:31:05.505809	0.0
1525836665.56	2018-05-08 20:31:05.556277	0.0
1525836665.61	2018-05-08 20:31:05.606561	0.0
1525836665.66	2018-05-08 20:31:05.656947	0.0
1525836665.71	2018-05-08 20:31:05.707401	0.0
1525836665.76	2018-05-08 20:31:05.757706	0.0
1525836665.81	2018-05-08 20:31:05.808332	0.0
1525836665.86	2018-05-08 20:31:05.858734	0.0
1525836665.91	2018-05-08 20:31:05.909287	0.0
1525836665.96	2018-05-08 20:31:05.959941	0.0
1525836666.01	2018-05-08 20:31:06.010492	0.0
1525836666.06	2018-05-08 20:31:06.060879	0.0
1525836666.11	2018-05-08 20:31:06.111362	0.0
1525836666.16	2018-05-08 20:31:06.161751	0.0
1525836666.21	2018-05-08 20:31:06.212037	0.0
1525836666.26	2018-05-08 20:31:06.262358	0.0
1525836666.31	2018-05-08 20:31:06.312624	0.0
1525836666.36	2018-05-08 20:31:06.362883	0.0
1525836666.41	2018-05-08 20:31:06.413082	0.0
1525836666.46	2018-05-08 20:31:06.463447	0.0
1525836666.51	2018-05-08 20:31:06.513794	0.0
1525836666.56	2018-05-08 20:31:06.564235	0.0
1525836666.61	2018-05-08 20:31:06.614529	0.0
1525836666.66	2018-05-08 20:31:06.664902	0.0
1525836666.72	2018-05-08 20:31:06.715290	0.0
1525836666.77	2018-05-08 20:31:06.765735	0.0
1525836666.82	2018-05-08 20:31:06.816154	0.0
1525836666.87	2018-05-08 20:31:06.866921	0.0
1525836666.92	2018-05-08 20:31:06.917261	0.0
1525836666.97	2018-05-08 20:31:06.967598	0.0
1525836667.02	2018-05-08 20:31:07.018070	0.0
1525836667.07	2018-05-08 20:31:07.068374	0.0
1525836667.12	2018-05-08 20:31:07.118856	0.0
1525836667.17	2018-05-08 20:31:07.169243	0.0
1525836667.22	2018-05-08 20:31:07.219624	0.0
1525836667.27	2018-05-08 20:31:07.269856	0.0
1525836667.32	2018-05-08 20:31:07.320299	0.0
1525836667.37	2018-05-08 20:31:07.370848	0.0
1525836667.42	2018-05-08 20:31:07.421068	0.0
1525836667.47	2018-05-08 20:31:07.471609	0.0
1525836667.52	2018-05-08 20:31:07.522078	0.0
1525836667.57	2018-05-08 20:31:07.572567	0.0
1525836667.62	2018-05-08 20:31:07.623056	0.0
1525836667.67	2018-05-08 20:31:07.673510	0.0
1525836667.72	2018-05-08 20:31:07.723852	0.0
1525836667.77	2018-05-08 20:31:07.774489	0.0
1525836667.82	2018-05-08 20:31:07.824970	0.0
1525836667.88	2018-05-08 20:31:07.875491	0.0
1525836667.93	2018-05-08 20:31:07.925941	0.0
1525836667.98	2018-05-08 20:31:07.976584	0.0
1525836668.03	2018-05-08 20:31:08.027117	0.0
1525836668.08	2018-05-08 20:31:08.077697	0.0
1525836668.13	2018-05-08 20:31:08.128040	0.0
1525836668.18	2018-05-08 20:31:08.178501	0.0
1525836668.23	2018-05-08 20:31:08.228743	0.0
1525836668.28	2018-05-08 20:31:08.279204	0.0
1525836668.33	2018-05-08 20:31:08.329416	0.0
1525836668.38	2018-05-08 20:31:08.379710	0.0
1525836668.43	2018-05-08 20:31:08.430439	0.0
1525836668.48	2018-05-08 20:31:08.480805	0.0
1525836668.53	2018-05-08 20:31:08.531192	0.0
1525836668.58	2018-05-08 20:31:08.583481	0.0
1525836668.63	2018-05-08 20:31:08.633961	0.0
1525836668.68	2018-05-08 20:31:08.684174	0.0
1525836668.74	2018-05-08 20:31:08.735065	0.0
1525836668.79	2018-05-08 20:31:08.785651	0.0
1525836668.84	2018-05-08 20:31:08.835967	0.0
1525836668.89	2018-05-08 20:31:08.886308	0.0
1525836668.94	2018-05-08 20:31:08.936786	0.0
1525836668.99	2018-05-08 20:31:08.987352	0.0
1525836669.04	2018-05-08 20:31:09.037920	0.0
1525836669.09	2018-05-08 20:31:09.088270	0.0
1525836669.14	2018-05-08 20:31:09.138589	0.0
1525836669.19	2018-05-08 20:31:09.189511	0.0
1525836669.24	2018-05-08 20:31:09.239877	0.0
1525836669.29	2018-05-08 20:31:09.290673	0.0
1525836669.34	2018-05-08 20:31:09.340921	0.0
1525836669.39	2018-05-08 20:31:09.391183	0.0
1525836669.44	2018-05-08 20:31:09.441520	0.0
1525836669.49	2018-05-08 20:31:09.493582	0.0
1525836669.55	2018-05-08 20:31:09.546039	0.0
1525836669.6	2018-05-08 20:31:09.597033	0.0
1525836669.65	2018-05-08 20:31:09.647414	0.0
1525836669.7	2018-05-08 20:31:09.702587	0.0
1525836669.75	2018-05-08 20:31:09.753095	0.0
1525836669.81	2018-05-08 20:31:09.805071	0.0
1525836669.86	2018-05-08 20:31:09.855387	0.0
1525836669.91	2018-05-08 20:31:09.905778	0.0
1525836669.96	2018-05-08 20:31:09.956105	0.0
1525836670.01	2018-05-08 20:31:10.006419	0.0
1525836670.06	2018-05-08 20:31:10.056794	0.0
1525836670.11	2018-05-08 20:31:10.107207	0.0
1525836670.16	2018-05-08 20:31:10.157631	0.0
1525836670.21	2018-05-08 20:31:10.208095	0.0
1525836670.26	2018-05-08 20:31:10.258433	0.0
1525836670.31	2018-05-08 20:31:10.308827	0.0
1525836670.36	2018-05-08 20:31:10.359127	0.0
1525836670.41	2018-05-08 20:31:10.409313	0.0
1525836670.46	2018-05-08 20:31:10.459841	0.0
1525836670.51	2018-05-08 20:31:10.512101	0.0
1525836670.56	2018-05-08 20:31:10.562407	0.0
1525836670.61	2018-05-08 20:31:10.612804	0.0
1525836670.66	2018-05-08 20:31:10.663156	0.0
1525836670.71	2018-05-08 20:31:10.713440	0.0
1525836670.76	2018-05-08 20:31:10.763660	0.0
1525836670.81	2018-05-08 20:31:10.814037	0.0
1525836670.86	2018-05-08 20:31:10.864424	0.0
1525836670.91	2018-05-08 20:31:10.914829	0.0
1525836670.97	2018-05-08 20:31:10.965246	0.0
1525836671.02	2018-05-08 20:31:11.016282	0.0
1525836671.07	2018-05-08 20:31:11.066615	0.0
1525836671.12	2018-05-08 20:31:11.117123	0.0
1525836671.17	2018-05-08 20:31:11.167563	0.0
1525836671.22	2018-05-08 20:31:11.217959	0.0
1525836671.27	2018-05-08 20:31:11.268353	0.0
1525836671.32	2018-05-08 20:31:11.318725	0.0
1525836671.37	2018-05-08 20:31:11.369066	0.0
1525836671.42	2018-05-08 20:31:11.419420	0.0
1525836671.47	2018-05-08 20:31:11.469817	0.0
1525836671.52	2018-05-08 20:31:11.520253	0.0
1525836671.57	2018-05-08 20:31:11.570561	0.0
1525836671.62	2018-05-08 20:31:11.621023	0.0
1525836671.67	2018-05-08 20:31:11.671521	0.0
1525836671.72	2018-05-08 20:31:11.721937	0.0
1525836671.77	2018-05-08 20:31:11.772277	0.0
1525836671.82	2018-05-08 20:31:11.822628	0.0
1525836671.87	2018-05-08 20:31:11.873034	0.0
1525836671.92	2018-05-08 20:31:11.923612	0.0
1525836671.97	2018-05-08 20:31:11.974019	0.0
1525836672.02	2018-05-08 20:31:12.024535	0.0
1525836672.08	2018-05-08 20:31:12.075167	0.0
1525836672.13	2018-05-08 20:31:12.125713	0.0
1525836672.18	2018-05-08 20:31:12.176127	0.0
1525836672.23	2018-05-08 20:31:12.226590	0.0
1525836672.28	2018-05-08 20:31:12.276910	0.0
1525836672.33	2018-05-08 20:31:12.327192	0.0
1525836672.38	2018-05-08 20:31:12.377595	0.0
1525836672.43	2018-05-08 20:31:12.428128	0.0
1525836672.48	2018-05-08 20:31:12.480195	0.0
1525836672.53	2018-05-08 20:31:12.531247	0.0
1525836672.58	2018-05-08 20:31:12.581620	0.0
1525836672.63	2018-05-08 20:31:12.632250	0.0
1525836672.68	2018-05-08 20:31:12.682637	0.0
1525836672.73	2018-05-08 20:31:12.733086	0.0
1525836672.78	2018-05-08 20:31:12.783531	0.0
1525836672.83	2018-05-08 20:31:12.833852	0.0
1525836672.88	2018-05-08 20:31:12.884345	0.0
1525836672.93	2018-05-08 20:31:12.934791	0.0
1525836672.99	2018-05-08 20:31:12.985195	0.0
1525836673.04	2018-05-08 20:31:13.035533	0.0
1525836673.09	2018-05-08 20:31:13.086016	0.0
1525836673.14	2018-05-08 20:31:13.136371	0.0
1525836673.19	2018-05-08 20:31:13.189556	0.0
1525836673.24	2018-05-08 20:31:13.240006	0.0
1525836673.29	2018-05-08 20:31:13.290441	0.0
1525836673.34	2018-05-08 20:31:13.340842	0.0
1525836673.4	2018-05-08 20:31:13.395131	0.0
1525836673.45	2018-05-08 20:31:13.445566	0.0
1525836673.5	2018-05-08 20:31:13.496205	0.0
1525836673.55	2018-05-08 20:31:13.546528	0.0
1525836673.6	2018-05-08 20:31:13.596956	0.0
1525836673.65	2018-05-08 20:31:13.647399	0.0
1525836673.7	2018-05-08 20:31:13.697884	0.0
1525836673.75	2018-05-08 20:31:13.749161	0.0
1525836673.8	2018-05-08 20:31:13.802866	0.0
1525836673.85	2018-05-08 20:31:13.853211	0.0
1525836673.9	2018-05-08 20:31:13.903476	0.0
1525836673.95	2018-05-08 20:31:13.953852	0.0
1525836674.0	2018-05-08 20:31:14.004167	0.0
1525836674.05	2018-05-08 20:31:14.054365	0.0
1525836674.1	2018-05-08 20:31:14.104709	0.0
1525836674.15	2018-05-08 20:31:14.154898	0.0
1525836674.21	2018-05-08 20:31:14.205354	0.0
1525836674.26	2018-05-08 20:31:14.255692	0.0
1525836674.31	2018-05-08 20:31:14.306279	0.0
1525836674.36	2018-05-08 20:31:14.356840	0.0
1525836674.41	2018-05-08 20:31:14.407079	0.0
1525836674.46	2018-05-08 20:31:14.457520	0.0
1525836674.51	2018-05-08 20:31:14.507849	0.0
1525836674.56	2018-05-08 20:31:14.558223	0.0
1525836674.61	2018-05-08 20:31:14.608733	0.0
1525836674.66	2018-05-08 20:31:14.659059	0.0
1525836674.71	2018-05-08 20:31:14.709645	0.0
1525836674.76	2018-05-08 20:31:14.760063	0.0
1525836674.81	2018-05-08 20:31:14.810343	0.0
1525836674.86	2018-05-08 20:31:14.860786	0.0
1525836674.91	2018-05-08 20:31:14.910992	0.0
1525836674.96	2018-05-08 20:31:14.961478	0.0
1525836675.01	2018-05-08 20:31:15.011890	0.0
1525836675.06	2018-05-08 20:31:15.062216	0.0
1525836675.11	2018-05-08 20:31:15.112994	0.0
1525836675.16	2018-05-08 20:31:15.163426	0.0
1525836675.21	2018-05-08 20:31:15.214519	0.0
1525836675.26	2018-05-08 20:31:15.264916	0.0
1525836675.32	2018-05-08 20:31:15.315431	0.0
1525836675.37	2018-05-08 20:31:15.365860	0.0
1525836675.42	2018-05-08 20:31:15.416200	0.0
1525836675.47	2018-05-08 20:31:15.466546	0.0
1525836675.52	2018-05-08 20:31:15.516929	0.0
1525836675.57	2018-05-08 20:31:15.567241	0.0
1525836675.62	2018-05-08 20:31:15.617515	0.0
1525836675.67	2018-05-08 20:31:15.667700	0.0
1525836675.72	2018-05-08 20:31:15.718107	0.0
1525836675.77	2018-05-08 20:31:15.768394	0.0
1525836675.82	2018-05-08 20:31:15.818869	0.0
1525836675.87	2018-05-08 20:31:15.869251	0.0
1525836675.92	2018-05-08 20:31:15.919722	0.0
1525836675.97	2018-05-08 20:31:15.970122	0.0
1525836676.02	2018-05-08 20:31:16.020496	0.0
1525836676.07	2018-05-08 20:31:16.070991	0.0
1525836676.12	2018-05-08 20:31:16.121331	0.0
1525836676.17	2018-05-08 20:31:16.171765	0.0
1525836676.22	2018-05-08 20:31:16.222136	0.0
1525836676.27	2018-05-08 20:31:16.272567	0.0
1525836676.32	2018-05-08 20:31:16.322993	0.0
1525836676.37	2018-05-08 20:31:16.373415	0.0
1525836676.42	2018-05-08 20:31:16.423841	0.0
1525836676.47	2018-05-08 20:31:16.474244	0.0
1525836676.52	2018-05-08 20:31:16.524772	0.0
1525836676.58	2018-05-08 20:31:16.575595	0.0
1525836676.63	2018-05-08 20:31:16.626033	0.0
1525836676.68	2018-05-08 20:31:16.676290	0.0
1525836676.73	2018-05-08 20:31:16.726613	0.0
1525836676.78	2018-05-08 20:31:16.777165	0.0
1525836676.83	2018-05-08 20:31:16.827621	0.0
1525836676.88	2018-05-08 20:31:16.877967	0.0
1525836676.93	2018-05-08 20:31:16.928330	0.0
1525836676.98	2018-05-08 20:31:16.978681	0.0
1525836677.03	2018-05-08 20:31:17.029127	0.0
1525836677.08	2018-05-08 20:31:17.079481	0.0
1525836677.13	2018-05-08 20:31:17.130097	0.0
1525836677.18	2018-05-08 20:31:17.180737	0.0
1525836677.23	2018-05-08 20:31:17.234552	0.0
1525836677.29	2018-05-08 20:31:17.285560	0.0
1525836677.34	2018-05-08 20:31:17.336119	0.0
1525836677.39	2018-05-08 20:31:17.386419	0.0
1525836677.44	2018-05-08 20:31:17.436888	0.0
1525836677.49	2018-05-08 20:31:17.489420	0.0
1525836677.54	2018-05-08 20:31:17.539629	0.0
1525836677.59	2018-05-08 20:31:17.592075	0.0
1525836677.64	2018-05-08 20:31:17.642495	0.0
1525836677.69	2018-05-08 20:31:17.693434	0.0
1525836677.74	2018-05-08 20:31:17.743803	0.0
1525836677.79	2018-05-08 20:31:17.794986	0.0
1525836677.85	2018-05-08 20:31:17.845244	0.0
1525836677.9	2018-05-08 20:31:17.896556	0.0
1525836677.95	2018-05-08 20:31:17.946832	0.0
1525836678.0	2018-05-08 20:31:17.997077	0.0
1525836678.08	2018-05-08 20:31:18.082919	0.0
1525836678.13	2018-05-08 20:31:18.133236	0.0
1525836678.18	2018-05-08 20:31:18.183764	0.0
1525836678.23	2018-05-08 20:31:18.234140	0.0
1525836678.28	2018-05-08 20:31:18.284762	0.0
1525836678.34	2018-05-08 20:31:18.335144	0.0
1525836678.39	2018-05-08 20:31:18.385666	0.0
1525836678.44	2018-05-08 20:31:18.436255	0.0
1525836678.49	2018-05-08 20:31:18.487006	0.0
1525836678.54	2018-05-08 20:31:18.537593	0.0
1525836678.59	2018-05-08 20:31:18.587909	0.0
1525836678.64	2018-05-08 20:31:18.638226	0.0
1525836678.69	2018-05-08 20:31:18.690284	0.0
1525836678.74	2018-05-08 20:31:18.740645	0.0
1525836678.79	2018-05-08 20:31:18.792987	0.0
1525836678.84	2018-05-08 20:31:18.843498	0.0
1525836678.89	2018-05-08 20:31:18.894480	0.0
1525836678.94	2018-05-08 20:31:18.944771	0.0
1525836679.0	2018-05-08 20:31:18.995387	0.0
1525836679.05	2018-05-08 20:31:19.045731	0.0
1525836679.1	2018-05-08 20:31:19.096945	0.0
1525836679.15	2018-05-08 20:31:19.147101	0.0
1525836679.2	2018-05-08 20:31:19.197695	0.0
1525836679.25	2018-05-08 20:31:19.248290	0.0
1525836679.3	2018-05-08 20:31:19.298896	0.0
1525836679.35	2018-05-08 20:31:19.349523	0.0
1525836679.4	2018-05-08 20:31:19.404348	0.0
1525836679.45	2018-05-08 20:31:19.454552	0.0
1525836679.51	2018-05-08 20:31:19.505089	0.0
1525836679.56	2018-05-08 20:31:19.555652	0.0
1525836679.61	2018-05-08 20:31:19.606020	0.0
1525836679.66	2018-05-08 20:31:19.656489	0.0
1525836679.71	2018-05-08 20:31:19.706894	0.0
1525836679.76	2018-05-08 20:31:19.757094	0.0
1525836679.81	2018-05-08 20:31:19.807499	0.0
1525836679.86	2018-05-08 20:31:19.857852	0.0
1525836679.91	2018-05-08 20:31:19.908216	0.0
1525836679.96	2018-05-08 20:31:19.958593	0.0
1525836680.01	2018-05-08 20:31:20.008990	0.0
1525836680.06	2018-05-08 20:31:20.059377	0.0
1525836680.11	2018-05-08 20:31:20.109746	0.0
1525836680.16	2018-05-08 20:31:20.160011	0.0
1525836680.21	2018-05-08 20:31:20.210188	0.0
1525836680.26	2018-05-08 20:31:20.260600	0.0
1525836680.31	2018-05-08 20:31:20.310914	0.0
1525836680.36	2018-05-08 20:31:20.361359	0.0
1525836680.41	2018-05-08 20:31:20.411544	0.0
1525836680.46	2018-05-08 20:31:20.461881	0.0
1525836680.51	2018-05-08 20:31:20.512090	0.0
1525836680.56	2018-05-08 20:31:20.562474	0.0
1525836680.61	2018-05-08 20:31:20.612665	0.0
1525836680.66	2018-05-08 20:31:20.663055	0.0
1525836680.71	2018-05-08 20:31:20.713306	0.0
1525836680.76	2018-05-08 20:31:20.763714	0.0
1525836680.81	2018-05-08 20:31:20.814053	0.0
1525836680.86	2018-05-08 20:31:20.864426	0.0
1525836680.91	2018-05-08 20:31:20.914895	0.0
1525836680.97	2018-05-08 20:31:20.965311	0.0
1525836681.02	2018-05-08 20:31:21.015924	0.0
1525836681.07	2018-05-08 20:31:21.066607	0.0
1525836681.12	2018-05-08 20:31:21.117325	0.0
1525836681.17	2018-05-08 20:31:21.167952	0.0
1525836681.22	2018-05-08 20:31:21.219565	0.0
1525836681.27	2018-05-08 20:31:21.270144	0.0
1525836681.32	2018-05-08 20:31:21.320479	0.0
1525836681.37	2018-05-08 20:31:21.371001	0.0
1525836681.42	2018-05-08 20:31:21.421473	0.0
1525836681.47	2018-05-08 20:31:21.471817	0.0
1525836681.52	2018-05-08 20:31:21.522190	0.0
1525836681.57	2018-05-08 20:31:21.572768	0.0
1525836681.62	2018-05-08 20:31:21.623171	0.0
1525836681.67	2018-05-08 20:31:21.673787	0.0
1525836681.72	2018-05-08 20:31:21.724126	0.0
1525836681.77	2018-05-08 20:31:21.774462	0.0
1525836681.82	2018-05-08 20:31:21.824734	0.0
1525836681.88	2018-05-08 20:31:21.875121	0.0
1525836681.93	2018-05-08 20:31:21.925514	0.0
1525836681.98	2018-05-08 20:31:21.976166	0.0
1525836682.03	2018-05-08 20:31:22.026624	0.0
1525836682.08	2018-05-08 20:31:22.077021	0.0
1525836682.13	2018-05-08 20:31:22.127411	0.0
1525836682.18	2018-05-08 20:31:22.177753	0.0
1525836682.23	2018-05-08 20:31:22.228042	0.0
1525836682.28	2018-05-08 20:31:22.278421	0.0
1525836682.33	2018-05-08 20:31:22.328720	0.0
1525836682.38	2018-05-08 20:31:22.379082	0.0
1525836682.43	2018-05-08 20:31:22.429619	0.0
1525836682.48	2018-05-08 20:31:22.480096	0.0
1525836682.53	2018-05-08 20:31:22.530554	0.0
1525836682.58	2018-05-08 20:31:22.580807	0.0
1525836682.63	2018-05-08 20:31:22.631261	0.0
1525836682.68	2018-05-08 20:31:22.683576	0.0
1525836682.73	2018-05-08 20:31:22.734099	0.0
1525836682.78	2018-05-08 20:31:22.784513	0.0
1525836682.84	2018-05-08 20:31:22.835108	0.0
1525836682.89	2018-05-08 20:31:22.885930	0.0
1525836682.94	2018-05-08 20:31:22.936359	0.0
1525836682.99	2018-05-08 20:31:22.986855	0.0
1525836683.04	2018-05-08 20:31:23.037278	0.0
1525836683.09	2018-05-08 20:31:23.087660	0.0
1525836683.14	2018-05-08 20:31:23.137966	0.0
1525836683.19	2018-05-08 20:31:23.189000	0.0
1525836683.24	2018-05-08 20:31:23.239473	0.0
1525836683.29	2018-05-08 20:31:23.289777	0.0
1525836683.34	2018-05-08 20:31:23.340184	0.0
1525836683.39	2018-05-08 20:31:23.391005	0.0
1525836683.44	2018-05-08 20:31:23.441393	0.0
1525836683.49	2018-05-08 20:31:23.494009	0.0
1525836683.54	2018-05-08 20:31:23.544479	0.0
1525836683.6	2018-05-08 20:31:23.595376	0.0
1525836683.65	2018-05-08 20:31:23.645747	0.0
1525836683.7	2018-05-08 20:31:23.696340	0.0
1525836683.75	2018-05-08 20:31:23.746742	0.0
1525836683.8	2018-05-08 20:31:23.797291	0.0
1525836683.85	2018-05-08 20:31:23.847756	0.0
1525836683.9	2018-05-08 20:31:23.900223	0.0
1525836683.95	2018-05-08 20:31:23.950666	0.0
1525836684.0	2018-05-08 20:31:24.001061	0.0
1525836684.05	2018-05-08 20:31:24.051605	0.0
1525836684.1	2018-05-08 20:31:24.102061	0.0
1525836684.15	2018-05-08 20:31:24.152479	0.0
1525836684.2	2018-05-08 20:31:24.202748	0.0
1525836684.25	2018-05-08 20:31:24.253308	0.0
1525836684.3	2018-05-08 20:31:24.303562	0.0
1525836684.35	2018-05-08 20:31:24.353973	0.0
1525836684.4	2018-05-08 20:31:24.404343	0.0
1525836684.45	2018-05-08 20:31:24.454528	0.0
1525836684.5	2018-05-08 20:31:24.504991	0.0
1525836684.56	2018-05-08 20:31:24.555428	0.0
1525836684.61	2018-05-08 20:31:24.605877	0.0
1525836684.66	2018-05-08 20:31:24.656150	0.0
1525836684.71	2018-05-08 20:31:24.706781	0.0
1525836684.76	2018-05-08 20:31:24.757082	0.0
1525836684.81	2018-05-08 20:31:24.807263	0.0
1525836684.86	2018-05-08 20:31:24.858057	0.0
1525836684.91	2018-05-08 20:31:24.908466	0.0
1525836684.96	2018-05-08 20:31:24.958689	0.0
1525836685.01	2018-05-08 20:31:25.009158	0.0
1525836685.06	2018-05-08 20:31:25.059502	0.0
1525836685.11	2018-05-08 20:31:25.109923	0.0
1525836685.16	2018-05-08 20:31:25.160318	0.0
1525836685.21	2018-05-08 20:31:25.210762	0.0
1525836685.26	2018-05-08 20:31:25.261282	0.0
1525836685.31	2018-05-08 20:31:25.311755	0.0
1525836685.36	2018-05-08 20:31:25.362048	0.0
1525836685.41	2018-05-08 20:31:25.412399	0.0
1525836685.46	2018-05-08 20:31:25.462691	0.0
1525836685.51	2018-05-08 20:31:25.513074	0.0
1525836685.56	2018-05-08 20:31:25.563579	0.0
1525836685.61	2018-05-08 20:31:25.614021	0.0
1525836685.66	2018-05-08 20:31:25.664366	0.0
1525836685.71	2018-05-08 20:31:25.714794	0.0
1525836685.77	2018-05-08 20:31:25.765183	0.0
1525836685.82	2018-05-08 20:31:25.815521	0.0
1525836685.87	2018-05-08 20:31:25.866000	0.0
1525836685.92	2018-05-08 20:31:25.916456	0.0
1525836685.97	2018-05-08 20:31:25.966851	0.0
1525836686.02	2018-05-08 20:31:26.017045	0.0
1525836686.07	2018-05-08 20:31:26.067359	0.0
1525836686.12	2018-05-08 20:31:26.117793	0.0
1525836686.17	2018-05-08 20:31:26.171458	0.0
1525836686.22	2018-05-08 20:31:26.221833	0.0
1525836686.27	2018-05-08 20:31:26.272303	0.0
1525836686.32	2018-05-08 20:31:26.322693	0.0
1525836686.37	2018-05-08 20:31:26.373242	0.0
1525836686.42	2018-05-08 20:31:26.423688	0.0
1525836686.47	2018-05-08 20:31:26.474326	0.0
1525836686.52	2018-05-08 20:31:26.524704	0.0
1525836686.58	2018-05-08 20:31:26.575043	0.0
1525836686.63	2018-05-08 20:31:26.625399	0.0
1525836686.68	2018-05-08 20:31:26.675918	0.0
1525836686.73	2018-05-08 20:31:26.726325	0.0
1525836686.78	2018-05-08 20:31:26.776767	0.0
1525836686.83	2018-05-08 20:31:26.827143	0.0
1525836686.88	2018-05-08 20:31:26.877633	0.0
1525836686.93	2018-05-08 20:31:26.928135	0.0
1525836686.98	2018-05-08 20:31:26.980110	0.0
1525836687.03	2018-05-08 20:31:27.030693	0.0
1525836687.09	2018-05-08 20:31:27.086713	0.0
