1525831397.8	2018-05-08 19:03:17.801940	0.0
1525831397.85	2018-05-08 19:03:17.852853	263995.005097
1525831397.9	2018-05-08 19:03:17.903630	289159.088766
1525831397.95	2018-05-08 19:03:17.954421	317491.075747
1525831398.0	2018-05-08 19:03:18.004859	322253.018246
1525831398.06	2018-05-08 19:03:18.055374	527682.763068
1525831398.11	2018-05-08 19:03:18.107971	281650.074315
1525831398.16	2018-05-08 19:03:18.158634	58441.6617179
1525831398.21	2018-05-08 19:03:18.209531	465841.555664
1525831398.26	2018-05-08 19:03:18.259948	646030.996748
1525831398.31	2018-05-08 19:03:18.310358	558769.801048
1525831398.36	2018-05-08 19:03:18.360784	117488.506967
1525831398.41	2018-05-08 19:03:18.411345	0.0
1525831398.46	2018-05-08 19:03:18.461803	586895.836585
1525831398.51	2018-05-08 19:03:18.512199	500297.627359
1525831398.56	2018-05-08 19:03:18.562717	644906.033024
1525831398.61	2018-05-08 19:03:18.613130	58746.4757302
1525831398.66	2018-05-08 19:03:18.663811	58444.1360675
1525831398.71	2018-05-08 19:03:18.714280	616941.127701
1525831398.76	2018-05-08 19:03:18.764558	471291.11878
1525831398.81	2018-05-08 19:03:18.815013	558468.736887
1525831398.87	2018-05-08 19:03:18.865453	176138.646603
1525831398.92	2018-05-08 19:03:18.915854	0.0
1525831398.97	2018-05-08 19:03:18.966591	583864.557832
1525831399.02	2018-05-08 19:03:19.017696	609324.073015
1525831399.07	2018-05-08 19:03:19.068471	408342.485496
1525831399.12	2018-05-08 19:03:19.119064	351287.834189
1525831399.17	2018-05-08 19:03:19.169408	0.0
1525831399.22	2018-05-08 19:03:19.219784	352912.742289
1525831399.27	2018-05-08 19:03:19.270713	611380.91369
1525831399.32	2018-05-08 19:03:19.321194	351977.876304
1525831399.37	2018-05-08 19:03:19.371607	617492.496754
1525831399.42	2018-05-08 19:03:19.421875	117847.926845
1525831399.47	2018-05-08 19:03:19.472243	0.0
1525831399.52	2018-05-08 19:03:19.522598	529381.645134
1525831399.57	2018-05-08 19:03:19.573198	615356.700341
1525831399.62	2018-05-08 19:03:19.623612	352492.188869
1525831399.67	2018-05-08 19:03:19.673920	588809.560841
1525831399.72	2018-05-08 19:03:19.724191	117819.98623
1525831399.78	2018-05-08 19:03:19.776655	0.0
1525831399.83	2018-05-08 19:03:19.827151	499267.678564
1525831399.88	2018-05-08 19:03:19.877499	588304.886847
1525831399.93	2018-05-08 19:03:19.928106	381056.080798
1525831399.98	2018-05-08 19:03:19.978448	647211.99587
1525831400.03	2018-05-08 19:03:20.028729	176729.979345
1525831400.08	2018-05-08 19:03:20.079169	0.0
1525831400.13	2018-05-08 19:03:20.129580	293790.726417
1525831400.18	2018-05-08 19:03:20.179970	617860.623967
1525831400.23	2018-05-08 19:03:20.230330	529349.063946
1525831400.28	2018-05-08 19:03:20.281994	487885.293271
1525831400.33	2018-05-08 19:03:20.333999	455823.572557
1525831400.38	2018-05-08 19:03:20.384632	0.0
1525831400.44	2018-05-08 19:03:20.435501	0.0
1525831400.49	2018-05-08 19:03:20.486112	525715.504647
1525831400.54	2018-05-08 19:03:20.536653	616027.270195
1525831400.59	2018-05-08 19:03:20.587117	410817.381965
1525831400.64	2018-05-08 19:03:20.637767	614895.986891
1525831400.69	2018-05-08 19:03:20.688184	352353.892603
1525831400.74	2018-05-08 19:03:20.738478	0.0
1525831400.79	2018-05-08 19:03:20.788881	0.0
1525831400.84	2018-05-08 19:03:20.840780	570216.200556
1525831400.89	2018-05-08 19:03:20.893115	594876.299949
1525831400.94	2018-05-08 19:03:20.944425	346210.373552
1525831400.99	2018-05-08 19:03:20.994920	616807.081016
1525831401.05	2018-05-08 19:03:21.046059	463311.661006
1525831401.1	2018-05-08 19:03:21.096527	0.0
1525831401.15	2018-05-08 19:03:21.146810	0.0
1525831401.2	2018-05-08 19:03:21.200491	386252.272423
1525831401.25	2018-05-08 19:03:21.251879	665325.19416
1525831401.3	2018-05-08 19:03:21.302389	526504.977407
1525831401.35	2018-05-08 19:03:21.352877	499298.326707
1525831401.4	2018-05-08 19:03:21.403460	527013.711436
1525831401.45	2018-05-08 19:03:21.453874	117514.067395
1525831401.5	2018-05-08 19:03:21.504430	0.0
1525831401.56	2018-05-08 19:03:21.555059	58524.8044922
1525831401.61	2018-05-08 19:03:21.605443	617810.930396
1525831401.66	2018-05-08 19:03:21.655953	645088.687144
1525831401.71	2018-05-08 19:03:21.706265	412139.346072
1525831401.76	2018-05-08 19:03:21.758338	597765.503058
1525831401.82	2018-05-08 19:03:21.817070	403989.267343
1525831401.88	2018-05-08 19:03:21.879856	94263.6770451
1525831401.93	2018-05-08 19:03:21.934733	0.0
1525831402.01	2018-05-08 19:03:22.011931	288193.888027
1525831402.06	2018-05-08 19:03:22.064109	627338.598359
1525831402.11	2018-05-08 19:03:22.114573	614118.109735
1525831402.17	2018-05-08 19:03:22.165087	410557.494941
1525831402.22	2018-05-08 19:03:22.215654	585769.580129
1525831402.27	2018-05-08 19:03:22.266192	381577.356429
1525831402.32	2018-05-08 19:03:22.316660	0.0
1525831402.37	2018-05-08 19:03:22.367393	0.0
1525831402.42	2018-05-08 19:03:22.418333	174416.718584
1525831402.47	2018-05-08 19:03:22.468796	645710.485813
1525831402.52	2018-05-08 19:03:22.522127	583778.7149
1525831402.57	2018-05-08 19:03:22.572622	469153.194226
1525831402.62	2018-05-08 19:03:22.623425	583047.998536
1525831402.67	2018-05-08 19:03:22.674426	436217.96853
1525831402.72	2018-05-08 19:03:22.724862	293650.453067
1525831402.78	2018-05-08 19:03:22.775423	0.0
1525831402.83	2018-05-08 19:03:22.825874	0.0
1525831402.88	2018-05-08 19:03:22.876290	293749.047076
1525831402.93	2018-05-08 19:03:22.926672	617898.630327
1525831402.98	2018-05-08 19:03:22.977286	585259.073085
1525831403.03	2018-05-08 19:03:23.027783	499385.576635
1525831403.08	2018-05-08 19:03:23.080183	565204.245926
1525831403.13	2018-05-08 19:03:23.130584	470102.959937
1525831403.18	2018-05-08 19:03:23.181006	323740.217013
1525831403.23	2018-05-08 19:03:23.231510	0.0
1525831403.28	2018-05-08 19:03:23.281979	0.0
1525831403.33	2018-05-08 19:03:23.332598	117054.020333
1525831403.38	2018-05-08 19:03:23.383204	615029.204122
1525831403.43	2018-05-08 19:03:23.433839	591500.865454
1525831403.48	2018-05-08 19:03:23.484213	444268.124645
1525831403.53	2018-05-08 19:03:23.534639	415111.118441
1525831403.59	2018-05-08 19:03:23.586447	288478.100457
1525831403.64	2018-05-08 19:03:23.636940	0.0
1525831403.69	2018-05-08 19:03:23.688998	0.0
1525831403.74	2018-05-08 19:03:23.739469	177274.316859
1525831403.79	2018-05-08 19:03:23.789914	645914.965582
1525831403.84	2018-05-08 19:03:23.840290	587990.252546
1525831403.89	2018-05-08 19:03:23.890761	499465.779134
1525831403.94	2018-05-08 19:03:23.941247	410704.853177
1525831403.99	2018-05-08 19:03:23.991655	117522.960586
1525831404.04	2018-05-08 19:03:24.042242	0.0
1525831404.09	2018-05-08 19:03:24.092497	235729.395152
1525831404.15	2018-05-08 19:03:24.145867	528020.145802
1525831404.2	2018-05-08 19:03:24.196197	647227.322115
1525831404.25	2018-05-08 19:03:24.246728	498850.766357
1525831404.3	2018-05-08 19:03:24.297141	470029.593542
1525831404.35	2018-05-08 19:03:24.347513	235218.366208
1525831404.4	2018-05-08 19:03:24.397982	0.0
1525831404.45	2018-05-08 19:03:24.448385	0.0
1525831404.5	2018-05-08 19:03:24.498744	441752.314413
1525831404.55	2018-05-08 19:03:24.549141	587778.829318
1525831404.6	2018-05-08 19:03:24.599590	528478.378772
1525831404.65	2018-05-08 19:03:24.649901	618756.477225
1525831404.7	2018-05-08 19:03:24.700812	407252.501339
1525831404.75	2018-05-08 19:03:24.751212	235079.277895
1525831404.8	2018-05-08 19:03:24.801563	0.0
1525831404.85	2018-05-08 19:03:24.852122	0.0
1525831404.9	2018-05-08 19:03:24.902604	440981.987326
1525831404.95	2018-05-08 19:03:24.953272	526036.818856
1525831405.0	2018-05-08 19:03:25.003792	616222.037987
1525831405.05	2018-05-08 19:03:25.054389	526869.67723
1525831405.1	2018-05-08 19:03:25.104966	468540.55234
1525831405.16	2018-05-08 19:03:25.155384	382347.49105
1525831405.21	2018-05-08 19:03:25.206808	0.0
1525831405.26	2018-05-08 19:03:25.257293	0.0
1525831405.31	2018-05-08 19:03:25.307733	117446.856192
1525831405.36	2018-05-08 19:03:25.358076	529431.77787
1525831405.41	2018-05-08 19:03:25.412854	460314.588632
1525831405.47	2018-05-08 19:03:25.466970	383579.228631
1525831405.52	2018-05-08 19:03:25.521293	544774.519862
1525831405.57	2018-05-08 19:03:25.571978	497367.795443
1525831405.62	2018-05-08 19:03:25.622747	408350.155123
1525831405.67	2018-05-08 19:03:25.673667	58177.5665457
1525831405.72	2018-05-08 19:03:25.724206	0.0
1525831405.78	2018-05-08 19:03:25.776958	0.0
1525831405.83	2018-05-08 19:03:25.827327	470334.325146
1525831405.88	2018-05-08 19:03:25.879117	543998.583343
1525831405.93	2018-05-08 19:03:25.931090	627021.977288
1525831405.98	2018-05-08 19:03:25.983043	484996.279407
1525831406.03	2018-05-08 19:03:26.034506	575837.830793
1525831406.09	2018-05-08 19:03:26.086525	284620.829794
1525831406.14	2018-05-08 19:03:26.137340	174884.031908
1525831406.19	2018-05-08 19:03:26.187783	0.0
1525831406.24	2018-05-08 19:03:26.238207	0.0
1525831406.29	2018-05-08 19:03:26.288962	380108.861591
1525831406.34	2018-05-08 19:03:26.339600	526338.921128
1525831406.39	2018-05-08 19:03:26.390122	616222.037987
1525831406.44	2018-05-08 19:03:26.440595	586674.117547
1525831406.49	2018-05-08 19:03:26.491056	587009.532557
1525831406.54	2018-05-08 19:03:26.543725	366166.68452
1525831406.59	2018-05-08 19:03:26.594198	234758.334634
1525831406.64	2018-05-08 19:03:26.644804	0.0
1525831406.7	2018-05-08 19:03:26.695171	235209.459626
1525831406.75	2018-05-08 19:03:26.745567	559002.423541
1525831406.8	2018-05-08 19:03:26.795992	587417.536573
1525831406.85	2018-05-08 19:03:26.846322	588586.393777
1525831406.9	2018-05-08 19:03:26.896854	557506.981878
1525831406.95	2018-05-08 19:03:26.947279	528605.800021
1525831407.0	2018-05-08 19:03:26.997600	324422.841081
1525831407.05	2018-05-08 19:03:27.048020	0.0
1525831407.1	2018-05-08 19:03:27.098325	0.0
1525831407.15	2018-05-08 19:03:27.150740	508517.250621
1525831407.2	2018-05-08 19:03:27.201008	589323.48788
1525831407.25	2018-05-08 19:03:27.251459	617136.473877
1525831407.3	2018-05-08 19:03:27.301967	586513.47597
1525831407.35	2018-05-08 19:03:27.352462	499187.539668
1525831407.4	2018-05-08 19:03:27.402970	351858.252008
1525831407.45	2018-05-08 19:03:27.453249	176737.521844
1525831407.5	2018-05-08 19:03:27.503613	117637.580763
1525831407.55	2018-05-08 19:03:27.554036	617369.885145
1525831407.6	2018-05-08 19:03:27.604534	586604.864699
1525831407.66	2018-05-08 19:03:27.655210	614421.507787
1525831407.71	2018-05-08 19:03:27.706652	575907.234252
1525831407.76	2018-05-08 19:03:27.757113	645634.220555
1525831407.81	2018-05-08 19:03:27.807604	616478.039589
1525831407.86	2018-05-08 19:03:27.858009	646507.772391
1525831407.91	2018-05-08 19:03:27.908638	614846.76904
1525831407.96	2018-05-08 19:03:27.959066	587359.215564
1525831408.01	2018-05-08 19:03:28.009469	617702.801429
1525831408.06	2018-05-08 19:03:28.060076	585396.960193
1525831408.11	2018-05-08 19:03:28.110499	617358.210388
1525831408.16	2018-05-08 19:03:28.160846	647227.322115
1525831408.21	2018-05-08 19:03:28.211267	558724.884923
1525831408.26	2018-05-08 19:03:28.261494	648486.549116
1525831408.31	2018-05-08 19:03:28.312373	612008.420674
1525831408.36	2018-05-08 19:03:28.362880	586604.864699
1525831408.41	2018-05-08 19:03:28.413326	645750.150869
1525831408.46	2018-05-08 19:03:28.463890	615890.715503
1525831408.51	2018-05-08 19:03:28.514740	582738.960561
1525831408.57	2018-05-08 19:03:28.565372	614531.382878
1525831408.62	2018-05-08 19:03:28.615918	585965.741022
1525831408.67	2018-05-08 19:03:28.666519	615261.023803
1525831408.72	2018-05-08 19:03:28.716900	646749.484991
1525831408.77	2018-05-08 19:03:28.767449	615809.392544
1525831408.82	2018-05-08 19:03:28.817820	588118.293142
1525831408.87	2018-05-08 19:03:28.870547	590318.159666
1525831408.92	2018-05-08 19:03:28.920954	646556.71225
1525831408.97	2018-05-08 19:03:28.971351	617764.167279
1525831409.02	2018-05-08 19:03:29.021770	587698.194737
1525831409.07	2018-05-08 19:03:29.073226	605683.955176
1525831409.12	2018-05-08 19:03:29.123701	644881.686956
1525831409.17	2018-05-08 19:03:29.174559	586023.78562
1525831409.23	2018-05-08 19:03:29.225327	609361.036384
1525831409.28	2018-05-08 19:03:29.275768	587173.221162
1525831409.33	2018-05-08 19:03:29.326213	617124.807947
1525831409.38	2018-05-08 19:03:29.376638	646134.849448
1525831409.43	2018-05-08 19:03:29.426906	619225.932314
1525831409.48	2018-05-08 19:03:29.478164	577983.700464
1525831409.53	2018-05-08 19:03:29.528623	617078.148635
1525831409.58	2018-05-08 19:03:29.579079	645737.945717
1525831409.63	2018-05-08 19:03:29.629661	615626.494385
1525831409.68	2018-05-08 19:03:29.680263	586126.082657
1525831409.73	2018-05-08 19:03:29.730873	614276.995145
1525831409.78	2018-05-08 19:03:29.781259	587862.26769
1525831409.83	2018-05-08 19:03:29.831786	644793.447868
1525831409.88	2018-05-08 19:03:29.882359	615757.124839
1525831409.93	2018-05-08 19:03:29.932667	588656.11531
1525831409.98	2018-05-08 19:03:29.983023	618117.989123
1525831410.03	2018-05-08 19:03:30.034055	580408.527433
1525831410.08	2018-05-08 19:03:30.084425	618229.19037
1525831410.13	2018-05-08 19:03:30.134887	645689.129725
1525831410.19	2018-05-08 19:03:30.185340	617113.142457
1525831410.24	2018-05-08 19:03:30.235761	587464.757302
1525831410.29	2018-05-08 19:03:30.286088	618598.196751
1525831410.34	2018-05-08 19:03:30.336573	586707.364723
1525831410.39	2018-05-08 19:03:30.386949	618033.151922
1525831410.44	2018-05-08 19:03:30.437380	646046.26711
1525831410.49	2018-05-08 19:03:30.487877	586557.7821
1525831410.54	2018-05-08 19:03:30.538241	618079.955773
1525831410.59	2018-05-08 19:03:30.588439	590062.430443
1525831410.64	2018-05-08 19:03:30.638651	620137.531692
1525831410.69	2018-05-08 19:03:30.689077	646419.087778
1525831410.74	2018-05-08 19:03:30.740378	606970.530001
1525831410.79	2018-05-08 19:03:30.791145	584427.61403
1525831410.84	2018-05-08 19:03:30.841704	614618.154133
1525831410.89	2018-05-08 19:03:30.892602	646082.918925
1525831410.94	2018-05-08 19:03:30.943133	610292.284673
1525831410.99	2018-05-08 19:03:30.994072	581582.299453
1525831411.04	2018-05-08 19:03:31.044534	616917.811049
1525831411.1	2018-05-08 19:03:31.095042	586441.492782
1525831411.15	2018-05-08 19:03:31.145474	617331.9438
1525831411.2	2018-05-08 19:03:31.196313	640772.407667
1525831411.25	2018-05-08 19:03:31.246781	587034.496106
1525831411.3	2018-05-08 19:03:31.297324	616088.303568
1525831411.35	2018-05-08 19:03:31.347725	646315.143694
1525831411.4	2018-05-08 19:03:31.398005	590426.576305
1525831411.45	2018-05-08 19:03:31.448591	585537.671994
1525831411.5	2018-05-08 19:03:31.498985	587801.077235
1525831411.55	2018-05-08 19:03:31.549455	645609.819477
1525831411.6	2018-05-08 19:03:31.600003	615882.001302
1525831411.65	2018-05-08 19:03:31.650433	587209.300417
1525831411.7	2018-05-08 19:03:31.700780	618522.016512
1525831411.75	2018-05-08 19:03:31.751044	589242.428962
1525831411.8	2018-05-08 19:03:31.803615	648631.560446
1525831411.85	2018-05-08 19:03:31.854269	292439.420748
1525831411.9	2018-05-08 19:03:31.904896	643481.843013
1525831411.96	2018-05-08 19:03:31.955416	616184.237592
1525831412.01	2018-05-08 19:03:32.005892	586801.58552
1525831412.06	2018-05-08 19:03:32.056270	618167.732104
1525831412.11	2018-05-08 19:03:32.106746	586757.242552
1525831412.16	2018-05-08 19:03:32.157596	612306.866178
1525831412.21	2018-05-08 19:03:32.208137	293110.058417
1525831412.26	2018-05-08 19:03:32.259016	349271.48327
1525831412.31	2018-05-08 19:03:32.309420	617603.47304
1525831412.36	2018-05-08 19:03:32.361064	630848.476543
1525831412.41	2018-05-08 19:03:32.411339	588996.593513
1525831412.46	2018-05-08 19:03:32.461622	619261.170164
1525831412.51	2018-05-08 19:03:32.511897	648049.872333
1525831412.56	2018-05-08 19:03:32.562327	558645.638787
1525831412.61	2018-05-08 19:03:32.612803	176047.959416
1525831412.66	2018-05-08 19:03:32.663258	0.0
1525831412.71	2018-05-08 19:03:32.713929	526276.986661
1525831412.76	2018-05-08 19:03:32.764378	616941.127701
1525831412.81	2018-05-08 19:03:32.814780	587664.835174
1525831412.87	2018-05-08 19:03:32.865121	618398.995752
1525831412.92	2018-05-08 19:03:32.915494	588048.698945
1525831412.97	2018-05-08 19:03:32.966317	612936.276331
1525831413.02	2018-05-08 19:03:33.016986	614360.804197
1525831413.07	2018-05-08 19:03:33.067534	292872.362021
1525831413.12	2018-05-08 19:03:33.117939	58765.3716162
1525831413.17	2018-05-08 19:03:33.168468	586173.095974
1525831413.22	2018-05-08 19:03:33.218831	588143.351086
1525831413.27	2018-05-08 19:03:33.269221	617872.317733
1525831413.32	2018-05-08 19:03:33.319635	587545.327835
1525831413.37	2018-05-08 19:03:33.369936	618820.985087
1525831413.42	2018-05-08 19:03:33.420470	587526.346668
1525831413.47	2018-05-08 19:03:33.470947	590807.878991
1525831413.52	2018-05-08 19:03:33.521398	0.0
1525831413.57	2018-05-08 19:03:33.571674	326000.211312
1525831413.62	2018-05-08 19:03:33.622297	590325.254964
1525831413.67	2018-05-08 19:03:33.672702	621604.685253
1525831413.72	2018-05-08 19:03:33.723055	652326.362665
1525831413.77	2018-05-08 19:03:33.773466	558835.867293
1525831413.82	2018-05-08 19:03:33.823957	586732.302577
1525831413.88	2018-05-08 19:03:33.875250	0.0
1525831413.93	2018-05-08 19:03:33.925709	464144.675172
1525831413.98	2018-05-08 19:03:33.976222	616210.406603
1525831414.03	2018-05-08 19:03:34.026937	584048.46169
1525831414.08	2018-05-08 19:03:34.077341	617565.502979
1525831414.13	2018-05-08 19:03:34.128056	642655.72958
1525831414.18	2018-05-08 19:03:34.178549	616405.290234
1525831414.23	2018-05-08 19:03:34.228945	587698.194737
1525831414.28	2018-05-08 19:03:34.279490	616001.116737
1525831414.33	2018-05-08 19:03:34.330014	644881.686956
1525831414.38	2018-05-08 19:03:34.380458	558492.493314
1525831414.43	2018-05-08 19:03:34.430769	647626.059418
1525831414.48	2018-05-08 19:03:34.481245	586859.795838
1525831414.53	2018-05-08 19:03:34.532361	608929.129433
1525831414.59	2018-05-08 19:03:34.586614	600624.155831
1525831414.64	2018-05-08 19:03:34.637002	617983.430597
1525831414.69	2018-05-08 19:03:34.687627	643621.250744
1525831414.74	2018-05-08 19:03:34.738198	615600.374945
1525831414.79	2018-05-08 19:03:34.788647	587103.85044
1525831414.84	2018-05-08 19:03:34.839136	616611.94328
1525831414.89	2018-05-08 19:03:34.889622	645381.14904
1525831414.94	2018-05-08 19:03:34.940027	558923.098661
1525831414.99	2018-05-08 19:03:34.990332	647610.714283
1525831415.04	2018-05-08 19:03:35.040796	616917.811049
1525831415.09	2018-05-08 19:03:35.091129	588564.086374
1525831415.14	2018-05-08 19:03:35.142524	606026.88319
1525831415.19	2018-05-08 19:03:35.193018	645198.329287
1525831415.24	2018-05-08 19:03:35.243471	586931.881759
1525831415.29	2018-05-08 19:03:35.294987	604623.900286
1525831415.35	2018-05-08 19:03:35.345276	647586.16358
1525831415.4	2018-05-08 19:03:35.395847	615638.103737
1525831415.45	2018-05-08 19:03:35.446271	587384.208864
1525831415.5	2018-05-08 19:03:35.496564	619064.476799
1525831415.55	2018-05-08 19:03:35.546973	587603.685811
1525831415.6	2018-05-08 19:03:35.597458	616699.303118
1525831415.65	2018-05-08 19:03:35.647951	645365.910103
1525831415.7	2018-05-08 19:03:35.698547	556747.829247
1525831415.75	2018-05-08 19:03:35.748943	646468.01421
1525831415.8	2018-05-08 19:03:35.799501	615832.625484
1525831415.85	2018-05-08 19:03:35.850047	586012.728619
1525831415.9	2018-05-08 19:03:35.900433	617886.935564
1525831415.95	2018-05-08 19:03:35.950898	645646.421786
1525831416.0	2018-05-08 19:03:36.001298	587709.315433
1525831416.05	2018-05-08 19:03:36.051681	617983.430597
1525831416.1	2018-05-08 19:03:36.102162	586768.327666
1525831416.15	2018-05-08 19:03:36.152590	617396.154962
1525831416.2	2018-05-08 19:03:36.202955	646878.064026
1525831416.25	2018-05-08 19:03:36.253326	559179.663759
1525831416.3	2018-05-08 19:03:36.304346	638735.85163
1525831416.35	2018-05-08 19:03:36.354682	618524.946174
1525831416.41	2018-05-08 19:03:36.405256	585537.671994
1525831416.46	2018-05-08 19:03:36.456107	613391.175465
1525831416.51	2018-05-08 19:03:36.506589	644373.882158
1525831416.56	2018-05-08 19:03:36.557387	612872.989454
1525831416.61	2018-05-08 19:03:36.607818	587406.426917
1525831416.66	2018-05-08 19:03:36.658507	642719.201452
1525831416.71	2018-05-08 19:03:36.709463	611297.915626
1525831416.76	2018-05-08 19:03:36.760458	580829.127087
1525831416.81	2018-05-08 19:03:36.811304	612163.346441
1525831416.86	2018-05-08 19:03:36.862159	640709.319706
1525831416.91	2018-05-08 19:03:36.912639	616588.651504
1525831416.96	2018-05-08 19:03:36.963268	585168.103171
1525831417.01	2018-05-08 19:03:37.013716	617028.580846
1525831417.06	2018-05-08 19:03:37.064677	581228.581962
1525831417.11	2018-05-08 19:03:37.114995	618768.204927
1525831417.17	2018-05-08 19:03:37.165528	644766.068233
1525831417.22	2018-05-08 19:03:37.216028	616539.16232
1525831417.27	2018-05-08 19:03:37.266662	584961.458504
1525831417.32	2018-05-08 19:03:37.317208	615916.859587
1525831417.37	2018-05-08 19:03:37.367556	588187.903815
1525831417.42	2018-05-08 19:03:37.418284	642251.013615
1525831417.47	2018-05-08 19:03:37.468526	619878.482391
1525831417.52	2018-05-08 19:03:37.518950	587406.426917
1525831417.57	2018-05-08 19:03:37.569557	615234.935365
1525831417.62	2018-05-08 19:03:37.619973	587500.872394
1525831417.67	2018-05-08 19:03:37.670394	617492.496754
1525831417.72	2018-05-08 19:03:37.720740	647175.215844
1525831417.77	2018-05-08 19:03:37.771113	618044.852221
1525831417.82	2018-05-08 19:03:37.821564	587078.880992
1525831417.87	2018-05-08 19:03:37.871893	618624.571207
1525831417.92	2018-05-08 19:03:37.922363	586845.935191
1525831417.97	2018-05-08 19:03:37.973086	613806.355605
1525831418.02	2018-05-08 19:03:38.023454	646890.312315
1525831418.07	2018-05-08 19:03:38.073928	586895.836585
1525831418.12	2018-05-08 19:03:38.124461	616245.302074
1525831418.17	2018-05-08 19:03:38.174893	587162.120745
1525831418.23	2018-05-08 19:03:38.225263	618082.88125
1525831418.28	2018-05-08 19:03:38.275691	587373.100468
1525831418.33	2018-05-08 19:03:38.326071	382810.703491
1525831418.38	2018-05-08 19:03:38.376528	587092.752645
1525831418.43	2018-05-08 19:03:38.427107	585733.67757
1525831418.48	2018-05-08 19:03:38.477633	616271.476271
1525831418.53	2018-05-08 19:03:38.529084	633198.560524
1525831418.58	2018-05-08 19:03:38.581091	598628.68849
1525831418.63	2018-05-08 19:03:38.631591	586383.365413
1525831418.68	2018-05-08 19:03:38.682044	617078.148635
1525831418.73	2018-05-08 19:03:38.732417	411616.554346
1525831418.78	2018-05-08 19:03:38.782841	234967.014629
1525831418.83	2018-05-08 19:03:38.833254	617618.078152
1525831418.88	2018-05-08 19:03:38.883703	587137.146341
1525831418.93	2018-05-08 19:03:38.934045	618463.429094
1525831418.98	2018-05-08 19:03:38.984519	645457.354518
1525831419.03	2018-05-08 19:03:39.034926	617626.841551
1525831419.09	2018-05-08 19:03:39.085407	586663.035993
1525831419.14	2018-05-08 19:03:39.135633	589793.509746
1525831419.19	2018-05-08 19:03:39.187671	199872.443102
1525831419.24	2018-05-08 19:03:39.238171	58658.270724
1525831419.29	2018-05-08 19:03:39.288852	584416.617179
1525831419.34	2018-05-08 19:03:39.339236	617898.630327
1525831419.39	2018-05-08 19:03:39.389605	588059.83291
1525831419.44	2018-05-08 19:03:39.440067	616964.446116
1525831419.49	2018-05-08 19:03:39.490441	646829.075508
1525831419.54	2018-05-08 19:03:39.540855	587675.954608
1525831419.59	2018-05-08 19:03:39.591330	616722.603256
1525831419.64	2018-05-08 19:03:39.641728	352612.244677
1525831419.69	2018-05-08 19:03:39.692061	117686.612905
1525831419.74	2018-05-08 19:03:39.743356	606959.245242
1525831419.79	2018-05-08 19:03:39.794103	642489.553121
1525831419.84	2018-05-08 19:03:39.844912	612611.350691
1525831419.9	2018-05-08 19:03:39.895627	584196.767046
1525831419.95	2018-05-08 19:03:39.946163	615844.242611
1525831420.0	2018-05-08 19:03:39.996448	647702.796
1525831420.05	2018-05-08 19:03:40.046983	557638.533287
1525831420.1	2018-05-08 19:03:40.097424	293500.605923
1525831420.15	2018-05-08 19:03:40.147912	352067.647919
1525831420.2	2018-05-08 19:03:40.198333	470027.370675
1525831420.25	2018-05-08 19:03:40.248781	617051.905873
1525831420.3	2018-05-08 19:03:40.300937	567802.945521
1525831420.35	2018-05-08 19:03:40.352216	607255.609304
1525831420.4	2018-05-08 19:03:40.402590	646841.321942
1525831420.45	2018-05-08 19:03:40.453067	616783.774495
1525831420.5	2018-05-08 19:03:40.503596	586231.181661
1525831420.55	2018-05-08 19:03:40.553974	411552.272435
1525831420.6	2018-05-08 19:03:40.604434	206119.991684
1525831420.65	2018-05-08 19:03:40.654948	410445.108463
1525831420.71	2018-05-08 19:03:40.705574	585099.205395
1525831420.76	2018-05-08 19:03:40.756196	615040.790957
1525831420.81	2018-05-08 19:03:40.806693	645085.642061
1525831420.86	2018-05-08 19:03:40.857053	618290.660859
1525831420.91	2018-05-08 19:03:40.909698	562476.386686
1525831420.96	2018-05-08 19:03:40.960896	666261.293975
1525831421.01	2018-05-08 19:03:41.011721	408005.30686
1525831421.06	2018-05-08 19:03:41.063729	227793.731914
1525831421.11	2018-05-08 19:03:41.114256	674659.809711
1525831421.16	2018-05-08 19:03:41.164793	586106.726424
1525831421.22	2018-05-08 19:03:41.215697	611813.44048
1525831421.27	2018-05-08 19:03:41.266125	587195.423256
1525831421.32	2018-05-08 19:03:41.318059	599505.379328
1525831421.37	2018-05-08 19:03:41.368479	587498.094153
1525831421.42	2018-05-08 19:03:41.420885	565150.252153
1525831421.47	2018-05-08 19:03:41.471344	617051.905873
1525831421.52	2018-05-08 19:03:41.521733	587734.338537
1525831421.57	2018-05-08 19:03:41.572290	616256.934776
1525831421.62	2018-05-08 19:03:41.624530	623210.354375
1525831421.67	2018-05-08 19:03:41.674828	619014.5894
1525831421.73	2018-05-08 19:03:41.725577	613428.633941
1525831421.78	2018-05-08 19:03:41.775902	588714.694164
1525831421.83	2018-05-08 19:03:41.828852	559651.170924
1525831421.88	2018-05-08 19:03:41.879403	674418.005282
1525831421.93	2018-05-08 19:03:41.930078	584545.856314
1525831421.98	2018-05-08 19:03:41.980779	613959.306497
1525831422.03	2018-05-08 19:03:42.031538	584983.493648
1525831422.08	2018-05-08 19:03:42.082133	642223.849467
1525831422.14	2018-05-08 19:03:42.135710	525774.04139
1525831422.19	2018-05-08 19:03:42.186313	645393.340707
1525831422.24	2018-05-08 19:03:42.236571	617995.129013
1525831422.29	2018-05-08 19:03:42.286942	588143.351086
1525831422.34	2018-05-08 19:03:42.337256	618671.464681
1525831422.39	2018-05-08 19:03:42.387638	646942.372717
1525831422.44	2018-05-08 19:03:42.438157	558724.884923
1525831422.49	2018-05-08 19:03:42.488584	644790.405571
1525831422.54	2018-05-08 19:03:42.539041	617078.148635
1525831422.59	2018-05-08 19:03:42.589516	586812.67231
1525831422.64	2018-05-08 19:03:42.640121	615577.159526
1525831422.69	2018-05-08 19:03:42.690536	645979.082915
1525831422.74	2018-05-08 19:03:42.741273	525231.260808
1525831422.79	2018-05-08 19:03:42.792044	613270.187035
1525831422.84	2018-05-08 19:03:42.842552	586419.347664
1525831422.89	2018-05-08 19:03:42.892909	618252.606258
1525831422.94	2018-05-08 19:03:42.943104	590006.385076
1525831422.99	2018-05-08 19:03:42.993597	616708.040464
1525831423.04	2018-05-08 19:03:43.043989	646572.007475
1525831423.09	2018-05-08 19:03:43.094941	611117.687116
1525831423.15	2018-05-08 19:03:43.145458	586303.113225
1525831423.2	2018-05-08 19:03:43.195997	616012.740222
1525831423.25	2018-05-08 19:03:43.248214	623998.597877
1525831423.3	2018-05-08 19:03:43.298716	616734.253985
1525831423.35	2018-05-08 19:03:43.349318	585283.88797
1525831423.4	2018-05-08 19:03:43.399838	586197.98843
1525831423.45	2018-05-08 19:03:43.450143	618891.372642
1525831423.5	2018-05-08 19:03:43.500584	587198.198636
1525831423.55	2018-05-08 19:03:43.551030	617186.059003
1525831423.6	2018-05-08 19:03:43.601468	645982.136439
1525831423.65	2018-05-08 19:03:43.651831	618191.143336
1525831423.7	2018-05-08 19:03:43.702405	585747.485726
1525831423.75	2018-05-08 19:03:43.752904	589124.461729
1525831423.8	2018-05-08 19:03:43.803207	621527.092415
1525831423.85	2018-05-08 19:03:43.853583	593219.71838
1525831423.9	2018-05-08 19:03:43.903913	623793.350537
1525831423.95	2018-05-08 19:03:43.954659	618752.264617
1525831424.01	2018-05-08 19:03:44.005171	591646.042728
1525831424.06	2018-05-08 19:03:44.055556	593076.566226
1525831424.11	2018-05-08 19:03:44.105902	618401.924249
1525831424.16	2018-05-08 19:03:44.156190	620338.58158
1525831424.21	2018-05-08 19:03:44.206899	585212.262211
1525831424.26	2018-05-08 19:03:44.257403	644969.950199
1525831424.31	2018-05-08 19:03:44.307841	617285.253162
1525831424.36	2018-05-08 19:03:44.358323	586743.386749
1525831424.41	2018-05-08 19:03:44.408696	617995.129013
1525831424.46	2018-05-08 19:03:44.458962	648231.237029
1525831424.51	2018-05-08 19:03:44.509292	559722.664646
1525831424.56	2018-05-08 19:03:44.559649	647022.010719
1525831424.61	2018-05-08 19:03:44.609919	589158.598372
1525831424.66	2018-05-08 19:03:44.660128	620113.972809
1525831424.71	2018-05-08 19:03:44.710845	584059.44469
1525831424.76	2018-05-08 19:03:44.761280	617296.92516
1525831424.81	2018-05-08 19:03:44.812146	640748.372693
1525831424.86	2018-05-08 19:03:44.862566	617270.663786
1525831424.91	2018-05-08 19:03:44.913991	576086.158754
1525831424.96	2018-05-08 19:03:44.964937	611189.193646
1525831425.02	2018-05-08 19:03:45.015925	639001.66428
1525831425.07	2018-05-08 19:03:45.066247	618498.580212
1525831425.12	2018-05-08 19:03:45.116885	584843.04804
1525831425.17	2018-05-08 19:03:45.168532	603570.339193
1525831425.22	2018-05-08 19:03:45.220137	573276.319522
1525831425.27	2018-05-08 19:03:45.270761	673649.202431
1525831425.32	2018-05-08 19:03:45.321931	578888.609478
1525831425.37	2018-05-08 19:03:45.372295	588129.429743
1525831425.42	2018-05-08 19:03:45.424053	601460.342198
1525831425.47	2018-05-08 19:03:45.474458	646544.476591
1525831425.53	2018-05-08 19:03:45.526238	601100.425034
1525831425.58	2018-05-08 19:03:45.576584	588469.298774
1525831425.63	2018-05-08 19:03:45.631057	571454.968781
1525831425.68	2018-05-08 19:03:45.681919	640658.257597
1525831425.73	2018-05-08 19:03:45.732819	612042.841845
1525831425.78	2018-05-08 19:03:45.783944	636991.176053
1525831425.83	2018-05-08 19:03:45.834587	614676.015251
1525831425.89	2018-05-08 19:03:45.885374	583266.984728
1525831425.94	2018-05-08 19:03:45.935832	616929.469155
1525831425.99	2018-05-08 19:03:45.986289	646095.13712
1525831426.04	2018-05-08 19:03:46.036772	616393.65193
1525831426.09	2018-05-08 19:03:46.087204	587475.869165
1525831426.14	2018-05-08 19:03:46.137814	585225.989844
1525831426.19	2018-05-08 19:03:46.188247	617296.92516
1525831426.24	2018-05-08 19:03:46.238566	588667.272288
1525831426.29	2018-05-08 19:03:46.288921	618255.533369
1525831426.34	2018-05-08 19:03:46.339237	647441.965785
1525831426.39	2018-05-08 19:03:46.389536	560192.348626
1525831426.44	2018-05-08 19:03:46.439805	648022.215453
1525831426.49	2018-05-08 19:03:46.490139	618671.464681
1525831426.54	2018-05-08 19:03:46.540406	589278.762961
1525831426.59	2018-05-08 19:03:46.590989	615490.117296
1525831426.64	2018-05-08 19:03:46.641507	586521.78286
1525831426.69	2018-05-08 19:03:46.691849	588224.107877
1525831426.74	2018-05-08 19:03:46.742216	618056.552962
1525831426.79	2018-05-08 19:03:46.792738	644845.171301
1525831426.84	2018-05-08 19:03:46.843261	498999.079004
1525831426.89	2018-05-08 19:03:46.893633	646801.522728
1525831426.94	2018-05-08 19:03:46.944218	615504.622624
1525831427.0	2018-05-08 19:03:46.995166	581467.974426
1525831427.05	2018-05-08 19:03:47.045442	619040.999374
1525831427.1	2018-05-08 19:03:47.095811	588176.765
1525831427.15	2018-05-08 19:03:47.146183	617957.110781
1525831427.2	2018-05-08 19:03:47.199544	499878.200055
1525831427.25	2018-05-08 19:03:47.250256	583922.186877
1525831427.3	2018-05-08 19:03:47.301937	430637.663907
1525831427.35	2018-05-08 19:03:47.353618	630138.713466
1525831427.4	2018-05-08 19:03:47.404453	612740.704571
1525831427.45	2018-05-08 19:03:47.454979	586128.847938
1525831427.51	2018-05-08 19:03:47.505564	615551.044272
1525831427.56	2018-05-08 19:03:47.555974	587431.424235
1525831427.61	2018-05-08 19:03:47.606327	618252.606258
1525831427.66	2018-05-08 19:03:47.656799	645561.022854
1525831427.71	2018-05-08 19:03:47.707132	588385.688007
1525831427.76	2018-05-08 19:03:47.757439	618979.379606
1525831427.81	2018-05-08 19:03:47.807837	587756.583086
1525831427.86	2018-05-08 19:03:47.858367	616123.185211
1525831427.91	2018-05-08 19:03:47.908959	585515.595082
1525831427.96	2018-05-08 19:03:47.959372	558846.439342
1525831428.01	2018-05-08 19:03:48.009847	645646.421786
1525831428.06	2018-05-08 19:03:48.060380	557364.976052
1525831428.11	2018-05-08 19:03:48.111156	583738.36252
1525831428.16	2018-05-08 19:03:48.161568	617113.142457
1525831428.21	2018-05-08 19:03:48.212474	640094.112957
1525831428.26	2018-05-08 19:03:48.263037	585824.82343
1525831428.31	2018-05-08 19:03:48.313798	613152.125311
1525831428.37	2018-05-08 19:03:48.365176	519113.032323
1525831428.42	2018-05-08 19:03:48.415866	672597.328517
1525831428.47	2018-05-08 19:03:48.467403	574665.842442
1525831428.52	2018-05-08 19:03:48.517750	590856.688485
1525831428.58	2018-05-08 19:03:48.577230	628051.53342
1525831428.63	2018-05-08 19:03:48.628044	614799.877092
1525831428.68	2018-05-08 19:03:48.679077	643646.557578
1525831428.73	2018-05-08 19:03:48.729850	530004.51666
1525831428.78	2018-05-08 19:03:48.780104	653740.99786
1525831428.83	2018-05-08 19:03:48.830759	648286.695955
1525831428.88	2018-05-08 19:03:48.881052	589063.619199
1525831428.93	2018-05-08 19:03:48.931444	559079.125663
1525831428.98	2018-05-08 19:03:48.982370	639980.204406
1525831429.03	2018-05-08 19:03:49.033728	634433.192333
1525831429.09	2018-05-08 19:03:49.085170	605016.080282
1525831429.14	2018-05-08 19:03:49.135704	586267.145237
1525831429.19	2018-05-08 19:03:49.186086	617822.622282
1525831429.24	2018-05-08 19:03:49.236486	587606.465052
1525831429.29	2018-05-08 19:03:49.286861	618179.437498
1525831429.34	2018-05-08 19:03:49.337309	586998.438328
1525831429.39	2018-05-08 19:03:49.387615	619029.26133
1525831429.44	2018-05-08 19:03:49.437962	588235.248485
1525831429.49	2018-05-08 19:03:49.488284	618756.477225
1525831429.54	2018-05-08 19:03:49.538730	587081.65527
1525831429.59	2018-05-08 19:03:49.589103	618153.100984
1525831429.64	2018-05-08 19:03:49.639429	647316.228652
1525831429.69	2018-05-08 19:03:49.689796	588224.107877
1525831429.74	2018-05-08 19:03:49.740071	619237.677818
1525831429.79	2018-05-08 19:03:49.791507	518354.95715
1525831429.84	2018-05-08 19:03:49.842288	671510.894622
1525831429.89	2018-05-08 19:03:49.892699	587395.31768
1525831429.94	2018-05-08 19:03:49.943156	616944.042407
1525831429.99	2018-05-08 19:03:49.993615	645789.820797
1525831430.04	2018-05-08 19:03:50.043853	560779.897907
1525831430.09	2018-05-08 19:03:50.094240	587828.889499
1525831430.14	2018-05-08 19:03:50.144806	615684.545521
1525831430.2	2018-05-08 19:03:50.195044	648538.86677
1525831430.25	2018-05-08 19:03:50.245484	587339.777801
1525831430.3	2018-05-08 19:03:50.295719	619690.218795
1525831430.35	2018-05-08 19:03:50.346135	587467.535229
1525831430.4	2018-05-08 19:03:50.396811	614398.381195
1525831430.45	2018-05-08 19:03:50.447274	586929.108896
1525831430.5	2018-05-08 19:03:50.497743	616906.153384
1525831430.55	2018-05-08 19:03:50.548259	645058.237606
1525831430.6	2018-05-08 19:03:50.598663	617702.801429
1525831430.65	2018-05-08 19:03:50.649127	586881.974236
1525831430.7	2018-05-08 19:03:50.699478	559513.285799
1525831430.75	2018-05-08 19:03:50.749848	646890.312315
1525831430.8	2018-05-08 19:03:50.800352	616454.757927
1525831430.85	2018-05-08 19:03:50.850961	585259.073085
1525831430.9	2018-05-08 19:03:50.901572	643963.96545
1525831430.95	2018-05-08 19:03:50.952162	556847.530552
1525831431.0	2018-05-08 19:03:51.002721	644358.690751
1525831431.05	2018-05-08 19:03:51.053159	617124.807947
1525831431.1	2018-05-08 19:03:51.103588	587384.208864
1525831431.15	2018-05-08 19:03:51.154004	558825.295644
1525831431.21	2018-05-08 19:03:51.206111	625841.788459
1525831431.26	2018-05-08 19:03:51.257206	608943.327159
1525831431.31	2018-05-08 19:03:51.310465	556024.277665
1525831431.36	2018-05-08 19:03:51.361160	672651.109729
1525831431.41	2018-05-08 19:03:51.411727	585664.646556
1525831431.46	2018-05-08 19:03:51.462207	616745.905154
1525831431.51	2018-05-08 19:03:51.514902	618301.321256
1525831431.57	2018-05-08 19:03:51.565392	586651.954857
1525831431.62	2018-05-08 19:03:51.616179	613080.158761
1525831431.67	2018-05-08 19:03:51.666764	585708.824531
1525831431.72	2018-05-08 19:03:51.717337	615588.767017
1525831431.77	2018-05-08 19:03:51.768766	575928.592528
1525831431.82	2018-05-08 19:03:51.821654	644928.337109
1525831431.87	2018-05-08 19:03:51.872498	582348.346404
1525831431.92	2018-05-08 19:03:51.923393	611741.787815
1525831431.97	2018-05-08 19:03:51.973689	647638.336049
1525831432.03	2018-05-08 19:03:52.025049	606130.962704
1525831432.08	2018-05-08 19:03:52.075557	586477.482168
1525831432.13	2018-05-08 19:03:52.126878	606699.81154
1525831432.18	2018-05-08 19:03:52.177401	644893.859761
1525831432.23	2018-05-08 19:03:52.231567	574969.99668
1525831432.28	2018-05-08 19:03:52.282059	645137.412385
1525831432.33	2018-05-08 19:03:52.332287	589569.59634
1525831432.38	2018-05-08 19:03:52.382633	618536.6651
1525831432.43	2018-05-08 19:03:52.433901	577757.915082
1525831432.48	2018-05-08 19:03:52.484357	617308.597599
1525831432.53	2018-05-08 19:03:52.534724	588505.537486
1525831432.59	2018-05-08 19:03:52.585373	614250.990089
1525831432.64	2018-05-08 19:03:52.635675	529675.056406
1525831432.69	2018-05-08 19:03:52.686547	674755.306565
1525831432.74	2018-05-08 19:03:52.737446	578255.414275
1525831432.79	2018-05-08 19:03:52.787874	617565.502979
1525831432.84	2018-05-08 19:03:52.838669	524445.384765
1525831432.89	2018-05-08 19:03:52.889622	639450.164136
1525831432.94	2018-05-08 19:03:52.940080	617212.313178
1525831432.99	2018-05-08 19:03:52.990341	589183.745044
1525831433.04	2018-05-08 19:03:53.040546	620099.249416
1525831433.09	2018-05-08 19:03:53.091081	586139.90932
1525831433.14	2018-05-08 19:03:53.141716	556496.111222
1525831433.2	2018-05-08 19:03:53.196326	596815.498856
1525831433.25	2018-05-08 19:03:53.246734	617308.597599
1525831433.3	2018-05-08 19:03:53.297864	579615.120206
1525831433.35	2018-05-08 19:03:53.348093	619519.70366
1525831433.4	2018-05-08 19:03:53.398525	646046.26711
1525831433.45	2018-05-08 19:03:53.448889	559388.792941
1525831433.5	2018-05-08 19:03:53.499173	647948.475312
1525831433.55	2018-05-08 19:03:53.549672	586532.859079
1525831433.6	2018-05-08 19:03:53.600268	615527.832573
1525831433.65	2018-05-08 19:03:53.650627	646841.321942
1525831433.7	2018-05-08 19:03:53.700951	618706.639452
1525831433.75	2018-05-08 19:03:53.751225	589125.072814
1525831433.8	2018-05-08 19:03:53.801606	618009.752655
1525831433.85	2018-05-08 19:03:53.852033	587348.108113
1525831433.9	2018-05-08 19:03:53.903097	609896.085376
1525831433.95	2018-05-08 19:03:53.953963	582291.027578
1525831434.0	2018-05-08 19:03:54.004501	615989.493691
1525831434.06	2018-05-08 19:03:54.055381	582108.228635
1525831434.11	2018-05-08 19:03:54.105696	677664.94742
1525831434.16	2018-05-08 19:03:54.155927	589617.163712
1525831434.21	2018-05-08 19:03:54.206286	588176.765
1525831434.26	2018-05-08 19:03:54.256630	618486.862729
1525831434.31	2018-05-08 19:03:54.306867	589510.84724
1525831434.36	2018-05-08 19:03:54.357452	556902.643962
1525831434.41	2018-05-08 19:03:54.407971	586383.365413
1525831434.46	2018-05-08 19:03:54.458362	617860.623967
1525831434.51	2018-05-08 19:03:54.508819	645649.472165
1525831434.56	2018-05-08 19:03:54.559250	617396.154962
1525831434.61	2018-05-08 19:03:54.609671	587464.757302
1525831434.66	2018-05-08 19:03:54.660131	558281.395907
1525831434.71	2018-05-08 19:03:54.710483	647083.284064
1525831434.76	2018-05-08 19:03:54.760969	586743.386749
1525831434.81	2018-05-08 19:03:54.811555	615504.622624
1525831434.86	2018-05-08 19:03:54.861978	587359.215564
1525831434.91	2018-05-08 19:03:54.912932	611143.427539
1525831434.96	2018-05-08 19:03:54.963369	587137.146341
1525831435.01	2018-05-08 19:03:55.014675	606877.443284
1525831435.07	2018-05-08 19:03:55.065202	644817.787273
1525831435.12	2018-05-08 19:03:55.116253	609730.916874
1525831435.17	2018-05-08 19:03:55.166721	586998.438328
1525831435.22	2018-05-08 19:03:55.217267	615977.871083
1525831435.27	2018-05-08 19:03:55.268041	641870.924526
1525831435.32	2018-05-08 19:03:55.319523	604744.301461
1525831435.37	2018-05-08 19:03:55.373367	550086.05153
1525831435.42	2018-05-08 19:03:55.424243	670060.438389
1525831435.47	2018-05-08 19:03:55.474802	585990.61587
1525831435.53	2018-05-08 19:03:55.531586	573625.477688
1525831435.58	2018-05-08 19:03:55.582143	557254.577081
1525831435.63	2018-05-08 19:03:55.633331	578605.521179
1525831435.69	2018-05-08 19:03:55.685036	602181.47111
1525831435.74	2018-05-08 19:03:55.737452	621902.918082
1525831435.79	2018-05-08 19:03:55.789342	656866.297914
1525831435.84	2018-05-08 19:03:55.839698	588187.903815
1525831435.89	2018-05-08 19:03:55.891506	600984.23615
1525831435.94	2018-05-08 19:03:55.941901	587873.394596
1525831435.99	2018-05-08 19:03:55.992387	616611.94328
1525831436.04	2018-05-08 19:03:56.042883	558007.207733
1525831436.09	2018-05-08 19:03:56.094136	635669.691363
1525831436.14	2018-05-08 19:03:56.144641	644997.347153
1525831436.2	2018-05-08 19:03:56.195035	587967.990307
1525831436.25	2018-05-08 19:03:56.245410	617772.934824
1525831436.3	2018-05-08 19:03:56.295771	588235.248485
1525831436.35	2018-05-08 19:03:56.346160	617837.237761
1525831436.4	2018-05-08 19:03:56.396632	586881.974236
1525831436.45	2018-05-08 19:03:56.447089	617054.821625
1525831436.5	2018-05-08 19:03:56.497405	588642.169682
1525831436.55	2018-05-08 19:03:56.547827	617419.507787
1525831436.6	2018-05-08 19:03:56.598295	586965.158157
1525831436.65	2018-05-08 19:03:56.648745	617040.243139
1525831436.7	2018-05-08 19:03:56.699211	645918.0185
1525831436.75	2018-05-08 19:03:56.749786	585468.68717
1525831436.8	2018-05-08 19:03:56.800166	559179.663759
1525831436.85	2018-05-08 19:03:56.850545	646737.242034
1525831436.9	2018-05-08 19:03:56.900906	618229.19037
1525831436.95	2018-05-08 19:03:56.951317	587570.336977
1525831437.0	2018-05-08 19:03:57.001640	618694.914084
1525831437.05	2018-05-08 19:03:57.051885	589474.484617
1525831437.1	2018-05-08 19:03:57.102251	618094.583431
1525831437.15	2018-05-08 19:03:57.152621	646982.189267
1525831437.2	2018-05-08 19:03:57.203201	615490.117296
1525831437.25	2018-05-08 19:03:57.254566	576634.305474
1525831437.31	2018-05-08 19:03:57.305228	614508.248014
1525831437.36	2018-05-08 19:03:57.356437	636255.682065
1525831437.41	2018-05-08 19:03:57.406819	587920.688647
1525831437.46	2018-05-08 19:03:57.457241	617553.820823
1525831437.51	2018-05-08 19:03:57.507570	588421.916422
1525831437.56	2018-05-08 19:03:57.558068	616562.450358
1525831437.61	2018-05-08 19:03:57.608292	648708.187617
1525831437.66	2018-05-08 19:03:57.658609	559913.627476
1525831437.71	2018-05-08 19:03:57.709106	645301.914428
1525831437.76	2018-05-08 19:03:57.759628	617516.691912
1525831437.81	2018-05-08 19:03:57.809952	593795.831747
1525831437.86	2018-05-08 19:03:57.860460	590350.515327
1525831437.91	2018-05-08 19:03:57.910681	595061.578329
1525831437.96	2018-05-08 19:03:57.961133	622334.174462
1525831438.01	2018-05-08 19:03:58.011499	622099.035854
1525831438.06	2018-05-08 19:03:58.062048	648467.070021
1525831438.11	2018-05-08 19:03:58.112656	615223.341214
1525831438.16	2018-05-08 19:03:58.163240	585526.63333
1525831438.21	2018-05-08 19:03:58.214436	608098.29721
1525831438.26	2018-05-08 19:03:58.264880	587370.323435
1525831438.32	2018-05-08 19:03:58.316437	603793.599519
1525831438.37	2018-05-08 19:03:58.366917	645469.549065
1525831438.42	2018-05-08 19:03:58.417460	615931.385038
1525831438.47	2018-05-08 19:03:58.467768	588806.770208
1525831438.52	2018-05-08 19:03:58.519056	607255.609304
1525831438.57	2018-05-08 19:03:58.569476	645994.350823
1525831438.62	2018-05-08 19:03:58.620566	609585.7564
1525831438.67	2018-05-08 19:03:58.671029	587001.211846
1525831438.72	2018-05-08 19:03:58.721575	615722.284631
1525831438.77	2018-05-08 19:03:58.772076	645417.725424
1525831438.82	2018-05-08 19:03:58.824377	566152.099819
1525831438.87	2018-05-08 19:03:58.874894	616367.467354
1525831438.93	2018-05-08 19:03:58.925834	639441.187969
1525831438.98	2018-05-08 19:03:58.976486	614858.349002
1525831439.03	2018-05-08 19:03:59.027385	581753.871311
1525831439.08	2018-05-08 19:03:59.077879	616684.741426
1525831439.13	2018-05-08 19:03:59.128468	615481.414426
1525831439.18	2018-05-08 19:03:59.178756	647840.967684
1525831439.23	2018-05-08 19:03:59.230832	569035.682786
1525831439.28	2018-05-08 19:03:59.281315	616478.039589
1525831439.33	2018-05-08 19:03:59.332388	637901.027522
1525831439.38	2018-05-08 19:03:59.382863	616868.269015
1525831439.43	2018-05-08 19:03:59.433255	588001.384298
1525831439.5	2018-05-08 19:03:59.499093	517713.332214
1525831439.55	2018-05-08 19:03:59.550221	637487.407009
1525831439.6	2018-05-08 19:03:59.600938	613947.760374
1525831439.65	2018-05-08 19:03:59.651595	644091.439193
1525831439.7	2018-05-08 19:03:59.702119	585157.078437
1525831439.75	2018-05-08 19:03:59.752747	615017.617724
1525831439.8	2018-05-08 19:03:59.803246	645250.1177
1525831439.85	2018-05-08 19:03:59.853852	615333.503296
1525831439.9	2018-05-08 19:03:59.904671	582900.27579
1525831439.96	2018-05-08 19:03:59.955628	611813.44048
1525831440.01	2018-05-08 19:04:00.007695	567976.868968
1525831440.06	2018-05-08 19:04:00.059153	604931.998888
1525831440.11	2018-05-08 19:04:00.109435	588993.801107
1525831440.16	2018-05-08 19:04:00.161537	598214.596669
1525831440.22	2018-05-08 19:04:00.215798	654426.755116
1525831440.27	2018-05-08 19:04:00.266240	617445.781827
1525831440.32	2018-05-08 19:04:00.319906	551931.1414
1525831440.37	2018-05-08 19:04:00.370462	674208.157802
1525831440.42	2018-05-08 19:04:00.423801	555368.081574
1525831440.48	2018-05-08 19:04:00.477893	602568.026174
1525831440.53	2018-05-08 19:04:00.531083	640649.520367
1525831440.58	2018-05-08 19:04:00.582345	635856.025833
1525831440.63	2018-05-08 19:04:00.633752	605436.838099
1525831440.68	2018-05-08 19:04:00.684171	587500.872394
1525831440.73	2018-05-08 19:04:00.734608	617542.139109
1525831440.79	2018-05-08 19:04:00.785343	641958.365486
1525831440.84	2018-05-08 19:04:00.835655	618820.985087
1525831440.89	2018-05-08 19:04:00.886720	580316.348315
1525831440.94	2018-05-08 19:04:00.938626	599596.218064
1525831440.99	2018-05-08 19:04:00.989352	583922.186877
1525831441.04	2018-05-08 19:04:01.040220	612160.476732
1525831441.09	2018-05-08 19:04:01.091641	633644.824422
1525831441.14	2018-05-08 19:04:01.142214	615565.552473
1525831441.19	2018-05-08 19:04:01.192811	585432.821484
1525831441.24	2018-05-08 19:04:01.243309	616393.65193
1525831441.29	2018-05-08 19:04:01.293758	645878.33282
1525831441.34	2018-05-08 19:04:01.344598	582681.56482
1525831441.39	2018-05-08 19:04:01.395004	617542.139109
1525831441.45	2018-05-08 19:04:01.445413	587720.436549
1525831441.5	2018-05-08 19:04:01.496126	613803.470472
1525831441.55	2018-05-08 19:04:01.547555	576792.258136
1525831441.6	2018-05-08 19:04:01.598097	673636.509671
1525831441.65	2018-05-08 19:04:01.648824	584012.769794
1525831441.7	2018-05-08 19:04:01.701113	482018.197168
1525831441.75	2018-05-08 19:04:01.751829	642704.087965
1525831441.8	2018-05-08 19:04:01.802369	615783.257583
1525831441.85	2018-05-08 19:04:01.852785	587489.759585
1525831441.9	2018-05-08 19:04:01.903179	587920.688647
1525831441.95	2018-05-08 19:04:01.953533	618153.100984
1525831442.0	2018-05-08 19:04:02.004003	587012.30618
1525831442.05	2018-05-08 19:04:02.054975	610794.686224
1525831442.11	2018-05-08 19:04:02.109696	597219.765882
1525831442.16	2018-05-08 19:04:02.160594	667854.357051
1525831442.21	2018-05-08 19:04:02.212462	570803.052975
1525831442.26	2018-05-08 19:04:02.263451	610540.527555
1525831442.31	2018-05-08 19:04:02.314147	585237.017175
1525831442.36	2018-05-08 19:04:02.364749	614736.781151
1525831442.42	2018-05-08 19:04:02.415243	586256.079051
1525831442.47	2018-05-08 19:04:02.466744	605145.050493
1525831442.52	2018-05-08 19:04:02.520135	609602.291618
1525831442.57	2018-05-08 19:04:02.570642	675287.400231
1525831442.62	2018-05-08 19:04:02.621225	585385.926833
1525831442.67	2018-05-08 19:04:02.672346	637537.964899
1525831442.72	2018-05-08 19:04:02.724353	598730.24216
