1525835861.02	2018-05-08 20:17:41.021262	28960
1525835861.08	2018-05-08 20:17:41.081849	70952
1525835861.14	2018-05-08 20:17:41.142470	91224
1525835861.2	2018-05-08 20:17:41.196071	94120
1525835861.25	2018-05-08 20:17:41.251582	95568
1525835861.31	2018-05-08 20:17:41.306800	95568
1525835861.36	2018-05-08 20:17:41.361448	97016
1525835861.42	2018-05-08 20:17:41.418507	98464
1525835861.48	2018-05-08 20:17:41.481555	99912
1525835861.54	2018-05-08 20:17:41.545069	99912
1525835861.61	2018-05-08 20:17:41.607725	101360
1525835861.66	2018-05-08 20:17:41.662931	102808
1525835861.72	2018-05-08 20:17:41.717334	104256
1525835861.77	2018-05-08 20:17:41.770966	105704
1525835861.83	2018-05-08 20:17:41.825137	105704
1525835861.88	2018-05-08 20:17:41.882347	107152
1525835861.94	2018-05-08 20:17:41.936179	108600
1525835861.99	2018-05-08 20:17:41.992847	110048
1525835862.05	2018-05-08 20:17:42.046048	110048
1525835862.1	2018-05-08 20:17:42.102960	110048
1525835862.16	2018-05-08 20:17:42.160618	111496
1525835862.22	2018-05-08 20:17:42.216906	114392
1525835862.27	2018-05-08 20:17:42.270605	115840
1525835862.33	2018-05-08 20:17:42.327136	115840
1525835862.38	2018-05-08 20:17:42.383744	115840
1525835862.44	2018-05-08 20:17:42.441881	115840
1525835862.5	2018-05-08 20:17:42.504644	118736
1525835862.56	2018-05-08 20:17:42.563389	120184
1525835862.63	2018-05-08 20:17:42.631267	121632
1525835862.78	2018-05-08 20:17:42.784320	123080
1525835862.84	2018-05-08 20:17:42.839161	124528
1525835862.98	2018-05-08 20:17:42.983248	125976
1525835863.04	2018-05-08 20:17:43.039938	127424
1525835863.1	2018-05-08 20:17:43.098913	128872
1525835863.16	2018-05-08 20:17:43.155779	130320
1525835863.21	2018-05-08 20:17:43.214393	131768
1525835863.27	2018-05-08 20:17:43.270466	133216
1525835863.33	2018-05-08 20:17:43.327198	134664
1525835863.39	2018-05-08 20:17:43.386980	134664
1525835863.44	2018-05-08 20:17:43.444491	136112
1525835863.51	2018-05-08 20:17:43.508716	137560
1525835863.57	2018-05-08 20:17:43.569093	139008
1525835863.69	2018-05-08 20:17:43.686702	140456
1525835863.74	2018-05-08 20:17:43.743126	140456
1525835863.8	2018-05-08 20:17:43.801811	140456
1525835863.86	2018-05-08 20:17:43.859222	141904
1525835863.92	2018-05-08 20:17:43.917683	144800
1525835864.07	2018-05-08 20:17:44.069909	146248
1525835864.18	2018-05-08 20:17:44.181476	147696
1525835864.24	2018-05-08 20:17:44.239790	147696
1525835864.32	2018-05-08 20:17:44.320879	147696
1525835864.38	2018-05-08 20:17:44.377967	152040
1525835864.48	2018-05-08 20:17:44.481887	153488
1525835864.54	2018-05-08 20:17:44.537710	154936
1525835864.59	2018-05-08 20:17:44.593692	154936
1525835864.65	2018-05-08 20:17:44.650533	154936
1525835864.71	2018-05-08 20:17:44.709769	156384
1525835864.77	2018-05-08 20:17:44.774595	159280
1525835864.83	2018-05-08 20:17:44.832238	160728
1525835864.89	2018-05-08 20:17:44.889341	162176
1525835864.94	2018-05-08 20:17:44.944906	162176
1525835865.0	2018-05-08 20:17:45.002235	162176
1525835865.06	2018-05-08 20:17:45.061032	163624
1525835865.12	2018-05-08 20:17:45.121253	165072
1525835865.19	2018-05-08 20:17:45.190222	166520
1525835865.25	2018-05-08 20:17:45.247248	167968
1525835865.3	2018-05-08 20:17:45.302928	169416
1525835865.36	2018-05-08 20:17:45.361228	170864
1525835865.42	2018-05-08 20:17:45.416720	170864
1525835865.48	2018-05-08 20:17:45.476183	170864
1525835865.53	2018-05-08 20:17:45.532089	170864
1525835865.59	2018-05-08 20:17:45.591239	170864
1525835865.69	2018-05-08 20:17:45.685794	175208
1525835865.74	2018-05-08 20:17:45.743611	178104
1525835865.81	2018-05-08 20:17:45.807176	179552
1525835865.89	2018-05-08 20:17:45.889812	179552
1525835866.02	2018-05-08 20:17:46.020973	179552
1525835866.09	2018-05-08 20:17:46.089105	167968
1525835866.15	2018-05-08 20:17:46.152376	156384
1525835866.21	2018-05-08 20:17:46.210296	146248
1525835866.27	2018-05-08 20:17:46.267816	136112
1525835866.5	2018-05-08 20:17:46.495744	124528
1525835866.55	2018-05-08 20:17:46.554849	124528
1525835866.61	2018-05-08 20:17:46.609988	125976
1525835866.67	2018-05-08 20:17:46.670012	127424
1525835866.73	2018-05-08 20:17:46.725692	127424
1525835866.78	2018-05-08 20:17:46.782087	128872
1525835866.84	2018-05-08 20:17:46.838507	128872
1525835866.89	2018-05-08 20:17:46.894943	128872
1525835866.95	2018-05-08 20:17:46.952709	130320
1525835867.01	2018-05-08 20:17:47.008112	133216
1525835867.07	2018-05-08 20:17:47.068818	136112
1525835867.19	2018-05-08 20:17:47.185826	136112
1525835867.24	2018-05-08 20:17:47.241127	136112
1525835867.3	2018-05-08 20:17:47.297231	136112
1525835867.36	2018-05-08 20:17:47.355282	136112
1525835867.41	2018-05-08 20:17:47.411279	136112
1525835867.47	2018-05-08 20:17:47.468158	136112
1525835867.52	2018-05-08 20:17:47.523575	136112
1525835867.58	2018-05-08 20:17:47.578613	136112
1525835867.63	2018-05-08 20:17:47.634949	136112
1525835867.69	2018-05-08 20:17:47.690511	136112
1525835867.75	2018-05-08 20:17:47.751461	136112
1525835867.81	2018-05-08 20:17:47.814308	136112
1525835867.87	2018-05-08 20:17:47.874954	136112
1525835867.93	2018-05-08 20:17:47.933503	136112
1525835867.99	2018-05-08 20:17:47.989304	136112
1525835868.05	2018-05-08 20:17:48.046734	136112
1525835868.11	2018-05-08 20:17:48.105098	136112
1525835868.16	2018-05-08 20:17:48.161944	136112
1525835868.23	2018-05-08 20:17:48.229115	136112
1525835868.29	2018-05-08 20:17:48.287124	136112
1525835868.34	2018-05-08 20:17:48.342662	136112
1525835868.4	2018-05-08 20:17:48.401801	136112
1525835868.46	2018-05-08 20:17:48.464302	136112
1525835868.52	2018-05-08 20:17:48.522910	136112
1525835868.58	2018-05-08 20:17:48.577624	136112
1525835868.64	2018-05-08 20:17:48.639249	136112
1525835868.7	2018-05-08 20:17:48.704227	136112
1525835868.76	2018-05-08 20:17:48.759738	136112
1525835868.82	2018-05-08 20:17:48.815490	136112
1525835868.87	2018-05-08 20:17:48.871563	136112
1525835868.92	2018-05-08 20:17:48.924980	136112
1525835868.98	2018-05-08 20:17:48.982473	136112
1525835869.04	2018-05-08 20:17:49.037697	136112
1525835869.09	2018-05-08 20:17:49.093503	136112
1525835869.15	2018-05-08 20:17:49.150264	136112
1525835869.21	2018-05-08 20:17:49.207755	136112
1525835869.26	2018-05-08 20:17:49.262195	136112
1525835869.32	2018-05-08 20:17:49.320248	136112
1525835869.37	2018-05-08 20:17:49.374411	136112
1525835869.44	2018-05-08 20:17:49.439898	136112
1525835869.58	2018-05-08 20:17:49.581646	136112
1525835869.64	2018-05-08 20:17:49.638080	136112
1525835869.69	2018-05-08 20:17:49.693992	136112
1525835869.76	2018-05-08 20:17:49.755899	136112
1525835869.81	2018-05-08 20:17:49.810131	136112
1525835869.86	2018-05-08 20:17:49.864114	136112
1525835869.92	2018-05-08 20:17:49.920131	136112
1525835869.97	2018-05-08 20:17:49.974222	136112
1525835870.03	2018-05-08 20:17:50.027968	136112
1525835870.08	2018-05-08 20:17:50.081866	136112
1525835870.14	2018-05-08 20:17:50.138464	136112
1525835870.19	2018-05-08 20:17:50.193883	136112
1525835870.25	2018-05-08 20:17:50.251067	136112
1525835870.3	2018-05-08 20:17:50.304830	136112
1525835870.36	2018-05-08 20:17:50.362154	136112
1525835870.42	2018-05-08 20:17:50.416373	136112
1525835870.47	2018-05-08 20:17:50.470713	136112
1525835870.53	2018-05-08 20:17:50.525872	136112
1525835870.58	2018-05-08 20:17:50.580230	136112
1525835870.63	2018-05-08 20:17:50.634057	136112
1525835870.69	2018-05-08 20:17:50.687871	136112
1525835870.74	2018-05-08 20:17:50.742658	136112
1525835870.8	2018-05-08 20:17:50.797164	136112
1525835870.85	2018-05-08 20:17:50.852105	136112
1525835870.91	2018-05-08 20:17:50.906715	136112
1525835870.96	2018-05-08 20:17:50.960255	136112
1525835871.01	2018-05-08 20:17:51.013823	136112
1525835871.07	2018-05-08 20:17:51.068205	136112
1525835871.12	2018-05-08 20:17:51.122979	136112
1525835871.18	2018-05-08 20:17:51.180083	136112
1525835871.23	2018-05-08 20:17:51.233969	136112
1525835871.29	2018-05-08 20:17:51.287665	136112
1525835871.34	2018-05-08 20:17:51.341806	136112
1525835871.4	2018-05-08 20:17:51.395895	136112
1525835871.45	2018-05-08 20:17:51.449900	136112
1525835871.5	2018-05-08 20:17:51.504195	136112
1525835871.56	2018-05-08 20:17:51.559116	136112
1525835871.61	2018-05-08 20:17:51.613680	136112
1525835871.67	2018-05-08 20:17:51.667729	136112
1525835871.72	2018-05-08 20:17:51.721410	136112
1525835871.78	2018-05-08 20:17:51.775337	136112
1525835871.83	2018-05-08 20:17:51.829209	136112
1525835871.88	2018-05-08 20:17:51.883107	136112
1525835871.94	2018-05-08 20:17:51.937240	136112
1525835871.99	2018-05-08 20:17:51.991135	136112
1525835872.05	2018-05-08 20:17:52.045050	136112
1525835872.1	2018-05-08 20:17:52.099215	136112
1525835872.15	2018-05-08 20:17:52.153311	136112
1525835872.21	2018-05-08 20:17:52.207365	136112
1525835872.26	2018-05-08 20:17:52.261004	136112
1525835872.32	2018-05-08 20:17:52.315285	136112
1525835872.37	2018-05-08 20:17:52.369447	136112
1525835872.42	2018-05-08 20:17:52.423108	136112
1525835872.48	2018-05-08 20:17:52.476992	136112
1525835872.53	2018-05-08 20:17:52.530900	136112
1525835872.58	2018-05-08 20:17:52.584330	136112
1525835872.64	2018-05-08 20:17:52.638028	136112
1525835872.69	2018-05-08 20:17:52.691984	136112
1525835872.75	2018-05-08 20:17:52.746252	136112
1525835872.8	2018-05-08 20:17:52.799963	136112
1525835872.85	2018-05-08 20:17:52.853671	136112
1525835872.91	2018-05-08 20:17:52.908320	136112
1525835872.96	2018-05-08 20:17:52.962766	136112
1525835873.02	2018-05-08 20:17:53.017939	136112
1525835873.07	2018-05-08 20:17:53.072065	136112
1525835873.13	2018-05-08 20:17:53.128187	136112
1525835873.19	2018-05-08 20:17:53.193976	136112
1525835873.25	2018-05-08 20:17:53.247382	136112
1525835873.3	2018-05-08 20:17:53.302678	136112
1525835873.36	2018-05-08 20:17:53.357339	136112
1525835873.41	2018-05-08 20:17:53.412546	136112
1525835873.47	2018-05-08 20:17:53.466785	136112
1525835873.52	2018-05-08 20:17:53.522057	136112
1525835873.58	2018-05-08 20:17:53.576507	136112
1525835873.63	2018-05-08 20:17:53.630887	136112
1525835873.69	2018-05-08 20:17:53.685938	136112
1525835873.74	2018-05-08 20:17:53.742072	136112
1525835873.8	2018-05-08 20:17:53.797536	136112
1525835873.85	2018-05-08 20:17:53.853521	136112
1525835873.91	2018-05-08 20:17:53.908280	136112
1525835873.96	2018-05-08 20:17:53.962230	136112
1525835874.02	2018-05-08 20:17:54.016134	136112
1525835874.07	2018-05-08 20:17:54.071315	136112
1525835874.13	2018-05-08 20:17:54.125249	136112
1525835874.18	2018-05-08 20:17:54.180328	136112
1525835874.23	2018-05-08 20:17:54.234871	136112
1525835874.29	2018-05-08 20:17:54.289806	136112
1525835874.35	2018-05-08 20:17:54.345902	136112
1525835874.4	2018-05-08 20:17:54.399978	136112
1525835874.46	2018-05-08 20:17:54.456827	136112
1525835874.51	2018-05-08 20:17:54.514781	136112
1525835874.58	2018-05-08 20:17:54.577118	136112
1525835874.63	2018-05-08 20:17:54.631488	136112
1525835874.69	2018-05-08 20:17:54.686153	136112
1525835874.74	2018-05-08 20:17:54.740763	136112
1525835874.8	2018-05-08 20:17:54.797844	136112
1525835874.85	2018-05-08 20:17:54.854001	136112
1525835874.91	2018-05-08 20:17:54.907711	136112
1525835874.96	2018-05-08 20:17:54.964357	136112
1525835875.02	2018-05-08 20:17:55.021226	136112
1525835875.18	2018-05-08 20:17:55.181926	136112
1525835875.24	2018-05-08 20:17:55.243586	136112
1525835875.31	2018-05-08 20:17:55.310692	136112
1525835875.38	2018-05-08 20:17:55.381919	136112
1525835875.44	2018-05-08 20:17:55.444530	136112
1525835875.51	2018-05-08 20:17:55.511261	14480
1525835875.57	2018-05-08 20:17:55.565391	14480
1525835875.63	2018-05-08 20:17:55.626883	14480
1525835875.68	2018-05-08 20:17:55.680662	14480
1525835875.74	2018-05-08 20:17:55.738950	14480
1525835875.8	2018-05-08 20:17:55.795168	28960
1525835875.86	2018-05-08 20:17:55.858944	28960
1525835875.92	2018-05-08 20:17:55.919182	28960
1525835875.98	2018-05-08 20:17:55.977425	28960
1525835876.03	2018-05-08 20:17:56.034878	28960
1525835876.1	2018-05-08 20:17:56.098816	40544
1525835876.15	2018-05-08 20:17:56.154822	57920
1525835876.21	2018-05-08 20:17:56.212825	57920
1525835876.28	2018-05-08 20:17:56.278720	57920
1525835876.34	2018-05-08 20:17:56.344136	57920
1525835876.4	2018-05-08 20:17:56.400176	57920
1525835876.46	2018-05-08 20:17:56.461780	60816
1525835876.52	2018-05-08 20:17:56.524747	66608
1525835876.58	2018-05-08 20:17:56.579033	62264
1525835876.63	2018-05-08 20:17:56.634742	60816
1525835876.69	2018-05-08 20:17:56.692412	60816
1525835876.75	2018-05-08 20:17:56.747521	60816
1525835876.8	2018-05-08 20:17:56.803921	60816
1525835876.86	2018-05-08 20:17:56.861579	60816
1525835876.92	2018-05-08 20:17:56.916640	59368
1525835876.97	2018-05-08 20:17:56.972714	57920
1525835877.03	2018-05-08 20:17:57.028412	55024
1525835877.08	2018-05-08 20:17:57.082465	55024
1525835877.14	2018-05-08 20:17:57.136299	55024
1525835877.19	2018-05-08 20:17:57.192889	55024
1525835877.25	2018-05-08 20:17:57.247499	55024
1525835877.3	2018-05-08 20:17:57.302526	56472
1525835877.36	2018-05-08 20:17:57.358261	57920
1525835877.41	2018-05-08 20:17:57.412902	57920
1525835877.47	2018-05-08 20:17:57.467538	57920
1525835877.52	2018-05-08 20:17:57.522753	57920
1525835877.58	2018-05-08 20:17:57.577512	57920
1525835877.63	2018-05-08 20:17:57.631690	57920
1525835877.69	2018-05-08 20:17:57.685612	59368
1525835877.74	2018-05-08 20:17:57.742452	59368
1525835877.8	2018-05-08 20:17:57.796392	59368
1525835877.85	2018-05-08 20:17:57.851170	59368
1525835877.91	2018-05-08 20:17:57.906596	59368
1525835877.96	2018-05-08 20:17:57.962951	59368
1525835878.02	2018-05-08 20:17:58.016764	59368
1525835878.07	2018-05-08 20:17:58.071340	59368
1525835878.13	2018-05-08 20:17:58.130501	59368
1525835878.19	2018-05-08 20:17:58.185098	59368
1525835878.24	2018-05-08 20:17:58.241417	59368
1525835878.3	2018-05-08 20:17:58.299776	59368
1525835878.36	2018-05-08 20:17:58.359228	59368
1525835878.41	2018-05-08 20:17:58.413216	59368
1525835878.47	2018-05-08 20:17:58.467285	59368
1525835878.52	2018-05-08 20:17:58.520998	59368
1525835878.58	2018-05-08 20:17:58.578917	59368
1525835878.63	2018-05-08 20:17:58.632605	59368
1525835878.69	2018-05-08 20:17:58.686471	59368
1525835878.75	2018-05-08 20:17:58.745076	59368
1525835878.8	2018-05-08 20:17:58.799712	59368
1525835878.85	2018-05-08 20:17:58.853373	59368
1525835878.91	2018-05-08 20:17:58.910246	59368
1525835878.96	2018-05-08 20:17:58.963677	59368
1525835879.02	2018-05-08 20:17:59.018097	59368
1525835879.07	2018-05-08 20:17:59.072322	59368
1525835879.13	2018-05-08 20:17:59.128393	59368
1525835879.18	2018-05-08 20:17:59.181980	59368
1525835879.24	2018-05-08 20:17:59.235909	59368
1525835879.29	2018-05-08 20:17:59.292812	59368
1525835879.35	2018-05-08 20:17:59.350411	59368
1525835879.41	2018-05-08 20:17:59.406224	59368
1525835879.46	2018-05-08 20:17:59.464207	59368
1525835879.52	2018-05-08 20:17:59.519720	59368
1525835879.58	2018-05-08 20:17:59.575860	59368
1525835879.63	2018-05-08 20:17:59.631722	59368
1525835879.69	2018-05-08 20:17:59.686037	59368
1525835879.74	2018-05-08 20:17:59.743036	59368
1525835879.8	2018-05-08 20:17:59.797396	59368
1525835879.85	2018-05-08 20:17:59.851845	59368
1525835879.91	2018-05-08 20:17:59.908392	59368
1525835879.96	2018-05-08 20:17:59.964367	59368
1525835880.02	2018-05-08 20:18:00.021330	59368
1525835880.08	2018-05-08 20:18:00.079431	59368
1525835880.14	2018-05-08 20:18:00.135436	59368
1525835880.19	2018-05-08 20:18:00.194133	59368
1525835880.25	2018-05-08 20:18:00.251605	59368
1525835880.31	2018-05-08 20:18:00.311062	59368
1525835880.37	2018-05-08 20:18:00.367062	59368
1525835880.42	2018-05-08 20:18:00.422945	59368
1525835880.48	2018-05-08 20:18:00.478186	59368
1525835880.53	2018-05-08 20:18:00.532260	59368
1525835880.59	2018-05-08 20:18:00.587411	59368
1525835880.65	2018-05-08 20:18:00.645277	59368
1525835880.7	2018-05-08 20:18:00.701205	59368
1525835880.76	2018-05-08 20:18:00.759998	59368
1525835880.82	2018-05-08 20:18:00.815363	59368
1525835880.87	2018-05-08 20:18:00.870666	59368
1525835880.93	2018-05-08 20:18:00.926847	59368
1525835880.98	2018-05-08 20:18:00.982015	59368
1525835881.04	2018-05-08 20:18:01.037032	59368
1525835881.1	2018-05-08 20:18:01.095495	59368
1525835881.15	2018-05-08 20:18:01.152246	59368
1525835881.21	2018-05-08 20:18:01.210112	59368
1525835881.27	2018-05-08 20:18:01.266074	59368
1525835881.32	2018-05-08 20:18:01.320384	59368
1525835881.38	2018-05-08 20:18:01.379302	59368
1525835881.44	2018-05-08 20:18:01.435928	59368
1525835881.5	2018-05-08 20:18:01.498287	59368
1525835881.55	2018-05-08 20:18:01.553081	59368
1525835881.61	2018-05-08 20:18:01.612422	59368
1525835881.67	2018-05-08 20:18:01.672820	59368
1525835881.74	2018-05-08 20:18:01.741122	59368
1525835881.8	2018-05-08 20:18:01.799547	59368
1525835881.86	2018-05-08 20:18:01.859367	59368
1525835881.92	2018-05-08 20:18:01.915613	59368
1525835881.97	2018-05-08 20:18:01.970393	59368
1525835882.03	2018-05-08 20:18:02.026709	59368
1525835882.08	2018-05-08 20:18:02.083008	59368
1525835882.18	2018-05-08 20:18:02.181915	59368
1525835882.3	2018-05-08 20:18:02.295054	59368
1525835882.36	2018-05-08 20:18:02.356811	59368
1525835882.42	2018-05-08 20:18:02.421309	59368
1525835882.48	2018-05-08 20:18:02.484695	59368
1525835882.54	2018-05-08 20:18:02.544546	59368
1525835882.6	2018-05-08 20:18:02.599669	59368
1525835882.65	2018-05-08 20:18:02.653493	59368
1525835882.71	2018-05-08 20:18:02.712194	59368
1525835882.8	2018-05-08 20:18:02.803387	59368
1525835882.87	2018-05-08 20:18:02.865480	59368
1525835882.93	2018-05-08 20:18:02.928321	59368
1525835882.99	2018-05-08 20:18:02.985271	59368
1525835883.04	2018-05-08 20:18:03.043399	59368
1525835883.1	2018-05-08 20:18:03.098120	59368
1525835883.15	2018-05-08 20:18:03.152167	59368
1525835883.21	2018-05-08 20:18:03.214034	59368
1525835883.27	2018-05-08 20:18:03.267739	59368
1525835883.32	2018-05-08 20:18:03.321222	59368
1525835883.38	2018-05-08 20:18:03.378359	59368
1525835883.43	2018-05-08 20:18:03.432218	59368
1525835883.49	2018-05-08 20:18:03.486136	59368
1525835883.54	2018-05-08 20:18:03.541351	59368
1525835883.6	2018-05-08 20:18:03.598966	59368
1525835883.65	2018-05-08 20:18:03.654581	59368
1525835883.72	2018-05-08 20:18:03.715467	59368
1525835883.77	2018-05-08 20:18:03.771118	59368
1525835883.83	2018-05-08 20:18:03.826851	59368
1525835883.88	2018-05-08 20:18:03.881967	59368
1525835883.94	2018-05-08 20:18:03.935795	59368
1525835883.99	2018-05-08 20:18:03.989744	59368
1525835884.05	2018-05-08 20:18:04.051393	59368
1525835884.11	2018-05-08 20:18:04.105905	59368
1525835884.16	2018-05-08 20:18:04.164573	59368
1525835884.22	2018-05-08 20:18:04.218693	59368
1525835884.27	2018-05-08 20:18:04.274490	59368
1525835884.33	2018-05-08 20:18:04.330326	59368
1525835884.38	2018-05-08 20:18:04.384218	59368
1525835884.44	2018-05-08 20:18:04.440291	59368
1525835884.5	2018-05-08 20:18:04.499725	59368
1525835884.55	2018-05-08 20:18:04.553418	59368
1525835884.61	2018-05-08 20:18:04.607668	59368
1525835884.66	2018-05-08 20:18:04.664562	59368
1525835884.72	2018-05-08 20:18:04.720088	59368
1525835884.77	2018-05-08 20:18:04.774846	59368
1525835884.83	2018-05-08 20:18:04.831310	59368
1525835884.89	2018-05-08 20:18:04.885333	59368
1525835884.94	2018-05-08 20:18:04.940491	59368
1525835885.0	2018-05-08 20:18:05.000054	59368
1525835885.05	2018-05-08 20:18:05.054532	59368
1525835885.11	2018-05-08 20:18:05.108979	59368
1525835885.17	2018-05-08 20:18:05.167839	59368
1525835885.22	2018-05-08 20:18:05.221788	59368
1525835885.28	2018-05-08 20:18:05.276103	59368
1525835885.33	2018-05-08 20:18:05.333643	59368
1525835885.39	2018-05-08 20:18:05.387543	59368
1525835885.44	2018-05-08 20:18:05.441535	59368
1525835885.5	2018-05-08 20:18:05.498371	59368
1525835885.55	2018-05-08 20:18:05.552108	59368
1525835885.61	2018-05-08 20:18:05.606190	59368
1525835885.66	2018-05-08 20:18:05.664144	59368
1525835885.72	2018-05-08 20:18:05.719869	14480
1525835885.77	2018-05-08 20:18:05.774888	14480
1525835885.83	2018-05-08 20:18:05.833917	14480
1525835885.89	2018-05-08 20:18:05.893428	14480
1525835885.95	2018-05-08 20:18:05.951343	14480
1525835886.01	2018-05-08 20:18:06.007912	14480
1525835886.07	2018-05-08 20:18:06.066450	14480
1525835886.12	2018-05-08 20:18:06.122432	28960
1525835886.18	2018-05-08 20:18:06.178422	28960
1525835886.23	2018-05-08 20:18:06.234438	28960
1525835886.29	2018-05-08 20:18:06.289328	28960
1525835886.34	2018-05-08 20:18:06.344794	28960
1525835886.4	2018-05-08 20:18:06.402515	28960
1525835886.46	2018-05-08 20:18:06.456607	28960
1525835886.52	2018-05-08 20:18:06.517511	28960
1525835886.57	2018-05-08 20:18:06.572637	33304
1525835886.63	2018-05-08 20:18:06.627219	27512
1525835886.68	2018-05-08 20:18:06.683806	27512
1525835886.74	2018-05-08 20:18:06.738919	27512
1525835886.8	2018-05-08 20:18:06.795657	27512
1525835886.85	2018-05-08 20:18:06.853187	27512
1525835886.91	2018-05-08 20:18:06.909836	27512
1525835886.97	2018-05-08 20:18:06.968430	27512
1525835887.02	2018-05-08 20:18:07.022737	28960
1525835887.08	2018-05-08 20:18:07.080344	28960
1525835887.14	2018-05-08 20:18:07.137055	28960
1525835887.19	2018-05-08 20:18:07.192052	28960
1525835887.25	2018-05-08 20:18:07.250756	28960
1525835887.31	2018-05-08 20:18:07.305161	28960
1525835887.36	2018-05-08 20:18:07.359212	30408
1525835887.42	2018-05-08 20:18:07.417737	30408
1525835887.47	2018-05-08 20:18:07.471355	30408
1525835887.53	2018-05-08 20:18:07.525996	30408
1525835887.58	2018-05-08 20:18:07.583479	30408
1525835887.64	2018-05-08 20:18:07.638654	30408
1525835887.69	2018-05-08 20:18:07.692808	31856
1525835887.75	2018-05-08 20:18:07.754896	31856
1525835887.81	2018-05-08 20:18:07.809807	31856
1525835887.87	2018-05-08 20:18:07.867223	31856
1525835887.92	2018-05-08 20:18:07.922948	31856
1525835887.98	2018-05-08 20:18:07.982336	31856
1525835888.04	2018-05-08 20:18:08.037160	31856
1525835888.09	2018-05-08 20:18:08.091722	33304
1525835888.15	2018-05-08 20:18:08.150092	33304
1525835888.21	2018-05-08 20:18:08.207633	33304
1525835888.27	2018-05-08 20:18:08.265783	33304
1525835888.32	2018-05-08 20:18:08.321758	33304
1525835888.38	2018-05-08 20:18:08.377942	33304
1525835888.43	2018-05-08 20:18:08.434776	33304
1525835888.49	2018-05-08 20:18:08.491619	33304
1525835888.55	2018-05-08 20:18:08.551535	33304
1525835888.61	2018-05-08 20:18:08.607276	33304
1525835888.66	2018-05-08 20:18:08.661924	33304
1525835888.72	2018-05-08 20:18:08.722681	33304
1525835888.78	2018-05-08 20:18:08.775967	33304
1525835888.84	2018-05-08 20:18:08.836228	33304
1525835888.89	2018-05-08 20:18:08.891521	33304
1525835888.95	2018-05-08 20:18:08.945713	33304
1525835889.0	2018-05-08 20:18:09.001400	33304
1525835889.06	2018-05-08 20:18:09.056461	33304
1525835889.11	2018-05-08 20:18:09.110360	33304
1525835889.17	2018-05-08 20:18:09.169695	33304
1525835889.22	2018-05-08 20:18:09.223193	33304
1525835889.28	2018-05-08 20:18:09.277580	33304
1525835889.34	2018-05-08 20:18:09.335268	33304
1525835889.48	2018-05-08 20:18:09.481582	33304
1525835889.59	2018-05-08 20:18:09.594775	33304
1525835889.69	2018-05-08 20:18:09.692388	33304
1525835889.79	2018-05-08 20:18:09.792927	33304
1525835889.89	2018-05-08 20:18:09.893465	33304
1525835890.0	2018-05-08 20:18:09.996241	33304
1525835890.1	2018-05-08 20:18:10.095309	33304
1525835890.2	2018-05-08 20:18:10.195731	33304
1525835890.3	2018-05-08 20:18:10.298013	33304
1525835890.4	2018-05-08 20:18:10.397510	33304
1525835890.59	2018-05-08 20:18:10.585447	33304
1525835890.7	2018-05-08 20:18:10.696460	33304
1525835890.88	2018-05-08 20:18:10.881439	33304
1525835891.0	2018-05-08 20:18:11.001213	33304
1525835891.1	2018-05-08 20:18:11.101364	33304
1525835891.2	2018-05-08 20:18:11.196337	33304
1525835891.38	2018-05-08 20:18:11.381212	33304
1525835891.5	2018-05-08 20:18:11.501341	33304
1525835891.59	2018-05-08 20:18:11.594437	33304
1525835891.69	2018-05-08 20:18:11.694857	33304
1525835891.8	2018-05-08 20:18:11.800473	33304
1525835891.89	2018-05-08 20:18:11.894314	33304
1525835892.0	2018-05-08 20:18:11.996115	33304
1525835892.09	2018-05-08 20:18:12.091665	33304
1525835892.2	2018-05-08 20:18:12.198465	33304
1525835892.29	2018-05-08 20:18:12.291908	33304
1525835892.4	2018-05-08 20:18:12.395118	33304
1525835892.5	2018-05-08 20:18:12.497139	33304
1525835892.59	2018-05-08 20:18:12.592640	33304
1525835892.7	2018-05-08 20:18:12.695460	33304
1525835892.79	2018-05-08 20:18:12.794074	33304
1525835892.9	2018-05-08 20:18:12.898891	33304
1525835893.0	2018-05-08 20:18:12.999692	33304
1525835893.1	2018-05-08 20:18:13.102331	33304
1525835893.19	2018-05-08 20:18:13.194631	33304
1525835893.29	2018-05-08 20:18:13.293048	33304
1525835893.39	2018-05-08 20:18:13.392368	33304
1525835893.5	2018-05-08 20:18:13.500911	33304
1525835893.69	2018-05-08 20:18:13.688120	33304
1525835893.88	2018-05-08 20:18:13.881760	33304
1525835894.0	2018-05-08 20:18:13.998595	33304
1525835894.09	2018-05-08 20:18:14.093867	33304
1525835894.2	2018-05-08 20:18:14.197656	33304
1525835894.3	2018-05-08 20:18:14.298772	33304
1525835894.4	2018-05-08 20:18:14.397538	33304
1525835894.49	2018-05-08 20:18:14.494255	33304
1525835894.59	2018-05-08 20:18:14.593992	33304
1525835894.69	2018-05-08 20:18:14.694783	33304
1525835894.79	2018-05-08 20:18:14.791156	33304
1525835894.9	2018-05-08 20:18:14.900309	33304
1525835894.99	2018-05-08 20:18:14.993644	33304
1525835895.09	2018-05-08 20:18:15.092357	33304
1525835895.2	2018-05-08 20:18:15.199369	33304
1525835895.29	2018-05-08 20:18:15.293079	33304
1525835895.49	2018-05-08 20:18:15.489757	33304
1525835895.68	2018-05-08 20:18:15.681065	33304
1525835895.8	2018-05-08 20:18:15.797663	33304
1525835895.9	2018-05-08 20:18:15.895396	33304
1525835896.0	2018-05-08 20:18:16.001497	33304
1525835896.1	2018-05-08 20:18:16.098937	33304
1525835896.29	2018-05-08 20:18:16.285900	33304
1525835896.39	2018-05-08 20:18:16.393672	33304
1525835896.49	2018-05-08 20:18:16.494531	33304
1525835896.6	2018-05-08 20:18:16.598344	33304
1525835896.7	2018-05-08 20:18:16.699972	33304
1525835896.79	2018-05-08 20:18:16.794504	33304
1525835897.29	2018-05-08 20:18:17.285471	33304
1525835897.39	2018-05-08 20:18:17.393259	33304
1525835897.5	2018-05-08 20:18:17.495068	33304
1525835897.6	2018-05-08 20:18:17.597752	33304
1525835897.78	2018-05-08 20:18:17.780930	33304
1525835897.9	2018-05-08 20:18:17.897038	33304
1525835897.99	2018-05-08 20:18:17.994338	33304
1525835898.1	2018-05-08 20:18:18.097480	33304
1525835898.19	2018-05-08 20:18:18.192262	33304
1525835898.29	2018-05-08 20:18:18.294542	33304
1525835898.39	2018-05-08 20:18:18.394660	33304
1525835898.49	2018-05-08 20:18:18.492352	33304
1525835898.59	2018-05-08 20:18:18.594918	33304
1525835898.69	2018-05-08 20:18:18.693239	33304
1525835898.79	2018-05-08 20:18:18.791748	33304
1525835898.89	2018-05-08 20:18:18.894352	33304
1525835898.99	2018-05-08 20:18:18.992177	33304
1525835899.1	2018-05-08 20:18:19.097345	33304
1525835899.19	2018-05-08 20:18:19.191927	33304
1525835899.29	2018-05-08 20:18:19.293798	33304
1525835899.39	2018-05-08 20:18:19.391257	33304
1525835899.49	2018-05-08 20:18:19.493287	33304
1525835899.59	2018-05-08 20:18:19.593566	33304
1525835899.7	2018-05-08 20:18:19.697232	33304
1525835899.79	2018-05-08 20:18:19.794943	33304
1525835899.89	2018-05-08 20:18:19.894309	33304
1525835899.99	2018-05-08 20:18:19.991396	33304
1525835900.1	2018-05-08 20:18:20.098714	33304
1525835900.19	2018-05-08 20:18:20.193231	33304
1525835900.3	2018-05-08 20:18:20.303332	33304
1525835900.39	2018-05-08 20:18:20.392257	33304
1525835900.49	2018-05-08 20:18:20.491491	33304
1525835900.59	2018-05-08 20:18:20.594187	33304
1525835900.69	2018-05-08 20:18:20.690972	33304
1525835900.79	2018-05-08 20:18:20.794741	33304
1525835900.9	2018-05-08 20:18:20.895558	33304
1525835901.0	2018-05-08 20:18:20.996934	33304
1525835901.1	2018-05-08 20:18:21.099484	33304
1525835901.2	2018-05-08 20:18:21.199992	33304
1525835901.38	2018-05-08 20:18:21.381187	33304
1525835901.58	2018-05-08 20:18:21.581046	33304
1525835901.7	2018-05-08 20:18:21.700087	33304
1525835901.89	2018-05-08 20:18:21.885834	33304
1525835902.0	2018-05-08 20:18:21.998237	33304
1525835902.1	2018-05-08 20:18:22.100369	33304
1525835902.28	2018-05-08 20:18:22.281098	33304
1525835902.4	2018-05-08 20:18:22.398273	33304
1525835902.5	2018-05-08 20:18:22.498060	33304
1525835902.68	2018-05-08 20:18:22.681139	33304
1525835902.8	2018-05-08 20:18:22.796834	33304
1525835902.9	2018-05-08 20:18:22.897901	33304
1525835903.0	2018-05-08 20:18:22.997101	33304
1525835903.1	2018-05-08 20:18:23.099451	33304
1525835903.19	2018-05-08 20:18:23.193954	33304
1525835903.3	2018-05-08 20:18:23.298337	33304
1525835903.4	2018-05-08 20:18:23.398020	33304
1525835903.5	2018-05-08 20:18:23.499893	33304
1525835903.6	2018-05-08 20:18:23.599114	33304
1525835903.7	2018-05-08 20:18:23.780851	33304
1525835903.9	2018-05-08 20:18:23.896926	33304
1525835904.08	2018-05-08 20:18:24.081434	33304
1525835904.19	2018-05-08 20:18:24.194803	33304
1525835904.3	2018-05-08 20:18:24.298558	33304
1525835904.39	2018-05-08 20:18:24.393916	33304
1525835904.5	2018-05-08 20:18:24.495031	33304
1525835904.59	2018-05-08 20:18:24.592983	33304
1525835904.69	2018-05-08 20:18:24.693233	33304
1525835904.79	2018-05-08 20:18:24.794104	33304
1525835904.89	2018-05-08 20:18:24.893947	33304
1525835905.0	2018-05-08 20:18:24.995358	33304
1525835905.09	2018-05-08 20:18:25.094352	33304
1525835905.2	2018-05-08 20:18:25.202500	33304
1525835905.29	2018-05-08 20:18:25.294312	33304
1525835905.4	2018-05-08 20:18:25.396276	33304
1525835905.49	2018-05-08 20:18:25.493459	33304
1525835905.59	2018-05-08 20:18:25.594651	33304
1525835905.7	2018-05-08 20:18:25.697285	33304
1525835905.79	2018-05-08 20:18:25.794563	33304
1525835905.9	2018-05-08 20:18:25.897956	33304
1525835906.03	2018-05-08 20:18:26.028208	33304
