1525835860.87	2018-05-08 20:17:40.869814	0.0
1525835860.92	2018-05-08 20:17:40.920052	0.0
1525835860.97	2018-05-08 20:17:40.970492	0.0
1525835861.02	2018-05-08 20:17:41.021601	0.0
1525835861.07	2018-05-08 20:17:41.072074	1466.62301775
1525835861.12	2018-05-08 20:17:41.122426	268416.076351
1525835861.17	2018-05-08 20:17:41.172781	0.0
1525835861.22	2018-05-08 20:17:41.223067	0.0
1525835861.27	2018-05-08 20:17:41.273382	295628.509379
1525835861.32	2018-05-08 20:17:41.323682	294439.667629
1525835861.37	2018-05-08 20:17:41.374072	0.0
1525835861.42	2018-05-08 20:17:41.424500	0.0
1525835861.48	2018-05-08 20:17:41.477365	196805.51515
1525835861.53	2018-05-08 20:17:41.527841	616600.297172
1525835861.58	2018-05-08 20:17:41.578172	324313.735084
1525835861.63	2018-05-08 20:17:41.629090	0.0
1525835861.68	2018-05-08 20:17:41.679608	0.0
1525835861.73	2018-05-08 20:17:41.730196	88479.2522646
1525835861.78	2018-05-08 20:17:41.780427	649880.342045
1525835861.83	2018-05-08 20:17:41.830661	471769.85719
1525835861.88	2018-05-08 20:17:41.881742	0.0
1525835861.98	2018-05-08 20:17:41.981497	0.0
1525835862.03	2018-05-08 20:17:42.031908	471356.590892
1525835862.08	2018-05-08 20:17:42.082290	588118.293142
1525835862.13	2018-05-08 20:17:42.132575	206747.185121
1525835862.18	2018-05-08 20:17:42.182996	0.0
1525835862.23	2018-05-08 20:17:42.233203	0.0
1525835862.28	2018-05-08 20:17:42.283701	29984.3531162
1525835862.33	2018-05-08 20:17:42.334064	618264.314867
1525835862.38	2018-05-08 20:17:42.384482	587442.534837
1525835862.44	2018-05-08 20:17:42.435433	88186.6571968
1525835862.49	2018-05-08 20:17:42.486393	0.0
1525835862.54	2018-05-08 20:17:42.536904	0.0
1525835862.6	2018-05-08 20:17:42.597994	58245.2094872
1525835862.65	2018-05-08 20:17:42.652685	501802.233006
1525835862.7	2018-05-08 20:17:42.704893	567377.671581
1525835862.84	2018-05-08 20:17:42.838534	33491.7584145
1525835862.89	2018-05-08 20:17:42.889851	0.0
1525835862.94	2018-05-08 20:17:42.940635	0.0
1525835863.0	2018-05-08 20:17:43.000248	516487.313357
1525835863.05	2018-05-08 20:17:43.050512	610030.653993
1525835863.1	2018-05-08 20:17:43.101191	58450.7353574
1525835863.15	2018-05-08 20:17:43.152441	87466.4189826
1525835863.2	2018-05-08 20:17:43.203600	57812.0870565
1525835863.26	2018-05-08 20:17:43.255320	0.0
1525835863.31	2018-05-08 20:17:43.310564	321718.324743
1525835863.36	2018-05-08 20:17:43.361070	645021.701955
1525835863.41	2018-05-08 20:17:43.411483	382597.052146
1525835863.46	2018-05-08 20:17:43.461975	58690.6926936
1525835863.51	2018-05-08 20:17:43.512527	58563.1517448
1525835863.56	2018-05-08 20:17:43.563696	820.856676887
1525835863.65	2018-05-08 20:17:43.653690	0.0
1525835863.7	2018-05-08 20:17:43.704494	467034.578675
1525835863.75	2018-05-08 20:17:43.754815	617740.788374
1525835863.81	2018-05-08 20:17:43.805133	353290.759739
1525835863.86	2018-05-08 20:17:43.855403	58914.7422762
1525835863.91	2018-05-08 20:17:43.907648	56782.6302179
1525835863.96	2018-05-08 20:17:43.959050	0.0
1525835864.01	2018-05-08 20:17:44.009968	0.0
1525835864.07	2018-05-08 20:17:44.067033	0.0
1525835864.12	2018-05-08 20:17:44.118078	464272.596656
1525835864.18	2018-05-08 20:17:44.180981	589092.016449
1525835864.23	2018-05-08 20:17:44.233009	341598.212242
1525835864.3	2018-05-08 20:17:44.300501	43881.562079
1525835864.35	2018-05-08 20:17:44.350995	58664.9184638
1525835864.4	2018-05-08 20:17:44.402269	0.0
1525835864.48	2018-05-08 20:17:44.481144	0.0
1525835864.53	2018-05-08 20:17:44.531496	352899.375964
1525835864.58	2018-05-08 20:17:44.581902	617676.505511
1525835864.63	2018-05-08 20:17:44.632876	639127.18081
1525835864.68	2018-05-08 20:17:44.684968	56861.8970918
1525835864.74	2018-05-08 20:17:44.735410	0.0
1525835864.79	2018-05-08 20:17:44.785809	88800.6693218
1525835864.84	2018-05-08 20:17:44.836696	0.0
1525835864.89	2018-05-08 20:17:44.887314	0.0
1525835864.94	2018-05-08 20:17:44.937730	411275.894349
1525835864.99	2018-05-08 20:17:44.988262	587511.985624
1525835865.04	2018-05-08 20:17:45.038804	673100.677219
1525835865.09	2018-05-08 20:17:45.089711	58281.8239938
1525835865.14	2018-05-08 20:17:45.140363	0.0
1525835865.21	2018-05-08 20:17:45.207211	44302.1836271
1525835865.26	2018-05-08 20:17:45.257677	58696.5158157
1525835865.31	2018-05-08 20:17:45.308147	0.0
1525835865.36	2018-05-08 20:17:45.360271	284119.62677
1525835865.41	2018-05-08 20:17:45.411240	610697.566927
1525835865.46	2018-05-08 20:17:45.462194	581593.189896
1525835865.51	2018-05-08 20:17:45.514061	285450.052341
1525835865.56	2018-05-08 20:17:45.564592	0.0
1525835865.62	2018-05-08 20:17:45.615405	58286.1989519
1525835865.67	2018-05-08 20:17:45.665941	58667.4117547
1525835865.72	2018-05-08 20:17:45.716666	0.0
1525835865.77	2018-05-08 20:17:45.767037	0.0
1525835865.82	2018-05-08 20:17:45.817352	442210.774347
1525835865.87	2018-05-08 20:17:45.867644	647816.39952
1525835865.93	2018-05-08 20:17:45.928319	244744.577512
1525835865.99	2018-05-08 20:17:45.987069	277120.231579
1525835866.04	2018-05-08 20:17:46.037665	175650.539357
1525835866.09	2018-05-08 20:17:46.088226	0.0
1525835866.18	2018-05-08 20:17:46.181582	31737.1227765
1525835866.23	2018-05-08 20:17:46.232372	58296.8656644
1525835866.28	2018-05-08 20:17:46.282943	0.0
1525835866.35	2018-05-08 20:17:46.351879	42959.8928313
1525835866.4	2018-05-08 20:17:46.402286	587628.699921
1525835866.45	2018-05-08 20:17:46.453596	606925.393481
1525835866.51	2018-05-08 20:17:46.506057	565050.005367
1525835866.56	2018-05-08 20:17:46.564252	203430.955428
1525835866.61	2018-05-08 20:17:46.614621	0.0
1525835866.67	2018-05-08 20:17:46.667477	140762.046609
1525835866.72	2018-05-08 20:17:46.717849	0.0
1525835866.77	2018-05-08 20:17:46.768910	290158.174158
1525835866.82	2018-05-08 20:17:46.819343	587128.822012
1525835866.87	2018-05-08 20:17:46.870111	644177.860773
1525835866.92	2018-05-08 20:17:46.920559	385004.443881
1525835866.97	2018-05-08 20:17:46.970951	30045.6409291
1525835867.02	2018-05-08 20:17:47.021333	0.0
1525835867.07	2018-05-08 20:17:47.071567	89096.091385
1525835867.12	2018-05-08 20:17:47.122688	0.0
1525835867.17	2018-05-08 20:17:47.173553	469892.628357
1525835867.22	2018-05-08 20:17:47.223894	620826.806721
1525835867.27	2018-05-08 20:17:47.274246	530805.381977
1525835867.32	2018-05-08 20:17:47.324668	58742.0314053
1525835867.38	2018-05-08 20:17:47.375134	0.0
1525835867.43	2018-05-08 20:17:47.425550	88781.3520477
1525835867.48	2018-05-08 20:17:47.475777	474406.88723
1525835867.53	2018-05-08 20:17:47.526582	583037.053543
1525835867.58	2018-05-08 20:17:47.577515	611283.607892
1525835867.63	2018-05-08 20:17:47.628324	641214.37151
1525835867.68	2018-05-08 20:17:47.678919	615455.307295
1525835867.73	2018-05-08 20:17:47.732420	443007.223496
1525835867.79	2018-05-08 20:17:47.789423	598459.123978
1525835867.84	2018-05-08 20:17:47.842005	675252.927693
1525835867.89	2018-05-08 20:17:47.892592	585606.673077
1525835867.94	2018-05-08 20:17:47.943098	616428.568159
1525835867.99	2018-05-08 20:17:47.993319	648683.553636
1525835868.04	2018-05-08 20:17:48.043813	558015.113235
1525835868.09	2018-05-08 20:17:48.094957	637612.329307
1525835868.15	2018-05-08 20:17:48.145935	610220.987846
1525835868.2	2018-05-08 20:17:48.198667	561708.358487
1525835868.25	2018-05-08 20:17:48.249552	611813.44048
1525835868.3	2018-05-08 20:17:48.301122	631729.171053
1525835868.35	2018-05-08 20:17:48.351776	614664.442156
1525835868.4	2018-05-08 20:17:48.402252	586801.58552
1525835868.46	2018-05-08 20:17:48.456184	632296.325767
1525835868.51	2018-05-08 20:17:48.506568	587826.108154
1525835868.56	2018-05-08 20:17:48.557283	613927.555704
1525835868.61	2018-05-08 20:17:48.607947	467660.889621
1525835868.66	2018-05-08 20:17:48.658539	644143.050058
1525835868.71	2018-05-08 20:17:48.709059	616283.109962
1525835868.76	2018-05-08 20:17:48.759469	587489.759585
1525835868.81	2018-05-08 20:17:48.809828	618240.898093
1525835868.86	2018-05-08 20:17:48.860210	587873.394596
1525835868.91	2018-05-08 20:17:48.910518	618806.323028
1525835868.96	2018-05-08 20:17:48.960806	590132.502126
1525835869.01	2018-05-08 20:17:49.011065	618375.568775
1525835869.06	2018-05-08 20:17:49.061420	647022.010719
1525835869.11	2018-05-08 20:17:49.111960	616088.303568
1525835869.16	2018-05-08 20:17:49.162460	586521.78286
1525835869.21	2018-05-08 20:17:49.213153	584358.890504
1525835869.26	2018-05-08 20:17:49.263361	620087.471205
1525835869.31	2018-05-08 20:17:49.314562	636516.46931
1525835869.37	2018-05-08 20:17:49.365818	607303.619281
1525835869.42	2018-05-08 20:17:49.422119	526008.359887
1525835869.48	2018-05-08 20:17:49.478720	446913.544297
1525835869.53	2018-05-08 20:17:49.529145	643976.103633
1525835869.58	2018-05-08 20:17:49.579452	618636.293909
1525835869.63	2018-05-08 20:17:49.629790	588527.840451
1525835869.68	2018-05-08 20:17:49.680081	618952.974888
1525835869.73	2018-05-08 20:17:49.730525	645954.655764
1525835869.78	2018-05-08 20:17:49.781003	586918.017706
1525835869.83	2018-05-08 20:17:49.831497	616405.290234
1525835869.88	2018-05-08 20:17:49.881834	588491.598992
1525835869.93	2018-05-08 20:17:49.932739	611635.772667
1525835869.98	2018-05-08 20:17:49.983244	645033.880045
1525835870.03	2018-05-08 20:17:50.033556	618756.477225
1525835870.08	2018-05-08 20:17:50.083795	589583.585947
1525835870.13	2018-05-08 20:17:50.134245	617197.72725
1525835870.18	2018-05-08 20:17:50.184713	586837.619117
1525835870.24	2018-05-08 20:17:50.235445	613913.124611
1525835870.29	2018-05-08 20:17:50.285820	646660.734056
1525835870.34	2018-05-08 20:17:50.336044	560859.75075
1525835870.39	2018-05-08 20:17:50.386745	642846.182817
1525835870.44	2018-05-08 20:17:50.437119	587931.817765
1525835870.49	2018-05-08 20:17:50.487364	619581.43106
1525835870.54	2018-05-08 20:17:50.537681	588633.802622
1525835870.59	2018-05-08 20:17:50.588008	618633.363191
1525835870.64	2018-05-08 20:17:50.638408	646428.26092
1525835870.69	2018-05-08 20:17:50.688741	618671.464681
1525835870.74	2018-05-08 20:17:50.739287	585979.560121
1525835870.79	2018-05-08 20:17:50.789763	616745.905154
1525835870.84	2018-05-08 20:17:50.840182	588096.021207
1525835870.89	2018-05-08 20:17:50.890459	618548.384471
1525835870.94	2018-05-08 20:17:50.940665	648951.548684
1525835870.99	2018-05-08 20:17:50.991090	617457.459896
1525835871.04	2018-05-08 20:17:51.041464	587979.121216
1525835871.09	2018-05-08 20:17:51.092153	584576.112026
1525835871.14	2018-05-08 20:17:51.142395	619434.481277
1525835871.19	2018-05-08 20:17:51.192643	648425.009741
1525835871.24	2018-05-08 20:17:51.242937	619052.737864
1525835871.29	2018-05-08 20:17:51.293255	588644.958754
1525835871.34	2018-05-08 20:17:51.343475	619963.826998
1525835871.39	2018-05-08 20:17:51.394805	577038.729946
1525835871.45	2018-05-08 20:17:51.445380	615600.374945
1525835871.5	2018-05-08 20:17:51.495828	645826.443519
1525835871.55	2018-05-08 20:17:51.546462	615504.622624
1525835871.6	2018-05-08 20:17:51.596600	590191.375202
1525835871.65	2018-05-08 20:17:51.646936	618524.946174
1525835871.7	2018-05-08 20:17:51.697366	587359.215564
1525835871.75	2018-05-08 20:17:51.747843	616809.994455
1525835871.8	2018-05-08 20:17:51.798228	587873.394596
1525835871.85	2018-05-08 20:17:51.848512	647945.40317
1525835871.9	2018-05-08 20:17:51.898936	617542.139109
1525835871.95	2018-05-08 20:17:51.949540	585270.101663
1525835872.0	2018-05-08 20:17:51.999793	619522.642781
1525835872.05	2018-05-08 20:17:52.049989	590084.851571
1525835872.1	2018-05-08 20:17:52.100113	621128.623785
1525835872.15	2018-05-08 20:17:52.150810	642770.592628
1525835872.2	2018-05-08 20:17:52.201007	620222.94765
1525835872.25	2018-05-08 20:17:52.251323	588644.958754
1525835872.3	2018-05-08 20:17:52.301628	618991.115759
1525835872.35	2018-05-08 20:17:52.352244	586231.181661
1525835872.4	2018-05-08 20:17:52.402549	617664.819154
1525835872.45	2018-05-08 20:17:52.452854	647690.516925
1525835872.5	2018-05-08 20:17:52.503160	588795.607941
1525835872.55	2018-05-08 20:17:52.553560	617749.555256
1525835872.6	2018-05-08 20:17:52.603948	587814.983038
1525835872.65	2018-05-08 20:17:52.654300	618328.720144
1525835872.7	2018-05-08 20:17:52.704656	647046.518664
1525835872.76	2018-05-08 20:17:52.755074	558756.589673
1525835872.81	2018-05-08 20:17:52.805458	646789.277801
1525835872.86	2018-05-08 20:17:52.855704	619531.460312
1525835872.91	2018-05-08 20:17:52.906132	587384.208864
1525835872.96	2018-05-08 20:17:52.956517	617898.630327
1525835873.01	2018-05-08 20:17:53.007170	584911.885499
1525835873.06	2018-05-08 20:17:53.057609	617495.416671
1525835873.11	2018-05-08 20:17:53.107916	647353.024708
1525835873.16	2018-05-08 20:17:53.158486	585722.631514
1525835873.21	2018-05-08 20:17:53.208919	617358.210388
1525835873.26	2018-05-08 20:17:53.259267	647006.694196
1525835873.31	2018-05-08 20:17:53.309591	559879.138437
1525835873.36	2018-05-08 20:17:53.359887	647742.70621
1525835873.41	2018-05-08 20:17:53.411482	603453.193602
1525835873.46	2018-05-08 20:17:53.461870	587814.983038
1525835873.51	2018-05-08 20:17:53.512335	616990.68144
1525835873.56	2018-05-08 20:17:53.563120	641756.382766
1525835873.61	2018-05-08 20:17:53.613723	615211.7475
1525835873.66	2018-05-08 20:17:53.664147	587406.426917
1525835873.71	2018-05-08 20:17:53.714565	617629.762739
1525835873.77	2018-05-08 20:17:53.765093	586103.961353
1525835873.82	2018-05-08 20:17:53.815297	648825.224584
1525835873.87	2018-05-08 20:17:53.865858	616635.236817
1525835873.92	2018-05-08 20:17:53.916398	585410.752477
1525835873.97	2018-05-08 20:17:53.966810	617542.139109
1525835874.02	2018-05-08 20:17:54.016964	590474.690849
1525835874.07	2018-05-08 20:17:54.068580	603280.347484
1525835874.12	2018-05-08 20:17:54.118945	646826.013972
1525835874.17	2018-05-08 20:17:54.169287	618413.638515
1525835874.22	2018-05-08 20:17:54.219615	588538.992567
1525835874.27	2018-05-08 20:17:54.270029	617565.502979
1525835874.32	2018-05-08 20:17:54.320556	586372.29484
1525835874.37	2018-05-08 20:17:54.371044	616748.818015
1525835874.42	2018-05-08 20:17:54.421269	648474.240307
1525835874.48	2018-05-08 20:17:54.475572	545549.607992
1525835874.56	2018-05-08 20:17:54.561982	326192.510857
1525835874.61	2018-05-08 20:17:54.612629	759684.424091
1525835874.66	2018-05-08 20:17:54.662997	617968.8082
1525835874.71	2018-05-08 20:17:54.713323	588597.548112
1525835874.76	2018-05-08 20:17:54.764258	611443.892775
1525835874.81	2018-05-08 20:17:54.814639	646468.01421
1525835874.86	2018-05-08 20:17:54.864984	618398.995752
1525835874.92	2018-05-08 20:17:54.915466	586859.795838
1525835874.97	2018-05-08 20:17:54.965951	616687.65371
1525835875.02	2018-05-08 20:17:55.016644	642719.201452
1525835875.07	2018-05-08 20:17:55.067458	496179.83548
1525835875.14	2018-05-08 20:17:55.140996	201392.952406
1525835875.19	2018-05-08 20:17:55.191713	642465.389159
1525835875.24	2018-05-08 20:17:55.242949	609179.10617
1525835875.29	2018-05-08 20:17:55.294923	625472.279739
1525835875.35	2018-05-08 20:17:55.345324	558790.940547
1525835875.4	2018-05-08 20:17:55.398541	612649.455882
1525835875.45	2018-05-08 20:17:55.449077	615722.284631
1525835875.51	2018-05-08 20:17:55.509545	514943.13991
1525835875.56	2018-05-08 20:17:55.559878	647162.956764
1525835875.61	2018-05-08 20:17:55.610151	648203.564667
1525835875.66	2018-05-08 20:17:55.660504	559545.08009
1525835875.71	2018-05-08 20:17:55.710988	645432.966807
1525835875.76	2018-05-08 20:17:55.761440	293551.92522
1525835875.81	2018-05-08 20:17:55.813538	597500.197828
1525835875.86	2018-05-08 20:17:55.864337	641443.108994
1525835875.92	2018-05-08 20:17:55.915032	614080.567011
1525835875.97	2018-05-08 20:17:55.965410	588037.565402
1525835876.02	2018-05-08 20:17:56.015930	527640.430713
1525835876.07	2018-05-08 20:17:56.067133	608038.83657
1525835876.12	2018-05-08 20:17:56.117619	58665.1954857
1525835876.17	2018-05-08 20:17:56.167918	588890.500699
1525835876.22	2018-05-08 20:17:56.218185	619272.917005
1525835876.28	2018-05-08 20:17:56.276644	560260.794228
1525835876.33	2018-05-08 20:17:56.327897	661328.535615
1525835876.38	2018-05-08 20:17:56.380559	506343.371729
1525835876.43	2018-05-08 20:17:56.431541	668756.934686
1525835876.48	2018-05-08 20:17:56.483185	172196.640874
1525835876.53	2018-05-08 20:17:56.533566	0.0
1525835876.58	2018-05-08 20:17:56.584342	466834.951874
1525835876.64	2018-05-08 20:17:56.635098	554925.409814
1525835876.69	2018-05-08 20:17:56.686109	580671.670055
1525835876.74	2018-05-08 20:17:56.736705	673979.382165
1525835876.79	2018-05-08 20:17:56.789968	556088.986925
1525835876.84	2018-05-08 20:17:56.840232	619296.412025
1525835876.89	2018-05-08 20:17:56.890691	645673.876241
1525835876.94	2018-05-08 20:17:56.941170	117372.513609
1525835876.99	2018-05-08 20:17:56.991541	0.0
1525835877.04	2018-05-08 20:17:57.042253	438841.771227
1525835877.09	2018-05-08 20:17:57.092643	646483.30524
1525835877.14	2018-05-08 20:17:57.143378	615214.539984
1525835877.19	2018-05-08 20:17:57.193835	591984.153325
1525835877.24	2018-05-08 20:17:57.244190	652419.039335
1525835877.29	2018-05-08 20:17:57.294668	533150.070294
1525835877.34	2018-05-08 20:17:57.344973	0.0
1525835877.4	2018-05-08 20:17:57.395384	148877.565364
1525835877.45	2018-05-08 20:17:57.445831	621014.261409
1525835877.5	2018-05-08 20:17:57.496292	645878.33282
1525835877.55	2018-05-08 20:17:57.546718	587442.534837
1525835877.6	2018-05-08 20:17:57.597225	616402.380617
1525835877.65	2018-05-08 20:17:57.647490	530182.395964
1525835877.7	2018-05-08 20:17:57.697905	353185.301809
1525835877.75	2018-05-08 20:17:57.748380	557157.357073
1525835877.8	2018-05-08 20:17:57.798814	645942.44288
1525835877.85	2018-05-08 20:17:57.850273	606947.960902
1525835877.9	2018-05-08 20:17:57.900617	586452.565969
1525835877.95	2018-05-08 20:17:57.951448	612801.088411
1525835878.0	2018-05-08 20:17:58.001764	647227.322115
1525835878.05	2018-05-08 20:17:58.052116	618398.995752
1525835878.1	2018-05-08 20:17:58.102429	588656.11531
1525835878.15	2018-05-08 20:17:58.152993	615699.060016
1525835878.2	2018-05-08 20:17:58.203294	588854.214563
1525835878.25	2018-05-08 20:17:58.253651	618278.951252
1525835878.3	2018-05-08 20:17:58.304058	646572.007475
1525835878.35	2018-05-08 20:17:58.354799	583760.305612
1525835878.41	2018-05-08 20:17:58.405316	616245.302074
1525835878.46	2018-05-08 20:17:58.455991	643621.250744
1525835878.51	2018-05-08 20:17:58.506535	556834.409919
1525835878.56	2018-05-08 20:17:58.556808	647933.114895
1525835878.61	2018-05-08 20:17:58.607391	615882.001302
1525835878.66	2018-05-08 20:17:58.658106	583875.533916
1525835878.71	2018-05-08 20:17:58.708450	618229.19037
1525835878.76	2018-05-08 20:17:58.758819	647110.860855
1525835878.81	2018-05-08 20:17:58.809171	559277.590867
1525835878.86	2018-05-08 20:17:58.859417	648461.931965
1525835878.91	2018-05-08 20:17:58.909925	616638.148633
1525835878.96	2018-05-08 20:17:58.960238	588502.749735
1525835879.01	2018-05-08 20:17:59.010780	644653.531936
1525835879.06	2018-05-08 20:17:59.061162	559134.681721
1525835879.11	2018-05-08 20:17:59.111483	647509.45463
1525835879.16	2018-05-08 20:17:59.161988	616466.398538
1525835879.21	2018-05-08 20:17:59.212348	588316.030516
1525835879.26	2018-05-08 20:17:59.262827	616818.734937
1525835879.31	2018-05-08 20:17:59.313173	588352.250353
1525835879.36	2018-05-08 20:17:59.363557	617813.853326
1525835879.41	2018-05-08 20:17:59.414066	645186.144986
1525835879.46	2018-05-08 20:17:59.464495	617151.056911
1525835879.52	2018-05-08 20:17:59.515542	580544.13817
1525835879.57	2018-05-08 20:17:59.565944	617422.427015
1525835879.62	2018-05-08 20:17:59.616154	648914.570685
1525835879.67	2018-05-08 20:17:59.666593	587464.757302
1525835879.72	2018-05-08 20:17:59.717020	617296.92516
1525835879.77	2018-05-08 20:17:59.768847	571393.742578
1525835879.82	2018-05-08 20:17:59.819317	616859.527129
1525835879.87	2018-05-08 20:17:59.869765	645850.860975
1525835879.92	2018-05-08 20:17:59.920272	616515.876041
1525835879.97	2018-05-08 20:17:59.970806	586186.924855
1525835880.02	2018-05-08 20:18:00.021645	612329.835581
1525835880.07	2018-05-08 20:18:00.072018	646829.075508
1525835880.12	2018-05-08 20:18:00.122431	618141.396587
1525835880.17	2018-05-08 20:18:00.174049	586269.911849
1525835880.22	2018-05-08 20:18:00.224491	603570.339193
1525835880.28	2018-05-08 20:18:00.275465	639213.875767
1525835880.33	2018-05-08 20:18:00.325973	616539.16232
1525835880.38	2018-05-08 20:18:00.377521	574732.304845
1525835880.43	2018-05-08 20:18:00.427953	645725.741027
1525835880.48	2018-05-08 20:18:00.478415	558226.009278
1525835880.53	2018-05-08 20:18:00.528933	645009.524324
1525835880.58	2018-05-08 20:18:00.579155	619913.794551
1525835880.63	2018-05-08 20:18:00.629454	588890.500699
1525835880.68	2018-05-08 20:18:00.679763	618844.445826
1525835880.73	2018-05-08 20:18:00.730279	586510.707059
1525835880.78	2018-05-08 20:18:00.780569	618929.50592
1525835880.83	2018-05-08 20:18:00.831057	645314.103102
1525835880.88	2018-05-08 20:18:00.881342	619187.762501
1525835880.93	2018-05-08 20:18:00.931731	587931.817765
1525835880.98	2018-05-08 20:18:00.982223	616454.757927
1525835881.03	2018-05-08 20:18:01.033110	582108.228635
1525835881.08	2018-05-08 20:18:01.083330	648760.54104
1525835881.13	2018-05-08 20:18:01.133727	617810.930396
1525835881.18	2018-05-08 20:18:01.184123	587745.460601
1525835881.23	2018-05-08 20:18:01.234455	618633.363191
1525835881.28	2018-05-08 20:18:01.284999	586222.883001
1525835881.34	2018-05-08 20:18:01.336020	668035.301737
1525835881.39	2018-05-08 20:18:01.386306	589066.412267
1525835881.44	2018-05-08 20:18:01.436591	619199.506558
1525835881.49	2018-05-08 20:18:01.488392	572014.625418
1525835881.54	2018-05-08 20:18:01.538827	617162.723834
1525835881.59	2018-05-08 20:18:01.589152	647432.76385
1525835881.65	2018-05-08 20:18:01.647478	533718.588374
1525835881.7	2018-05-08 20:18:01.700309	617340.493064
1525835881.75	2018-05-08 20:18:01.751125	612091.611799
1525835881.8	2018-05-08 20:18:01.801560	587428.64665
1525835881.85	2018-05-08 20:18:01.852337	641431.06611
1525835881.9	2018-05-08 20:18:01.903516	608358.928573
1525835881.95	2018-05-08 20:18:01.954150	584947.687382
1525835882.0	2018-05-08 20:18:02.004475	618472.216499
1525835882.05	2018-05-08 20:18:02.054895	646250.959634
1525835882.13	2018-05-08 20:18:02.129224	339218.265065
1525835882.18	2018-05-08 20:18:02.179603	587851.141205
1525835882.23	2018-05-08 20:18:02.230122	616478.039589
1525835882.29	2018-05-08 20:18:02.294894	274360.102793
1525835882.35	2018-05-08 20:18:02.349656	486779.348585
1525835882.48	2018-05-08 20:18:02.483775	585526.049329
1525835882.53	2018-05-08 20:18:02.534178	617591.789447
1525835882.58	2018-05-08 20:18:02.584551	646930.122457
1525835882.63	2018-05-08 20:18:02.634990	617273.581606
1525835882.69	2018-05-08 20:18:02.685420	587381.431726
1525835882.74	2018-05-08 20:18:02.738446	613031.231156
1525835882.8	2018-05-08 20:18:02.802732	400727.383618
1525835882.85	2018-05-08 20:18:02.853553	349615.497882
1525835882.9	2018-05-08 20:18:02.904147	556858.027503
1525835882.95	2018-05-08 20:18:02.954471	647303.964229
1525835883.0	2018-05-08 20:18:03.004804	618548.384471
1525835883.06	2018-05-08 20:18:03.055092	589007.763402
1525835883.11	2018-05-08 20:18:03.105342	619704.92277
1525835883.16	2018-05-08 20:18:03.155762	587428.64665
1525835883.21	2018-05-08 20:18:03.206602	612309.737259
1525835883.26	2018-05-08 20:18:03.257332	642477.470913
1525835883.31	2018-05-08 20:18:03.310676	583995.40594
1525835883.36	2018-05-08 20:18:03.361179	644677.860779
1525835883.41	2018-05-08 20:18:03.411792	615249.428668
1525835883.46	2018-05-08 20:18:03.462286	586499.631677
1525835883.51	2018-05-08 20:18:03.512969	614349.242968
1525835883.56	2018-05-08 20:18:03.564028	638461.311357
1525835883.61	2018-05-08 20:18:03.614977	581307.450881
1525835883.67	2018-05-08 20:18:03.665631	614702.056308
1525835883.72	2018-05-08 20:18:03.715940	588329.960694
1525835883.77	2018-05-08 20:18:03.766800	612209.265436
1525835883.82	2018-05-08 20:18:03.817258	645713.536798
1525835883.87	2018-05-08 20:18:03.867554	618917.772103
1525835883.92	2018-05-08 20:18:03.919047	575680.40036
1525835883.97	2018-05-08 20:18:03.969455	617089.812802
1525835884.02	2018-05-08 20:18:04.019940	645393.340707
1525835884.07	2018-05-08 20:18:04.070305	618156.027153
1525835884.12	2018-05-08 20:18:04.120765	586998.438328
1525835884.17	2018-05-08 20:18:04.171072	618891.372642
1525835884.22	2018-05-08 20:18:04.221313	589594.778111
1525835884.27	2018-05-08 20:18:04.272687	634174.109025
1525835884.32	2018-05-08 20:18:04.323195	616416.928977
1525835884.37	2018-05-08 20:18:04.373501	588820.723636
1525835884.42	2018-05-08 20:18:04.424125	615101.629004
1525835884.47	2018-05-08 20:18:04.474532	587639.817987
1525835884.52	2018-05-08 20:18:04.524832	618929.50592
1525835884.58	2018-05-08 20:18:04.576427	631580.271971
1525835884.63	2018-05-08 20:18:04.626836	617799.238953
1525835884.68	2018-05-08 20:18:04.677326	586477.482168
1525835884.73	2018-05-08 20:18:04.727750	617396.154962
1525835884.78	2018-05-08 20:18:04.777974	648603.506115
1525835884.83	2018-05-08 20:18:04.828430	558347.346703
1525835884.88	2018-05-08 20:18:04.878628	649056.342569
1525835884.93	2018-05-08 20:18:04.928975	588564.086374
1525835884.98	2018-05-08 20:18:04.979486	616256.934776
1525835885.03	2018-05-08 20:18:05.030343	640547.150548
1525835885.08	2018-05-08 20:18:05.080664	618671.464681
1525835885.13	2018-05-08 20:18:05.130917	589429.736777
1525835885.18	2018-05-08 20:18:05.181096	620470.492231
1525835885.23	2018-05-08 20:18:05.231602	586627.023831
1525835885.28	2018-05-08 20:18:05.281981	617810.930396
1525835885.33	2018-05-08 20:18:05.333313	634719.018179
1525835885.38	2018-05-08 20:18:05.383617	618929.50592
1525835885.43	2018-05-08 20:18:05.434007	587803.858343
1525835885.48	2018-05-08 20:18:05.484555	615940.100637
1525835885.54	2018-05-08 20:18:05.535083	586256.079051
1525835885.59	2018-05-08 20:18:05.585397	618744.749968
1525835885.64	2018-05-08 20:18:05.635677	648037.580095
1525835885.69	2018-05-08 20:18:05.685996	588633.802622
1525835885.74	2018-05-08 20:18:05.736207	620049.195109
1525835885.79	2018-05-08 20:18:05.786640	587361.992492
1525835885.84	2018-05-08 20:18:05.837045	617664.819154
1525835885.89	2018-05-08 20:18:05.890817	605972.033203
1525835885.94	2018-05-08 20:18:05.941352	616114.46443
1525835885.99	2018-05-08 20:18:05.993670	622849.622978
1525835886.05	2018-05-08 20:18:06.046557	588601.940601
1525835886.1	2018-05-08 20:18:06.097710	463346.220223
1525835886.15	2018-05-08 20:18:06.148157	410891.141163
1525835886.2	2018-05-08 20:18:06.198555	617837.237761
1525835886.25	2018-05-08 20:18:06.249613	551838.805029
1525835886.3	2018-05-08 20:18:06.300498	640169.074909
1525835886.35	2018-05-08 20:18:06.351117	643784.980393
1525835886.4	2018-05-08 20:18:06.401960	612260.932541
1525835886.45	2018-05-08 20:18:06.452344	587942.947304
1525835886.5	2018-05-08 20:18:06.502875	616088.303568
1525835886.55	2018-05-08 20:18:06.553283	352527.196701
1525835886.6	2018-05-08 20:18:06.603563	294533.206134
1525835886.65	2018-05-08 20:18:06.654100	616160.978116
1525835886.71	2018-05-08 20:18:06.705619	574889.217086
1525835886.76	2018-05-08 20:18:06.755962	621020.845416
1525835886.81	2018-05-08 20:18:06.806333	652045.404429
1525835886.86	2018-05-08 20:18:06.856888	591364.113779
1525835886.91	2018-05-08 20:18:06.909106	628882.337133
1525835886.96	2018-05-08 20:18:06.959325	149399.097246
1525835887.01	2018-05-08 20:18:07.009659	505651.417311
1525835887.06	2018-05-08 20:18:07.060127	650920.912005
1525835887.11	2018-05-08 20:18:07.110957	582760.82858
1525835887.17	2018-05-08 20:18:07.165120	574797.899228
1525835887.22	2018-05-08 20:18:07.215580	645622.019786
1525835887.27	2018-05-08 20:18:07.265939	618278.951252
1525835887.32	2018-05-08 20:18:07.316339	235065.93407
1525835887.37	2018-05-08 20:18:07.366646	470998.538424
1525835887.42	2018-05-08 20:18:07.417422	554959.291227
1525835887.47	2018-05-08 20:18:07.467677	589278.762961
1525835887.52	2018-05-08 20:18:07.518079	617711.567232
1525835887.57	2018-05-08 20:18:07.568686	585261.83019
1525835887.62	2018-05-08 20:18:07.619224	616038.894667
1525835887.67	2018-05-08 20:18:07.669615	470278.68772
1525835887.72	2018-05-08 20:18:07.720002	411521.112675
1525835887.77	2018-05-08 20:18:07.770425	352443.85615
1525835887.82	2018-05-08 20:18:07.820803	559145.265079
1525835887.87	2018-05-08 20:18:07.871076	648139.005008
1525835887.92	2018-05-08 20:18:07.922017	611143.427539
1525835887.97	2018-05-08 20:18:07.972511	586604.864699
1525835888.02	2018-05-08 20:18:08.023030	616318.013668
1525835888.07	2018-05-08 20:18:08.073416	352688.989823
1525835888.12	2018-05-08 20:18:08.123902	469461.225108
1525835888.17	2018-05-08 20:18:08.174293	382680.311589
1525835888.22	2018-05-08 20:18:08.224587	588915.62449
1525835888.27	2018-05-08 20:18:08.274853	560423.499308
1525835888.33	2018-05-08 20:18:08.325200	647187.475388
1525835888.38	2018-05-08 20:18:08.375638	587325.894472
1525835888.43	2018-05-08 20:18:08.426046	618156.027153
1525835888.48	2018-05-08 20:18:08.476789	408687.904206
1525835888.53	2018-05-08 20:18:08.527411	497503.523323
1525835888.58	2018-05-08 20:18:08.579560	340878.068211
1525835888.63	2018-05-08 20:18:08.630793	520216.793289
1525835888.68	2018-05-08 20:18:08.682019	607741.707712
1525835888.73	2018-05-08 20:18:08.732344	647380.624496
1525835888.78	2018-05-08 20:18:08.782649	619064.476799
1525835888.83	2018-05-08 20:18:08.834639	569669.73345
1525835888.89	2018-05-08 20:18:08.885419	613284.587917
1525835888.94	2018-05-08 20:18:08.936724	288536.787236
1525835888.99	2018-05-08 20:18:08.987150	587348.108113
1525835889.04	2018-05-08 20:18:09.037552	382703.848
1525835889.09	2018-05-08 20:18:09.087988	587245.384106
1525835889.14	2018-05-08 20:18:09.138476	586660.265669
1525835889.19	2018-05-08 20:18:09.188977	557951.875492
1525835889.24	2018-05-08 20:18:09.239394	646082.918925
1525835889.29	2018-05-08 20:18:09.289571	620494.078212
1525835889.34	2018-05-08 20:18:09.339771	590040.011019
1525835889.39	2018-05-08 20:18:09.390313	498775.466707
1525835889.44	2018-05-08 20:18:09.440584	589228.455541
1525835889.49	2018-05-08 20:18:09.491150	617995.129013
1525835889.54	2018-05-08 20:18:09.542197	578142.393351
1525835889.59	2018-05-08 20:18:09.592848	585794.438325
1525835889.64	2018-05-08 20:18:09.643447	614227.876332
1525835889.69	2018-05-08 20:18:09.694338	582083.682297
1525835889.74	2018-05-08 20:18:09.744624	678191.993019
1525835889.8	2018-05-08 20:18:09.795136	586325.249566
1525835889.85	2018-05-08 20:18:09.848169	587122.602403
1525835889.9	2018-05-08 20:18:09.899220	638151.245531
1525835889.95	2018-05-08 20:18:09.949638	617504.17659
1525835890.0	2018-05-08 20:18:10.000078	587325.894472
1525835890.05	2018-05-08 20:18:10.050667	615295.811829
1525835890.1	2018-05-08 20:18:10.101061	646483.30524
1525835890.15	2018-05-08 20:18:10.151391	618606.987987
1525835890.2	2018-05-08 20:18:10.203186	571882.969817
1525835890.25	2018-05-08 20:18:10.253733	615940.100637
1525835890.3	2018-05-08 20:18:10.304509	646764.789338
1525835890.35	2018-05-08 20:18:10.354892	583368.321485
1525835890.41	2018-05-08 20:18:10.409599	515347.34911
1525835890.46	2018-05-08 20:18:10.460191	643518.204425
1525835890.51	2018-05-08 20:18:10.511097	611515.475668
1525835890.56	2018-05-08 20:18:10.561769	643073.060096
1525835890.61	2018-05-08 20:18:10.612245	617285.253162
1525835890.66	2018-05-08 20:18:10.663641	575851.176312
1525835890.72	2018-05-08 20:18:10.715678	598316.009878
1525835890.77	2018-05-08 20:18:10.767050	634150.56649
1525835890.82	2018-05-08 20:18:10.817662	615284.215383
1525835890.87	2018-05-08 20:18:10.868025	587965.207646
1525835890.92	2018-05-08 20:18:10.918418	617837.237761
1525835890.97	2018-05-08 20:18:10.968770	588176.765
1525835891.02	2018-05-08 20:18:11.019218	617151.056911
1525835891.07	2018-05-08 20:18:11.069594	587979.121216
1525835891.12	2018-05-08 20:18:11.120444	640835.508054
1525835891.17	2018-05-08 20:18:11.170918	616757.556764
1525835891.22	2018-05-08 20:18:11.221338	587453.645859
1525835891.27	2018-05-08 20:18:11.271729	617848.930643
1525835891.32	2018-05-08 20:18:11.322079	588316.030516
1525835891.37	2018-05-08 20:18:11.372428	618328.720144
1525835891.42	2018-05-08 20:18:11.422638	648926.896216
1525835891.47	2018-05-08 20:18:11.473303	615113.218569
1525835891.52	2018-05-08 20:18:11.523454	531036.009917
1525835891.57	2018-05-08 20:18:11.573779	618633.363191
1525835891.62	2018-05-08 20:18:11.624117	588435.851616
1525835891.67	2018-05-08 20:18:11.674671	585907.707922
1525835891.73	2018-05-08 20:18:11.725110	617247.322219
1525835891.78	2018-05-08 20:18:11.775462	647098.604213
1525835891.83	2018-05-08 20:18:11.825899	558558.493997
1525835891.88	2018-05-08 20:18:11.876124	589757.112245
1525835891.93	2018-05-08 20:18:11.926309	620358.483306
1525835891.98	2018-05-08 20:18:11.976628	647509.45463
1525835892.03	2018-05-08 20:18:12.027118	616734.253985
1525835892.08	2018-05-08 20:18:12.077469	588165.626607
1525835892.13	2018-05-08 20:18:12.127787	618771.136922
1525835892.18	2018-05-08 20:18:12.177951	590463.465255
1525835892.23	2018-05-08 20:18:12.228314	588129.429743
1525835892.28	2018-05-08 20:18:12.278611	619002.852357
1525835892.33	2018-05-08 20:18:12.329306	642719.201452
1525835892.38	2018-05-08 20:18:12.380821	604450.382966
1525835892.43	2018-05-08 20:18:12.431707	582040.049473
1525835892.48	2018-05-08 20:18:12.482406	614965.484332
1525835892.53	2018-05-08 20:18:12.532774	645945.496058
1525835892.58	2018-05-08 20:18:12.583142	618079.955773
1525835892.63	2018-05-08 20:18:12.633392	589477.281583
1525835892.68	2018-05-08 20:18:12.684902	604612.702614
1525835892.74	2018-05-08 20:18:12.735074	649185.840576
1525835892.79	2018-05-08 20:18:12.785402	559823.434349
1525835892.84	2018-05-08 20:18:12.835612	648942.303789
1525835892.89	2018-05-08 20:18:12.886037	617588.868618
1525835892.94	2018-05-08 20:18:12.936927	581892.836976
1525835892.99	2018-05-08 20:18:12.988338	576107.530304
1525835893.04	2018-05-08 20:18:13.038849	675128.002757
1525835893.09	2018-05-08 20:18:13.090201	576781.546747
1525835893.14	2018-05-08 20:18:13.140662	616891.581922
1525835893.19	2018-05-08 20:18:13.191202	644690.02589
1525835893.24	2018-05-08 20:18:13.241463	619422.728306
1525835893.29	2018-05-08 20:18:13.292663	578505.832216
1525835893.34	2018-05-08 20:18:13.342971	618879.640271
1525835893.4	2018-05-08 20:18:13.396163	557101.404376
1525835893.45	2018-05-08 20:18:13.446655	675115.25421
1525835893.5	2018-05-08 20:18:13.498374	572863.941863
1525835893.55	2018-05-08 20:18:13.548778	617542.139109
1525835893.6	2018-05-08 20:18:13.600256	575371.126981
1525835893.65	2018-05-08 20:18:13.651993	660824.311187
1525835893.7	2018-05-08 20:18:13.702491	643430.338046
1525835893.75	2018-05-08 20:18:13.752844	588341.105313
1525835893.8	2018-05-08 20:18:13.803521	614337.682174
1525835893.85	2018-05-08 20:18:13.854812	577454.458105
1525835893.91	2018-05-08 20:18:13.905120	618721.296787
1525835893.96	2018-05-08 20:18:13.955611	616906.153384
1525835894.01	2018-05-08 20:18:14.005891	647712.005612
1525835894.06	2018-05-08 20:18:14.056248	588154.488636
1525835894.11	2018-05-08 20:18:14.106427	620446.908044
1525835894.16	2018-05-08 20:18:14.157168	583955.122868
1525835894.21	2018-05-08 20:18:14.207627	616955.701504
1525835894.26	2018-05-08 20:18:14.258007	587837.233691
1525835894.31	2018-05-08 20:18:14.308480	616993.596613
1525835894.36	2018-05-08 20:18:14.358741	648139.005008
1525835894.41	2018-05-08 20:18:14.409234	586593.78576
1525835894.46	2018-05-08 20:18:14.459590	618387.282042
1525835894.51	2018-05-08 20:18:14.510011	587475.869165
1525835894.56	2018-05-08 20:18:14.560267	619361.032522
1525835894.61	2018-05-08 20:18:14.610454	649145.752338
1525835894.66	2018-05-08 20:18:14.660990	616198.775657
1525835894.71	2018-05-08 20:18:14.711242	589312.306014
1525835894.76	2018-05-08 20:18:14.761643	617860.623967
1525835894.81	2018-05-08 20:18:14.811858	589734.716016
1525835894.86	2018-05-08 20:18:14.862372	616466.398538
1525835894.91	2018-05-08 20:18:14.912924	585871.788429
1525835894.96	2018-05-08 20:18:14.963555	615078.451186
1525835895.01	2018-05-08 20:18:15.013976	587373.100468
1525835895.06	2018-05-08 20:18:15.064597	643709.169275
1525835895.12	2018-05-08 20:18:15.115034	617186.059003
1525835895.17	2018-05-08 20:18:15.165611	585559.750571
1525835895.22	2018-05-08 20:18:15.217677	598340.683156
1525835895.27	2018-05-08 20:18:15.269402	629871.512322
1525835895.32	2018-05-08 20:18:15.322021	592396.254405
1525835895.37	2018-05-08 20:18:15.372505	644434.654947
1525835895.42	2018-05-08 20:18:15.423214	613840.979322
1525835895.47	2018-05-08 20:18:15.474398	579171.974919
1525835895.53	2018-05-08 20:18:15.526409	543568.153242
1525835895.58	2018-05-08 20:18:15.576810	643621.250744
1525835895.63	2018-05-08 20:18:15.629192	537754.775308
1525835895.68	2018-05-08 20:18:15.679566	588015.29958
1525835895.73	2018-05-08 20:18:15.729930	588107.156964
1525835895.78	2018-05-08 20:18:15.780056	651265.032469
1525835895.83	2018-05-08 20:18:15.830444	587884.521923
1525835895.88	2018-05-08 20:18:15.881086	643533.356226
1525835895.93	2018-05-08 20:18:15.931646	585827.585869
1525835895.98	2018-05-08 20:18:15.982932	607004.386797
1525835896.03	2018-05-08 20:18:16.034722	629314.604444
1525835896.09	2018-05-08 20:18:16.085093	617922.02118
1525835896.14	2018-05-08 20:18:16.135951	582646.039789
1525835896.19	2018-05-08 20:18:16.187115	608299.416955
1525835896.24	2018-05-08 20:18:16.238692	632782.223638
1525835896.29	2018-05-08 20:18:16.289730	609062.614205
1525835896.34	2018-05-08 20:18:16.340053	588538.992567
1525835896.39	2018-05-08 20:18:16.391206	608656.661412
1525835896.44	2018-05-08 20:18:16.441585	651925.06783
1525835896.49	2018-05-08 20:18:16.493880	570178.288413
1525835896.54	2018-05-08 20:18:16.544256	621875.303698
1525835896.59	2018-05-08 20:18:16.594954	619474.085988
1525835896.65	2018-05-08 20:18:16.645584	617697.860435
1525835896.7	2018-05-08 20:18:16.695857	622915.845115
1525835896.75	2018-05-08 20:18:16.746294	617331.9438
1525835896.8	2018-05-08 20:18:16.796728	587267.591658
1525835896.85	2018-05-08 20:18:16.847298	615882.001302
1525835896.93	2018-05-08 20:18:16.929443	360488.885123
1525835896.98	2018-05-08 20:18:16.980517	667661.041785
1525835897.04	2018-05-08 20:18:17.036078	533365.751845
1525835897.09	2018-05-08 20:18:17.087199	666864.020443
1525835897.14	2018-05-08 20:18:17.137996	583562.877153
1525835897.19	2018-05-08 20:18:17.188545	585341.797554
1525835897.24	2018-05-08 20:18:17.238984	617296.92516
1525835897.29	2018-05-08 20:18:17.289434	587209.300417
1525835897.34	2018-05-08 20:18:17.339973	674408.463926
1525835897.39	2018-05-08 20:18:17.391137	578910.189467
1525835897.44	2018-05-08 20:18:17.441496	618375.568775
1525835897.49	2018-05-08 20:18:17.492148	584658.643525
1525835897.54	2018-05-08 20:18:17.542465	618744.749968
1525835897.59	2018-05-08 20:18:17.594939	621320.455778
1525835897.65	2018-05-08 20:18:17.645337	617407.831154
1525835897.7	2018-05-08 20:18:17.697941	619346.53491
1525835897.75	2018-05-08 20:18:17.748294	619569.672512
1525835897.8	2018-05-08 20:18:17.799564	519132.313898
1525835897.85	2018-05-08 20:18:17.850214	672958.143618
1525835897.9	2018-05-08 20:18:17.900465	589404.569103
1525835897.95	2018-05-08 20:18:17.951008	644705.232923
1525835898.0	2018-05-08 20:18:18.001262	560545.794021
1525835898.05	2018-05-08 20:18:18.051551	647831.754404
1525835898.1	2018-05-08 20:18:18.101747	561216.704606
1525835898.15	2018-05-08 20:18:18.152124	646841.321942
1525835898.2	2018-05-08 20:18:18.202322	561160.734056
1525835898.25	2018-05-08 20:18:18.252759	645982.136439
1525835898.3	2018-05-08 20:18:18.302945	620396.797598
1525835898.35	2018-05-08 20:18:18.353151	589958.754885
1525835898.4	2018-05-08 20:18:18.403405	619616.709384
1525835898.45	2018-05-08 20:18:18.453929	645137.412385
1525835898.5	2018-05-08 20:18:18.504379	558128.450047
1525835898.55	2018-05-08 20:18:18.554684	647779.550769
1525835898.61	2018-05-08 20:18:18.605038	588129.429743
1525835898.66	2018-05-08 20:18:18.655381	618475.145689
1525835898.71	2018-05-08 20:18:18.705882	586707.364723
1525835898.76	2018-05-08 20:18:18.756145	619211.25106
1525835898.81	2018-05-08 20:18:18.806426	648037.580095
1525835898.86	2018-05-08 20:18:18.856752	618659.740646
1525835898.91	2018-05-08 20:18:18.907288	586267.145237
1525835898.96	2018-05-08 20:18:18.957626	618302.370909
1525835899.01	2018-05-08 20:18:19.008203	585838.635884
1525835899.06	2018-05-08 20:18:19.059071	612005.552418
1525835899.11	2018-05-08 20:18:19.109796	583864.557832
1525835899.16	2018-05-08 20:18:19.160071	619214.187255
1525835899.21	2018-05-08 20:18:19.210453	646660.734056
1525835899.26	2018-05-08 20:18:19.260789	588513.9009
1525835899.31	2018-05-08 20:18:19.311217	617323.188768
1525835899.36	2018-05-08 20:18:19.361519	588843.050497
1525835899.41	2018-05-08 20:18:19.411850	618583.545248
1525835899.46	2018-05-08 20:18:19.462185	647328.493539
1525835899.51	2018-05-08 20:18:19.512507	559892.402949
1525835899.56	2018-05-08 20:18:19.562899	646480.246976
1525835899.61	2018-05-08 20:18:19.613263	559367.608184
1525835899.66	2018-05-08 20:18:19.663625	646982.189267
1525835899.71	2018-05-08 20:18:19.714122	616611.94328
1525835899.76	2018-05-08 20:18:19.764540	587581.452834
1525835899.81	2018-05-08 20:18:19.814921	617837.237761
1525835899.87	2018-05-08 20:18:19.865335	587486.981449
1525835899.92	2018-05-08 20:18:19.915798	645701.333031
1525835899.97	2018-05-08 20:18:19.966113	590048.851028
1525835900.02	2018-05-08 20:18:20.016566	645918.0185
1525835900.07	2018-05-08 20:18:20.067006	587070.558315
1525835900.12	2018-05-08 20:18:20.118701	630295.654529
1525835900.17	2018-05-08 20:18:20.168964	560527.180513
1525835900.22	2018-05-08 20:18:20.219451	645417.725424
1525835900.27	2018-05-08 20:18:20.269986	616050.519578
1525835900.32	2018-05-08 20:18:20.320498	586336.318363
1525835900.37	2018-05-08 20:18:20.370715	619916.737413
1525835900.42	2018-05-08 20:18:20.421175	645686.07897
1525835900.47	2018-05-08 20:18:20.471470	619040.999374
1525835900.52	2018-05-08 20:18:20.521904	587428.64665
1525835900.57	2018-05-08 20:18:20.572305	587559.22154
1525835900.62	2018-05-08 20:18:20.622554	560716.032002
1525835900.67	2018-05-08 20:18:20.672894	647175.215844
1525835900.72	2018-05-08 20:18:20.723085	561294.015628
1525835900.77	2018-05-08 20:18:20.773280	649096.419765
1525835900.82	2018-05-08 20:18:20.823688	558878.157889
1525835900.87	2018-05-08 20:18:20.874057	646868.878113
1525835900.92	2018-05-08 20:18:20.924487	617369.885145
1525835900.97	2018-05-08 20:18:20.974905	587500.872394
1525835901.03	2018-05-08 20:18:21.025092	620346.695246
1525835901.08	2018-05-08 20:18:21.075479	617895.706595
1525835901.13	2018-05-08 20:18:21.125696	589877.521129
1525835901.18	2018-05-08 20:18:21.176157	645646.421786
1525835901.23	2018-05-08 20:18:21.226546	529046.000549
1525835901.28	2018-05-08 20:18:21.276795	619593.190055
1525835901.33	2018-05-08 20:18:21.327191	587803.858343
1525835901.38	2018-05-08 20:18:21.377630	617369.885145
1525835901.43	2018-05-08 20:18:21.427920	624165.870382
1525835901.48	2018-05-08 20:18:21.478247	652663.213921
1525835901.53	2018-05-08 20:18:21.528579	563635.179143
1525835901.58	2018-05-08 20:18:21.579109	650828.660437
1525835901.63	2018-05-08 20:18:21.629498	591123.426297
1525835901.68	2018-05-08 20:18:21.679867	623270.799279
1525835901.73	2018-05-08 20:18:21.730164	619040.999374
1525835901.78	2018-05-08 20:18:21.780631	586918.017706
1525835901.83	2018-05-08 20:18:21.830830	649031.68214
1525835901.88	2018-05-08 20:18:21.881376	586347.387578
1525835901.93	2018-05-08 20:18:21.931749	617691.114077
1525835901.98	2018-05-08 20:18:21.983490	629723.487554
1525835902.03	2018-05-08 20:18:22.034111	615588.767017
1525835902.08	2018-05-08 20:18:22.084570	586593.78576
1525835902.14	2018-05-08 20:18:22.135045	616879.925248
1525835902.19	2018-05-08 20:18:22.185593	585805.48709
1525835902.24	2018-05-08 20:18:22.235938	618510.29814
1525835902.29	2018-05-08 20:18:22.287562	646199.010445
1525835902.34	2018-05-08 20:18:22.338295	542509.996456
1525835902.39	2018-05-08 20:18:22.389434	637338.753797
1525835902.44	2018-05-08 20:18:22.439947	586117.786972
1525835902.49	2018-05-08 20:18:22.490767	614057.466077
1525835902.54	2018-05-08 20:18:22.541577	640457.092039
1525835902.59	2018-05-08 20:18:22.594881	583491.781662
1525835902.65	2018-05-08 20:18:22.645415	644781.278854
1525835902.7	2018-05-08 20:18:22.698670	528982.219612
1525835902.75	2018-05-08 20:18:22.748977	647622.990332
1525835902.8	2018-05-08 20:18:22.800334	606263.223377
1525835902.85	2018-05-08 20:18:22.850854	645085.642061
1525835902.9	2018-05-08 20:18:22.901295	617188.976023
1525835902.95	2018-05-08 20:18:22.952516	578435.80106
1525835903.0	2018-05-08 20:18:23.002931	617419.507787
1525835903.05	2018-05-08 20:18:23.053237	588619.858051
1525835903.1	2018-05-08 20:18:23.103746	586651.954857
1525835903.15	2018-05-08 20:18:23.154206	616807.081016
1525835903.2	2018-05-08 20:18:23.204837	643672.786281
1525835903.26	2018-05-08 20:18:23.255296	616891.581922
1525835903.31	2018-05-08 20:18:23.305662	588084.885872
1525835903.36	2018-05-08 20:18:23.355932	619322.846053
1525835903.41	2018-05-08 20:18:23.406276	588374.5417
1525835903.46	2018-05-08 20:18:23.456654	618144.322645
1525835903.51	2018-05-08 20:18:23.507010	588037.565402
1525835903.56	2018-05-08 20:18:23.557676	614710.737151
1525835903.61	2018-05-08 20:18:23.608221	585805.48709
1525835903.66	2018-05-08 20:18:23.658583	618229.19037
1525835903.71	2018-05-08 20:18:23.709198	585154.322318
1525835903.76	2018-05-08 20:18:23.759478	589066.412267
1525835903.81	2018-05-08 20:18:23.810197	614022.817936
1525835903.86	2018-05-08 20:18:23.861283	637600.429836
1525835903.91	2018-05-08 20:18:23.911567	619311.097318
1525835903.96	2018-05-08 20:18:23.961897	588352.250353
1525835904.01	2018-05-08 20:18:24.012227	618621.6406
1525835904.06	2018-05-08 20:18:24.062521	588923.999564
1525835904.11	2018-05-08 20:18:24.113142	615234.935365
1525835904.16	2018-05-08 20:18:24.163631	645137.412385
1525835904.21	2018-05-08 20:18:24.213892	560471.347405
1525835904.26	2018-05-08 20:18:24.264052	649586.995446
1525835904.31	2018-05-08 20:18:24.314404	618522.016512
1525835904.36	2018-05-08 20:18:24.364601	589863.51757
1525835904.41	2018-05-08 20:18:24.414925	588633.802622
1525835904.47	2018-05-08 20:18:24.465163	619693.159534
1525835904.52	2018-05-08 20:18:24.515429	648231.237029
1525835904.57	2018-05-08 20:18:24.565703	560346.427888
1525835904.62	2018-05-08 20:18:24.615985	648009.924264
1525835904.67	2018-05-08 20:18:24.666348	618167.732104
1525835904.72	2018-05-08 20:18:24.716601	589404.569103
1525835904.77	2018-05-08 20:18:24.766849	619619.649425
1525835904.82	2018-05-08 20:18:24.817126	589136.247576
1525835904.87	2018-05-08 20:18:24.867386	619484.436382
1525835904.92	2018-05-08 20:18:24.917549	649457.337363
1525835904.97	2018-05-08 20:18:24.967746	561216.704606
1525835905.02	2018-05-08 20:18:25.018135	646724.999541
1525835905.07	2018-05-08 20:18:25.068435	588857.005645
1525835905.12	2018-05-08 20:18:25.118847	617480.817359
1525835905.17	2018-05-08 20:18:25.169374	644842.128517
1525835905.22	2018-05-08 20:18:25.222957	526108.801083
1525835905.27	2018-05-08 20:18:25.273347	705054.393402
1525835905.32	2018-05-08 20:18:25.324683	606544.821203
1525835905.38	2018-05-08 20:18:25.375153	586746.157857
1525835905.43	2018-05-08 20:18:25.425568	617749.555256
1525835905.48	2018-05-08 20:18:25.475929	587965.207646
1525835905.53	2018-05-08 20:18:25.526111	620411.535124
1525835905.58	2018-05-08 20:18:25.576522	646351.826024
1525835905.63	2018-05-08 20:18:25.627056	557485.939412
1525835905.68	2018-05-08 20:18:25.677458	587664.835174
1525835905.73	2018-05-08 20:18:25.727923	645545.775422
1525835905.78	2018-05-08 20:18:25.778328	617676.505511
1525835905.83	2018-05-08 20:18:25.828560	589675.934005
1525835905.88	2018-05-08 20:18:25.879129	615672.934418
1525835905.93	2018-05-08 20:18:25.929622	586696.281912
