1525835860.87	2018-05-08 20:17:40.868397	0.0
1525835860.92	2018-05-08 20:17:40.918970	0.0
1525835860.97	2018-05-08 20:17:40.969623	2763.90446873
1525835861.02	2018-05-08 20:17:41.021502	455439.61878
1525835861.07	2018-05-08 20:17:41.072267	667833.988548
1525835861.12	2018-05-08 20:17:41.122544	293197.000631
1525835861.17	2018-05-08 20:17:41.173856	604515.146875
1525835861.22	2018-05-08 20:17:41.224162	647380.624496
1525835861.27	2018-05-08 20:17:41.274481	294311.323456
1525835861.32	2018-05-08 20:17:41.324668	295119.521482
1525835861.37	2018-05-08 20:17:41.374855	649173.505206
1525835861.43	2018-05-08 20:17:41.425123	589287.148366
1525835861.48	2018-05-08 20:17:41.477653	394730.698621
1525835861.53	2018-05-08 20:17:41.528058	0.0
1525835861.58	2018-05-08 20:17:41.578402	294192.844004
1525835861.63	2018-05-08 20:17:41.629367	639327.511663
1525835861.68	2018-05-08 20:17:41.679735	618056.552962
1525835861.73	2018-05-08 20:17:41.730022	471355.937626
1525835861.78	2018-05-08 20:17:41.780246	0.0
1525835861.83	2018-05-08 20:17:41.830773	117225.216531
1525835861.88	2018-05-08 20:17:41.881997	607993.54103
1525835861.93	2018-05-08 20:17:41.932274	647945.40317
1525835861.98	2018-05-08 20:17:41.982587	559913.627476
1525835862.03	2018-05-08 20:17:42.033417	174824.148263
1525835862.08	2018-05-08 20:17:42.084657	0.0
1525835862.13	2018-05-08 20:17:42.134947	470860.191891
1525835862.19	2018-05-08 20:17:42.185249	560056.935132
1525835862.24	2018-05-08 20:17:42.235642	646688.274843
1525835862.29	2018-05-08 20:17:42.286035	558857.011791
1525835862.34	2018-05-08 20:17:42.336290	0.0
1525835862.39	2018-05-08 20:17:42.386833	0.0
1525835862.48	2018-05-08 20:17:42.481173	596468.49963
1525835862.53	2018-05-08 20:17:42.531543	559288.179636
1525835862.58	2018-05-08 20:17:42.582333	641554.527106
1525835862.63	2018-05-08 20:17:42.633234	0.0
1525835862.69	2018-05-08 20:17:42.688366	27461.2904113
1525835862.74	2018-05-08 20:17:42.738972	0.0
1525835862.79	2018-05-08 20:17:42.791474	620313.622543
1525835862.84	2018-05-08 20:17:42.841770	647896.252865
1525835862.9	2018-05-08 20:17:42.900225	532597.541197
1525835862.95	2018-05-08 20:17:42.950579	529359.0885
1525835863.0	2018-05-08 20:17:43.000809	0.0
1525835863.05	2018-05-08 20:17:43.051109	30098.7603257
1525835863.1	2018-05-08 20:17:43.101547	528570.815521
1525835863.15	2018-05-08 20:17:43.152652	521643.873344
1525835863.21	2018-05-08 20:17:43.205129	564415.933998
1525835863.26	2018-05-08 20:17:43.255591	616941.127701
1525835863.31	2018-05-08 20:17:43.307626	284654.741019
1525835863.36	2018-05-08 20:17:43.359320	0.0
1525835863.41	2018-05-08 20:17:43.410280	174167.310819
1525835863.46	2018-05-08 20:17:43.460889	615223.341214
1525835863.51	2018-05-08 20:17:43.511678	524856.50595
1525835863.56	2018-05-08 20:17:43.564164	597608.960842
1525835863.65	2018-05-08 20:17:43.653322	364145.779294
1525835863.7	2018-05-08 20:17:43.703709	117568.003028
1525835863.75	2018-05-08 20:17:43.753997	0.0
1525835863.8	2018-05-08 20:17:43.804359	235284.073084
1525835863.88	2018-05-08 20:17:43.883591	542559.723025
1525835863.94	2018-05-08 20:17:43.943481	494645.98057
1525835864.04	2018-05-08 20:17:44.041914	406504.924817
1525835864.1	2018-05-08 20:17:44.095783	329893.875719
1525835864.15	2018-05-08 20:17:44.146556	0.0
1525835864.2	2018-05-08 20:17:44.196990	0.0
1525835864.32	2018-05-08 20:17:44.321251	417418.473218
1525835864.38	2018-05-08 20:17:44.377008	558298.499506
1525835864.43	2018-05-08 20:17:44.428593	516766.601494
1525835864.48	2018-05-08 20:17:44.479104	499237.034183
1525835864.53	2018-05-08 20:17:44.529713	292607.481464
1525835864.58	2018-05-08 20:17:44.580244	0.0
1525835864.63	2018-05-08 20:17:44.630593	0.0
1525835864.68	2018-05-08 20:17:44.681855	520035.329067
1525835864.73	2018-05-08 20:17:44.733985	568957.502794
1525835864.79	2018-05-08 20:17:44.785290	548478.120128
1525835864.84	2018-05-08 20:17:44.837222	599455.842527
1525835864.89	2018-05-08 20:17:44.888688	633016.712268
1525835864.94	2018-05-08 20:17:44.939344	175450.43659
1525835864.99	2018-05-08 20:17:44.989745	0.0
1525835865.04	2018-05-08 20:17:45.040079	0.0
1525835865.09	2018-05-08 20:17:45.090629	527336.832973
1525835865.14	2018-05-08 20:17:45.144731	630312.091464
1525835865.21	2018-05-08 20:17:45.208158	374201.255206
1525835865.26	2018-05-08 20:17:45.259758	659358.798585
1525835865.31	2018-05-08 20:17:45.310331	644255.408181
1525835865.36	2018-05-08 20:17:45.360596	294615.625086
1525835865.41	2018-05-08 20:17:45.410886	0.0
1525835865.46	2018-05-08 20:17:45.461798	0.0
1525835865.58	2018-05-08 20:17:45.581963	505596.716698
1525835865.63	2018-05-08 20:17:45.632485	557828.076422
1525835865.68	2018-05-08 20:17:45.682898	469805.190138
1525835865.73	2018-05-08 20:17:45.733266	618191.143336
1525835865.78	2018-05-08 20:17:45.783548	589088.757765
1525835865.83	2018-05-08 20:17:45.834233	0.0
1525835865.89	2018-05-08 20:17:45.886404	0.0
1525835865.94	2018-05-08 20:17:45.939398	0.0
1525835865.99	2018-05-08 20:17:45.990725	0.0
1525835866.04	2018-05-08 20:17:46.041876	347360.681327
1525835866.09	2018-05-08 20:17:46.092487	615249.428668
1525835866.15	2018-05-08 20:17:46.145286	561026.017892
1525835866.2	2018-05-08 20:17:46.195801	557630.638452
1525835866.25	2018-05-08 20:17:46.246423	584969.721488
1525835866.3	2018-05-08 20:17:46.297453	639037.521115
1525835866.35	2018-05-08 20:17:46.352125	244166.590634
1525835866.4	2018-05-08 20:17:46.404173	0.0
1525835866.46	2018-05-08 20:17:46.456198	0.0
1525835866.51	2018-05-08 20:17:46.510329	0.0
1525835866.56	2018-05-08 20:17:46.564543	429667.182762
1525835866.61	2018-05-08 20:17:46.614893	623568.870942
1525835866.67	2018-05-08 20:17:46.667767	479391.186156
1525835866.72	2018-05-08 20:17:46.718157	653040.344622
1525835866.77	2018-05-08 20:17:46.769158	291680.143908
1525835866.82	2018-05-08 20:17:46.819615	0.0
1525835866.87	2018-05-08 20:17:46.869930	0.0
1525835866.92	2018-05-08 20:17:46.920737	233168.862367
1525835866.98	2018-05-08 20:17:46.981531	584808.635387
1525835867.03	2018-05-08 20:17:47.031977	499711.26442
1525835867.08	2018-05-08 20:17:47.082399	587453.645859
1525835867.14	2018-05-08 20:17:47.140319	486445.26258
1525835867.2	2018-05-08 20:17:47.203481	0.0
1525835867.25	2018-05-08 20:17:47.254093	0.0
1525835867.3	2018-05-08 20:17:47.304358	412477.525724
1525835867.38	2018-05-08 20:17:47.381312	597093.90979
1525835867.43	2018-05-08 20:17:47.431760	528508.354716
1525835867.48	2018-05-08 20:17:47.482340	86430.7662374
1525835867.53	2018-05-08 20:17:47.532633	0.0
1525835867.58	2018-05-08 20:17:47.583037	0.0
1525835867.64	2018-05-08 20:17:47.635293	0.0
1525835867.69	2018-05-08 20:17:47.689043	0.0
1525835867.74	2018-05-08 20:17:47.739425	0.0
1525835867.79	2018-05-08 20:17:47.790106	0.0
1525835867.84	2018-05-08 20:17:47.841813	0.0
1525835867.89	2018-05-08 20:17:47.892244	0.0
1525835867.94	2018-05-08 20:17:47.942753	0.0
1525835867.99	2018-05-08 20:17:47.993093	0.0
1525835868.04	2018-05-08 20:17:48.043612	0.0
1525835868.09	2018-05-08 20:17:48.094513	0.0
1525835868.15	2018-05-08 20:17:48.145622	0.0
1525835868.2	2018-05-08 20:17:48.198360	0.0
1525835868.25	2018-05-08 20:17:48.249329	0.0
1525835868.3	2018-05-08 20:17:48.300907	0.0
1525835868.35	2018-05-08 20:17:48.351579	0.0
1525835868.4	2018-05-08 20:17:48.402091	0.0
1525835868.45	2018-05-08 20:17:48.454112	0.0
1525835868.51	2018-05-08 20:17:48.506332	0.0
1525835868.56	2018-05-08 20:17:48.557027	0.0
1525835868.61	2018-05-08 20:17:48.607777	0.0
1525835868.66	2018-05-08 20:17:48.658156	0.0
1525835868.71	2018-05-08 20:17:48.708667	0.0
1525835868.76	2018-05-08 20:17:48.759165	0.0
1525835868.81	2018-05-08 20:17:48.809494	0.0
1525835868.86	2018-05-08 20:17:48.859960	0.0
1525835868.91	2018-05-08 20:17:48.910352	0.0
1525835868.96	2018-05-08 20:17:48.960547	0.0
1525835869.01	2018-05-08 20:17:49.010840	0.0
1525835869.06	2018-05-08 20:17:49.061196	0.0
1525835869.11	2018-05-08 20:17:49.111656	0.0
1525835869.16	2018-05-08 20:17:49.162141	0.0
1525835869.21	2018-05-08 20:17:49.212772	0.0
1525835869.26	2018-05-08 20:17:49.263035	0.0
1525835869.31	2018-05-08 20:17:49.313452	0.0
1525835869.37	2018-05-08 20:17:49.365500	0.0
1525835869.42	2018-05-08 20:17:49.421890	0.0
1525835869.48	2018-05-08 20:17:49.479070	0.0
1525835869.53	2018-05-08 20:17:49.529633	0.0
1525835869.58	2018-05-08 20:17:49.579954	0.0
1525835869.63	2018-05-08 20:17:49.630232	0.0
1525835869.68	2018-05-08 20:17:49.680643	0.0
1525835869.73	2018-05-08 20:17:49.731006	0.0
1525835869.78	2018-05-08 20:17:49.781343	0.0
1525835869.83	2018-05-08 20:17:49.831675	0.0
1525835869.88	2018-05-08 20:17:49.882055	0.0
1525835869.93	2018-05-08 20:17:49.932500	0.0
1525835869.98	2018-05-08 20:17:49.982980	0.0
1525835870.03	2018-05-08 20:17:50.033316	0.0
1525835870.08	2018-05-08 20:17:50.083591	0.0
1525835870.13	2018-05-08 20:17:50.134030	0.0
1525835870.18	2018-05-08 20:17:50.184540	0.0
1525835870.24	2018-05-08 20:17:50.235119	0.0
1525835870.29	2018-05-08 20:17:50.285550	0.0
1525835870.34	2018-05-08 20:17:50.335816	0.0
1525835870.39	2018-05-08 20:17:50.386307	0.0
1525835870.44	2018-05-08 20:17:50.436738	0.0
1525835870.49	2018-05-08 20:17:50.487063	0.0
1525835870.54	2018-05-08 20:17:50.537432	0.0
1525835870.59	2018-05-08 20:17:50.587727	0.0
1525835870.64	2018-05-08 20:17:50.638198	0.0
1525835870.69	2018-05-08 20:17:50.688440	0.0
1525835870.74	2018-05-08 20:17:50.739113	0.0
1525835870.79	2018-05-08 20:17:50.789488	0.0
1525835870.84	2018-05-08 20:17:50.839863	0.0
1525835870.89	2018-05-08 20:17:50.890238	0.0
1525835870.94	2018-05-08 20:17:50.940484	0.0
1525835870.99	2018-05-08 20:17:50.990933	0.0
1525835871.04	2018-05-08 20:17:51.041337	0.0
1525835871.09	2018-05-08 20:17:51.091702	0.0
1525835871.14	2018-05-08 20:17:51.142116	0.0
1525835871.19	2018-05-08 20:17:51.192497	0.0
1525835871.24	2018-05-08 20:17:51.242772	0.0
1525835871.29	2018-05-08 20:17:51.293045	0.0
1525835871.34	2018-05-08 20:17:51.343304	0.0
1525835871.39	2018-05-08 20:17:51.394688	0.0
1525835871.45	2018-05-08 20:17:51.445241	0.0
1525835871.5	2018-05-08 20:17:51.495713	0.0
1525835871.55	2018-05-08 20:17:51.546040	0.0
1525835871.6	2018-05-08 20:17:51.596389	0.0
1525835871.65	2018-05-08 20:17:51.646768	0.0
1525835871.7	2018-05-08 20:17:51.697226	0.0
1525835871.75	2018-05-08 20:17:51.747716	0.0
1525835871.8	2018-05-08 20:17:51.798018	0.0
1525835871.85	2018-05-08 20:17:51.848325	0.0
1525835871.9	2018-05-08 20:17:51.898753	0.0
1525835871.95	2018-05-08 20:17:51.949002	0.0
1525835872.0	2018-05-08 20:17:51.999362	0.0
1525835872.05	2018-05-08 20:17:52.049588	0.0
1525835872.1	2018-05-08 20:17:52.099785	0.0
1525835872.15	2018-05-08 20:17:52.150013	0.0
1525835872.2	2018-05-08 20:17:52.200341	0.0
1525835872.25	2018-05-08 20:17:52.250679	0.0
1525835872.3	2018-05-08 20:17:52.301159	0.0
1525835872.35	2018-05-08 20:17:52.351777	0.0
1525835872.4	2018-05-08 20:17:52.402381	0.0
1525835872.45	2018-05-08 20:17:52.452653	0.0
1525835872.5	2018-05-08 20:17:52.502997	0.0
1525835872.55	2018-05-08 20:17:52.553406	0.0
1525835872.6	2018-05-08 20:17:52.603824	0.0
1525835872.65	2018-05-08 20:17:52.654175	0.0
1525835872.7	2018-05-08 20:17:52.704519	0.0
1525835872.75	2018-05-08 20:17:52.754957	0.0
1525835872.81	2018-05-08 20:17:52.805262	0.0
1525835872.86	2018-05-08 20:17:52.855543	0.0
1525835872.91	2018-05-08 20:17:52.905962	0.0
1525835872.96	2018-05-08 20:17:52.956374	0.0
1525835873.01	2018-05-08 20:17:53.006693	0.0
1525835873.06	2018-05-08 20:17:53.057082	0.0
1525835873.11	2018-05-08 20:17:53.107515	0.0
1525835873.16	2018-05-08 20:17:53.158281	0.0
1525835873.21	2018-05-08 20:17:53.208565	0.0
1525835873.26	2018-05-08 20:17:53.259088	0.0
1525835873.31	2018-05-08 20:17:53.309384	0.0
1525835873.36	2018-05-08 20:17:53.359715	0.0
1525835873.41	2018-05-08 20:17:53.411326	0.0
1525835873.46	2018-05-08 20:17:53.461748	0.0
1525835873.51	2018-05-08 20:17:53.512146	0.0
1525835873.56	2018-05-08 20:17:53.562663	0.0
1525835873.61	2018-05-08 20:17:53.613324	0.0
1525835873.66	2018-05-08 20:17:53.663777	0.0
1525835873.71	2018-05-08 20:17:53.714139	0.0
1525835873.76	2018-05-08 20:17:53.764727	0.0
1525835873.82	2018-05-08 20:17:53.815108	0.0
1525835873.87	2018-05-08 20:17:53.865349	0.0
1525835873.92	2018-05-08 20:17:53.916084	0.0
1525835873.97	2018-05-08 20:17:53.966449	0.0
1525835874.02	2018-05-08 20:17:54.016684	0.0
1525835874.07	2018-05-08 20:17:54.068264	0.0
1525835874.12	2018-05-08 20:17:54.118662	0.0
1525835874.17	2018-05-08 20:17:54.169162	0.0
1525835874.22	2018-05-08 20:17:54.219422	0.0
1525835874.27	2018-05-08 20:17:54.269905	0.0
1525835874.32	2018-05-08 20:17:54.320350	0.0
1525835874.37	2018-05-08 20:17:54.370700	0.0
1525835874.42	2018-05-08 20:17:54.421072	0.0
1525835874.48	2018-05-08 20:17:54.475323	0.0
1525835874.56	2018-05-08 20:17:54.561422	0.0
1525835874.61	2018-05-08 20:17:54.612293	0.0
1525835874.66	2018-05-08 20:17:54.662761	0.0
1525835874.71	2018-05-08 20:17:54.713118	0.0
1525835874.76	2018-05-08 20:17:54.763941	0.0
1525835874.81	2018-05-08 20:17:54.814430	0.0
1525835874.86	2018-05-08 20:17:54.864855	0.0
1525835874.92	2018-05-08 20:17:54.915249	0.0
1525835874.97	2018-05-08 20:17:54.965691	0.0
1525835875.02	2018-05-08 20:17:55.016424	0.0
1525835875.07	2018-05-08 20:17:55.067142	0.0
1525835875.14	2018-05-08 20:17:55.140712	0.0
1525835875.19	2018-05-08 20:17:55.191268	0.0
1525835875.24	2018-05-08 20:17:55.242564	0.0
1525835875.29	2018-05-08 20:17:55.293154	0.0
1525835875.34	2018-05-08 20:17:55.344658	0.0
1525835875.4	2018-05-08 20:17:55.395713	0.0
1525835875.45	2018-05-08 20:17:55.446122	0.0
1525835875.5	2018-05-08 20:17:55.497236	0.0
1525835875.55	2018-05-08 20:17:55.547695	0.0
1525835875.6	2018-05-08 20:17:55.597986	0.0
1525835875.65	2018-05-08 20:17:55.648371	0.0
1525835875.7	2018-05-08 20:17:55.701525	0.0
1525835875.76	2018-05-08 20:17:55.758188	159187.541968
1525835875.81	2018-05-08 20:17:55.810230	113739.411579
1525835875.86	2018-05-08 20:17:55.861070	0.0
1525835875.91	2018-05-08 20:17:55.912039	0.0
1525835875.96	2018-05-08 20:17:55.962452	0.0
1525835876.01	2018-05-08 20:17:56.013059	1541.07924066
1525835876.06	2018-05-08 20:17:56.063459	0.0
1525835876.12	2018-05-08 20:17:56.115482	512446.634304
1525835876.17	2018-05-08 20:17:56.165833	58825.7530967
1525835876.22	2018-05-08 20:17:56.216355	0.0
1525835876.27	2018-05-08 20:17:56.272683	0.0
1525835876.32	2018-05-08 20:17:56.323470	0.0
1525835876.38	2018-05-08 20:17:56.380085	0.0
1525835876.43	2018-05-08 20:17:56.430716	0.0
1525835876.48	2018-05-08 20:17:56.481804	405753.300468
1525835876.53	2018-05-08 20:17:56.532091	619026.326888
1525835876.58	2018-05-08 20:17:56.582388	147902.551792
1525835876.64	2018-05-08 20:17:56.635259	0.0
1525835876.69	2018-05-08 20:17:56.685833	0.0
1525835876.74	2018-05-08 20:17:56.736270	0.0
1525835876.79	2018-05-08 20:17:56.789481	0.0
1525835876.84	2018-05-08 20:17:56.839884	0.0
1525835876.89	2018-05-08 20:17:56.890391	0.0
1525835876.98	2018-05-08 20:17:56.981171	539463.580224
1525835877.03	2018-05-08 20:17:57.031616	266201.803217
1525835877.08	2018-05-08 20:17:57.082689	0.0
1525835877.13	2018-05-08 20:17:57.134291	0.0
1525835877.18	2018-05-08 20:17:57.184666	0.0
1525835877.23	2018-05-08 20:17:57.234972	0.0
1525835877.29	2018-05-08 20:17:57.285328	0.0
1525835877.34	2018-05-08 20:17:57.335803	559301.273845
1525835877.39	2018-05-08 20:17:57.386083	560325.170537
1525835877.44	2018-05-08 20:17:57.436443	0.0
1525835877.49	2018-05-08 20:17:57.486872	0.0
1525835877.54	2018-05-08 20:17:57.537441	0.0
1525835877.59	2018-05-08 20:17:57.588296	0.0
1525835877.64	2018-05-08 20:17:57.638608	0.0
1525835877.69	2018-05-08 20:17:57.689089	361788.337433
1525835877.74	2018-05-08 20:17:57.740339	0.0
1525835877.79	2018-05-08 20:17:57.790834	0.0
1525835877.84	2018-05-08 20:17:57.841145	0.0
1525835877.89	2018-05-08 20:17:57.891389	0.0
1525835877.94	2018-05-08 20:17:57.941675	0.0
1525835877.99	2018-05-08 20:17:57.992994	0.0
1525835878.04	2018-05-08 20:17:58.043449	0.0
1525835878.09	2018-05-08 20:17:58.094206	0.0
1525835878.14	2018-05-08 20:17:58.144747	0.0
1525835878.2	2018-05-08 20:17:58.195206	0.0
1525835878.25	2018-05-08 20:17:58.245971	0.0
1525835878.3	2018-05-08 20:17:58.297781	0.0
1525835878.35	2018-05-08 20:17:58.348143	0.0
1525835878.4	2018-05-08 20:17:58.398419	0.0
1525835878.45	2018-05-08 20:17:58.448732	0.0
1525835878.5	2018-05-08 20:17:58.499212	0.0
1525835878.55	2018-05-08 20:17:58.549606	0.0
1525835878.6	2018-05-08 20:17:58.600070	0.0
1525835878.65	2018-05-08 20:17:58.650442	0.0
1525835878.7	2018-05-08 20:17:58.700763	0.0
1525835878.75	2018-05-08 20:17:58.751110	0.0
1525835878.8	2018-05-08 20:17:58.801485	0.0
1525835878.85	2018-05-08 20:17:58.853616	0.0
1525835878.9	2018-05-08 20:17:58.903805	0.0
1525835878.95	2018-05-08 20:17:58.954242	0.0
1525835879.0	2018-05-08 20:17:59.004674	0.0
1525835879.06	2018-05-08 20:17:59.055339	0.0
1525835879.11	2018-05-08 20:17:59.106616	0.0
1525835879.16	2018-05-08 20:17:59.157051	0.0
1525835879.21	2018-05-08 20:17:59.207635	0.0
1525835879.26	2018-05-08 20:17:59.258526	0.0
1525835879.31	2018-05-08 20:17:59.308855	0.0
1525835879.36	2018-05-08 20:17:59.359343	0.0
1525835879.41	2018-05-08 20:17:59.410018	0.0
1525835879.46	2018-05-08 20:17:59.461176	0.0
1525835879.51	2018-05-08 20:17:59.512119	0.0
1525835879.56	2018-05-08 20:17:59.563088	0.0
1525835879.61	2018-05-08 20:17:59.613483	0.0
1525835879.66	2018-05-08 20:17:59.663854	0.0
1525835879.71	2018-05-08 20:17:59.714534	0.0
1525835879.77	2018-05-08 20:17:59.765087	0.0
1525835879.82	2018-05-08 20:17:59.815441	0.0
1525835879.87	2018-05-08 20:17:59.865795	0.0
1525835879.92	2018-05-08 20:17:59.916307	0.0
1525835879.97	2018-05-08 20:17:59.966605	0.0
1525835880.02	2018-05-08 20:18:00.018115	0.0
1525835880.07	2018-05-08 20:18:00.068635	0.0
1525835880.12	2018-05-08 20:18:00.118956	0.0
1525835880.17	2018-05-08 20:18:00.169267	0.0
1525835880.22	2018-05-08 20:18:00.219456	0.0
1525835880.27	2018-05-08 20:18:00.269822	0.0
1525835880.32	2018-05-08 20:18:00.320085	0.0
1525835880.37	2018-05-08 20:18:00.370472	0.0
1525835880.42	2018-05-08 20:18:00.421963	0.0
1525835880.47	2018-05-08 20:18:00.472597	0.0
1525835880.52	2018-05-08 20:18:00.523122	0.0
1525835880.57	2018-05-08 20:18:00.573531	0.0
1525835880.63	2018-05-08 20:18:00.625289	0.0
1525835880.68	2018-05-08 20:18:00.675879	0.0
1525835880.73	2018-05-08 20:18:00.726470	0.0
1525835880.78	2018-05-08 20:18:00.776855	0.0
1525835880.83	2018-05-08 20:18:00.827853	0.0
1525835880.88	2018-05-08 20:18:00.878334	0.0
1525835880.93	2018-05-08 20:18:00.929502	0.0
1525835880.98	2018-05-08 20:18:00.979815	0.0
1525835881.03	2018-05-08 20:18:01.030194	0.0
1525835881.08	2018-05-08 20:18:01.080528	0.0
1525835881.13	2018-05-08 20:18:01.131292	0.0
1525835881.18	2018-05-08 20:18:01.181662	0.0
1525835881.23	2018-05-08 20:18:01.231855	0.0
1525835881.28	2018-05-08 20:18:01.282269	0.0
1525835881.33	2018-05-08 20:18:01.332588	0.0
1525835881.38	2018-05-08 20:18:01.383254	0.0
1525835881.44	2018-05-08 20:18:01.435358	0.0
1525835881.49	2018-05-08 20:18:01.486836	0.0
1525835881.54	2018-05-08 20:18:01.537389	0.0
1525835881.59	2018-05-08 20:18:01.587964	0.0
1525835881.65	2018-05-08 20:18:01.647683	0.0
1525835881.7	2018-05-08 20:18:01.700727	0.0
1525835881.75	2018-05-08 20:18:01.751580	0.0
1525835881.8	2018-05-08 20:18:01.801879	0.0
1525835881.85	2018-05-08 20:18:01.852521	0.0
1525835881.9	2018-05-08 20:18:01.903239	0.0
1525835881.95	2018-05-08 20:18:01.953783	0.0
1525835882.0	2018-05-08 20:18:02.004296	0.0
1525835882.05	2018-05-08 20:18:02.054631	0.0
1525835882.13	2018-05-08 20:18:02.127269	0.0
1525835882.18	2018-05-08 20:18:02.177801	0.0
1525835882.23	2018-05-08 20:18:02.228488	0.0
1525835882.29	2018-05-08 20:18:02.294420	0.0
1525835882.35	2018-05-08 20:18:02.351991	0.0
1525835882.4	2018-05-08 20:18:02.402407	0.0
1525835882.45	2018-05-08 20:18:02.453021	0.0
1525835882.5	2018-05-08 20:18:02.503619	0.0
1525835882.55	2018-05-08 20:18:02.554007	0.0
1525835882.6	2018-05-08 20:18:02.604367	0.0
1525835882.65	2018-05-08 20:18:02.654531	0.0
1525835882.71	2018-05-08 20:18:02.705571	0.0
1525835882.79	2018-05-08 20:18:02.788221	0.0
1525835882.85	2018-05-08 20:18:02.849480	0.0
1525835882.9	2018-05-08 20:18:02.900319	0.0
1525835882.95	2018-05-08 20:18:02.950872	0.0
1525835883.0	2018-05-08 20:18:03.001183	0.0
1525835883.05	2018-05-08 20:18:03.051524	0.0
1525835883.1	2018-05-08 20:18:03.101948	0.0
1525835883.15	2018-05-08 20:18:03.152407	0.0
1525835883.2	2018-05-08 20:18:03.203308	0.0
1525835883.25	2018-05-08 20:18:03.253591	0.0
1525835883.3	2018-05-08 20:18:03.303948	0.0
1525835883.35	2018-05-08 20:18:03.354584	0.0
1525835883.4	2018-05-08 20:18:03.404932	0.0
1525835883.46	2018-05-08 20:18:03.455393	0.0
1525835883.51	2018-05-08 20:18:03.507740	0.0
1525835883.56	2018-05-08 20:18:03.558192	0.0
1525835883.61	2018-05-08 20:18:03.608719	0.0
1525835883.66	2018-05-08 20:18:03.659094	0.0
1525835883.71	2018-05-08 20:18:03.710571	0.0
1525835883.76	2018-05-08 20:18:03.761096	0.0
1525835883.81	2018-05-08 20:18:03.812203	0.0
1525835883.86	2018-05-08 20:18:03.862988	0.0
1525835883.92	2018-05-08 20:18:03.916758	0.0
1525835883.97	2018-05-08 20:18:03.967060	0.0
1525835884.02	2018-05-08 20:18:04.017379	0.0
1525835884.07	2018-05-08 20:18:04.067598	0.0
1525835884.12	2018-05-08 20:18:04.117978	0.0
1525835884.17	2018-05-08 20:18:04.168358	0.0
1525835884.22	2018-05-08 20:18:04.218968	0.0
1525835884.27	2018-05-08 20:18:04.269946	0.0
1525835884.32	2018-05-08 20:18:04.320457	0.0
1525835884.37	2018-05-08 20:18:04.370727	0.0
1525835884.42	2018-05-08 20:18:04.421039	0.0
1525835884.47	2018-05-08 20:18:04.471574	0.0
1525835884.52	2018-05-08 20:18:04.522215	0.0
1525835884.57	2018-05-08 20:18:04.572492	0.0
1525835884.62	2018-05-08 20:18:04.622969	0.0
1525835884.67	2018-05-08 20:18:04.673175	0.0
1525835884.72	2018-05-08 20:18:04.723525	0.0
1525835884.77	2018-05-08 20:18:04.774584	0.0
1525835884.83	2018-05-08 20:18:04.825212	0.0
1525835884.88	2018-05-08 20:18:04.876044	0.0
1525835884.93	2018-05-08 20:18:04.926748	0.0
1525835884.98	2018-05-08 20:18:04.977252	0.0
1525835885.03	2018-05-08 20:18:05.027877	0.0
1525835885.08	2018-05-08 20:18:05.078386	0.0
1525835885.13	2018-05-08 20:18:05.129202	0.0
1525835885.18	2018-05-08 20:18:05.179560	0.0
1525835885.23	2018-05-08 20:18:05.229898	0.0
1525835885.28	2018-05-08 20:18:05.280371	0.0
1525835885.33	2018-05-08 20:18:05.331665	0.0
1525835885.38	2018-05-08 20:18:05.382176	0.0
1525835885.43	2018-05-08 20:18:05.432563	0.0
1525835885.48	2018-05-08 20:18:05.482947	0.0
1525835885.53	2018-05-08 20:18:05.533325	0.0
1525835885.58	2018-05-08 20:18:05.583592	0.0
1525835885.63	2018-05-08 20:18:05.634001	0.0
1525835885.68	2018-05-08 20:18:05.684481	0.0
1525835885.73	2018-05-08 20:18:05.734754	0.0
1525835885.79	2018-05-08 20:18:05.785336	0.0
1525835885.84	2018-05-08 20:18:05.835709	0.0
1525835885.89	2018-05-08 20:18:05.886291	0.0
1525835885.94	2018-05-08 20:18:05.937393	0.0
1525835885.99	2018-05-08 20:18:05.987726	0.0
1525835886.04	2018-05-08 20:18:06.038132	0.0
1525835886.09	2018-05-08 20:18:06.088676	0.0
1525835886.14	2018-05-08 20:18:06.139105	296232.71949
1525835886.19	2018-05-08 20:18:06.189398	0.0
1525835886.24	2018-05-08 20:18:06.240581	0.0
1525835886.29	2018-05-08 20:18:06.290877	0.0
1525835886.34	2018-05-08 20:18:06.341132	0.0
1525835886.39	2018-05-08 20:18:06.391452	1550.1116402
1525835886.44	2018-05-08 20:18:06.441746	0.0
1525835886.49	2018-05-08 20:18:06.492320	0.0
1525835886.54	2018-05-08 20:18:06.542748	117516.290567
1525835886.59	2018-05-08 20:18:06.593224	469403.577071
1525835886.64	2018-05-08 20:18:06.643759	0.0
1525835886.69	2018-05-08 20:18:06.694575	0.0
1525835886.75	2018-05-08 20:18:06.745159	0.0
1525835886.8	2018-05-08 20:18:06.795549	0.0
1525835886.85	2018-05-08 20:18:06.845810	0.0
1525835886.9	2018-05-08 20:18:06.896464	0.0
1525835886.98	2018-05-08 20:18:06.981131	333495.022729
1525835887.03	2018-05-08 20:18:07.031373	0.0
1525835887.08	2018-05-08 20:18:07.081777	0.0
1525835887.13	2018-05-08 20:18:07.132490	0.0
1525835887.18	2018-05-08 20:18:07.183439	0.0
1525835887.23	2018-05-08 20:18:07.233978	0.0
1525835887.28	2018-05-08 20:18:07.284248	117836.749009
1525835887.38	2018-05-08 20:18:07.381040	244813.664841
1525835887.43	2018-05-08 20:18:07.431373	0.0
1525835887.48	2018-05-08 20:18:07.481798	0.0
1525835887.53	2018-05-08 20:18:07.532413	0.0
1525835887.58	2018-05-08 20:18:07.583148	0.0
1525835887.63	2018-05-08 20:18:07.633551	0.0
1525835887.68	2018-05-08 20:18:07.683969	352052.682803
1525835887.73	2018-05-08 20:18:07.734446	0.0
1525835887.78	2018-05-08 20:18:07.784750	265544.789713
1525835887.84	2018-05-08 20:18:07.835285	0.0
1525835887.89	2018-05-08 20:18:07.885603	0.0
1525835887.94	2018-05-08 20:18:07.936035	0.0
1525835887.99	2018-05-08 20:18:07.986424	0.0
1525835888.04	2018-05-08 20:18:08.037064	0.0
1525835888.09	2018-05-08 20:18:08.087334	353558.87269
1525835888.14	2018-05-08 20:18:08.137622	0.0
1525835888.19	2018-05-08 20:18:08.188079	234823.784711
1525835888.24	2018-05-08 20:18:08.238691	58545.4892155
1525835888.29	2018-05-08 20:18:08.289188	0.0
1525835888.34	2018-05-08 20:18:08.339615	0.0
1525835888.39	2018-05-08 20:18:08.390251	0.0
1525835888.44	2018-05-08 20:18:08.440676	0.0
1525835888.49	2018-05-08 20:18:08.492050	288272.998394
1525835888.54	2018-05-08 20:18:08.542565	58646.3639574
1525835888.59	2018-05-08 20:18:08.593114	234377.452727
1525835888.64	2018-05-08 20:18:08.643462	88867.5046934
1525835888.69	2018-05-08 20:18:08.693875	0.0
1525835888.74	2018-05-08 20:18:08.744321	0.0
1525835888.8	2018-05-08 20:18:08.795218	0.0
1525835888.85	2018-05-08 20:18:08.846825	0.0
1525835888.9	2018-05-08 20:18:08.897319	58407.0428103
1525835888.95	2018-05-08 20:18:08.947619	294333.636144
1525835889.0	2018-05-08 20:18:08.998369	58392.2186877
1525835889.08	2018-05-08 20:18:09.081088	143200.798193
1525835889.13	2018-05-08 20:18:09.131842	29839.5113786
1525835889.18	2018-05-08 20:18:09.182259	0.0
1525835889.24	2018-05-08 20:18:09.237124	0.0
1525835889.29	2018-05-08 20:18:09.287429	0.0
1525835889.34	2018-05-08 20:18:09.337856	0.0
1525835889.39	2018-05-08 20:18:09.388484	126779.073582
1525835889.44	2018-05-08 20:18:09.438941	0.0
1525835889.49	2018-05-08 20:18:09.489298	0.0
1525835889.54	2018-05-08 20:18:09.539889	0.0
1525835889.59	2018-05-08 20:18:09.591343	0.0
1525835889.64	2018-05-08 20:18:09.641760	0.0
1525835889.69	2018-05-08 20:18:09.693407	0.0
1525835889.74	2018-05-08 20:18:09.743920	0.0
1525835889.79	2018-05-08 20:18:09.794465	0.0
1525835889.85	2018-05-08 20:18:09.845039	1304.96751536
1525835889.9	2018-05-08 20:18:09.895838	0.0
1525835889.95	2018-05-08 20:18:09.946534	0.0
1525835890.0	2018-05-08 20:18:09.997191	0.0
1525835890.05	2018-05-08 20:18:10.048254	0.0
1525835890.1	2018-05-08 20:18:10.099027	0.0
1525835890.15	2018-05-08 20:18:10.149419	1547.58919001
1525835890.2	2018-05-08 20:18:10.202997	0.0
1525835890.25	2018-05-08 20:18:10.253524	0.0
1525835890.3	2018-05-08 20:18:10.303856	0.0
1525835890.35	2018-05-08 20:18:10.354266	0.0
1525835890.41	2018-05-08 20:18:10.409251	0.0
1525835890.46	2018-05-08 20:18:10.459824	0.0
1525835890.51	2018-05-08 20:18:10.510801	0.0
1525835890.56	2018-05-08 20:18:10.561356	0.0
1525835890.61	2018-05-08 20:18:10.611723	0.0
1525835890.66	2018-05-08 20:18:10.663282	0.0
1525835890.72	2018-05-08 20:18:10.715206	0.0
1525835890.77	2018-05-08 20:18:10.766766	0.0
1525835890.82	2018-05-08 20:18:10.817264	0.0
1525835890.87	2018-05-08 20:18:10.867636	0.0
1525835890.92	2018-05-08 20:18:10.918228	0.0
1525835890.97	2018-05-08 20:18:10.968655	0.0
1525835891.02	2018-05-08 20:18:11.019089	0.0
1525835891.07	2018-05-08 20:18:11.069470	0.0
1525835891.12	2018-05-08 20:18:11.120239	0.0
1525835891.17	2018-05-08 20:18:11.170792	0.0
1525835891.22	2018-05-08 20:18:11.221219	0.0
1525835891.27	2018-05-08 20:18:11.271612	0.0
1525835891.32	2018-05-08 20:18:11.321881	0.0
1525835891.37	2018-05-08 20:18:11.372307	0.0
1525835891.42	2018-05-08 20:18:11.422478	0.0
1525835891.47	2018-05-08 20:18:11.472843	0.0
1525835891.52	2018-05-08 20:18:11.523247	0.0
1525835891.57	2018-05-08 20:18:11.573653	0.0
1525835891.62	2018-05-08 20:18:11.623948	0.0
1525835891.67	2018-05-08 20:18:11.674532	0.0
1525835891.72	2018-05-08 20:18:11.724978	0.0
1525835891.78	2018-05-08 20:18:11.775313	0.0
1525835891.83	2018-05-08 20:18:11.825774	0.0
1525835891.88	2018-05-08 20:18:11.875963	0.0
1525835891.93	2018-05-08 20:18:11.926150	0.0
1525835891.98	2018-05-08 20:18:11.976509	0.0
1525835892.03	2018-05-08 20:18:12.026893	0.0
1525835892.08	2018-05-08 20:18:12.077351	0.0
1525835892.13	2018-05-08 20:18:12.127607	0.0
1525835892.18	2018-05-08 20:18:12.177786	0.0
1525835892.23	2018-05-08 20:18:12.228193	0.0
1525835892.28	2018-05-08 20:18:12.278487	0.0
1525835892.33	2018-05-08 20:18:12.329158	0.0
1525835892.38	2018-05-08 20:18:12.380618	0.0
1525835892.43	2018-05-08 20:18:12.431421	0.0
1525835892.48	2018-05-08 20:18:12.482059	0.0
1525835892.53	2018-05-08 20:18:12.532561	0.0
1525835892.58	2018-05-08 20:18:12.583009	0.0
1525835892.63	2018-05-08 20:18:12.633214	0.0
1525835892.68	2018-05-08 20:18:12.684609	0.0
1525835892.73	2018-05-08 20:18:12.734919	0.0
1525835892.79	2018-05-08 20:18:12.785517	0.0
1525835892.84	2018-05-08 20:18:12.835779	0.0
1525835892.89	2018-05-08 20:18:12.886233	0.0
1525835892.94	2018-05-08 20:18:12.936712	0.0
1525835892.99	2018-05-08 20:18:12.988129	0.0
1525835893.04	2018-05-08 20:18:13.038620	0.0
1525835893.09	2018-05-08 20:18:13.089972	0.0
1525835893.14	2018-05-08 20:18:13.140510	0.0
1525835893.19	2018-05-08 20:18:13.191051	0.0
1525835893.24	2018-05-08 20:18:13.241288	0.0
1525835893.29	2018-05-08 20:18:13.292538	0.0
1525835893.34	2018-05-08 20:18:13.342779	0.0
1525835893.4	2018-05-08 20:18:13.395820	0.0
1525835893.45	2018-05-08 20:18:13.446326	0.0
1525835893.5	2018-05-08 20:18:13.497986	0.0
1525835893.55	2018-05-08 20:18:13.548410	0.0
1525835893.6	2018-05-08 20:18:13.600605	0.0
1525835893.65	2018-05-08 20:18:13.652597	0.0
1525835893.7	2018-05-08 20:18:13.703161	0.0
1525835893.75	2018-05-08 20:18:13.753448	0.0
1525835893.8	2018-05-08 20:18:13.803974	0.0
1525835893.85	2018-05-08 20:18:13.854586	0.0
1525835893.9	2018-05-08 20:18:13.904887	0.0
1525835893.96	2018-05-08 20:18:13.955235	0.0
1525835894.01	2018-05-08 20:18:14.005652	0.0
1525835894.06	2018-05-08 20:18:14.056041	0.0
1525835894.11	2018-05-08 20:18:14.106258	0.0
1525835894.16	2018-05-08 20:18:14.156820	0.0
1525835894.21	2018-05-08 20:18:14.207298	0.0
1525835894.26	2018-05-08 20:18:14.257727	0.0
1525835894.31	2018-05-08 20:18:14.308094	0.0
1525835894.36	2018-05-08 20:18:14.358467	0.0
1525835894.41	2018-05-08 20:18:14.408900	0.0
1525835894.46	2018-05-08 20:18:14.459277	0.0
1525835894.51	2018-05-08 20:18:14.509681	0.0
1525835894.56	2018-05-08 20:18:14.560001	0.0
1525835894.61	2018-05-08 20:18:14.610292	0.0
1525835894.66	2018-05-08 20:18:14.660660	0.0
1525835894.71	2018-05-08 20:18:14.711075	0.0
1525835894.76	2018-05-08 20:18:14.761370	0.0
1525835894.81	2018-05-08 20:18:14.811692	0.0
1525835894.86	2018-05-08 20:18:14.862084	0.0
1525835894.91	2018-05-08 20:18:14.912683	0.0
1525835894.96	2018-05-08 20:18:14.963170	0.0
1525835895.01	2018-05-08 20:18:15.013688	0.0
1525835895.06	2018-05-08 20:18:15.064120	0.0
1525835895.11	2018-05-08 20:18:15.114705	0.0
1525835895.17	2018-05-08 20:18:15.165429	0.0
1525835895.22	2018-05-08 20:18:15.216113	0.0
1525835895.27	2018-05-08 20:18:15.269116	0.0
1525835895.32	2018-05-08 20:18:15.320089	0.0
1525835895.37	2018-05-08 20:18:15.370702	0.0
1525835895.42	2018-05-08 20:18:15.422481	0.0
1525835895.47	2018-05-08 20:18:15.473481	0.0
1525835895.53	2018-05-08 20:18:15.525680	0.0
1525835895.58	2018-05-08 20:18:15.576054	0.0
1525835895.63	2018-05-08 20:18:15.628982	0.0
1525835895.68	2018-05-08 20:18:15.679303	0.0
1525835895.73	2018-05-08 20:18:15.729681	0.0
1525835895.78	2018-05-08 20:18:15.779886	0.0
1525835895.83	2018-05-08 20:18:15.830173	0.0
1525835895.88	2018-05-08 20:18:15.880714	0.0
1525835895.93	2018-05-08 20:18:15.931306	0.0
1525835895.98	2018-05-08 20:18:15.982718	0.0
1525835896.03	2018-05-08 20:18:16.033361	0.0
1525835896.08	2018-05-08 20:18:16.083872	0.0
1525835896.14	2018-05-08 20:18:16.135552	0.0
1525835896.19	2018-05-08 20:18:16.186033	0.0
1525835896.24	2018-05-08 20:18:16.238111	0.0
1525835896.29	2018-05-08 20:18:16.288832	0.0
1525835896.34	2018-05-08 20:18:16.339185	0.0
1525835896.39	2018-05-08 20:18:16.389749	0.0
1525835896.44	2018-05-08 20:18:16.439961	0.0
1525835896.49	2018-05-08 20:18:16.492185	0.0
1525835896.54	2018-05-08 20:18:16.542516	0.0
1525835896.59	2018-05-08 20:18:16.593013	0.0
1525835896.64	2018-05-08 20:18:16.643568	0.0
1525835896.69	2018-05-08 20:18:16.693889	0.0
1525835896.74	2018-05-08 20:18:16.744415	0.0
1525835896.79	2018-05-08 20:18:16.794667	0.0
1525835896.84	2018-05-08 20:18:16.844848	0.0
1525835896.93	2018-05-08 20:18:16.929263	0.0
1525835896.98	2018-05-08 20:18:16.980272	0.0
1525835897.04	2018-05-08 20:18:17.036745	0.0
1525835897.09	2018-05-08 20:18:17.088651	0.0
1525835897.14	2018-05-08 20:18:17.140248	0.0
1525835897.19	2018-05-08 20:18:17.191245	0.0
1525835897.24	2018-05-08 20:18:17.241732	0.0
1525835897.29	2018-05-08 20:18:17.293863	0.0
1525835897.34	2018-05-08 20:18:17.344177	0.0
1525835897.4	2018-05-08 20:18:17.395866	0.0
1525835897.45	2018-05-08 20:18:17.446064	0.0
1525835897.5	2018-05-08 20:18:17.497194	0.0
1525835897.55	2018-05-08 20:18:17.547618	0.0
1525835897.6	2018-05-08 20:18:17.598274	0.0
1525835897.65	2018-05-08 20:18:17.648782	0.0
1525835897.71	2018-05-08 20:18:17.708315	0.0
1525835897.76	2018-05-08 20:18:17.759228	0.0
1525835897.81	2018-05-08 20:18:17.809650	0.0
1525835897.86	2018-05-08 20:18:17.860004	0.0
1525835897.91	2018-05-08 20:18:17.910424	0.0
1525835897.96	2018-05-08 20:18:17.960993	0.0
1525835898.01	2018-05-08 20:18:18.011599	0.0
1525835898.06	2018-05-08 20:18:18.062036	0.0
1525835898.11	2018-05-08 20:18:18.112375	0.0
1525835898.16	2018-05-08 20:18:18.162751	0.0
1525835898.21	2018-05-08 20:18:18.212953	0.0
1525835898.26	2018-05-08 20:18:18.263541	0.0
1525835898.31	2018-05-08 20:18:18.313926	0.0
1525835898.36	2018-05-08 20:18:18.364197	0.0
1525835898.41	2018-05-08 20:18:18.414540	0.0
1525835898.46	2018-05-08 20:18:18.464916	0.0
1525835898.52	2018-05-08 20:18:18.515299	0.0
1525835898.57	2018-05-08 20:18:18.565711	0.0
1525835898.62	2018-05-08 20:18:18.616306	0.0
1525835898.67	2018-05-08 20:18:18.666915	0.0
1525835898.72	2018-05-08 20:18:18.718050	0.0
1525835898.77	2018-05-08 20:18:18.768307	0.0
1525835898.82	2018-05-08 20:18:18.818668	0.0
1525835898.87	2018-05-08 20:18:18.868964	0.0
1525835898.92	2018-05-08 20:18:18.919516	0.0
1525835898.97	2018-05-08 20:18:18.969833	0.0
1525835899.02	2018-05-08 20:18:19.020688	0.0
1525835899.07	2018-05-08 20:18:19.071084	0.0
1525835899.12	2018-05-08 20:18:19.121539	0.0
1525835899.17	2018-05-08 20:18:19.171896	0.0
1525835899.22	2018-05-08 20:18:19.222265	0.0
1525835899.27	2018-05-08 20:18:19.272561	0.0
1525835899.32	2018-05-08 20:18:19.322878	0.0
1525835899.37	2018-05-08 20:18:19.373262	0.0
1525835899.42	2018-05-08 20:18:19.423539	0.0
1525835899.47	2018-05-08 20:18:19.474041	0.0
1525835899.52	2018-05-08 20:18:19.524255	0.0
1525835899.57	2018-05-08 20:18:19.574686	0.0
1525835899.63	2018-05-08 20:18:19.625119	0.0
1525835899.68	2018-05-08 20:18:19.675569	0.0
1525835899.73	2018-05-08 20:18:19.726043	0.0
1525835899.78	2018-05-08 20:18:19.776551	0.0
1525835899.83	2018-05-08 20:18:19.826832	0.0
1525835899.88	2018-05-08 20:18:19.877239	0.0
1525835899.93	2018-05-08 20:18:19.927513	0.0
1525835899.98	2018-05-08 20:18:19.977929	0.0
1525835900.03	2018-05-08 20:18:20.028256	0.0
1525835900.08	2018-05-08 20:18:20.078720	0.0
1525835900.13	2018-05-08 20:18:20.129050	0.0
1525835900.18	2018-05-08 20:18:20.179650	0.0
1525835900.23	2018-05-08 20:18:20.230069	0.0
1525835900.28	2018-05-08 20:18:20.280503	0.0
1525835900.33	2018-05-08 20:18:20.330724	0.0
1525835900.38	2018-05-08 20:18:20.381102	0.0
1525835900.43	2018-05-08 20:18:20.431545	0.0
1525835900.48	2018-05-08 20:18:20.482777	0.0
1525835900.53	2018-05-08 20:18:20.533130	0.0
1525835900.58	2018-05-08 20:18:20.583991	0.0
1525835900.63	2018-05-08 20:18:20.634365	0.0
1525835900.69	2018-05-08 20:18:20.685772	0.0
1525835900.74	2018-05-08 20:18:20.736323	0.0
1525835900.79	2018-05-08 20:18:20.786598	0.0
1525835900.84	2018-05-08 20:18:20.836887	0.0
1525835900.89	2018-05-08 20:18:20.887369	0.0
1525835900.94	2018-05-08 20:18:20.937819	0.0
1525835900.99	2018-05-08 20:18:20.988310	0.0
1525835901.04	2018-05-08 20:18:21.038655	0.0
1525835901.09	2018-05-08 20:18:21.088913	0.0
1525835901.14	2018-05-08 20:18:21.139219	0.0
1525835901.19	2018-05-08 20:18:21.189564	0.0
1525835901.24	2018-05-08 20:18:21.240040	0.0
1525835901.29	2018-05-08 20:18:21.290437	0.0
1525835901.34	2018-05-08 20:18:21.340756	0.0
1525835901.39	2018-05-08 20:18:21.391466	0.0
1525835901.44	2018-05-08 20:18:21.441996	0.0
1525835901.49	2018-05-08 20:18:21.492836	0.0
1525835901.54	2018-05-08 20:18:21.543306	0.0
1525835901.59	2018-05-08 20:18:21.593857	0.0
1525835901.64	2018-05-08 20:18:21.644222	0.0
1525835901.7	2018-05-08 20:18:21.695130	0.0
1525835901.75	2018-05-08 20:18:21.745483	0.0
1525835901.8	2018-05-08 20:18:21.795748	0.0
1525835901.85	2018-05-08 20:18:21.846220	0.0
1525835901.9	2018-05-08 20:18:21.897430	0.0
1525835901.95	2018-05-08 20:18:21.947868	0.0
1525835902.0	2018-05-08 20:18:21.998530	0.0
1525835902.05	2018-05-08 20:18:22.048944	0.0
1525835902.1	2018-05-08 20:18:22.099489	0.0
1525835902.15	2018-05-08 20:18:22.150009	0.0
1525835902.2	2018-05-08 20:18:22.200447	0.0
1525835902.25	2018-05-08 20:18:22.250990	0.0
1525835902.31	2018-05-08 20:18:22.309658	0.0
1525835902.39	2018-05-08 20:18:22.385074	0.0
1525835902.44	2018-05-08 20:18:22.435476	0.0
1525835902.49	2018-05-08 20:18:22.485961	0.0
1525835902.54	2018-05-08 20:18:22.536463	0.0
1525835902.59	2018-05-08 20:18:22.587787	0.0
1525835902.64	2018-05-08 20:18:22.638833	0.0
1525835902.69	2018-05-08 20:18:22.689857	0.0
1525835902.74	2018-05-08 20:18:22.740895	0.0
1525835902.79	2018-05-08 20:18:22.791860	0.0
1525835902.84	2018-05-08 20:18:22.842949	0.0
1525835902.89	2018-05-08 20:18:22.893373	0.0
1525835902.94	2018-05-08 20:18:22.944451	0.0
1525835902.99	2018-05-08 20:18:22.994961	0.0
1525835903.05	2018-05-08 20:18:23.045340	0.0
1525835903.1	2018-05-08 20:18:23.098771	0.0
1525835903.15	2018-05-08 20:18:23.149079	0.0
1525835903.2	2018-05-08 20:18:23.199854	0.0
1525835903.25	2018-05-08 20:18:23.250223	0.0
1525835903.3	2018-05-08 20:18:23.300695	0.0
1525835903.35	2018-05-08 20:18:23.350934	0.0
1525835903.4	2018-05-08 20:18:23.402544	0.0
1525835903.45	2018-05-08 20:18:23.453301	0.0
1525835903.5	2018-05-08 20:18:23.504598	0.0
1525835903.56	2018-05-08 20:18:23.555923	0.0
1525835903.61	2018-05-08 20:18:23.606215	0.0
1525835903.66	2018-05-08 20:18:23.656630	0.0
1525835903.71	2018-05-08 20:18:23.707680	0.0
1525835903.76	2018-05-08 20:18:23.758020	0.0
1525835903.81	2018-05-08 20:18:23.808452	0.0
1525835903.86	2018-05-08 20:18:23.859693	0.0
1525835903.91	2018-05-08 20:18:23.909969	0.0
1525835903.96	2018-05-08 20:18:23.960269	0.0
1525835904.01	2018-05-08 20:18:24.010986	0.0
1525835904.06	2018-05-08 20:18:24.061169	0.0
1525835904.11	2018-05-08 20:18:24.111495	0.0
1525835904.16	2018-05-08 20:18:24.161771	0.0
1525835904.21	2018-05-08 20:18:24.212054	0.0
1525835904.26	2018-05-08 20:18:24.262363	0.0
1525835904.31	2018-05-08 20:18:24.312855	0.0
1525835904.36	2018-05-08 20:18:24.363218	0.0
1525835904.41	2018-05-08 20:18:24.413600	0.0
1525835904.46	2018-05-08 20:18:24.464006	0.0
1525835904.51	2018-05-08 20:18:24.514383	0.0
1525835904.56	2018-05-08 20:18:24.564783	0.0
1525835904.62	2018-05-08 20:18:24.615231	0.0
1525835904.67	2018-05-08 20:18:24.665513	0.0
1525835904.72	2018-05-08 20:18:24.715828	0.0
1525835904.77	2018-05-08 20:18:24.766161	0.0
1525835904.82	2018-05-08 20:18:24.816540	0.0
1525835904.87	2018-05-08 20:18:24.866879	0.0
1525835904.92	2018-05-08 20:18:24.917259	0.0
1525835904.97	2018-05-08 20:18:24.967544	0.0
1525835905.02	2018-05-08 20:18:25.017845	0.0
1525835905.07	2018-05-08 20:18:25.068237	0.0
1525835905.12	2018-05-08 20:18:25.118698	0.0
1525835905.17	2018-05-08 20:18:25.169241	0.0
1525835905.22	2018-05-08 20:18:25.224591	0.0
1525835905.27	2018-05-08 20:18:25.274951	0.0
1525835905.33	2018-05-08 20:18:25.325217	0.0
1525835905.38	2018-05-08 20:18:25.375489	0.0
1525835905.43	2018-05-08 20:18:25.425934	0.0
1525835905.48	2018-05-08 20:18:25.476521	0.0
1525835905.53	2018-05-08 20:18:25.526970	0.0
1525835905.58	2018-05-08 20:18:25.577165	0.0
1525835905.63	2018-05-08 20:18:25.627459	0.0
1525835905.68	2018-05-08 20:18:25.677628	0.0
1525835905.73	2018-05-08 20:18:25.727799	0.0
1525835905.78	2018-05-08 20:18:25.778205	0.0
1525835905.83	2018-05-08 20:18:25.828395	0.0
1525835905.88	2018-05-08 20:18:25.878978	0.0
1525835905.93	2018-05-08 20:18:25.929338	0.0
1525835905.98	2018-05-08 20:18:25.979730	0.0
